<?xml version="1.0" encoding="UTF-8"?>
<testsuites name="FCSCMS-954 (Quotes and Shipments - Quotes - Create New Quote - LTL - Items to be Shipped)" time="87.397" tests="7" failures="0" errors="0">
   <testsuite name="FCSCMS-954 (Quotes and Shipments - Quotes - Create New Quote - LTL - Items to be Shipped)" tests="7" failures="0" errors="0" time="87.397" timestamp="2022-02-22 17:59:19" hostname="me - DESKTOP-S7SF50D" id="Test Suites/Sprint 7/FCSCMS-954 (Quotes and Shipments - Quotes - Create New Quote - LTL - Items to be Shipped)">
      <properties>
         <property name="deviceName" value=""/>
         <property name="devicePlatform" value=""/>
         <property name="logFolder" value="C:\\Users\\me\\git\\nexterous-automation\\Reports\\20220222_175903\\Sprint 7\\FCSCMS-954 (Quotes and Shipments - Quotes - Create New Quote - LTL - Items to be Shipped)\\20220222_175903"/>
         <property name="logFiles" value="C:\\Users\\me\\git\\nexterous-automation\\Reports\\20220222_175903\\Sprint 7\\FCSCMS-954 (Quotes and Shipments - Quotes - Create New Quote - LTL - Items to be Shipped)\\20220222_175903\\execution0.log"/>
         <property name="attachments" value=""/>
         <property name="hostName" value="me - DESKTOP-S7SF50D"/>
         <property name="os" value="Windows 10 64bit"/>
         <property name="katalonVersion" value="7.7.0.205"/>
         <property name="browser" value="Chrome 98.0.4758.102"/>
         <property name="hostAddress" value="192.168.100.4"/>
         <property name="sessionId" value="b1ffbbb8295f41a96108b9f67f25d52d"/>
         <property name="seleniumVersion" value="3.141.59"/>
         <property name="proxyInformation" value="ProxyInformation { proxyOption=NO_PROXY, proxyServerType=HTTP, username=, password=********, proxyServerAddress=, proxyServerPort=0, executionList=&quot;&quot;, isApplyToDesiredCapabilities=true }"/>
         <property name="platform" value="Windows 10"/>
      </properties>
      <testcase name="Test Cases/Sprint 7/FCSCMS- 954/FCSCMS-2059-S7 (User should be able to Log in using Admin-Valid credentials)" time="19.429" classname="Test Cases/Sprint 7/FCSCMS- 954/FCSCMS-2059-S7 (User should be able to Log in using Admin-Valid credentials)" status="PASSED">
         <system-out><![CDATA[2022-02-22 17:59:20 - [TEST_CASE][PASSED] - Test Cases/Sprint 7/FCSCMS- 954/FCSCMS-2059-S7 (User should be able to Log in using Admin-Valid credentials): Test Cases/Sprint 7/FCSCMS- 954/FCSCMS-2059-S7 (User should be able to Log in using Admin-Valid credentials)

2022-02-22 17:59:21 - [TEST_STEP][PASSED] - openBrowser(""): Browser is opened with url: ''

2022-02-22 17:59:22 - [MESSAGE][INFO] - Starting 'Chrome' driver

2022-02-22 17:59:22 - [MESSAGE][INFO] - Action delay is set to 0 milliseconds

2022-02-22 17:59:27 - [MESSAGE][PASSED] - Browser is opened with url: ''

2022-02-22 17:59:27 - [TEST_STEP][PASSED] - navigateToUrl("https://nexterus-tst.outsystemsenterprise.com/FusionCenter/Login"): Navigate to 'https://nexterus-tst.outsystemsenterprise.com/FusionCenter/Login' successfully

2022-02-22 17:59:30 - [MESSAGE][PASSED] - Navigate to 'https://nexterus-tst.outsystemsenterprise.com/FusionCenter/Login' successfully

2022-02-22 17:59:30 - [TEST_STEP][PASSED] - maximizeWindow(): Current window maximized

2022-02-22 17:59:30 - [MESSAGE][PASSED] - Current window maximized

2022-02-22 17:59:30 - [TEST_STEP][PASSED] - delay(3): Delayed 3 second(s)

2022-02-22 17:59:33 - [MESSAGE][PASSED] - Delayed 3 second(s)

2022-02-22 17:59:33 - [TEST_STEP][PASSED] - setText(findTestObject("Login/Username_Field"), "admin"): Text 'admin' is set on object 'Object Repository/Login/Username_Field'

2022-02-22 17:59:35 - [MESSAGE][PASSED] - Text 'admin' is set on object 'Object Repository/Login/Username_Field'

2022-02-22 17:59:35 - [TEST_STEP][PASSED] - delay(1): Delayed 1 second(s)

2022-02-22 17:59:36 - [MESSAGE][PASSED] - Delayed 1 second(s)

2022-02-22 17:59:36 - [TEST_STEP][PASSED] - setText(findTestObject("Login/Password_Field"), "admin"): Text 'admin' is set on object 'Object Repository/Login/Password_Field'

2022-02-22 17:59:37 - [MESSAGE][PASSED] - Text 'admin' is set on object 'Object Repository/Login/Password_Field'

2022-02-22 17:59:37 - [TEST_STEP][PASSED] - delay(1): Delayed 1 second(s)

2022-02-22 17:59:38 - [MESSAGE][PASSED] - Delayed 1 second(s)

2022-02-22 17:59:38 - [TEST_STEP][PASSED] - click(findTestObject("Login/BTN_Login")): Object: 'Object Repository/Login/BTN_Login' is clicked on

2022-02-22 17:59:39 - [MESSAGE][PASSED] - Object: 'Object Repository/Login/BTN_Login' is clicked on]]></system-out>
         <system-err><![CDATA[]]></system-err>
      </testcase>
      <testcase name="Test Cases/Sprint 7/FCSCMS- 954/FCSCMS-2060-S7 (User should be able to clicks Qoutes option from the left navigation panel)" time="8.416" classname="Test Cases/Sprint 7/FCSCMS- 954/FCSCMS-2060-S7 (User should be able to clicks Qoutes option from the left navigation panel)" status="PASSED">
         <system-out><![CDATA[2022-02-22 17:59:39 - [TEST_CASE][PASSED] - Test Cases/Sprint 7/FCSCMS- 954/FCSCMS-2060-S7 (User should be able to clicks Qoutes option from the left navigation panel): Test Cases/Sprint 7/FCSCMS- 954/FCSCMS-2060-S7 (User should be able to clicks Qoutes option from the left navigation panel)

2022-02-22 17:59:40 - [TEST_STEP][PASSED] - click(findTestObject("Admin/Sprint 7/FCSCMS-954/Qoutes/a_Quotes")): Object: 'Object Repository/Admin/Sprint 7/FCSCMS-954/Qoutes/a_Quotes' is clicked on

2022-02-22 17:59:45 - [MESSAGE][PASSED] - Object: 'Object Repository/Admin/Sprint 7/FCSCMS-954/Qoutes/a_Quotes' is clicked on

2022-02-22 17:59:45 - [TEST_STEP][PASSED] - delay(2): Delayed 2 second(s)

2022-02-22 17:59:47 - [MESSAGE][PASSED] - Delayed 2 second(s)]]></system-out>
         <system-err><![CDATA[]]></system-err>
      </testcase>
      <testcase name="Test Cases/Sprint 7/FCSCMS- 954/FCSCMS-2061-S7 (User should be able to click New Qoute button)" time="8.455" classname="Test Cases/Sprint 7/FCSCMS- 954/FCSCMS-2061-S7 (User should be able to click New Qoute button)" status="PASSED">
         <system-out><![CDATA[2022-02-22 17:59:47 - [TEST_CASE][PASSED] - Test Cases/Sprint 7/FCSCMS- 954/FCSCMS-2061-S7 (User should be able to click New Qoute button): Test Cases/Sprint 7/FCSCMS- 954/FCSCMS-2061-S7 (User should be able to click New Qoute button)

2022-02-22 17:59:48 - [TEST_STEP][PASSED] - click(findTestObject("Admin/Sprint 7/FCSCMS-954/Qoutes/button_Add New Quote")): Object: 'Object Repository/Admin/Sprint 7/FCSCMS-954/Qoutes/button_Add New Quote' is clicked on

2022-02-22 17:59:51 - [MESSAGE][PASSED] - Object: 'Object Repository/Admin/Sprint 7/FCSCMS-954/Qoutes/button_Add New Quote' is clicked on

2022-02-22 17:59:51 - [TEST_STEP][PASSED] - delay(5): Delayed 5 second(s)

2022-02-22 17:59:56 - [MESSAGE][PASSED] - Delayed 5 second(s)]]></system-out>
         <system-err><![CDATA[]]></system-err>
      </testcase>
      <testcase name="Test Cases/Sprint 7/FCSCMS- 954/FCSCMS-2062-S7 (User shoule be able to select Shipment Type - Less than Truckload)" time="7.677" classname="Test Cases/Sprint 7/FCSCMS- 954/FCSCMS-2062-S7 (User shoule be able to select Shipment Type - Less than Truckload)" status="PASSED">
         <system-out><![CDATA[2022-02-22 17:59:56 - [TEST_CASE][PASSED] - Test Cases/Sprint 7/FCSCMS- 954/FCSCMS-2062-S7 (User shoule be able to select Shipment Type - Less than Truckload): Test Cases/Sprint 7/FCSCMS- 954/FCSCMS-2062-S7 (User shoule be able to select Shipment Type - Less than Truckload)

2022-02-22 17:59:57 - [TEST_STEP][PASSED] - waitForElementVisible(findTestObject("Admin/Sprint 7/FCSCMS-954/Qoutes/AddNewQoute/LTL_shipment"), 5): Object 'Object Repository/Admin/Sprint 7/FCSCMS-954/Qoutes/AddNewQoute/LTL_shipment' is visible

2022-02-22 18:00:01 - [MESSAGE][PASSED] - Object 'Object Repository/Admin/Sprint 7/FCSCMS-954/Qoutes/AddNewQoute/LTL_shipment' is visible

2022-02-22 18:00:01 - [TEST_STEP][PASSED] - click(findTestObject("Admin/Sprint 7/FCSCMS-954/Qoutes/AddNewQoute/LTL_shipment")): Object: 'Object Repository/Admin/Sprint 7/FCSCMS-954/Qoutes/AddNewQoute/LTL_shipment' is clicked on

2022-02-22 18:00:02 - [MESSAGE][PASSED] - Object: 'Object Repository/Admin/Sprint 7/FCSCMS-954/Qoutes/AddNewQoute/LTL_shipment' is clicked on

2022-02-22 18:00:02 - [TEST_STEP][PASSED] - delay(2): Delayed 2 second(s)

2022-02-22 18:00:04 - [MESSAGE][PASSED] - Delayed 2 second(s)]]></system-out>
         <system-err><![CDATA[]]></system-err>
      </testcase>
      <testcase name="Test Cases/Sprint 7/FCSCMS- 954/FCSCMS-2063-S7 (User should be able to select Freight Direction)" time="2.954" classname="Test Cases/Sprint 7/FCSCMS- 954/FCSCMS-2063-S7 (User should be able to select Freight Direction)" status="PASSED">
         <system-out><![CDATA[2022-02-22 18:00:04 - [TEST_CASE][PASSED] - Test Cases/Sprint 7/FCSCMS- 954/FCSCMS-2063-S7 (User should be able to select Freight Direction): Test Cases/Sprint 7/FCSCMS- 954/FCSCMS-2063-S7 (User should be able to select Freight Direction)

2022-02-22 18:00:04 - [TEST_STEP][PASSED] - click(findTestObject("Admin/Sprint 7/FCSCMS-954/Qoutes/AddNewQoute/Inbound_Freight")): Object: 'Object Repository/Admin/Sprint 7/FCSCMS-954/Qoutes/AddNewQoute/Inbound_Freight' is clicked on

2022-02-22 18:00:04 - [MESSAGE][PASSED] - Object: 'Object Repository/Admin/Sprint 7/FCSCMS-954/Qoutes/AddNewQoute/Inbound_Freight' is clicked on

2022-02-22 18:00:04 - [TEST_STEP][PASSED] - delay(2): Delayed 2 second(s)

2022-02-22 18:00:06 - [MESSAGE][PASSED] - Delayed 2 second(s)]]></system-out>
         <system-err><![CDATA[]]></system-err>
      </testcase>
      <testcase name="Test Cases/Sprint 7/FCSCMS- 954/FCSCMS-2064-S7 (User should be able to select Site)" time="3.584" classname="Test Cases/Sprint 7/FCSCMS- 954/FCSCMS-2064-S7 (User should be able to select Site)" status="PASSED">
         <system-out><![CDATA[2022-02-22 18:00:06 - [TEST_CASE][PASSED] - Test Cases/Sprint 7/FCSCMS- 954/FCSCMS-2064-S7 (User should be able to select Site): Test Cases/Sprint 7/FCSCMS- 954/FCSCMS-2064-S7 (User should be able to select Site)

2022-02-22 18:00:07 - [TEST_STEP][PASSED] - selectOptionByLabel(findTestObject("Admin/Sprint 7/FCSCMS-954/Qoutes/AddNewQoute/Site"), "255874-Automation Test Site", false): All options with label '255874-Automation Test Site' are selected in object 'Object Repository/Admin/Sprint 7/FCSCMS-954/Qoutes/AddNewQoute/Site' 

2022-02-22 18:00:08 - [MESSAGE][PASSED] - All options with label '255874-Automation Test Site' are selected in object 'Object Repository/Admin/Sprint 7/FCSCMS-954/Qoutes/AddNewQoute/Site' 

2022-02-22 18:00:08 - [TEST_STEP][PASSED] - delay(2): Delayed 2 second(s)

2022-02-22 18:00:10 - [MESSAGE][PASSED] - Delayed 2 second(s)]]></system-out>
         <system-err><![CDATA[]]></system-err>
      </testcase>
      <testcase name="Test Cases/Sprint 7/FCSCMS- 954/FCSCMS-2065-S7 (User should be able to fill Origin And Destination Location form and Continue)" time="34.102" classname="Test Cases/Sprint 7/FCSCMS- 954/FCSCMS-2065-S7 (User should be able to fill Origin And Destination Location form and Continue)" status="PASSED">
         <system-out><![CDATA[2022-02-22 18:00:10 - [TEST_CASE][PASSED] - Test Cases/Sprint 7/FCSCMS- 954/FCSCMS-2065-S7 (User should be able to fill Origin And Destination Location form and Continue): Test Cases/Sprint 7/FCSCMS- 954/FCSCMS-2065-S7 (User should be able to fill Origin And Destination Location form and Continue)

2022-02-22 18:00:11 - [TEST_STEP][PASSED] - setText(findTestObject("Admin/Sprint 7/FCSCMS-954/OriginLocation/OriginAddressName"), "AT Test Address"): Text 'AT Test Address' is set on object 'Object Repository/Admin/Sprint 7/FCSCMS-954/OriginLocation/OriginAddressName'

2022-02-22 18:00:13 - [MESSAGE][PASSED] - Text 'AT Test Address' is set on object 'Object Repository/Admin/Sprint 7/FCSCMS-954/OriginLocation/OriginAddressName'

2022-02-22 18:00:13 - [TEST_STEP][PASSED] - delay(1): Delayed 1 second(s)

2022-02-22 18:00:14 - [MESSAGE][PASSED] - Delayed 1 second(s)

2022-02-22 18:00:14 - [TEST_STEP][PASSED] - setText(findTestObject("Admin/Sprint 7/FCSCMS-954/OriginLocation/OriginAddressLine1"), "AT Line 1"): Text 'AT Line 1' is set on object 'Object Repository/Admin/Sprint 7/FCSCMS-954/OriginLocation/OriginAddressLine1'

2022-02-22 18:00:15 - [MESSAGE][PASSED] - Text 'AT Line 1' is set on object 'Object Repository/Admin/Sprint 7/FCSCMS-954/OriginLocation/OriginAddressLine1'

2022-02-22 18:00:15 - [TEST_STEP][PASSED] - delay(1): Delayed 1 second(s)

2022-02-22 18:00:16 - [MESSAGE][PASSED] - Delayed 1 second(s)

2022-02-22 18:00:16 - [TEST_STEP][PASSED] - setText(findTestObject("Admin/Sprint 7/FCSCMS-954/OriginLocation/OriginAddressLine2"), "AT Line 2"): Text 'AT Line 2' is set on object 'Object Repository/Admin/Sprint 7/FCSCMS-954/OriginLocation/OriginAddressLine2'

2022-02-22 18:00:17 - [MESSAGE][PASSED] - Text 'AT Line 2' is set on object 'Object Repository/Admin/Sprint 7/FCSCMS-954/OriginLocation/OriginAddressLine2'

2022-02-22 18:00:17 - [TEST_STEP][PASSED] - delay(1): Delayed 1 second(s)

2022-02-22 18:00:18 - [MESSAGE][PASSED] - Delayed 1 second(s)

2022-02-22 18:00:18 - [TEST_STEP][PASSED] - click(findTestObject("Admin/Sprint 7/FCSCMS-954/OriginLocation/ZipCode"), STOP_ON_FAILURE): Object: 'Object Repository/Admin/Sprint 7/FCSCMS-954/OriginLocation/ZipCode' is clicked on

2022-02-22 18:00:19 - [MESSAGE][PASSED] - Object: 'Object Repository/Admin/Sprint 7/FCSCMS-954/OriginLocation/ZipCode' is clicked on

2022-02-22 18:00:19 - [TEST_STEP][PASSED] - delay(1): Delayed 1 second(s)

2022-02-22 18:00:20 - [MESSAGE][PASSED] - Delayed 1 second(s)

2022-02-22 18:00:20 - [TEST_STEP][PASSED] - click(findTestObject("Admin/Sprint 7/FCSCMS-954/OriginLocation/div_35007")): Object: 'Object Repository/Admin/Sprint 7/FCSCMS-954/OriginLocation/div_35007' is clicked on

2022-02-22 18:00:20 - [MESSAGE][PASSED] - Object: 'Object Repository/Admin/Sprint 7/FCSCMS-954/OriginLocation/div_35007' is clicked on

2022-02-22 18:00:20 - [TEST_STEP][PASSED] - delay(2): Delayed 2 second(s)

2022-02-22 18:00:22 - [MESSAGE][PASSED] - Delayed 2 second(s)

2022-02-22 18:00:22 - [TEST_STEP][PASSED] - setText(findTestObject("Admin/Sprint 7/FCSCMS-954/OriginLocation/OriginContactName"), "Automation Test Contact"): Text 'Automation Test Contact' is set on object 'Object Repository/Admin/Sprint 7/FCSCMS-954/OriginLocation/OriginContactName'

2022-02-22 18:00:23 - [MESSAGE][PASSED] - Text 'Automation Test Contact' is set on object 'Object Repository/Admin/Sprint 7/FCSCMS-954/OriginLocation/OriginContactName'

2022-02-22 18:00:23 - [TEST_STEP][PASSED] - delay(1): Delayed 1 second(s)

2022-02-22 18:00:24 - [MESSAGE][PASSED] - Delayed 1 second(s)

2022-02-22 18:00:24 - [TEST_STEP][PASSED] - setText(findTestObject("Admin/Sprint 7/FCSCMS-954/OriginLocation/ContactPhone_Origin"), "1111555555"): Text '1111555555' is set on object 'Object Repository/Admin/Sprint 7/FCSCMS-954/OriginLocation/ContactPhone_Origin'

2022-02-22 18:00:25 - [MESSAGE][PASSED] - Text '1111555555' is set on object 'Object Repository/Admin/Sprint 7/FCSCMS-954/OriginLocation/ContactPhone_Origin'

2022-02-22 18:00:25 - [TEST_STEP][PASSED] - delay(1): Delayed 1 second(s)

2022-02-22 18:00:26 - [MESSAGE][PASSED] - Delayed 1 second(s)

2022-02-22 18:00:26 - [TEST_STEP][PASSED] - setText(findTestObject("Admin/Sprint 7/FCSCMS-954/OriginLocation/ContactEmail_Origin"), "automationtest@gmail.com"): Text 'automationtest@gmail.com' is set on object 'Object Repository/Admin/Sprint 7/FCSCMS-954/OriginLocation/ContactEmail_Origin'

2022-02-22 18:00:27 - [MESSAGE][PASSED] - Text 'automationtest@gmail.com' is set on object 'Object Repository/Admin/Sprint 7/FCSCMS-954/OriginLocation/ContactEmail_Origin'

2022-02-22 18:00:27 - [TEST_STEP][PASSED] - delay(2): Delayed 2 second(s)

2022-02-22 18:00:29 - [MESSAGE][PASSED] - Delayed 2 second(s)

2022-02-22 18:00:29 - [TEST_STEP][PASSED] - setText(findTestObject("Admin/Sprint 7/FCSCMS-954/OriginLocation/Mobile_Origin"), "1111555555"): Text '1111555555' is set on object 'Object Repository/Admin/Sprint 7/FCSCMS-954/OriginLocation/Mobile_Origin'

2022-02-22 18:00:30 - [MESSAGE][PASSED] - Text '1111555555' is set on object 'Object Repository/Admin/Sprint 7/FCSCMS-954/OriginLocation/Mobile_Origin'

2022-02-22 18:00:30 - [TEST_STEP][PASSED] - delay(3): Delayed 3 second(s)

2022-02-22 18:00:33 - [MESSAGE][PASSED] - Delayed 3 second(s)

2022-02-22 18:00:33 - [TEST_STEP][PASSED] - setText(findTestObject("Admin/Sprint 7/FCSCMS-954/DestinationLocation/Contacts Name"), "Automation Test Contact"): Text 'Automation Test Contact' is set on object 'Object Repository/Admin/Sprint 7/FCSCMS-954/DestinationLocation/Contacts Name'

2022-02-22 18:00:34 - [MESSAGE][PASSED] - Text 'Automation Test Contact' is set on object 'Object Repository/Admin/Sprint 7/FCSCMS-954/DestinationLocation/Contacts Name'

2022-02-22 18:00:34 - [TEST_STEP][PASSED] - delay(2): Delayed 2 second(s)

2022-02-22 18:00:36 - [MESSAGE][PASSED] - Delayed 2 second(s)

2022-02-22 18:00:36 - [TEST_STEP][PASSED] - setText(findTestObject("Admin/Sprint 7/FCSCMS-954/DestinationLocation/ContactPhone_Destination"), "2222555555"): Text '2222555555' is set on object 'Object Repository/Admin/Sprint 7/FCSCMS-954/DestinationLocation/ContactPhone_Destination'

2022-02-22 18:00:37 - [MESSAGE][PASSED] - Text '2222555555' is set on object 'Object Repository/Admin/Sprint 7/FCSCMS-954/DestinationLocation/ContactPhone_Destination'

2022-02-22 18:00:37 - [TEST_STEP][PASSED] - delay(1): Delayed 1 second(s)

2022-02-22 18:00:38 - [MESSAGE][PASSED] - Delayed 1 second(s)

2022-02-22 18:00:38 - [TEST_STEP][PASSED] - setText(findTestObject("Admin/Sprint 7/FCSCMS-954/DestinationLocation/Contact Email"), "automationtest2@gmail.com"): Text 'automationtest2@gmail.com' is set on object 'Object Repository/Admin/Sprint 7/FCSCMS-954/DestinationLocation/Contact Email'

2022-02-22 18:00:39 - [MESSAGE][PASSED] - Text 'automationtest2@gmail.com' is set on object 'Object Repository/Admin/Sprint 7/FCSCMS-954/DestinationLocation/Contact Email'

2022-02-22 18:00:39 - [TEST_STEP][PASSED] - delay(1): Delayed 1 second(s)

2022-02-22 18:00:40 - [MESSAGE][PASSED] - Delayed 1 second(s)

2022-02-22 18:00:40 - [TEST_STEP][PASSED] - setText(findTestObject("Admin/Sprint 7/FCSCMS-954/DestinationLocation/Mobile_Destination"), "2222555555"): Text '2222555555' is set on object 'Object Repository/Admin/Sprint 7/FCSCMS-954/DestinationLocation/Mobile_Destination'

2022-02-22 18:00:41 - [MESSAGE][PASSED] - Text '2222555555' is set on object 'Object Repository/Admin/Sprint 7/FCSCMS-954/DestinationLocation/Mobile_Destination'

2022-02-22 18:00:41 - [TEST_STEP][PASSED] - delay(1): Delayed 1 second(s)

2022-02-22 18:00:42 - [MESSAGE][PASSED] - Delayed 1 second(s)

2022-02-22 18:00:42 - [TEST_STEP][PASSED] - click(findTestObject("Admin/Sprint 7/FCSCMS-954/DestinationLocation/button_Continue")): Object: 'Object Repository/Admin/Sprint 7/FCSCMS-954/DestinationLocation/button_Continue' is clicked on

2022-02-22 18:00:42 - [MESSAGE][PASSED] - Object: 'Object Repository/Admin/Sprint 7/FCSCMS-954/DestinationLocation/button_Continue' is clicked on

2022-02-22 18:00:42 - [TEST_STEP][PASSED] - delay(2): Delayed 2 second(s)

2022-02-22 18:00:44 - [MESSAGE][PASSED] - Delayed 2 second(s)]]></system-out>
         <system-err><![CDATA[]]></system-err>
      </testcase>
      <system-out><![CDATA[2022-02-22 17:59:19 - [TEST_SUITE][PASSED] - FCSCMS-954 (Quotes and Shipments - Quotes - Create New Quote - LTL - Items to be Shipped): Test Cases/Sprint 7/FCSCMS- 954/FCSCMS-2065-S7 (User should be able to fill Origin And Destination Location form and Continue)]]></system-out>
      <system-err><![CDATA[]]></system-err>
   </testsuite>
</testsuites>
