<?xml version="1.0" encoding="UTF-8"?>
<testsuites name="FCSCMS-193 (Organizations - Client Profile - Add New Client)" time="75.939" tests="8" failures="0" errors="0">
   <testsuite name="FCSCMS-193 (Organizations - Client Profile - Add New Client)" tests="8" failures="0" errors="0" time="75.939" timestamp="2021-12-20 20:49:01" hostname="me - DESKTOP-S7SF50D" id="Test Suites/Sprint 5/FCSCMS-193 (Organizations - Client Profile - Add New Client)">
      <properties>
         <property name="deviceName" value=""/>
         <property name="devicePlatform" value=""/>
         <property name="logFolder" value="C:\\Users\\me\\git\\nexterous-automation\\Reports\\20211220_204848\\Sprint 5\\FCSCMS-193 (Organizations - Client Profile - Add New Client)\\20211220_204849"/>
         <property name="logFiles" value="C:\\Users\\me\\git\\nexterous-automation\\Reports\\20211220_204848\\Sprint 5\\FCSCMS-193 (Organizations - Client Profile - Add New Client)\\20211220_204849\\execution0.log"/>
         <property name="attachments" value=""/>
         <property name="hostName" value="me - DESKTOP-S7SF50D"/>
         <property name="os" value="Windows 10 64bit"/>
         <property name="katalonVersion" value="7.7.0.205"/>
         <property name="browser" value="Chrome 96.0.4664.110"/>
         <property name="hostAddress" value="192.168.100.7"/>
         <property name="sessionId" value="16b1b34d066fa21822113e9f3fcc18f9"/>
         <property name="seleniumVersion" value="3.141.59"/>
         <property name="proxyInformation" value="ProxyInformation { proxyOption=NO_PROXY, proxyServerType=HTTP, username=, password=********, proxyServerAddress=, proxyServerPort=0, executionList=&quot;&quot;, isApplyToDesiredCapabilities=true }"/>
         <property name="platform" value="Windows 10"/>
      </properties>
      <testcase name="Test Cases/Sprint 5/FCSCMS-193/FCSCMS-1137" time="13.971" classname="Test Cases/Sprint 5/FCSCMS-193/FCSCMS-1137" status="PASSED">
         <system-out><![CDATA[2021-12-20 20:49:02 - [TEST_CASE][PASSED] - Test Cases/Sprint 5/FCSCMS-193/FCSCMS-1137: Test Cases/Sprint 5/FCSCMS-193/FCSCMS-1137

2021-12-20 20:49:02 - [TEST_STEP][PASSED] - openBrowser(""): Browser is opened with url: ''

2021-12-20 20:49:03 - [MESSAGE][INFO] - Starting 'Chrome' driver

2021-12-20 20:49:03 - [MESSAGE][INFO] - Action delay is set to 0 milliseconds

2021-12-20 20:49:06 - [MESSAGE][PASSED] - Browser is opened with url: ''

2021-12-20 20:49:06 - [TEST_STEP][PASSED] - navigateToUrl("https://nexterus-tst.outsystemsenterprise.com/FusionCenter/Login"): Navigate to 'https://nexterus-tst.outsystemsenterprise.com/FusionCenter/Login' successfully

2021-12-20 20:49:08 - [MESSAGE][PASSED] - Navigate to 'https://nexterus-tst.outsystemsenterprise.com/FusionCenter/Login' successfully

2021-12-20 20:49:08 - [TEST_STEP][PASSED] - maximizeWindow(): Current window maximized

2021-12-20 20:49:08 - [MESSAGE][PASSED] - Current window maximized

2021-12-20 20:49:08 - [TEST_STEP][PASSED] - delay(3): Delayed 3 second(s)

2021-12-20 20:49:11 - [MESSAGE][PASSED] - Delayed 3 second(s)

2021-12-20 20:49:11 - [TEST_STEP][PASSED] - setText(findTestObject("Login/Username_Field"), "admin"): Text 'admin' is set on object 'Object Repository/Login/Username_Field'

2021-12-20 20:49:12 - [MESSAGE][PASSED] - Text 'admin' is set on object 'Object Repository/Login/Username_Field'

2021-12-20 20:49:12 - [TEST_STEP][PASSED] - delay(1): Delayed 1 second(s)

2021-12-20 20:49:13 - [MESSAGE][PASSED] - Delayed 1 second(s)

2021-12-20 20:49:13 - [TEST_STEP][PASSED] - setText(findTestObject("Login/Password_Field"), "admin"): Text 'admin' is set on object 'Object Repository/Login/Password_Field'

2021-12-20 20:49:14 - [MESSAGE][PASSED] - Text 'admin' is set on object 'Object Repository/Login/Password_Field'

2021-12-20 20:49:14 - [TEST_STEP][PASSED] - delay(1): Delayed 1 second(s)

2021-12-20 20:49:15 - [MESSAGE][PASSED] - Delayed 1 second(s)

2021-12-20 20:49:15 - [TEST_STEP][PASSED] - click(findTestObject("Login/BTN_Login")): Object: 'Object Repository/Login/BTN_Login' is clicked on

2021-12-20 20:49:16 - [MESSAGE][PASSED] - Object: 'Object Repository/Login/BTN_Login' is clicked on]]></system-out>
         <system-err><![CDATA[]]></system-err>
      </testcase>
      <testcase name="Test Cases/Sprint 5/FCSCMS-193/FCSCMS-1138" time="8.965" classname="Test Cases/Sprint 5/FCSCMS-193/FCSCMS-1138" status="PASSED">
         <system-out><![CDATA[2021-12-20 20:49:16 - [TEST_CASE][PASSED] - Test Cases/Sprint 5/FCSCMS-193/FCSCMS-1138: Test Cases/Sprint 5/FCSCMS-193/FCSCMS-1138

2021-12-20 20:49:16 - [TEST_STEP][PASSED] - delay(2): Delayed 2 second(s)

2021-12-20 20:49:18 - [MESSAGE][PASSED] - Delayed 2 second(s)

2021-12-20 20:49:18 - [TEST_STEP][PASSED] - click(findTestObject("Admin/Sprint 5/a_Clients")): Object: 'Object Repository/Admin/Sprint 5/a_Clients' is clicked on

2021-12-20 20:49:21 - [MESSAGE][PASSED] - Object: 'Object Repository/Admin/Sprint 5/a_Clients' is clicked on

2021-12-20 20:49:21 - [TEST_STEP][PASSED] - delay(2): Delayed 2 second(s)

2021-12-20 20:49:23 - [MESSAGE][PASSED] - Delayed 2 second(s)

2021-12-20 20:49:23 - [TEST_STEP][PASSED] - verifyElementVisible(findTestObject("Admin/Sprint 5/Clients/SearchBar_Clients")): Object 'Object Repository/Admin/Sprint 5/Clients/SearchBar_Clients' is visible

2021-12-20 20:49:23 - [MESSAGE][PASSED] - Object 'Object Repository/Admin/Sprint 5/Clients/SearchBar_Clients' is visible

2021-12-20 20:49:23 - [TEST_STEP][PASSED] - delay(1): Delayed 1 second(s)

2021-12-20 20:49:24 - [MESSAGE][PASSED] - Delayed 1 second(s)]]></system-out>
         <system-err><![CDATA[]]></system-err>
      </testcase>
      <testcase name="Test Cases/Sprint 5/FCSCMS-193/FCSCMS-1139" time="9.677" classname="Test Cases/Sprint 5/FCSCMS-193/FCSCMS-1139" status="PASSED">
         <system-out><![CDATA[2021-12-20 20:49:24 - [TEST_CASE][PASSED] - Test Cases/Sprint 5/FCSCMS-193/FCSCMS-1139: Test Cases/Sprint 5/FCSCMS-193/FCSCMS-1139

2021-12-20 20:49:25 - [TEST_STEP][PASSED] - click(findTestObject("Admin/Sprint 5/AddNewClient/button_Add New Client")): Object: 'Object Repository/Admin/Sprint 5/AddNewClient/button_Add New Client' is clicked on

2021-12-20 20:49:25 - [MESSAGE][PASSED] - Object: 'Object Repository/Admin/Sprint 5/AddNewClient/button_Add New Client' is clicked on

2021-12-20 20:49:25 - [TEST_STEP][PASSED] - delay(2): Delayed 2 second(s)

2021-12-20 20:49:27 - [MESSAGE][PASSED] - Delayed 2 second(s)

2021-12-20 20:49:27 - [TEST_STEP][PASSED] - setText(findTestObject("Admin/Sprint 5/AddNewClient/Element Verification/input_Client Name_b10-Input_ClientName"), "AT Test Client"): Text 'AT Test Client' is set on object 'Object Repository/Admin/Sprint 5/AddNewClient/Element Verification/input_Client Name_b10-Input_ClientName'

2021-12-20 20:49:28 - [MESSAGE][PASSED] - Text 'AT Test Client' is set on object 'Object Repository/Admin/Sprint 5/AddNewClient/Element Verification/input_Client Name_b10-Input_ClientName'

2021-12-20 20:49:28 - [TEST_STEP][PASSED] - delay(2): Delayed 2 second(s)

2021-12-20 20:49:30 - [MESSAGE][PASSED] - Delayed 2 second(s)

2021-12-20 20:49:30 - [TEST_STEP][PASSED] - click(findTestObject("Admin/Sprint 5/AddNewClient/Element Verification/button_Save")): Object: 'Object Repository/Admin/Sprint 5/AddNewClient/Element Verification/button_Save' is clicked on

2021-12-20 20:49:31 - [MESSAGE][PASSED] - Object: 'Object Repository/Admin/Sprint 5/AddNewClient/Element Verification/button_Save' is clicked on

2021-12-20 20:49:31 - [TEST_STEP][PASSED] - delay(1): Delayed 1 second(s)

2021-12-20 20:49:32 - [MESSAGE][PASSED] - Delayed 1 second(s)

2021-12-20 20:49:32 - [TEST_STEP][PASSED] - click(findTestObject("Admin/Sprint 5/AddNewClient/Element Verification/button_Yes")): Object: 'Object Repository/Admin/Sprint 5/AddNewClient/Element Verification/button_Yes' is clicked on

2021-12-20 20:49:32 - [MESSAGE][PASSED] - Object: 'Object Repository/Admin/Sprint 5/AddNewClient/Element Verification/button_Yes' is clicked on

2021-12-20 20:49:32 - [TEST_STEP][PASSED] - delay(2): Delayed 2 second(s)

2021-12-20 20:49:34 - [MESSAGE][PASSED] - Delayed 2 second(s)]]></system-out>
         <system-err><![CDATA[]]></system-err>
      </testcase>
      <testcase name="Test Cases/Sprint 5/FCSCMS-193/FCSCMS-1140" time="2.621" classname="Test Cases/Sprint 5/FCSCMS-193/FCSCMS-1140" status="PASSED">
         <system-out><![CDATA[2021-12-20 20:49:34 - [TEST_CASE][PASSED] - Test Cases/Sprint 5/FCSCMS-193/FCSCMS-1140: Test Cases/Sprint 5/FCSCMS-193/FCSCMS-1140

2021-12-20 20:49:34 - [TEST_STEP][PASSED] - verifyElementText(findTestObject("Admin/Sprint 5/AddNewClient/Element Verification/New Client Verification"), "AT Test Client"): Actual text and expected text of test object 'Object Repository/Admin/Sprint 5/AddNewClient/Element Verification/New Client Verification' are matched.

2021-12-20 20:49:35 - [MESSAGE][PASSED] - Actual text and expected text of test object 'Object Repository/Admin/Sprint 5/AddNewClient/Element Verification/New Client Verification' are matched.

2021-12-20 20:49:35 - [TEST_STEP][PASSED] - delay(2): Delayed 2 second(s)

2021-12-20 20:49:37 - [MESSAGE][PASSED] - Delayed 2 second(s)]]></system-out>
         <system-err><![CDATA[]]></system-err>
      </testcase>
      <testcase name="Test Cases/Sprint 5/FCSCMS-193/FCSCMS-1141" time="22.616" classname="Test Cases/Sprint 5/FCSCMS-193/FCSCMS-1141" status="PASSED">
         <system-out><![CDATA[2021-12-20 20:49:37 - [TEST_CASE][PASSED] - Test Cases/Sprint 5/FCSCMS-193/FCSCMS-1141: Test Cases/Sprint 5/FCSCMS-193/FCSCMS-1141

2021-12-20 20:49:37 - [TEST_STEP][PASSED] - selectOptionByLabel(findTestObject("Admin/Sprint 5/AddNewClient/Element Verification/select_SelectActiveInactive"), "Active", false): All options with label 'Active' are selected in object 'Object Repository/Admin/Sprint 5/AddNewClient/Element Verification/select_SelectActiveInactive' 

2021-12-20 20:49:38 - [MESSAGE][PASSED] - All options with label 'Active' are selected in object 'Object Repository/Admin/Sprint 5/AddNewClient/Element Verification/select_SelectActiveInactive' 

2021-12-20 20:49:38 - [TEST_STEP][PASSED] - delay(2): Delayed 2 second(s)

2021-12-20 20:49:40 - [MESSAGE][PASSED] - Delayed 2 second(s)

2021-12-20 20:49:40 - [TEST_STEP][PASSED] - setText(findTestObject("Admin/Sprint 5/AddNewClient/Element Verification/input_Business Details_b10-Input_BusinessDetails"), "Test BDAT"): Text 'Test BDAT' is set on object 'Object Repository/Admin/Sprint 5/AddNewClient/Element Verification/input_Business Details_b10-Input_BusinessDetails'

2021-12-20 20:49:41 - [MESSAGE][PASSED] - Text 'Test BDAT' is set on object 'Object Repository/Admin/Sprint 5/AddNewClient/Element Verification/input_Business Details_b10-Input_BusinessDetails'

2021-12-20 20:49:41 - [TEST_STEP][PASSED] - delay(2): Delayed 2 second(s)

2021-12-20 20:49:43 - [MESSAGE][PASSED] - Delayed 2 second(s)

2021-12-20 20:49:43 - [TEST_STEP][PASSED] - setText(findTestObject("Admin/Sprint 5/AddNewClient/Element Verification/input_IRS Number_b10-Input_IRSNumber"), "112233"): Text '112233' is set on object 'Object Repository/Admin/Sprint 5/AddNewClient/Element Verification/input_IRS Number_b10-Input_IRSNumber'

2021-12-20 20:49:43 - [MESSAGE][PASSED] - Text '112233' is set on object 'Object Repository/Admin/Sprint 5/AddNewClient/Element Verification/input_IRS Number_b10-Input_IRSNumber'

2021-12-20 20:49:43 - [TEST_STEP][PASSED] - delay(2): Delayed 2 second(s)

2021-12-20 20:49:45 - [MESSAGE][PASSED] - Delayed 2 second(s)

2021-12-20 20:49:45 - [TEST_STEP][PASSED] - click(findTestObject("Admin/Sprint 5/AddNewClient/Element Verification/SalesRep_Dropdown")): Object: 'Object Repository/Admin/Sprint 5/AddNewClient/Element Verification/SalesRep_Dropdown' is clicked on

2021-12-20 20:49:46 - [MESSAGE][PASSED] - Object: 'Object Repository/Admin/Sprint 5/AddNewClient/Element Verification/SalesRep_Dropdown' is clicked on

2021-12-20 20:49:46 - [TEST_STEP][PASSED] - delay(1): Delayed 1 second(s)

2021-12-20 20:49:47 - [MESSAGE][PASSED] - Delayed 1 second(s)

2021-12-20 20:49:47 - [TEST_STEP][PASSED] - click(findTestObject("Admin/Sprint 5/AddNewClient/Element Verification/div_3_SalesRep")): Object: 'Object Repository/Admin/Sprint 5/AddNewClient/Element Verification/div_3_SalesRep' is clicked on

2021-12-20 20:49:47 - [MESSAGE][PASSED] - Object: 'Object Repository/Admin/Sprint 5/AddNewClient/Element Verification/div_3_SalesRep' is clicked on

2021-12-20 20:49:47 - [TEST_STEP][PASSED] - delay(1): Delayed 1 second(s)

2021-12-20 20:49:48 - [MESSAGE][PASSED] - Delayed 1 second(s)

2021-12-20 20:49:48 - [TEST_STEP][PASSED] - click(findTestObject("Admin/Sprint 5/AddNewClient/Element Verification/AccountManager_Dropdown")): Object: 'Object Repository/Admin/Sprint 5/AddNewClient/Element Verification/AccountManager_Dropdown' is clicked on

2021-12-20 20:49:49 - [MESSAGE][PASSED] - Object: 'Object Repository/Admin/Sprint 5/AddNewClient/Element Verification/AccountManager_Dropdown' is clicked on

2021-12-20 20:49:49 - [TEST_STEP][PASSED] - delay(1): Delayed 1 second(s)

2021-12-20 20:49:50 - [MESSAGE][PASSED] - Delayed 1 second(s)

2021-12-20 20:49:50 - [TEST_STEP][PASSED] - click(findTestObject("Admin/Sprint 5/AddNewClient/Element Verification/div_3_AccountManager")): Object: 'Object Repository/Admin/Sprint 5/AddNewClient/Element Verification/div_3_AccountManager' is clicked on

2021-12-20 20:49:50 - [MESSAGE][PASSED] - Object: 'Object Repository/Admin/Sprint 5/AddNewClient/Element Verification/div_3_AccountManager' is clicked on

2021-12-20 20:49:50 - [TEST_STEP][PASSED] - delay(2): Delayed 2 second(s)

2021-12-20 20:49:52 - [MESSAGE][PASSED] - Delayed 2 second(s)

2021-12-20 20:49:52 - [TEST_STEP][PASSED] - setText(findTestObject("Admin/Sprint 5/AddNewClient/Element Verification/input_Termination Date_b10-Input_TerminationDate"), "08/15/2022"): Text '08/15/2022' is set on object 'Object Repository/Admin/Sprint 5/AddNewClient/Element Verification/input_Termination Date_b10-Input_TerminationDate'

2021-12-20 20:49:53 - [MESSAGE][PASSED] - Text '08/15/2022' is set on object 'Object Repository/Admin/Sprint 5/AddNewClient/Element Verification/input_Termination Date_b10-Input_TerminationDate'

2021-12-20 20:49:53 - [TEST_STEP][PASSED] - delay(1): Delayed 1 second(s)

2021-12-20 20:49:54 - [MESSAGE][PASSED] - Delayed 1 second(s)

2021-12-20 20:49:54 - [TEST_STEP][PASSED] - click(findTestObject("Admin/Sprint 5/AddNewClient/Element Verification/Client")): Object: 'Object Repository/Admin/Sprint 5/AddNewClient/Element Verification/Client' is clicked on

2021-12-20 20:49:54 - [MESSAGE][PASSED] - Object: 'Object Repository/Admin/Sprint 5/AddNewClient/Element Verification/Client' is clicked on

2021-12-20 20:49:54 - [TEST_STEP][PASSED] - delay(2): Delayed 2 second(s)

2021-12-20 20:49:56 - [MESSAGE][PASSED] - Delayed 2 second(s)

2021-12-20 20:49:56 - [TEST_STEP][PASSED] - click(findTestObject("Admin/Sprint 5/AddNewClient/Element Verification/Carrier")): Object: 'Object Repository/Admin/Sprint 5/AddNewClient/Element Verification/Carrier' is clicked on

2021-12-20 20:49:57 - [MESSAGE][PASSED] - Object: 'Object Repository/Admin/Sprint 5/AddNewClient/Element Verification/Carrier' is clicked on

2021-12-20 20:49:57 - [TEST_STEP][PASSED] - setText(findTestObject("Admin/Sprint 5/AddNewClient/Element Verification/Aliases Name"), "AT Alias"): Text 'AT Alias' is set on object 'Object Repository/Admin/Sprint 5/AddNewClient/Element Verification/Aliases Name'

2021-12-20 20:49:57 - [MESSAGE][PASSED] - Text 'AT Alias' is set on object 'Object Repository/Admin/Sprint 5/AddNewClient/Element Verification/Aliases Name'

2021-12-20 20:49:57 - [TEST_STEP][PASSED] - delay(2): Delayed 2 second(s)

2021-12-20 20:49:59 - [MESSAGE][PASSED] - Delayed 2 second(s)]]></system-out>
         <system-err><![CDATA[]]></system-err>
      </testcase>
      <testcase name="Test Cases/Sprint 5/FCSCMS-193/FCSCMS-1142" time="4.431" classname="Test Cases/Sprint 5/FCSCMS-193/FCSCMS-1142" status="PASSED">
         <system-out><![CDATA[2021-12-20 20:49:59 - [TEST_CASE][PASSED] - Test Cases/Sprint 5/FCSCMS-193/FCSCMS-1142: Test Cases/Sprint 5/FCSCMS-193/FCSCMS-1142

2021-12-20 20:50:00 - [TEST_STEP][PASSED] - click(findTestObject("Admin/Sprint 5/AddNewClient/Element Verification/button_Save")): Object: 'Object Repository/Admin/Sprint 5/AddNewClient/Element Verification/button_Save' is clicked on

2021-12-20 20:50:00 - [MESSAGE][PASSED] - Object: 'Object Repository/Admin/Sprint 5/AddNewClient/Element Verification/button_Save' is clicked on

2021-12-20 20:50:00 - [TEST_STEP][PASSED] - verifyElementVisible(findTestObject("Admin/Sprint 5/AddNewClient/Element Verification/button_No")): Object 'Object Repository/Admin/Sprint 5/AddNewClient/Element Verification/button_No' is visible

2021-12-20 20:50:00 - [MESSAGE][PASSED] - Object 'Object Repository/Admin/Sprint 5/AddNewClient/Element Verification/button_No' is visible

2021-12-20 20:50:00 - [TEST_STEP][PASSED] - verifyElementVisible(findTestObject("Admin/Sprint 5/AddNewClient/Element Verification/button_Yes")): Object 'Object Repository/Admin/Sprint 5/AddNewClient/Element Verification/button_Yes' is visible

2021-12-20 20:50:01 - [MESSAGE][PASSED] - Object 'Object Repository/Admin/Sprint 5/AddNewClient/Element Verification/button_Yes' is visible

2021-12-20 20:50:01 - [TEST_STEP][PASSED] - delay(3): Delayed 3 second(s)

2021-12-20 20:50:04 - [MESSAGE][PASSED] - Delayed 3 second(s)]]></system-out>
         <system-err><![CDATA[]]></system-err>
      </testcase>
      <testcase name="Test Cases/Sprint 5/FCSCMS-193/FCSCMS-1143" time="2.62" classname="Test Cases/Sprint 5/FCSCMS-193/FCSCMS-1143" status="PASSED">
         <system-out><![CDATA[2021-12-20 20:50:04 - [TEST_CASE][PASSED] - Test Cases/Sprint 5/FCSCMS-193/FCSCMS-1143: Test Cases/Sprint 5/FCSCMS-193/FCSCMS-1143

2021-12-20 20:50:04 - [TEST_STEP][PASSED] - click(findTestObject("Admin/Sprint 5/AddNewClient/Element Verification/button_Yes")): Object: 'Object Repository/Admin/Sprint 5/AddNewClient/Element Verification/button_Yes' is clicked on

2021-12-20 20:50:04 - [MESSAGE][PASSED] - Object: 'Object Repository/Admin/Sprint 5/AddNewClient/Element Verification/button_Yes' is clicked on

2021-12-20 20:50:04 - [TEST_STEP][PASSED] - delay(2): Delayed 2 second(s)

2021-12-20 20:50:06 - [MESSAGE][PASSED] - Delayed 2 second(s)]]></system-out>
         <system-err><![CDATA[]]></system-err>
      </testcase>
      <testcase name="Test Cases/Sprint 5/FCSCMS-193/FCSCMS-1144" time="9.492" classname="Test Cases/Sprint 5/FCSCMS-193/FCSCMS-1144" status="PASSED">
         <system-out><![CDATA[2021-12-20 20:50:06 - [TEST_CASE][PASSED] - Test Cases/Sprint 5/FCSCMS-193/FCSCMS-1144: Test Cases/Sprint 5/FCSCMS-193/FCSCMS-1144

2021-12-20 20:50:07 - [TEST_STEP][PASSED] - click(findTestObject("Admin/Sprint 5/AddNewClient/span_Back")): Object: 'Object Repository/Admin/Sprint 5/AddNewClient/span_Back' is clicked on

2021-12-20 20:50:07 - [MESSAGE][PASSED] - Object: 'Object Repository/Admin/Sprint 5/AddNewClient/span_Back' is clicked on

2021-12-20 20:50:07 - [TEST_STEP][PASSED] - delay(2): Delayed 2 second(s)

2021-12-20 20:50:09 - [MESSAGE][PASSED] - Delayed 2 second(s)

2021-12-20 20:50:09 - [TEST_STEP][PASSED] - click(findTestObject("Admin/Sprint 5/AddNewClient/button_Add New Client")): Object: 'Object Repository/Admin/Sprint 5/AddNewClient/button_Add New Client' is clicked on

2021-12-20 20:50:09 - [MESSAGE][PASSED] - Object: 'Object Repository/Admin/Sprint 5/AddNewClient/button_Add New Client' is clicked on

2021-12-20 20:50:09 - [TEST_STEP][PASSED] - setText(findTestObject("Admin/Sprint 5/AddNewClient/Element Verification/input_Client Name_b10-Input_ClientName"), "Test Client Negative Path"): Text 'Test Client Negative Path' is set on object 'Object Repository/Admin/Sprint 5/AddNewClient/Element Verification/input_Client Name_b10-Input_ClientName'

2021-12-20 20:50:11 - [MESSAGE][PASSED] - Text 'Test Client Negative Path' is set on object 'Object Repository/Admin/Sprint 5/AddNewClient/Element Verification/input_Client Name_b10-Input_ClientName'

2021-12-20 20:50:11 - [TEST_STEP][PASSED] - delay(2): Delayed 2 second(s)

2021-12-20 20:50:13 - [MESSAGE][PASSED] - Delayed 2 second(s)

2021-12-20 20:50:13 - [TEST_STEP][PASSED] - click(findTestObject("Admin/Sprint 5/AddNewClient/Element Verification/button_Save")): Object: 'Object Repository/Admin/Sprint 5/AddNewClient/Element Verification/button_Save' is clicked on

2021-12-20 20:50:14 - [MESSAGE][PASSED] - Object: 'Object Repository/Admin/Sprint 5/AddNewClient/Element Verification/button_Save' is clicked on

2021-12-20 20:50:14 - [TEST_STEP][PASSED] - delay(2): Delayed 2 second(s)

2021-12-20 20:50:16 - [MESSAGE][PASSED] - Delayed 2 second(s)

2021-12-20 20:50:16 - [TEST_STEP][PASSED] - click(findTestObject("Admin/Sprint 5/AddNewClient/Element Verification/button_No")): Object: 'Object Repository/Admin/Sprint 5/AddNewClient/Element Verification/button_No' is clicked on

2021-12-20 20:50:16 - [MESSAGE][PASSED] - Object: 'Object Repository/Admin/Sprint 5/AddNewClient/Element Verification/button_No' is clicked on]]></system-out>
         <system-err><![CDATA[]]></system-err>
      </testcase>
      <system-out><![CDATA[2021-12-20 20:49:01 - [TEST_SUITE][PASSED] - FCSCMS-193 (Organizations - Client Profile - Add New Client): Test Cases/Sprint 5/FCSCMS-193/FCSCMS-1144]]></system-out>
      <system-err><![CDATA[]]></system-err>
   </testsuite>
</testsuites>
