<?xml version="1.0" encoding="UTF-8"?>
<testsuites name="FCSCMS-193 (Organizations - Client Profile - Add New Client)" time="49.366" tests="5" failures="0" errors="0">
   <testsuite name="FCSCMS-193 (Organizations - Client Profile - Add New Client)" tests="5" failures="0" errors="0" time="49.366" timestamp="2021-12-20 20:12:15" hostname="me - DESKTOP-S7SF50D" id="Test Suites/Sprint 5/FCSCMS-193 (Organizations - Client Profile - Add New Client)">
      <properties>
         <property name="deviceName" value=""/>
         <property name="devicePlatform" value=""/>
         <property name="logFolder" value="C:\\Users\\me\\git\\nexterous-automation\\Reports\\20211220_201202\\Sprint 5\\FCSCMS-193 (Organizations - Client Profile - Add New Client)\\20211220_201202"/>
         <property name="logFiles" value="C:\\Users\\me\\git\\nexterous-automation\\Reports\\20211220_201202\\Sprint 5\\FCSCMS-193 (Organizations - Client Profile - Add New Client)\\20211220_201202\\execution0.log"/>
         <property name="attachments" value=""/>
         <property name="hostName" value="me - DESKTOP-S7SF50D"/>
         <property name="os" value="Windows 10 64bit"/>
         <property name="katalonVersion" value="7.7.0.205"/>
         <property name="browser" value="Chrome 96.0.4664.110"/>
         <property name="hostAddress" value="192.168.100.7"/>
         <property name="sessionId" value="ff7524ec02f9f37c41e9046c5716931a"/>
         <property name="seleniumVersion" value="3.141.59"/>
         <property name="proxyInformation" value="ProxyInformation { proxyOption=NO_PROXY, proxyServerType=HTTP, username=, password=********, proxyServerAddress=, proxyServerPort=0, executionList=&quot;&quot;, isApplyToDesiredCapabilities=true }"/>
         <property name="platform" value="Windows 10"/>
      </properties>
      <testcase name="Test Cases/Sprint 5/FCSCMS-193/FCSCMS-1137" time="13.482" classname="Test Cases/Sprint 5/FCSCMS-193/FCSCMS-1137" status="PASSED">
         <system-out><![CDATA[2021-12-20 20:12:16 - [TEST_CASE][PASSED] - Test Cases/Sprint 5/FCSCMS-193/FCSCMS-1137: Test Cases/Sprint 5/FCSCMS-193/FCSCMS-1137

2021-12-20 20:12:16 - [TEST_STEP][PASSED] - openBrowser(""): Browser is opened with url: ''

2021-12-20 20:12:17 - [MESSAGE][INFO] - Starting 'Chrome' driver

2021-12-20 20:12:17 - [MESSAGE][INFO] - Action delay is set to 0 milliseconds

2021-12-20 20:12:20 - [MESSAGE][PASSED] - Browser is opened with url: ''

2021-12-20 20:12:20 - [TEST_STEP][PASSED] - navigateToUrl("https://nexterus-tst.outsystemsenterprise.com/FusionCenter/Login"): Navigate to 'https://nexterus-tst.outsystemsenterprise.com/FusionCenter/Login' successfully

2021-12-20 20:12:22 - [MESSAGE][PASSED] - Navigate to 'https://nexterus-tst.outsystemsenterprise.com/FusionCenter/Login' successfully

2021-12-20 20:12:22 - [TEST_STEP][PASSED] - maximizeWindow(): Current window maximized

2021-12-20 20:12:22 - [MESSAGE][PASSED] - Current window maximized

2021-12-20 20:12:22 - [TEST_STEP][PASSED] - delay(3): Delayed 3 second(s)

2021-12-20 20:12:25 - [MESSAGE][PASSED] - Delayed 3 second(s)

2021-12-20 20:12:25 - [TEST_STEP][PASSED] - setText(findTestObject("Login/Username_Field"), "admin"): Text 'admin' is set on object 'Object Repository/Login/Username_Field'

2021-12-20 20:12:26 - [MESSAGE][PASSED] - Text 'admin' is set on object 'Object Repository/Login/Username_Field'

2021-12-20 20:12:26 - [TEST_STEP][PASSED] - delay(1): Delayed 1 second(s)

2021-12-20 20:12:27 - [MESSAGE][PASSED] - Delayed 1 second(s)

2021-12-20 20:12:27 - [TEST_STEP][PASSED] - setText(findTestObject("Login/Password_Field"), "admin"): Text 'admin' is set on object 'Object Repository/Login/Password_Field'

2021-12-20 20:12:28 - [MESSAGE][PASSED] - Text 'admin' is set on object 'Object Repository/Login/Password_Field'

2021-12-20 20:12:28 - [TEST_STEP][PASSED] - delay(1): Delayed 1 second(s)

2021-12-20 20:12:29 - [MESSAGE][PASSED] - Delayed 1 second(s)

2021-12-20 20:12:29 - [TEST_STEP][PASSED] - click(findTestObject("Login/BTN_Login")): Object: 'Object Repository/Login/BTN_Login' is clicked on

2021-12-20 20:12:29 - [MESSAGE][PASSED] - Object: 'Object Repository/Login/BTN_Login' is clicked on]]></system-out>
         <system-err><![CDATA[]]></system-err>
      </testcase>
      <testcase name="Test Cases/Sprint 5/FCSCMS-193/FCSCMS-1138" time="8.366" classname="Test Cases/Sprint 5/FCSCMS-193/FCSCMS-1138" status="PASSED">
         <system-out><![CDATA[2021-12-20 20:12:29 - [TEST_CASE][PASSED] - Test Cases/Sprint 5/FCSCMS-193/FCSCMS-1138: Test Cases/Sprint 5/FCSCMS-193/FCSCMS-1138

2021-12-20 20:12:29 - [TEST_STEP][PASSED] - delay(2): Delayed 2 second(s)

2021-12-20 20:12:32 - [MESSAGE][PASSED] - Delayed 2 second(s)

2021-12-20 20:12:32 - [TEST_STEP][PASSED] - click(findTestObject("Admin/Sprint 5/a_Clients")): Object: 'Object Repository/Admin/Sprint 5/a_Clients' is clicked on

2021-12-20 20:12:34 - [MESSAGE][PASSED] - Object: 'Object Repository/Admin/Sprint 5/a_Clients' is clicked on

2021-12-20 20:12:34 - [TEST_STEP][PASSED] - delay(2): Delayed 2 second(s)

2021-12-20 20:12:36 - [MESSAGE][PASSED] - Delayed 2 second(s)

2021-12-20 20:12:36 - [TEST_STEP][PASSED] - verifyElementVisible(findTestObject("Admin/Sprint 5/Clients/SearchBar_Clients")): Object 'Object Repository/Admin/Sprint 5/Clients/SearchBar_Clients' is visible

2021-12-20 20:12:37 - [MESSAGE][PASSED] - Object 'Object Repository/Admin/Sprint 5/Clients/SearchBar_Clients' is visible

2021-12-20 20:12:37 - [TEST_STEP][PASSED] - delay(1): Delayed 1 second(s)

2021-12-20 20:12:38 - [MESSAGE][PASSED] - Delayed 1 second(s)]]></system-out>
         <system-err><![CDATA[]]></system-err>
      </testcase>
      <testcase name="Test Cases/Sprint 5/FCSCMS-193/FCSCMS-1139" time="9.95" classname="Test Cases/Sprint 5/FCSCMS-193/FCSCMS-1139" status="PASSED">
         <system-out><![CDATA[2021-12-20 20:12:38 - [TEST_CASE][PASSED] - Test Cases/Sprint 5/FCSCMS-193/FCSCMS-1139: Test Cases/Sprint 5/FCSCMS-193/FCSCMS-1139

2021-12-20 20:12:38 - [TEST_STEP][PASSED] - click(findTestObject("Admin/Sprint 5/AddNewClient/button_Add New Client")): Object: 'Object Repository/Admin/Sprint 5/AddNewClient/button_Add New Client' is clicked on

2021-12-20 20:12:38 - [MESSAGE][PASSED] - Object: 'Object Repository/Admin/Sprint 5/AddNewClient/button_Add New Client' is clicked on

2021-12-20 20:12:38 - [TEST_STEP][PASSED] - delay(2): Delayed 2 second(s)

2021-12-20 20:12:40 - [MESSAGE][PASSED] - Delayed 2 second(s)

2021-12-20 20:12:40 - [TEST_STEP][PASSED] - setText(findTestObject("Admin/Sprint 5/AddNewClient/Element Verification/input_Client Name_b10-Input_ClientName"), "AT Test Client"): Text 'AT Test Client' is set on object 'Object Repository/Admin/Sprint 5/AddNewClient/Element Verification/input_Client Name_b10-Input_ClientName'

2021-12-20 20:12:42 - [MESSAGE][PASSED] - Text 'AT Test Client' is set on object 'Object Repository/Admin/Sprint 5/AddNewClient/Element Verification/input_Client Name_b10-Input_ClientName'

2021-12-20 20:12:42 - [TEST_STEP][PASSED] - delay(2): Delayed 2 second(s)

2021-12-20 20:12:44 - [MESSAGE][PASSED] - Delayed 2 second(s)

2021-12-20 20:12:44 - [TEST_STEP][PASSED] - click(findTestObject("Admin/Sprint 5/AddNewClient/Element Verification/button_Save")): Object: 'Object Repository/Admin/Sprint 5/AddNewClient/Element Verification/button_Save' is clicked on

2021-12-20 20:12:44 - [MESSAGE][PASSED] - Object: 'Object Repository/Admin/Sprint 5/AddNewClient/Element Verification/button_Save' is clicked on

2021-12-20 20:12:44 - [TEST_STEP][PASSED] - delay(1): Delayed 1 second(s)

2021-12-20 20:12:45 - [MESSAGE][PASSED] - Delayed 1 second(s)

2021-12-20 20:12:45 - [TEST_STEP][PASSED] - click(findTestObject("Admin/Sprint 5/AddNewClient/Element Verification/button_Yes")): Object: 'Object Repository/Admin/Sprint 5/AddNewClient/Element Verification/button_Yes' is clicked on

2021-12-20 20:12:45 - [MESSAGE][PASSED] - Object: 'Object Repository/Admin/Sprint 5/AddNewClient/Element Verification/button_Yes' is clicked on

2021-12-20 20:12:45 - [TEST_STEP][PASSED] - delay(2): Delayed 2 second(s)

2021-12-20 20:12:47 - [MESSAGE][PASSED] - Delayed 2 second(s)]]></system-out>
         <system-err><![CDATA[]]></system-err>
      </testcase>
      <testcase name="Test Cases/Sprint 5/FCSCMS-193/FCSCMS-1140" time="2.629" classname="Test Cases/Sprint 5/FCSCMS-193/FCSCMS-1140" status="PASSED">
         <system-out><![CDATA[2021-12-20 20:12:47 - [TEST_CASE][PASSED] - Test Cases/Sprint 5/FCSCMS-193/FCSCMS-1140: Test Cases/Sprint 5/FCSCMS-193/FCSCMS-1140

2021-12-20 20:12:48 - [TEST_STEP][PASSED] - verifyElementText(findTestObject("Admin/Sprint 5/AddNewClient/Element Verification/New Client Verification"), "AT Test Client"): Actual text and expected text of test object 'Object Repository/Admin/Sprint 5/AddNewClient/Element Verification/New Client Verification' are matched.

2021-12-20 20:12:48 - [MESSAGE][PASSED] - Actual text and expected text of test object 'Object Repository/Admin/Sprint 5/AddNewClient/Element Verification/New Client Verification' are matched.

2021-12-20 20:12:48 - [TEST_STEP][PASSED] - delay(2): Delayed 2 second(s)

2021-12-20 20:12:50 - [MESSAGE][PASSED] - Delayed 2 second(s)]]></system-out>
         <system-err><![CDATA[]]></system-err>
      </testcase>
      <testcase name="Test Cases/Sprint 5/FCSCMS-193/FCSCMS-1141" time="13.335" classname="Test Cases/Sprint 5/FCSCMS-193/FCSCMS-1141" status="PASSED">
         <system-out><![CDATA[2021-12-20 20:12:50 - [TEST_CASE][PASSED] - Test Cases/Sprint 5/FCSCMS-193/FCSCMS-1141: Test Cases/Sprint 5/FCSCMS-193/FCSCMS-1141

2021-12-20 20:12:50 - [TEST_STEP][PASSED] - selectOptionByLabel(findTestObject("Admin/Sprint 5/AddNewClient/Element Verification/select_SelectActiveInactive"), "Active", false): All options with label 'Active' are selected in object 'Object Repository/Admin/Sprint 5/AddNewClient/Element Verification/select_SelectActiveInactive' 

2021-12-20 20:12:51 - [MESSAGE][PASSED] - All options with label 'Active' are selected in object 'Object Repository/Admin/Sprint 5/AddNewClient/Element Verification/select_SelectActiveInactive' 

2021-12-20 20:12:51 - [TEST_STEP][PASSED] - delay(2): Delayed 2 second(s)

2021-12-20 20:12:53 - [MESSAGE][PASSED] - Delayed 2 second(s)

2021-12-20 20:12:53 - [TEST_STEP][PASSED] - setText(findTestObject("Admin/Sprint 5/AddNewClient/Element Verification/input_Business Details_b10-Input_BusinessDetails"), "Test BDAT"): Text 'Test BDAT' is set on object 'Object Repository/Admin/Sprint 5/AddNewClient/Element Verification/input_Business Details_b10-Input_BusinessDetails'

2021-12-20 20:12:54 - [MESSAGE][PASSED] - Text 'Test BDAT' is set on object 'Object Repository/Admin/Sprint 5/AddNewClient/Element Verification/input_Business Details_b10-Input_BusinessDetails'

2021-12-20 20:12:54 - [TEST_STEP][PASSED] - delay(2): Delayed 2 second(s)

2021-12-20 20:12:56 - [MESSAGE][PASSED] - Delayed 2 second(s)

2021-12-20 20:12:56 - [TEST_STEP][PASSED] - setText(findTestObject("Admin/Sprint 5/AddNewClient/Element Verification/input_IRS Number_b10-Input_IRSNumber"), "112233"): Text '112233' is set on object 'Object Repository/Admin/Sprint 5/AddNewClient/Element Verification/input_IRS Number_b10-Input_IRSNumber'

2021-12-20 20:12:57 - [MESSAGE][PASSED] - Text '112233' is set on object 'Object Repository/Admin/Sprint 5/AddNewClient/Element Verification/input_IRS Number_b10-Input_IRSNumber'

2021-12-20 20:12:57 - [TEST_STEP][PASSED] - delay(2): Delayed 2 second(s)

2021-12-20 20:12:59 - [MESSAGE][PASSED] - Delayed 2 second(s)

2021-12-20 20:12:59 - [TEST_STEP][PASSED] - click(findTestObject("Admin/Sprint 5/AddNewClient/Element Verification/SalesRep_Dropdown")): Object: 'Object Repository/Admin/Sprint 5/AddNewClient/Element Verification/SalesRep_Dropdown' is clicked on

2021-12-20 20:12:59 - [MESSAGE][PASSED] - Object: 'Object Repository/Admin/Sprint 5/AddNewClient/Element Verification/SalesRep_Dropdown' is clicked on

2021-12-20 20:12:59 - [TEST_STEP][PASSED] - delay(1): Delayed 1 second(s)

2021-12-20 20:13:00 - [MESSAGE][PASSED] - Delayed 1 second(s)

2021-12-20 20:13:00 - [TEST_STEP][PASSED] - click(findTestObject("Admin/Sprint 5/AddNewClient/Element Verification/div_3_SalesRep")): Object: 'Object Repository/Admin/Sprint 5/AddNewClient/Element Verification/div_3_SalesRep' is clicked on

2021-12-20 20:13:00 - [MESSAGE][PASSED] - Object: 'Object Repository/Admin/Sprint 5/AddNewClient/Element Verification/div_3_SalesRep' is clicked on

2021-12-20 20:13:00 - [TEST_STEP][PASSED] - delay(3): Delayed 3 second(s)

2021-12-20 20:13:03 - [MESSAGE][PASSED] - Delayed 3 second(s)]]></system-out>
         <system-err><![CDATA[]]></system-err>
      </testcase>
      <system-out><![CDATA[2021-12-20 20:12:15 - [TEST_SUITE][PASSED] - FCSCMS-193 (Organizations - Client Profile - Add New Client): Test Cases/Sprint 5/FCSCMS-193/FCSCMS-1141]]></system-out>
      <system-err><![CDATA[]]></system-err>
   </testsuite>
</testsuites>
