<?xml version="1.0" encoding="UTF-8"?>
<testsuites name="FCSCMS-468 (Organizations-Client Profile - Products - View-Edit Product)" time="76.432" tests="16" failures="0" errors="0">
   <testsuite name="FCSCMS-468 (Organizations-Client Profile - Products - View-Edit Product)" tests="16" failures="0" errors="0" time="76.432" skipped="0" timestamp="2022-03-24 16:02:21" hostname="me - DESKTOP-S7SF50D" id="Test Suites/Sprint 7/FCSCMS-468 (Organizations-Client Profile - Products - View-Edit Product)">
      <properties>
         <property name="deviceName" value=""/>
         <property name="devicePlatform" value=""/>
         <property name="logFolder" value="C:\\Users\\me\\git\\nexterous-automation\\Reports\\20220324_160209\\Sprint 7\\FCSCMS-468 (Organizations-Client Profile - Products - View-Edit Product)\\20220324_160209"/>
         <property name="logFiles" value="C:\\Users\\me\\git\\nexterous-automation\\Reports\\20220324_160209\\Sprint 7\\FCSCMS-468 (Organizations-Client Profile - Products - View-Edit Product)\\20220324_160209\\execution0.log"/>
         <property name="attachments" value=""/>
         <property name="hostName" value="me - DESKTOP-S7SF50D"/>
         <property name="os" value="Windows 10 64bit"/>
         <property name="katalonVersion" value="8.2.5.208"/>
         <property name="browser" value="Chrome 99.0.4844.82"/>
         <property name="hostAddress" value="192.168.100.8"/>
         <property name="sessionId" value="53e9385ce46f1fa5c5ac46779d239090"/>
         <property name="seleniumVersion" value="3.141.59"/>
         <property name="proxyInformation" value="ProxyInformation { proxyOption=NO_PROXY, proxyServerType=HTTP, username=, password=********, proxyServerAddress=, proxyServerPort=0, executionList=&quot;&quot;, isApplyToDesiredCapabilities=true }"/>
         <property name="platform" value="Windows 10"/>
      </properties>
      <testcase name="Test Cases/Sprint 7/FCSCMS- 468/FCSCMS-1787-S7 (User should be able to Log in using Admin-Valid credentials)" time="15.067" classname="Test Cases/Sprint 7/FCSCMS- 468/FCSCMS-1787-S7 (User should be able to Log in using Admin-Valid credentials)" status="PASSED">
         <system-out><![CDATA[2022-03-24 16:02:22 - [TEST_CASE][PASSED] - Test Cases/Sprint 7/FCSCMS- 468/FCSCMS-1787-S7 (User should be able to Log in using Admin-Valid credentials): Test Cases/Sprint 7/FCSCMS- 468/FCSCMS-1787-S7 (User should be able to Log in using Admin-Valid credentials)

2022-03-24 16:02:23 - [TEST_STEP][PASSED] - openBrowser(""): Browser is opened with url: ''

2022-03-24 16:02:23 - [MESSAGE][INFO] - Starting 'Chrome' driver

2022-03-24 16:02:23 - [MESSAGE][INFO] - Action delay is set to 0 milliseconds

2022-03-24 16:02:26 - [MESSAGE][PASSED] - Browser is opened with url: ''

2022-03-24 16:02:26 - [TEST_STEP][PASSED] - navigateToUrl("https://nexterus-tst.outsystemsenterprise.com/FusionCenter/Login"): Navigate to 'https://nexterus-tst.outsystemsenterprise.com/FusionCenter/Login' successfully

2022-03-24 16:02:29 - [MESSAGE][PASSED] - Navigate to 'https://nexterus-tst.outsystemsenterprise.com/FusionCenter/Login' successfully

2022-03-24 16:02:29 - [TEST_STEP][PASSED] - maximizeWindow(): Current window maximized

2022-03-24 16:02:29 - [MESSAGE][PASSED] - Current window maximized

2022-03-24 16:02:29 - [TEST_STEP][PASSED] - delay(3): Delayed 3 second(s)

2022-03-24 16:02:32 - [MESSAGE][PASSED] - Delayed 3 second(s)

2022-03-24 16:02:32 - [TEST_STEP][PASSED] - setText(findTestObject("Login/Username_Field"), "admin"): Text 'admin' is set on object 'Object Repository/Login/Username_Field'

2022-03-24 16:02:34 - [MESSAGE][PASSED] - Text 'admin' is set on object 'Object Repository/Login/Username_Field'

2022-03-24 16:02:34 - [TEST_STEP][PASSED] - delay(1): Delayed 1 second(s)

2022-03-24 16:02:35 - [MESSAGE][PASSED] - Delayed 1 second(s)

2022-03-24 16:02:35 - [TEST_STEP][PASSED] - setText(findTestObject("Login/Password_Field"), "admin"): Text 'admin' is set on object 'Object Repository/Login/Password_Field'

2022-03-24 16:02:35 - [MESSAGE][PASSED] - Text 'admin' is set on object 'Object Repository/Login/Password_Field'

2022-03-24 16:02:35 - [TEST_STEP][PASSED] - delay(1): Delayed 1 second(s)

2022-03-24 16:02:36 - [MESSAGE][PASSED] - Delayed 1 second(s)

2022-03-24 16:02:36 - [TEST_STEP][PASSED] - click(findTestObject("Login/BTN_Login")): Object: 'Object Repository/Login/BTN_Login' is clicked on

2022-03-24 16:02:37 - [MESSAGE][PASSED] - Object: 'Object Repository/Login/BTN_Login' is clicked on]]></system-out>
         <system-err><![CDATA[]]></system-err>
      </testcase>
      <testcase name="Test Cases/Sprint 7/FCSCMS- 468/FCSCMS-1788-S7 (User should be able to clicks Clients option from the left navigation panel)" time="10.225" classname="Test Cases/Sprint 7/FCSCMS- 468/FCSCMS-1788-S7 (User should be able to clicks Clients option from the left navigation panel)" status="PASSED">
         <system-out><![CDATA[2022-03-24 16:02:37 - [TEST_CASE][PASSED] - Test Cases/Sprint 7/FCSCMS- 468/FCSCMS-1788-S7 (User should be able to clicks Clients option from the left navigation panel): Test Cases/Sprint 7/FCSCMS- 468/FCSCMS-1788-S7 (User should be able to clicks Clients option from the left navigation panel)

2022-03-24 16:02:38 - [TEST_STEP][PASSED] - delay(2): Delayed 2 second(s)

2022-03-24 16:02:40 - [MESSAGE][PASSED] - Delayed 2 second(s)

2022-03-24 16:02:40 - [TEST_STEP][PASSED] - click(findTestObject("Admin/Sprint 5/a_Clients")): Object: 'Object Repository/Admin/Sprint 5/a_Clients' is clicked on

2022-03-24 16:02:44 - [MESSAGE][PASSED] - Object: 'Object Repository/Admin/Sprint 5/a_Clients' is clicked on

2022-03-24 16:02:44 - [TEST_STEP][PASSED] - delay(2): Delayed 2 second(s)

2022-03-24 16:02:46 - [MESSAGE][PASSED] - Delayed 2 second(s)

2022-03-24 16:02:46 - [TEST_STEP][PASSED] - verifyElementVisible(findTestObject("Admin/Sprint 5/Clients/SearchBar_Clients")): Object 'Object Repository/Admin/Sprint 5/Clients/SearchBar_Clients' is visible

2022-03-24 16:02:46 - [MESSAGE][PASSED] - Object 'Object Repository/Admin/Sprint 5/Clients/SearchBar_Clients' is visible

2022-03-24 16:02:46 - [TEST_STEP][PASSED] - delay(1): Delayed 1 second(s)

2022-03-24 16:02:47 - [MESSAGE][PASSED] - Delayed 1 second(s)]]></system-out>
         <system-err><![CDATA[]]></system-err>
      </testcase>
      <testcase name="Test Cases/Sprint 7/FCSCMS- 468/FCSCMS-1789-S7 (User should be able to search clients)" time="7.561" classname="Test Cases/Sprint 7/FCSCMS- 468/FCSCMS-1789-S7 (User should be able to search clients)" status="PASSED">
         <system-out><![CDATA[2022-03-24 16:02:47 - [TEST_CASE][PASSED] - Test Cases/Sprint 7/FCSCMS- 468/FCSCMS-1789-S7 (User should be able to search clients): Test Cases/Sprint 7/FCSCMS- 468/FCSCMS-1789-S7 (User should be able to search clients)

2022-03-24 16:02:48 - [TEST_STEP][PASSED] - setText(findTestObject("Admin/Sprint 5/FCSCMS-194/SearchBar(Clients)"), "Smoke Test 3"): Text 'Smoke Test 3' is set on object 'Object Repository/Admin/Sprint 5/FCSCMS-194/SearchBar(Clients)'

2022-03-24 16:02:48 - [MESSAGE][PASSED] - Text 'Smoke Test 3' is set on object 'Object Repository/Admin/Sprint 5/FCSCMS-194/SearchBar(Clients)'

2022-03-24 16:02:48 - [TEST_STEP][PASSED] - delay(1): Delayed 1 second(s)

2022-03-24 16:02:49 - [MESSAGE][PASSED] - Delayed 1 second(s)

2022-03-24 16:02:49 - [TEST_STEP][PASSED] - click(findTestObject("Admin/Sprint 5/FCSCMS-194/SearchButton(Clients)")): Object: 'Object Repository/Admin/Sprint 5/FCSCMS-194/SearchButton(Clients)' is clicked on

2022-03-24 16:02:53 - [MESSAGE][PASSED] - Object: 'Object Repository/Admin/Sprint 5/FCSCMS-194/SearchButton(Clients)' is clicked on

2022-03-24 16:02:53 - [TEST_STEP][PASSED] - delay(2): Delayed 2 second(s)

2022-03-24 16:02:55 - [MESSAGE][PASSED] - Delayed 2 second(s)]]></system-out>
         <system-err><![CDATA[]]></system-err>
      </testcase>
      <testcase name="Test Cases/Sprint 7/FCSCMS- 468/FCSCMS-1790-S7 (User should be able to click edit button)" time="6.003" classname="Test Cases/Sprint 7/FCSCMS- 468/FCSCMS-1790-S7 (User should be able to click edit button)" status="PASSED">
         <system-out><![CDATA[2022-03-24 16:02:55 - [TEST_CASE][PASSED] - Test Cases/Sprint 7/FCSCMS- 468/FCSCMS-1790-S7 (User should be able to click edit button): Test Cases/Sprint 7/FCSCMS- 468/FCSCMS-1790-S7 (User should be able to click edit button)

2022-03-24 16:02:55 - [TEST_STEP][PASSED] - delay(2): Delayed 2 second(s)

2022-03-24 16:02:57 - [MESSAGE][PASSED] - Delayed 2 second(s)

2022-03-24 16:02:57 - [TEST_STEP][PASSED] - click(findTestObject("Admin/Sprint 5/FCSCMS200/EditIcon(FCSCMS200)")): Object: 'Object Repository/Admin/Sprint 5/FCSCMS200/EditIcon(FCSCMS200)' is clicked on

2022-03-24 16:02:58 - [MESSAGE][PASSED] - Object: 'Object Repository/Admin/Sprint 5/FCSCMS200/EditIcon(FCSCMS200)' is clicked on

2022-03-24 16:02:58 - [TEST_STEP][PASSED] - delay(3): Delayed 3 second(s)

2022-03-24 16:03:01 - [MESSAGE][PASSED] - Delayed 3 second(s)]]></system-out>
         <system-err><![CDATA[]]></system-err>
      </testcase>
      <testcase name="Test Cases/Sprint 7/FCSCMS- 468/FCSCMS-1791-S7 (User should be able to click Products tab button)" time="3.638" classname="Test Cases/Sprint 7/FCSCMS- 468/FCSCMS-1791-S7 (User should be able to click Products tab button)" status="PASSED">
         <system-out><![CDATA[2022-03-24 16:03:01 - [TEST_CASE][PASSED] - Test Cases/Sprint 7/FCSCMS- 468/FCSCMS-1791-S7 (User should be able to click Products tab button): Test Cases/Sprint 7/FCSCMS- 468/FCSCMS-1791-S7 (User should be able to click Products tab button)

2022-03-24 16:03:02 - [TEST_STEP][PASSED] - click(findTestObject("Admin/Sprint 6/FCSCMS-464/div_Products")): Object: 'Object Repository/Admin/Sprint 6/FCSCMS-464/div_Products' is clicked on

2022-03-24 16:03:03 - [MESSAGE][PASSED] - Object: 'Object Repository/Admin/Sprint 6/FCSCMS-464/div_Products' is clicked on

2022-03-24 16:03:03 - [TEST_STEP][PASSED] - delay(2): Delayed 2 second(s)

2022-03-24 16:03:05 - [MESSAGE][PASSED] - Delayed 2 second(s)]]></system-out>
         <system-err><![CDATA[]]></system-err>
      </testcase>
      <testcase name="Test Cases/Sprint 7/FCSCMS- 468/FCSCMS-1792-S7 (User should be able to click View-Edit Product button)" time="2.909" classname="Test Cases/Sprint 7/FCSCMS- 468/FCSCMS-1792-S7 (User should be able to click View-Edit Product button)" status="PASSED">
         <system-out><![CDATA[2022-03-24 16:03:05 - [TEST_CASE][PASSED] - Test Cases/Sprint 7/FCSCMS- 468/FCSCMS-1792-S7 (User should be able to click View-Edit Product button): Test Cases/Sprint 7/FCSCMS- 468/FCSCMS-1792-S7 (User should be able to click View-Edit Product button)

2022-03-24 16:03:05 - [TEST_STEP][PASSED] - click(findTestObject("Admin/Sprint 7/FCSCMS-468/Edit_TestProduct")): Object: 'Object Repository/Admin/Sprint 7/FCSCMS-468/Edit_TestProduct' is clicked on

2022-03-24 16:03:05 - [MESSAGE][PASSED] - Object: 'Object Repository/Admin/Sprint 7/FCSCMS-468/Edit_TestProduct' is clicked on

2022-03-24 16:03:05 - [TEST_STEP][PASSED] - delay(2): Delayed 2 second(s)

2022-03-24 16:03:07 - [MESSAGE][PASSED] - Delayed 2 second(s)]]></system-out>
         <system-err><![CDATA[]]></system-err>
      </testcase>
      <testcase name="Test Cases/Sprint 7/FCSCMS- 468/FCSCMS-1793-S7 (User should be able to click Product desciription dropdown button)" time="2.355" classname="Test Cases/Sprint 7/FCSCMS- 468/FCSCMS-1793-S7 (User should be able to click Product desciription dropdown button)" status="PASSED">
         <system-out><![CDATA[2022-03-24 16:03:07 - [TEST_CASE][PASSED] - Test Cases/Sprint 7/FCSCMS- 468/FCSCMS-1793-S7 (User should be able to click Product desciription dropdown button): Test Cases/Sprint 7/FCSCMS- 468/FCSCMS-1793-S7 (User should be able to click Product desciription dropdown button)

2022-03-24 16:03:08 - [TEST_STEP][PASSED] - delay(2): Delayed 2 second(s)

2022-03-24 16:03:10 - [MESSAGE][PASSED] - Delayed 2 second(s)]]></system-out>
         <system-err><![CDATA[]]></system-err>
      </testcase>
      <testcase name="Test Cases/Sprint 7/FCSCMS- 468/FCSCMS-1794-S7 (User should be ablt to reselect Product)" time="1.347" classname="Test Cases/Sprint 7/FCSCMS- 468/FCSCMS-1794-S7 (User should be ablt to reselect Product)" status="PASSED">
         <system-out><![CDATA[2022-03-24 16:03:10 - [TEST_CASE][PASSED] - Test Cases/Sprint 7/FCSCMS- 468/FCSCMS-1794-S7 (User should be ablt to reselect Product): Test Cases/Sprint 7/FCSCMS- 468/FCSCMS-1794-S7 (User should be ablt to reselect Product)

2022-03-24 16:03:10 - [TEST_STEP][PASSED] - delay(1): Delayed 1 second(s)

2022-03-24 16:03:11 - [MESSAGE][PASSED] - Delayed 1 second(s)]]></system-out>
         <system-err><![CDATA[]]></system-err>
      </testcase>
      <testcase name="Test Cases/Sprint 7/FCSCMS- 468/FCSCMS-1795-S7 (User is able to click Add New checkbox)" time="1.552" classname="Test Cases/Sprint 7/FCSCMS- 468/FCSCMS-1795-S7 (User is able to click Add New checkbox)" status="PASSED">
         <system-out><![CDATA[2022-03-24 16:03:11 - [TEST_CASE][PASSED] - Test Cases/Sprint 7/FCSCMS- 468/FCSCMS-1795-S7 (User is able to click Add New checkbox): Test Cases/Sprint 7/FCSCMS- 468/FCSCMS-1795-S7 (User is able to click Add New checkbox)

2022-03-24 16:03:12 - [TEST_STEP][PASSED] - delay(1): Delayed 1 second(s)

2022-03-24 16:03:13 - [MESSAGE][PASSED] - Delayed 1 second(s)]]></system-out>
         <system-err><![CDATA[]]></system-err>
      </testcase>
      <testcase name="Test Cases/Sprint 7/FCSCMS- 468/FCSCMS-1796-S7 (User is able to click Delete text button)" time="3.185" classname="Test Cases/Sprint 7/FCSCMS- 468/FCSCMS-1796-S7 (User is able to click Delete text button)" status="PASSED">
         <system-out><![CDATA[2022-03-24 16:03:13 - [TEST_CASE][PASSED] - Test Cases/Sprint 7/FCSCMS- 468/FCSCMS-1796-S7 (User is able to click Delete text button): Test Cases/Sprint 7/FCSCMS- 468/FCSCMS-1796-S7 (User is able to click Delete text button)

2022-03-24 16:03:13 - [TEST_STEP][PASSED] - click(findTestObject("Admin/Sprint 7/FCSCMS-468/button_Delete")): Object: 'Object Repository/Admin/Sprint 7/FCSCMS-468/button_Delete' is clicked on

2022-03-24 16:03:14 - [MESSAGE][PASSED] - Object: 'Object Repository/Admin/Sprint 7/FCSCMS-468/button_Delete' is clicked on

2022-03-24 16:03:14 - [TEST_STEP][PASSED] - delay(2): Delayed 2 second(s)

2022-03-24 16:03:16 - [MESSAGE][PASSED] - Delayed 2 second(s)

2022-03-24 16:03:16 - [TEST_STEP][PASSED] - click(findTestObject("Admin/Sprint 7/FCSCMS-468/Delete/button_No(Delete)")): Object: 'Object Repository/Admin/Sprint 7/FCSCMS-468/Delete/button_No(Delete)' is clicked on

2022-03-24 16:03:16 - [MESSAGE][PASSED] - Object: 'Object Repository/Admin/Sprint 7/FCSCMS-468/Delete/button_No(Delete)' is clicked on]]></system-out>
         <system-err><![CDATA[]]></system-err>
      </testcase>
      <testcase name="Test Cases/Sprint 7/FCSCMS- 468/FCSCMS-1797-S7 (User is able to click cancel button)" time="2.003" classname="Test Cases/Sprint 7/FCSCMS- 468/FCSCMS-1797-S7 (User is able to click cancel button)" status="PASSED">
         <system-out><![CDATA[2022-03-24 16:03:16 - [TEST_CASE][PASSED] - Test Cases/Sprint 7/FCSCMS- 468/FCSCMS-1797-S7 (User is able to click cancel button): Test Cases/Sprint 7/FCSCMS- 468/FCSCMS-1797-S7 (User is able to click cancel button)

2022-03-24 16:03:16 - [TEST_STEP][PASSED] - click(findTestObject("Admin/Sprint 7/FCSCMS-468/button_Cancel")): Object: 'Object Repository/Admin/Sprint 7/FCSCMS-468/button_Cancel' is clicked on

2022-03-24 16:03:17 - [MESSAGE][PASSED] - Object: 'Object Repository/Admin/Sprint 7/FCSCMS-468/button_Cancel' is clicked on

2022-03-24 16:03:17 - [TEST_STEP][PASSED] - delay(1): Delayed 1 second(s)

2022-03-24 16:03:18 - [MESSAGE][PASSED] - Delayed 1 second(s)]]></system-out>
         <system-err><![CDATA[]]></system-err>
      </testcase>
      <testcase name="Test Cases/Sprint 7/FCSCMS- 468/FCSCMS-1798-S7 (User should be able to select No option on Cancel process)" time="2.307" classname="Test Cases/Sprint 7/FCSCMS- 468/FCSCMS-1798-S7 (User should be able to select No option on Cancel process)" status="PASSED">
         <system-out><![CDATA[2022-03-24 16:03:18 - [TEST_CASE][PASSED] - Test Cases/Sprint 7/FCSCMS- 468/FCSCMS-1798-S7 (User should be able to select No option on Cancel process): Test Cases/Sprint 7/FCSCMS- 468/FCSCMS-1798-S7 (User should be able to select No option on Cancel process)

2022-03-24 16:03:18 - [TEST_STEP][PASSED] - click(findTestObject("Admin/Sprint 7/FCSCMS-468/Cancel/button_No(Cancel)")): Object: 'Object Repository/Admin/Sprint 7/FCSCMS-468/Cancel/button_No(Cancel)' is clicked on

2022-03-24 16:03:19 - [MESSAGE][PASSED] - Object: 'Object Repository/Admin/Sprint 7/FCSCMS-468/Cancel/button_No(Cancel)' is clicked on

2022-03-24 16:03:19 - [TEST_STEP][PASSED] - delay(1): Delayed 1 second(s)

2022-03-24 16:03:20 - [MESSAGE][PASSED] - Delayed 1 second(s)]]></system-out>
         <system-err><![CDATA[]]></system-err>
      </testcase>
      <testcase name="Test Cases/Sprint 7/FCSCMS- 468/FCSCMS-1799-S7 (User should be able to select Yes option on Cancel process)" time="4.732" classname="Test Cases/Sprint 7/FCSCMS- 468/FCSCMS-1799-S7 (User should be able to select Yes option on Cancel process)" status="PASSED">
         <system-out><![CDATA[2022-03-24 16:03:20 - [TEST_CASE][PASSED] - Test Cases/Sprint 7/FCSCMS- 468/FCSCMS-1799-S7 (User should be able to select Yes option on Cancel process): Test Cases/Sprint 7/FCSCMS- 468/FCSCMS-1799-S7 (User should be able to select Yes option on Cancel process)

2022-03-24 16:03:21 - [TEST_STEP][PASSED] - click(findTestObject("Admin/Sprint 7/FCSCMS-468/button_Cancel")): Object: 'Object Repository/Admin/Sprint 7/FCSCMS-468/button_Cancel' is clicked on

2022-03-24 16:03:21 - [MESSAGE][PASSED] - Object: 'Object Repository/Admin/Sprint 7/FCSCMS-468/button_Cancel' is clicked on

2022-03-24 16:03:21 - [TEST_STEP][PASSED] - delay(2): Delayed 2 second(s)

2022-03-24 16:03:23 - [MESSAGE][PASSED] - Delayed 2 second(s)

2022-03-24 16:03:23 - [TEST_STEP][PASSED] - click(findTestObject("Admin/Sprint 7/FCSCMS-468/Cancel/button_Yes(Cancel)")): Object: 'Object Repository/Admin/Sprint 7/FCSCMS-468/Cancel/button_Yes(Cancel)' is clicked on

2022-03-24 16:03:24 - [MESSAGE][PASSED] - Object: 'Object Repository/Admin/Sprint 7/FCSCMS-468/Cancel/button_Yes(Cancel)' is clicked on

2022-03-24 16:03:24 - [TEST_STEP][PASSED] - delay(1): Delayed 1 second(s)

2022-03-24 16:03:25 - [MESSAGE][PASSED] - Delayed 1 second(s)]]></system-out>
         <system-err><![CDATA[]]></system-err>
      </testcase>
      <testcase name="Test Cases/Sprint 7/FCSCMS- 468/FCSCMS-1800-S7 (User is able to click Save button)" time="6.487" classname="Test Cases/Sprint 7/FCSCMS- 468/FCSCMS-1800-S7 (User is able to click Save button)" status="PASSED">
         <system-out><![CDATA[2022-03-24 16:03:25 - [TEST_CASE][PASSED] - Test Cases/Sprint 7/FCSCMS- 468/FCSCMS-1800-S7 (User is able to click Save button): Test Cases/Sprint 7/FCSCMS- 468/FCSCMS-1800-S7 (User is able to click Save button)

2022-03-24 16:03:25 - [TEST_STEP][PASSED] - click(findTestObject("Admin/Sprint 7/FCSCMS-468/Edit_TestProduct")): Object: 'Object Repository/Admin/Sprint 7/FCSCMS-468/Edit_TestProduct' is clicked on

2022-03-24 16:03:26 - [MESSAGE][PASSED] - Object: 'Object Repository/Admin/Sprint 7/FCSCMS-468/Edit_TestProduct' is clicked on

2022-03-24 16:03:26 - [TEST_STEP][PASSED] - delay(3): Delayed 3 second(s)

2022-03-24 16:03:29 - [MESSAGE][PASSED] - Delayed 3 second(s)

2022-03-24 16:03:29 - [TEST_STEP][PASSED] - click(findTestObject("Admin/Sprint 7/FCSCMS-468/button_Save")): Object: 'Object Repository/Admin/Sprint 7/FCSCMS-468/button_Save' is clicked on

2022-03-24 16:03:29 - [MESSAGE][PASSED] - Object: 'Object Repository/Admin/Sprint 7/FCSCMS-468/button_Save' is clicked on

2022-03-24 16:03:29 - [TEST_STEP][PASSED] - delay(2): Delayed 2 second(s)

2022-03-24 16:03:31 - [MESSAGE][PASSED] - Delayed 2 second(s)]]></system-out>
         <system-err><![CDATA[]]></system-err>
      </testcase>
      <testcase name="Test Cases/Sprint 7/FCSCMS- 468/FCSCMS-1801-S7 (User should be able to select Yes option on saving product)" time="1.969" classname="Test Cases/Sprint 7/FCSCMS- 468/FCSCMS-1801-S7 (User should be able to select Yes option on saving product)" status="PASSED">
         <system-out><![CDATA[2022-03-24 16:03:31 - [TEST_CASE][PASSED] - Test Cases/Sprint 7/FCSCMS- 468/FCSCMS-1801-S7 (User should be able to select Yes option on saving product): Test Cases/Sprint 7/FCSCMS- 468/FCSCMS-1801-S7 (User should be able to select Yes option on saving product)

2022-03-24 16:03:32 - [TEST_STEP][PASSED] - click(findTestObject("Admin/Sprint 7/FCSCMS-468/Save/button_Yes(Save)")): Object: 'Object Repository/Admin/Sprint 7/FCSCMS-468/Save/button_Yes(Save)' is clicked on

2022-03-24 16:03:32 - [MESSAGE][PASSED] - Object: 'Object Repository/Admin/Sprint 7/FCSCMS-468/Save/button_Yes(Save)' is clicked on

2022-03-24 16:03:32 - [TEST_STEP][PASSED] - delay(1): Delayed 1 second(s)

2022-03-24 16:03:33 - [MESSAGE][PASSED] - Delayed 1 second(s)]]></system-out>
         <system-err><![CDATA[]]></system-err>
      </testcase>
      <testcase name="Test Cases/Sprint 7/FCSCMS- 468/FCSCMS-1802-S7 (User should be able to select No option on saving product)" time="4.445" classname="Test Cases/Sprint 7/FCSCMS- 468/FCSCMS-1802-S7 (User should be able to select No option on saving product)" status="PASSED">
         <system-out><![CDATA[2022-03-24 16:03:33 - [TEST_CASE][PASSED] - Test Cases/Sprint 7/FCSCMS- 468/FCSCMS-1802-S7 (User should be able to select No option on saving product): Test Cases/Sprint 7/FCSCMS- 468/FCSCMS-1802-S7 (User should be able to select No option on saving product)

2022-03-24 16:03:34 - [TEST_STEP][PASSED] - click(findTestObject("Admin/Sprint 7/FCSCMS-468/Edit_TestProduct")): Object: 'Object Repository/Admin/Sprint 7/FCSCMS-468/Edit_TestProduct' is clicked on

2022-03-24 16:03:34 - [MESSAGE][PASSED] - Object: 'Object Repository/Admin/Sprint 7/FCSCMS-468/Edit_TestProduct' is clicked on

2022-03-24 16:03:34 - [TEST_STEP][PASSED] - delay(1): Delayed 1 second(s)

2022-03-24 16:03:35 - [MESSAGE][PASSED] - Delayed 1 second(s)

2022-03-24 16:03:35 - [TEST_STEP][PASSED] - click(findTestObject("Admin/Sprint 7/FCSCMS-468/button_Save")): Object: 'Object Repository/Admin/Sprint 7/FCSCMS-468/button_Save' is clicked on

2022-03-24 16:03:36 - [MESSAGE][PASSED] - Object: 'Object Repository/Admin/Sprint 7/FCSCMS-468/button_Save' is clicked on

2022-03-24 16:03:36 - [TEST_STEP][PASSED] - delay(1): Delayed 1 second(s)

2022-03-24 16:03:37 - [MESSAGE][PASSED] - Delayed 1 second(s)

2022-03-24 16:03:37 - [TEST_STEP][PASSED] - click(findTestObject("Admin/Sprint 7/FCSCMS-468/Save/button_No(Save)")): Object: 'Object Repository/Admin/Sprint 7/FCSCMS-468/Save/button_No(Save)' is clicked on

2022-03-24 16:03:38 - [MESSAGE][PASSED] - Object: 'Object Repository/Admin/Sprint 7/FCSCMS-468/Save/button_No(Save)' is clicked on]]></system-out>
         <system-err><![CDATA[]]></system-err>
      </testcase>
      <system-out><![CDATA[2022-03-24 16:02:21 - [TEST_SUITE][PASSED] - FCSCMS-468 (Organizations-Client Profile - Products - View-Edit Product): Test Cases/Sprint 7/FCSCMS- 468/FCSCMS-1802-S7 (User should be able to select No option on saving product)]]></system-out>
      <system-err><![CDATA[]]></system-err>
   </testsuite>
</testsuites>
