<?xml version="1.0" encoding="UTF-8"?>
<testsuites name="FCSCMS-204 (Organizations - Client Profile - Sites - View - Edit Sites)" time="36.549" tests="4" failures="0" errors="0">
   <testsuite name="FCSCMS-204 (Organizations - Client Profile - Sites - View - Edit Sites)" tests="4" failures="0" errors="0" time="36.549" timestamp="2022-01-11 20:17:34" hostname="me - DESKTOP-S7SF50D" id="Test Suites/Sprint 5/FCSCMS-204 (Organizations - Client Profile - Sites - View - Edit Sites)">
      <properties>
         <property name="deviceName" value=""/>
         <property name="devicePlatform" value=""/>
         <property name="logFolder" value="C:\\Users\\me\\git\\nexterous-automation\\Reports\\20220111_201718\\Sprint 5\\FCSCMS-204 (Organizations - Client Profile - Sites - View - Edit Sites)\\20220111_201719"/>
         <property name="logFiles" value="C:\\Users\\me\\git\\nexterous-automation\\Reports\\20220111_201718\\Sprint 5\\FCSCMS-204 (Organizations - Client Profile - Sites - View - Edit Sites)\\20220111_201719\\execution0.log"/>
         <property name="attachments" value=""/>
         <property name="hostName" value="me - DESKTOP-S7SF50D"/>
         <property name="os" value="Windows 10 64bit"/>
         <property name="katalonVersion" value="7.7.0.205"/>
         <property name="browser" value="Chrome 97.0.4692.71"/>
         <property name="hostAddress" value="192.168.100.7"/>
         <property name="sessionId" value="9baaedba23404bd783776d0d0c27fe17"/>
         <property name="seleniumVersion" value="3.141.59"/>
         <property name="proxyInformation" value="ProxyInformation { proxyOption=NO_PROXY, proxyServerType=HTTP, username=, password=********, proxyServerAddress=, proxyServerPort=0, executionList=&quot;&quot;, isApplyToDesiredCapabilities=true }"/>
         <property name="platform" value="Windows 10"/>
      </properties>
      <testcase name="Test Cases/Sprint 5/FCSCMS-204/FCSCMS-1336-S5 (Admin user should be able to log in using valid credentials)" time="14.808" classname="Test Cases/Sprint 5/FCSCMS-204/FCSCMS-1336-S5 (Admin user should be able to log in using valid credentials)" status="PASSED">
         <system-out><![CDATA[2022-01-11 20:17:34 - [TEST_CASE][PASSED] - Test Cases/Sprint 5/FCSCMS-204/FCSCMS-1336-S5 (Admin user should be able to log in using valid credentials): Test Cases/Sprint 5/FCSCMS-204/FCSCMS-1336-S5 (Admin user should be able to log in using valid credentials)

2022-01-11 20:17:35 - [TEST_STEP][PASSED] - openBrowser(""): Browser is opened with url: ''

2022-01-11 20:17:35 - [MESSAGE][INFO] - Starting 'Chrome' driver

2022-01-11 20:17:36 - [MESSAGE][INFO] - Action delay is set to 0 milliseconds

2022-01-11 20:17:39 - [MESSAGE][PASSED] - Browser is opened with url: ''

2022-01-11 20:17:39 - [TEST_STEP][PASSED] - navigateToUrl("https://nexterus-tst.outsystemsenterprise.com/FusionCenter/Login"): Navigate to 'https://nexterus-tst.outsystemsenterprise.com/FusionCenter/Login' successfully

2022-01-11 20:17:41 - [MESSAGE][PASSED] - Navigate to 'https://nexterus-tst.outsystemsenterprise.com/FusionCenter/Login' successfully

2022-01-11 20:17:41 - [TEST_STEP][PASSED] - maximizeWindow(): Current window maximized

2022-01-11 20:17:41 - [MESSAGE][PASSED] - Current window maximized

2022-01-11 20:17:41 - [TEST_STEP][PASSED] - delay(3): Delayed 3 second(s)

2022-01-11 20:17:45 - [MESSAGE][PASSED] - Delayed 3 second(s)

2022-01-11 20:17:45 - [TEST_STEP][PASSED] - setText(findTestObject("Login/Username_Field"), "admin"): Text 'admin' is set on object 'Object Repository/Login/Username_Field'

2022-01-11 20:17:46 - [MESSAGE][PASSED] - Text 'admin' is set on object 'Object Repository/Login/Username_Field'

2022-01-11 20:17:46 - [TEST_STEP][PASSED] - delay(1): Delayed 1 second(s)

2022-01-11 20:17:47 - [MESSAGE][PASSED] - Delayed 1 second(s)

2022-01-11 20:17:47 - [TEST_STEP][PASSED] - setText(findTestObject("Login/Password_Field"), "admin"): Text 'admin' is set on object 'Object Repository/Login/Password_Field'

2022-01-11 20:17:47 - [MESSAGE][PASSED] - Text 'admin' is set on object 'Object Repository/Login/Password_Field'

2022-01-11 20:17:47 - [TEST_STEP][PASSED] - delay(1): Delayed 1 second(s)

2022-01-11 20:17:48 - [MESSAGE][PASSED] - Delayed 1 second(s)

2022-01-11 20:17:48 - [TEST_STEP][PASSED] - click(findTestObject("Login/BTN_Login")): Object: 'Object Repository/Login/BTN_Login' is clicked on

2022-01-11 20:17:49 - [MESSAGE][PASSED] - Object: 'Object Repository/Login/BTN_Login' is clicked on]]></system-out>
         <system-err><![CDATA[]]></system-err>
      </testcase>
      <testcase name="Test Cases/Sprint 5/FCSCMS-204/FCSCMS-1337-S5 (User should be able to click the Clients option from the left navigation panel)" time="12.75" classname="Test Cases/Sprint 5/FCSCMS-204/FCSCMS-1337-S5 (User should be able to click the Clients option from the left navigation panel)" status="PASSED">
         <system-out><![CDATA[2022-01-11 20:17:49 - [TEST_CASE][PASSED] - Test Cases/Sprint 5/FCSCMS-204/FCSCMS-1337-S5 (User should be able to click the Clients option from the left navigation panel): Test Cases/Sprint 5/FCSCMS-204/FCSCMS-1337-S5 (User should be able to click the Clients option from the left navigation panel)

2022-01-11 20:17:49 - [TEST_STEP][PASSED] - delay(2): Delayed 2 second(s)

2022-01-11 20:17:51 - [MESSAGE][PASSED] - Delayed 2 second(s)

2022-01-11 20:17:51 - [TEST_STEP][PASSED] - click(findTestObject("Admin/Sprint 5/a_Clients")): Object: 'Object Repository/Admin/Sprint 5/a_Clients' is clicked on

2022-01-11 20:17:55 - [MESSAGE][PASSED] - Object: 'Object Repository/Admin/Sprint 5/a_Clients' is clicked on

2022-01-11 20:17:55 - [TEST_STEP][PASSED] - delay(2): Delayed 2 second(s)

2022-01-11 20:17:58 - [MESSAGE][PASSED] - Delayed 2 second(s)

2022-01-11 20:17:58 - [TEST_STEP][PASSED] - verifyElementVisible(findTestObject("Admin/Sprint 5/Clients/SearchBar_Clients")): Object 'Object Repository/Admin/Sprint 5/Clients/SearchBar_Clients' is visible

2022-01-11 20:18:01 - [MESSAGE][PASSED] - Object 'Object Repository/Admin/Sprint 5/Clients/SearchBar_Clients' is visible

2022-01-11 20:18:01 - [TEST_STEP][PASSED] - delay(1): Delayed 1 second(s)

2022-01-11 20:18:02 - [MESSAGE][PASSED] - Delayed 1 second(s)]]></system-out>
         <system-err><![CDATA[]]></system-err>
      </testcase>
      <testcase name="Test Cases/Sprint 5/FCSCMS-204/FCSCMS-1338-S5 (User should be able to search for the clients name in the quick search tab)" time="4.484" classname="Test Cases/Sprint 5/FCSCMS-204/FCSCMS-1338-S5 (User should be able to search for the clients name in the quick search tab)" status="PASSED">
         <system-out><![CDATA[2022-01-11 20:18:02 - [TEST_CASE][PASSED] - Test Cases/Sprint 5/FCSCMS-204/FCSCMS-1338-S5 (User should be able to search for the clients name in the quick search tab): Test Cases/Sprint 5/FCSCMS-204/FCSCMS-1338-S5 (User should be able to search for the clients name in the quick search tab)

2022-01-11 20:18:02 - [TEST_STEP][PASSED] - setText(findTestObject("Admin/Sprint 5/FCSCMS-194/SearchBar(Clients)"), "Smoke Test 3"): Text 'Smoke Test 3' is set on object 'Object Repository/Admin/Sprint 5/FCSCMS-194/SearchBar(Clients)'

2022-01-11 20:18:03 - [MESSAGE][PASSED] - Text 'Smoke Test 3' is set on object 'Object Repository/Admin/Sprint 5/FCSCMS-194/SearchBar(Clients)'

2022-01-11 20:18:03 - [TEST_STEP][PASSED] - delay(1): Delayed 1 second(s)

2022-01-11 20:18:04 - [MESSAGE][PASSED] - Delayed 1 second(s)

2022-01-11 20:18:04 - [TEST_STEP][PASSED] - click(findTestObject("Admin/Sprint 5/FCSCMS-194/SearchButton(Clients)")): Object: 'Object Repository/Admin/Sprint 5/FCSCMS-194/SearchButton(Clients)' is clicked on

2022-01-11 20:18:04 - [MESSAGE][PASSED] - Object: 'Object Repository/Admin/Sprint 5/FCSCMS-194/SearchButton(Clients)' is clicked on

2022-01-11 20:18:04 - [TEST_STEP][PASSED] - delay(2): Delayed 2 second(s)

2022-01-11 20:18:06 - [MESSAGE][PASSED] - Delayed 2 second(s)]]></system-out>
         <system-err><![CDATA[]]></system-err>
      </testcase>
      <testcase name="Test Cases/Sprint 5/FCSCMS-204/FCSCMS-1339-S5 (User should be able to view edit the clients details)" time="2.676" classname="Test Cases/Sprint 5/FCSCMS-204/FCSCMS-1339-S5 (User should be able to view edit the clients details)" status="PASSED">
         <system-out><![CDATA[2022-01-11 20:18:06 - [TEST_CASE][PASSED] - Test Cases/Sprint 5/FCSCMS-204/FCSCMS-1339-S5 (User should be able to view edit the clients details): Test Cases/Sprint 5/FCSCMS-204/FCSCMS-1339-S5 (User should be able to view edit the clients details)

2022-01-11 20:18:06 - [TEST_STEP][PASSED] - delay(2): Delayed 2 second(s)

2022-01-11 20:18:08 - [MESSAGE][PASSED] - Delayed 2 second(s)

2022-01-11 20:18:08 - [TEST_STEP][PASSED] - click(findTestObject("Admin/Sprint 5/FCSCMS200/EditIcon(FCSCMS200)")): Object: 'Object Repository/Admin/Sprint 5/FCSCMS200/EditIcon(FCSCMS200)' is clicked on

2022-01-11 20:18:09 - [MESSAGE][PASSED] - Object: 'Object Repository/Admin/Sprint 5/FCSCMS200/EditIcon(FCSCMS200)' is clicked on]]></system-out>
         <system-err><![CDATA[]]></system-err>
      </testcase>
      <system-out><![CDATA[2022-01-11 20:17:34 - [TEST_SUITE][PASSED] - FCSCMS-204 (Organizations - Client Profile - Sites - View - Edit Sites): Test Cases/Sprint 5/FCSCMS-204/FCSCMS-1339-S5 (User should be able to view edit the clients details)]]></system-out>
      <system-err><![CDATA[]]></system-err>
   </testsuite>
</testsuites>
