<?xml version="1.0" encoding="UTF-8"?>
<testsuites name="FCSCMS-193 (Organizations - Client Profile - Add New Client)" time="25.495" tests="2" failures="0" errors="0">
   <testsuite name="FCSCMS-193 (Organizations - Client Profile - Add New Client)" tests="2" failures="0" errors="0" time="25.495" timestamp="2021-12-20 19:11:22" hostname="me - DESKTOP-S7SF50D" id="Test Suites/Sprint 5/FCSCMS-193 (Organizations - Client Profile - Add New Client)">
      <properties>
         <property name="deviceName" value=""/>
         <property name="devicePlatform" value=""/>
         <property name="logFolder" value="C:\\Users\\me\\git\\nexterous-automation\\Reports\\20211220_191111\\Sprint 5\\FCSCMS-193 (Organizations - Client Profile - Add New Client)\\20211220_191111"/>
         <property name="logFiles" value="C:\\Users\\me\\git\\nexterous-automation\\Reports\\20211220_191111\\Sprint 5\\FCSCMS-193 (Organizations - Client Profile - Add New Client)\\20211220_191111\\execution0.log"/>
         <property name="attachments" value=""/>
         <property name="hostName" value="me - DESKTOP-S7SF50D"/>
         <property name="os" value="Windows 10 64bit"/>
         <property name="katalonVersion" value="7.7.0.205"/>
         <property name="browser" value="Chrome 96.0.4664.110"/>
         <property name="hostAddress" value="192.168.100.7"/>
         <property name="sessionId" value="5bccac09de5db43ef3f1ca4374952bf7"/>
         <property name="seleniumVersion" value="3.141.59"/>
         <property name="proxyInformation" value="ProxyInformation { proxyOption=NO_PROXY, proxyServerType=HTTP, username=, password=********, proxyServerAddress=, proxyServerPort=0, executionList=&quot;&quot;, isApplyToDesiredCapabilities=true }"/>
         <property name="platform" value="Windows 10"/>
      </properties>
      <testcase name="Test Cases/Sprint 5/FCSCMS-193/FCSCMS-1137" time="14.521" classname="Test Cases/Sprint 5/FCSCMS-193/FCSCMS-1137" status="PASSED">
         <system-out><![CDATA[2021-12-20 19:11:22 - [TEST_CASE][PASSED] - Test Cases/Sprint 5/FCSCMS-193/FCSCMS-1137: Test Cases/Sprint 5/FCSCMS-193/FCSCMS-1137

2021-12-20 19:11:23 - [TEST_STEP][PASSED] - openBrowser(""): Browser is opened with url: ''

2021-12-20 19:11:23 - [MESSAGE][INFO] - Starting 'Chrome' driver

2021-12-20 19:11:23 - [MESSAGE][INFO] - Action delay is set to 0 milliseconds

2021-12-20 19:11:26 - [MESSAGE][PASSED] - Browser is opened with url: ''

2021-12-20 19:11:26 - [TEST_STEP][PASSED] - navigateToUrl("https://nexterus-tst.outsystemsenterprise.com/FusionCenter/Login"): Navigate to 'https://nexterus-tst.outsystemsenterprise.com/FusionCenter/Login' successfully

2021-12-20 19:11:29 - [MESSAGE][PASSED] - Navigate to 'https://nexterus-tst.outsystemsenterprise.com/FusionCenter/Login' successfully

2021-12-20 19:11:29 - [TEST_STEP][PASSED] - maximizeWindow(): Current window maximized

2021-12-20 19:11:29 - [MESSAGE][PASSED] - Current window maximized

2021-12-20 19:11:29 - [TEST_STEP][PASSED] - delay(3): Delayed 3 second(s)

2021-12-20 19:11:32 - [MESSAGE][PASSED] - Delayed 3 second(s)

2021-12-20 19:11:32 - [TEST_STEP][PASSED] - setText(findTestObject("Login/Username_Field"), "admin"): Text 'admin' is set on object 'Object Repository/Login/Username_Field'

2021-12-20 19:11:34 - [MESSAGE][PASSED] - Text 'admin' is set on object 'Object Repository/Login/Username_Field'

2021-12-20 19:11:34 - [TEST_STEP][PASSED] - delay(1): Delayed 1 second(s)

2021-12-20 19:11:35 - [MESSAGE][PASSED] - Delayed 1 second(s)

2021-12-20 19:11:35 - [TEST_STEP][PASSED] - setText(findTestObject("Login/Password_Field"), "admin"): Text 'admin' is set on object 'Object Repository/Login/Password_Field'

2021-12-20 19:11:35 - [MESSAGE][PASSED] - Text 'admin' is set on object 'Object Repository/Login/Password_Field'

2021-12-20 19:11:35 - [TEST_STEP][PASSED] - delay(1): Delayed 1 second(s)

2021-12-20 19:11:36 - [MESSAGE][PASSED] - Delayed 1 second(s)

2021-12-20 19:11:36 - [TEST_STEP][PASSED] - click(findTestObject("Login/BTN_Login")): Object: 'Object Repository/Login/BTN_Login' is clicked on

2021-12-20 19:11:37 - [MESSAGE][PASSED] - Object: 'Object Repository/Login/BTN_Login' is clicked on]]></system-out>
         <system-err><![CDATA[]]></system-err>
      </testcase>
      <testcase name="Test Cases/Sprint 5/FCSCMS-193/FCSCMS-1138" time="9.488" classname="Test Cases/Sprint 5/FCSCMS-193/FCSCMS-1138" status="PASSED">
         <system-out><![CDATA[2021-12-20 19:11:37 - [TEST_CASE][PASSED] - Test Cases/Sprint 5/FCSCMS-193/FCSCMS-1138: Test Cases/Sprint 5/FCSCMS-193/FCSCMS-1138

2021-12-20 19:11:37 - [TEST_STEP][PASSED] - delay(2): Delayed 2 second(s)

2021-12-20 19:11:39 - [MESSAGE][PASSED] - Delayed 2 second(s)

2021-12-20 19:11:39 - [TEST_STEP][PASSED] - click(findTestObject("Admin/Sprint 5/a_Clients")): Object: 'Object Repository/Admin/Sprint 5/a_Clients' is clicked on

2021-12-20 19:11:43 - [MESSAGE][PASSED] - Object: 'Object Repository/Admin/Sprint 5/a_Clients' is clicked on

2021-12-20 19:11:43 - [TEST_STEP][PASSED] - delay(2): Delayed 2 second(s)

2021-12-20 19:11:45 - [MESSAGE][PASSED] - Delayed 2 second(s)

2021-12-20 19:11:45 - [TEST_STEP][PASSED] - verifyElementVisible(findTestObject("Admin/Sprint 5/Clients/SearchBar_Clients")): Object 'Object Repository/Admin/Sprint 5/Clients/SearchBar_Clients' is visible

2021-12-20 19:11:45 - [MESSAGE][PASSED] - Object 'Object Repository/Admin/Sprint 5/Clients/SearchBar_Clients' is visible

2021-12-20 19:11:45 - [TEST_STEP][PASSED] - delay(1): Delayed 1 second(s)

2021-12-20 19:11:46 - [MESSAGE][PASSED] - Delayed 1 second(s)]]></system-out>
         <system-err><![CDATA[]]></system-err>
      </testcase>
      <system-out><![CDATA[2021-12-20 19:11:22 - [TEST_SUITE][PASSED] - FCSCMS-193 (Organizations - Client Profile - Add New Client): Test Cases/Sprint 5/FCSCMS-193/FCSCMS-1138]]></system-out>
      <system-err><![CDATA[]]></system-err>
   </testsuite>
</testsuites>
