<?xml version="1.0" encoding="UTF-8"?>
<testsuites name="FCSCMS-192 (Organizations - Client Profile - Client Listing)" time="37.397" tests="4" failures="0" errors="0">
   <testsuite name="FCSCMS-192 (Organizations - Client Profile - Client Listing)" tests="4" failures="0" errors="0" time="37.397" timestamp="2021-12-20 18:20:17" hostname="me - DESKTOP-S7SF50D" id="Test Suites/Sprint 5/FCSCMS-192 (Organizations - Client Profile - Client Listing)">
      <properties>
         <property name="deviceName" value=""/>
         <property name="devicePlatform" value=""/>
         <property name="logFolder" value="C:\\Users\\me\\git\\nexterous-automation\\Reports\\20211220_182005\\Sprint 5\\FCSCMS-192 (Organizations - Client Profile - Client Listing)\\20211220_182005"/>
         <property name="logFiles" value="C:\\Users\\me\\git\\nexterous-automation\\Reports\\20211220_182005\\Sprint 5\\FCSCMS-192 (Organizations - Client Profile - Client Listing)\\20211220_182005\\execution0.log"/>
         <property name="attachments" value=""/>
         <property name="hostName" value="me - DESKTOP-S7SF50D"/>
         <property name="os" value="Windows 10 64bit"/>
         <property name="katalonVersion" value="7.7.0.205"/>
         <property name="browser" value="Chrome 96.0.4664.110"/>
         <property name="hostAddress" value="192.168.100.7"/>
         <property name="sessionId" value="0e8ae5f57f4b0ed954df48af00478e3f"/>
         <property name="seleniumVersion" value="3.141.59"/>
         <property name="proxyInformation" value="ProxyInformation { proxyOption=NO_PROXY, proxyServerType=HTTP, username=, password=********, proxyServerAddress=, proxyServerPort=0, executionList=&quot;&quot;, isApplyToDesiredCapabilities=true }"/>
         <property name="platform" value="Windows 10"/>
      </properties>
      <testcase name="Test Cases/Sprint 5/FCSCMS-192/FCSCMS-1049" time="15.944" classname="Test Cases/Sprint 5/FCSCMS-192/FCSCMS-1049" status="PASSED">
         <system-out><![CDATA[2021-12-20 18:20:17 - [TEST_CASE][PASSED] - Test Cases/Sprint 5/FCSCMS-192/FCSCMS-1049: Test Cases/Sprint 5/FCSCMS-192/FCSCMS-1049

2021-12-20 18:20:18 - [TEST_STEP][PASSED] - openBrowser(""): Browser is opened with url: ''

2021-12-20 18:20:18 - [MESSAGE][INFO] - Starting 'Chrome' driver

2021-12-20 18:20:18 - [MESSAGE][INFO] - Action delay is set to 0 milliseconds

2021-12-20 18:20:22 - [MESSAGE][PASSED] - Browser is opened with url: ''

2021-12-20 18:20:22 - [TEST_STEP][PASSED] - navigateToUrl("https://nexterus-tst.outsystemsenterprise.com/FusionCenter/Login"): Navigate to 'https://nexterus-tst.outsystemsenterprise.com/FusionCenter/Login' successfully

2021-12-20 18:20:25 - [MESSAGE][PASSED] - Navigate to 'https://nexterus-tst.outsystemsenterprise.com/FusionCenter/Login' successfully

2021-12-20 18:20:25 - [TEST_STEP][PASSED] - maximizeWindow(): Current window maximized

2021-12-20 18:20:25 - [MESSAGE][PASSED] - Current window maximized

2021-12-20 18:20:25 - [TEST_STEP][PASSED] - delay(3): Delayed 3 second(s)

2021-12-20 18:20:29 - [MESSAGE][PASSED] - Delayed 3 second(s)

2021-12-20 18:20:29 - [TEST_STEP][PASSED] - setText(findTestObject("Login/Username_Field"), "admin"): Text 'admin' is set on object 'Object Repository/Login/Username_Field'

2021-12-20 18:20:30 - [MESSAGE][PASSED] - Text 'admin' is set on object 'Object Repository/Login/Username_Field'

2021-12-20 18:20:30 - [TEST_STEP][PASSED] - delay(1): Delayed 1 second(s)

2021-12-20 18:20:31 - [MESSAGE][PASSED] - Delayed 1 second(s)

2021-12-20 18:20:31 - [TEST_STEP][PASSED] - setText(findTestObject("Login/Password_Field"), "admin"): Text 'admin' is set on object 'Object Repository/Login/Password_Field'

2021-12-20 18:20:32 - [MESSAGE][PASSED] - Text 'admin' is set on object 'Object Repository/Login/Password_Field'

2021-12-20 18:20:32 - [TEST_STEP][PASSED] - delay(1): Delayed 1 second(s)

2021-12-20 18:20:33 - [MESSAGE][PASSED] - Delayed 1 second(s)

2021-12-20 18:20:33 - [TEST_STEP][PASSED] - click(findTestObject("Login/BTN_Login")): Object: 'Object Repository/Login/BTN_Login' is clicked on

2021-12-20 18:20:33 - [MESSAGE][PASSED] - Object: 'Object Repository/Login/BTN_Login' is clicked on]]></system-out>
         <system-err><![CDATA[]]></system-err>
      </testcase>
      <testcase name="Test Cases/Sprint 5/FCSCMS-192/FCSCMS-1050" time="9.045" classname="Test Cases/Sprint 5/FCSCMS-192/FCSCMS-1050" status="PASSED">
         <system-out><![CDATA[2021-12-20 18:20:33 - [TEST_CASE][PASSED] - Test Cases/Sprint 5/FCSCMS-192/FCSCMS-1050: Test Cases/Sprint 5/FCSCMS-192/FCSCMS-1050

2021-12-20 18:20:33 - [TEST_STEP][PASSED] - delay(2): Delayed 2 second(s)

2021-12-20 18:20:35 - [MESSAGE][PASSED] - Delayed 2 second(s)

2021-12-20 18:20:35 - [TEST_STEP][PASSED] - click(findTestObject("Admin/Sprint 5/a_Clients")): Object: 'Object Repository/Admin/Sprint 5/a_Clients' is clicked on

2021-12-20 18:20:38 - [MESSAGE][PASSED] - Object: 'Object Repository/Admin/Sprint 5/a_Clients' is clicked on

2021-12-20 18:20:38 - [TEST_STEP][PASSED] - delay(2): Delayed 2 second(s)

2021-12-20 18:20:40 - [MESSAGE][PASSED] - Delayed 2 second(s)

2021-12-20 18:20:40 - [TEST_STEP][PASSED] - verifyElementVisible(findTestObject("Admin/Sprint 5/Clients/SearchBar_Clients")): Object 'Object Repository/Admin/Sprint 5/Clients/SearchBar_Clients' is visible

2021-12-20 18:20:41 - [MESSAGE][PASSED] - Object 'Object Repository/Admin/Sprint 5/Clients/SearchBar_Clients' is visible

2021-12-20 18:20:41 - [TEST_STEP][PASSED] - delay(1): Delayed 1 second(s)

2021-12-20 18:20:42 - [MESSAGE][PASSED] - Delayed 1 second(s)]]></system-out>
         <system-err><![CDATA[]]></system-err>
      </testcase>
      <testcase name="Test Cases/Sprint 5/FCSCMS-192/FCSCMS-1051" time="4.769" classname="Test Cases/Sprint 5/FCSCMS-192/FCSCMS-1051" status="PASSED">
         <system-out><![CDATA[2021-12-20 18:20:42 - [TEST_CASE][PASSED] - Test Cases/Sprint 5/FCSCMS-192/FCSCMS-1051: Test Cases/Sprint 5/FCSCMS-192/FCSCMS-1051

2021-12-20 18:20:42 - [TEST_STEP][PASSED] - verifyElementVisible(findTestObject("Admin/Sprint 5/Clients/Element Verification/button_Add New Client")): Object 'Object Repository/Admin/Sprint 5/Clients/Element Verification/button_Add New Client' is visible

2021-12-20 18:20:43 - [MESSAGE][PASSED] - Object 'Object Repository/Admin/Sprint 5/Clients/Element Verification/button_Add New Client' is visible

2021-12-20 18:20:43 - [TEST_STEP][PASSED] - verifyElementVisible(findTestObject("Admin/Sprint 5/Clients/Element Verification/button_Advanced Search")): Object 'Object Repository/Admin/Sprint 5/Clients/Element Verification/button_Advanced Search' is visible

2021-12-20 18:20:43 - [MESSAGE][PASSED] - Object 'Object Repository/Admin/Sprint 5/Clients/Element Verification/button_Advanced Search' is visible

2021-12-20 18:20:43 - [TEST_STEP][PASSED] - verifyElementVisible(findTestObject("Admin/Sprint 5/Clients/Element Verification/ClientsDashboard")): Object 'Object Repository/Admin/Sprint 5/Clients/Element Verification/ClientsDashboard' is visible

2021-12-20 18:20:43 - [MESSAGE][PASSED] - Object 'Object Repository/Admin/Sprint 5/Clients/Element Verification/ClientsDashboard' is visible

2021-12-20 18:20:43 - [TEST_STEP][PASSED] - verifyElementVisible(findTestObject("Admin/Sprint 5/Clients/Element Verification/div_Download")): Object 'Object Repository/Admin/Sprint 5/Clients/Element Verification/div_Download' is visible

2021-12-20 18:20:44 - [MESSAGE][PASSED] - Object 'Object Repository/Admin/Sprint 5/Clients/Element Verification/div_Download' is visible

2021-12-20 18:20:44 - [TEST_STEP][PASSED] - verifyElementVisible(findTestObject("Admin/Sprint 5/Clients/Element Verification/input_Logout_b4-Input_TextVar")): Object 'Object Repository/Admin/Sprint 5/Clients/Element Verification/input_Logout_b4-Input_TextVar' is visible

2021-12-20 18:20:44 - [MESSAGE][PASSED] - Object 'Object Repository/Admin/Sprint 5/Clients/Element Verification/input_Logout_b4-Input_TextVar' is visible

2021-12-20 18:20:44 - [TEST_STEP][PASSED] - verifyElementVisible(findTestObject("Admin/Sprint 5/Clients/Element Verification/th_Action")): Object 'Object Repository/Admin/Sprint 5/Clients/Element Verification/th_Action' is visible

2021-12-20 18:20:44 - [MESSAGE][PASSED] - Object 'Object Repository/Admin/Sprint 5/Clients/Element Verification/th_Action' is visible

2021-12-20 18:20:44 - [TEST_STEP][PASSED] - verifyElementVisible(findTestObject("Admin/Sprint 5/Clients/Element Verification/th_Address")): Object 'Object Repository/Admin/Sprint 5/Clients/Element Verification/th_Address' is visible

2021-12-20 18:20:45 - [MESSAGE][PASSED] - Object 'Object Repository/Admin/Sprint 5/Clients/Element Verification/th_Address' is visible

2021-12-20 18:20:45 - [TEST_STEP][PASSED] - verifyElementVisible(findTestObject("Admin/Sprint 5/Clients/Element Verification/th_City")): Object 'Object Repository/Admin/Sprint 5/Clients/Element Verification/th_City' is visible

2021-12-20 18:20:45 - [MESSAGE][PASSED] - Object 'Object Repository/Admin/Sprint 5/Clients/Element Verification/th_City' is visible

2021-12-20 18:20:45 - [TEST_STEP][PASSED] - verifyElementVisible(findTestObject("Admin/Sprint 5/Clients/Element Verification/th_Client Name")): Object 'Object Repository/Admin/Sprint 5/Clients/Element Verification/th_Client Name' is visible

2021-12-20 18:20:45 - [MESSAGE][PASSED] - Object 'Object Repository/Admin/Sprint 5/Clients/Element Verification/th_Client Name' is visible

2021-12-20 18:20:45 - [TEST_STEP][PASSED] - verifyElementVisible(findTestObject("Admin/Sprint 5/Clients/Element Verification/th_Country")): Object 'Object Repository/Admin/Sprint 5/Clients/Element Verification/th_Country' is visible

2021-12-20 18:20:46 - [MESSAGE][PASSED] - Object 'Object Repository/Admin/Sprint 5/Clients/Element Verification/th_Country' is visible

2021-12-20 18:20:46 - [TEST_STEP][PASSED] - verifyElementVisible(findTestObject("Admin/Sprint 5/Clients/Element Verification/th_State")): Object 'Object Repository/Admin/Sprint 5/Clients/Element Verification/th_State' is visible

2021-12-20 18:20:46 - [MESSAGE][PASSED] - Object 'Object Repository/Admin/Sprint 5/Clients/Element Verification/th_State' is visible

2021-12-20 18:20:46 - [TEST_STEP][PASSED] - verifyElementVisible(findTestObject("Admin/Sprint 5/Clients/Element Verification/th_Status")): Object 'Object Repository/Admin/Sprint 5/Clients/Element Verification/th_Status' is visible

2021-12-20 18:20:46 - [MESSAGE][PASSED] - Object 'Object Repository/Admin/Sprint 5/Clients/Element Verification/th_Status' is visible

2021-12-20 18:20:46 - [TEST_STEP][PASSED] - verifyElementVisible(findTestObject("Admin/Sprint 5/Clients/Element Verification/th_Zip Code")): Object 'Object Repository/Admin/Sprint 5/Clients/Element Verification/th_Zip Code' is visible

2021-12-20 18:20:47 - [MESSAGE][PASSED] - Object 'Object Repository/Admin/Sprint 5/Clients/Element Verification/th_Zip Code' is visible]]></system-out>
         <system-err><![CDATA[]]></system-err>
      </testcase>
      <testcase name="Test Cases/Sprint 5/FCSCMS-192/FCSCMS-1052" time="6.197" classname="Test Cases/Sprint 5/FCSCMS-192/FCSCMS-1052" status="PASSED">
         <system-out><![CDATA[2021-12-20 18:20:47 - [TEST_CASE][PASSED] - Test Cases/Sprint 5/FCSCMS-192/FCSCMS-1052: Test Cases/Sprint 5/FCSCMS-192/FCSCMS-1052

2021-12-20 18:20:47 - [TEST_STEP][PASSED] - click(findTestObject("Admin/Sprint 5/Clients/Edit_Icon_Clients")): Object: 'Object Repository/Admin/Sprint 5/Clients/Edit_Icon_Clients' is clicked on

2021-12-20 18:20:47 - [MESSAGE][PASSED] - Object: 'Object Repository/Admin/Sprint 5/Clients/Edit_Icon_Clients' is clicked on

2021-12-20 18:20:47 - [TEST_STEP][PASSED] - delay(2): Delayed 2 second(s)

2021-12-20 18:20:49 - [MESSAGE][PASSED] - Delayed 2 second(s)

2021-12-20 18:20:49 - [TEST_STEP][PASSED] - verifyElementVisible(findTestObject("Admin/Sprint 5/Clients/Edit Client Element Verification/div_AdminUser")): Object 'Object Repository/Admin/Sprint 5/Clients/Edit Client Element Verification/div_AdminUser' is visible

2021-12-20 18:20:51 - [MESSAGE][PASSED] - Object 'Object Repository/Admin/Sprint 5/Clients/Edit Client Element Verification/div_AdminUser' is visible

2021-12-20 18:20:51 - [TEST_STEP][PASSED] - verifyElementVisible(findTestObject("Admin/Sprint 5/Clients/Edit Client Element Verification/div_Anon User")): Object 'Object Repository/Admin/Sprint 5/Clients/Edit Client Element Verification/div_Anon User' is visible

2021-12-20 18:20:51 - [MESSAGE][PASSED] - Object 'Object Repository/Admin/Sprint 5/Clients/Edit Client Element Verification/div_Anon User' is visible

2021-12-20 18:20:51 - [TEST_STEP][PASSED] - verifyElementVisible(findTestObject("Admin/Sprint 5/Clients/Edit Client Element Verification/div_Basic Information")): Object 'Object Repository/Admin/Sprint 5/Clients/Edit Client Element Verification/div_Basic Information' is visible

2021-12-20 18:20:51 - [MESSAGE][PASSED] - Object 'Object Repository/Admin/Sprint 5/Clients/Edit Client Element Verification/div_Basic Information' is visible

2021-12-20 18:20:51 - [TEST_STEP][PASSED] - verifyElementVisible(findTestObject("Admin/Sprint 5/Clients/Edit Client Element Verification/input_Business Details_b10-Input_BusinessDetails")): Object 'Object Repository/Admin/Sprint 5/Clients/Edit Client Element Verification/input_Business Details_b10-Input_BusinessDetails' is visible

2021-12-20 18:20:52 - [MESSAGE][PASSED] - Object 'Object Repository/Admin/Sprint 5/Clients/Edit Client Element Verification/input_Business Details_b10-Input_BusinessDetails' is visible

2021-12-20 18:20:52 - [TEST_STEP][PASSED] - verifyElementVisible(findTestObject("Admin/Sprint 5/Clients/Edit Client Element Verification/input_Client Name_b10-Input_ClientName")): Object 'Object Repository/Admin/Sprint 5/Clients/Edit Client Element Verification/input_Client Name_b10-Input_ClientName' is visible

2021-12-20 18:20:52 - [MESSAGE][PASSED] - Object 'Object Repository/Admin/Sprint 5/Clients/Edit Client Element Verification/input_Client Name_b10-Input_ClientName' is visible

2021-12-20 18:20:52 - [TEST_STEP][PASSED] - verifyElementVisible(findTestObject("Admin/Sprint 5/Clients/Edit Client Element Verification/input_IRS Number_b10-Input_IRSNumber")): Object 'Object Repository/Admin/Sprint 5/Clients/Edit Client Element Verification/input_IRS Number_b10-Input_IRSNumber' is visible

2021-12-20 18:20:52 - [MESSAGE][PASSED] - Object 'Object Repository/Admin/Sprint 5/Clients/Edit Client Element Verification/input_IRS Number_b10-Input_IRSNumber' is visible

2021-12-20 18:20:52 - [TEST_STEP][PASSED] - verifyElementVisible(findTestObject("Admin/Sprint 5/Clients/Edit Client Element Verification/input_Termination Date_b10-Input_TerminationDate")): Object 'Object Repository/Admin/Sprint 5/Clients/Edit Client Element Verification/input_Termination Date_b10-Input_TerminationDate' is visible

2021-12-20 18:20:53 - [MESSAGE][PASSED] - Object 'Object Repository/Admin/Sprint 5/Clients/Edit Client Element Verification/input_Termination Date_b10-Input_TerminationDate' is visible

2021-12-20 18:20:53 - [TEST_STEP][PASSED] - verifyElementVisible(findTestObject("Admin/Sprint 5/Clients/Edit Client Element Verification/select_SelectActiveInactive")): Object 'Object Repository/Admin/Sprint 5/Clients/Edit Client Element Verification/select_SelectActiveInactive' is visible

2021-12-20 18:20:53 - [MESSAGE][PASSED] - Object 'Object Repository/Admin/Sprint 5/Clients/Edit Client Element Verification/select_SelectActiveInactive' is visible]]></system-out>
         <system-err><![CDATA[]]></system-err>
      </testcase>
      <system-out><![CDATA[2021-12-20 18:20:17 - [TEST_SUITE][PASSED] - FCSCMS-192 (Organizations - Client Profile - Client Listing): Test Cases/Sprint 5/FCSCMS-192/FCSCMS-1052]]></system-out>
      <system-err><![CDATA[]]></system-err>
   </testsuite>
</testsuites>
