<?xml version="1.0" encoding="UTF-8"?>
<testsuites name="TestSuiteSite Sample" time="76.009" tests="6" failures="0" errors="0">
   <testsuite name="TestSuiteSite Sample" tests="6" failures="0" errors="0" time="76.009" timestamp="2021-12-23 05:13:26" hostname="me - DESKTOP-S7SF50D" id="Test Suites/Sprint 5/TestSuiteSite Sample">
      <properties>
         <property name="deviceName" value=""/>
         <property name="devicePlatform" value=""/>
         <property name="logFolder" value="C:\\Users\\me\\git\\nexterous-automation\\Reports\\20211223_051313\\Sprint 5\\TestSuiteSite Sample\\20211223_051313"/>
         <property name="logFiles" value="C:\\Users\\me\\git\\nexterous-automation\\Reports\\20211223_051313\\Sprint 5\\TestSuiteSite Sample\\20211223_051313\\execution0.log"/>
         <property name="attachments" value=""/>
         <property name="hostName" value="me - DESKTOP-S7SF50D"/>
         <property name="os" value="Windows 10 64bit"/>
         <property name="katalonVersion" value="7.7.0.205"/>
         <property name="browser" value="Chrome 96.0.4664.110"/>
         <property name="hostAddress" value="192.168.100.7"/>
         <property name="sessionId" value="8ecbeab8cbe079f7869040eac74ee291"/>
         <property name="seleniumVersion" value="3.141.59"/>
         <property name="proxyInformation" value="ProxyInformation { proxyOption=NO_PROXY, proxyServerType=HTTP, username=, password=********, proxyServerAddress=, proxyServerPort=0, executionList=&quot;&quot;, isApplyToDesiredCapabilities=true }"/>
         <property name="platform" value="Windows 10"/>
      </properties>
      <testcase name="Test Cases/Sprint 5/FCSCMS-193/FCSCMS-1150-S5 (View or edit details of an existing sites on the sites tab)" time="43.757" classname="Test Cases/Sprint 5/FCSCMS-193/FCSCMS-1150-S5 (View or edit details of an existing sites on the sites tab)" status="PASSED">
         <system-out><![CDATA[2021-12-23 05:13:27 - [TEST_CASE][PASSED] - Test Cases/Sprint 5/FCSCMS-193/FCSCMS-1150-S5 (View or edit details of an existing sites on the sites tab): Test Cases/Sprint 5/FCSCMS-193/FCSCMS-1150-S5 (View or edit details of an existing sites on the sites tab)

2021-12-23 05:13:27 - [TEST_STEP][PASSED] - openBrowser(""): Browser is opened with url: ''

2021-12-23 05:13:28 - [MESSAGE][INFO] - Starting 'Chrome' driver

2021-12-23 05:13:28 - [MESSAGE][INFO] - Action delay is set to 0 milliseconds

2021-12-23 05:13:32 - [MESSAGE][PASSED] - Browser is opened with url: ''

2021-12-23 05:13:32 - [TEST_STEP][PASSED] - navigateToUrl("https://nexterus-tst.outsystemsenterprise.com/FusionCenter/Login"): Navigate to 'https://nexterus-tst.outsystemsenterprise.com/FusionCenter/Login' successfully

2021-12-23 05:13:35 - [MESSAGE][PASSED] - Navigate to 'https://nexterus-tst.outsystemsenterprise.com/FusionCenter/Login' successfully

2021-12-23 05:13:35 - [TEST_STEP][PASSED] - maximizeWindow(): Current window maximized

2021-12-23 05:13:36 - [MESSAGE][PASSED] - Current window maximized

2021-12-23 05:13:36 - [TEST_STEP][PASSED] - delay(3): Delayed 3 second(s)

2021-12-23 05:13:39 - [MESSAGE][PASSED] - Delayed 3 second(s)

2021-12-23 05:13:39 - [TEST_STEP][PASSED] - setText(findTestObject("Login/Username_Field"), "admin"): Text 'admin' is set on object 'Object Repository/Login/Username_Field'

2021-12-23 05:13:40 - [MESSAGE][PASSED] - Text 'admin' is set on object 'Object Repository/Login/Username_Field'

2021-12-23 05:13:40 - [TEST_STEP][PASSED] - delay(1): Delayed 1 second(s)

2021-12-23 05:13:41 - [MESSAGE][PASSED] - Delayed 1 second(s)

2021-12-23 05:13:41 - [TEST_STEP][PASSED] - setText(findTestObject("Login/Password_Field"), "admin"): Text 'admin' is set on object 'Object Repository/Login/Password_Field'

2021-12-23 05:13:42 - [MESSAGE][PASSED] - Text 'admin' is set on object 'Object Repository/Login/Password_Field'

2021-12-23 05:13:42 - [TEST_STEP][PASSED] - delay(1): Delayed 1 second(s)

2021-12-23 05:13:43 - [MESSAGE][PASSED] - Delayed 1 second(s)

2021-12-23 05:13:43 - [TEST_STEP][PASSED] - click(findTestObject("Login/BTN_Login")): Object: 'Object Repository/Login/BTN_Login' is clicked on

2021-12-23 05:13:43 - [MESSAGE][PASSED] - Object: 'Object Repository/Login/BTN_Login' is clicked on

2021-12-23 05:13:43 - [TEST_STEP][PASSED] - delay(2): Delayed 2 second(s)

2021-12-23 05:13:45 - [MESSAGE][PASSED] - Delayed 2 second(s)

2021-12-23 05:13:45 - [TEST_STEP][PASSED] - click(findTestObject("Admin/Sprint 5/a_Clients")): Object: 'Object Repository/Admin/Sprint 5/a_Clients' is clicked on

2021-12-23 05:13:49 - [MESSAGE][PASSED] - Object: 'Object Repository/Admin/Sprint 5/a_Clients' is clicked on

2021-12-23 05:13:49 - [TEST_STEP][PASSED] - delay(1): Delayed 1 second(s)

2021-12-23 05:13:50 - [MESSAGE][PASSED] - Delayed 1 second(s)

2021-12-23 05:13:50 - [TEST_STEP][PASSED] - setText(findTestObject("Admin/Sprint 5/Clients/SearchBar_Clients"), "Smoke Test 3"): Text 'Smoke Test 3' is set on object 'Object Repository/Admin/Sprint 5/Clients/SearchBar_Clients'

2021-12-23 05:13:52 - [MESSAGE][PASSED] - Text 'Smoke Test 3' is set on object 'Object Repository/Admin/Sprint 5/Clients/SearchBar_Clients'

2021-12-23 05:13:52 - [TEST_STEP][PASSED] - delay(1): Delayed 1 second(s)

2021-12-23 05:13:53 - [MESSAGE][PASSED] - Delayed 1 second(s)

2021-12-23 05:13:53 - [TEST_STEP][PASSED] - click(findTestObject("Admin/Sprint 5/Clients/Sites/Site Edit Elements/SearchButton(Clients)")): Object: 'Object Repository/Admin/Sprint 5/Clients/Sites/Site Edit Elements/SearchButton(Clients)' is clicked on

2021-12-23 05:13:54 - [MESSAGE][PASSED] - Object: 'Object Repository/Admin/Sprint 5/Clients/Sites/Site Edit Elements/SearchButton(Clients)' is clicked on

2021-12-23 05:13:54 - [TEST_STEP][PASSED] - delay(2): Delayed 2 second(s)

2021-12-23 05:13:56 - [MESSAGE][PASSED] - Delayed 2 second(s)

2021-12-23 05:13:56 - [TEST_STEP][PASSED] - click(findTestObject("Admin/Sprint 5/Clients/Sites/Site Edit Elements/EditClient")): Object: 'Object Repository/Admin/Sprint 5/Clients/Sites/Site Edit Elements/EditClient' is clicked on

2021-12-23 05:13:56 - [MESSAGE][PASSED] - Object: 'Object Repository/Admin/Sprint 5/Clients/Sites/Site Edit Elements/EditClient' is clicked on

2021-12-23 05:13:56 - [TEST_STEP][PASSED] - delay(2): Delayed 2 second(s)

2021-12-23 05:13:58 - [MESSAGE][PASSED] - Delayed 2 second(s)

2021-12-23 05:13:58 - [TEST_STEP][PASSED] - click(findTestObject("Admin/Sprint 5/Clients/Sites/div_Sites")): Object: 'Object Repository/Admin/Sprint 5/Clients/Sites/div_Sites' is clicked on

2021-12-23 05:14:00 - [MESSAGE][PASSED] - Object: 'Object Repository/Admin/Sprint 5/Clients/Sites/div_Sites' is clicked on

2021-12-23 05:14:00 - [TEST_STEP][PASSED] - delay(1): Delayed 1 second(s)

2021-12-23 05:14:01 - [MESSAGE][PASSED] - Delayed 1 second(s)

2021-12-23 05:14:01 - [TEST_STEP][PASSED] - click(findTestObject("Admin/Sprint 5/Clients/Sites/Site Edit Elements/EditSiteButton")): Object: 'Object Repository/Admin/Sprint 5/Clients/Sites/Site Edit Elements/EditSiteButton' is clicked on

2021-12-23 05:14:02 - [MESSAGE][PASSED] - Object: 'Object Repository/Admin/Sprint 5/Clients/Sites/Site Edit Elements/EditSiteButton' is clicked on

2021-12-23 05:14:02 - [TEST_STEP][PASSED] - delay(2): Delayed 2 second(s)

2021-12-23 05:14:04 - [MESSAGE][PASSED] - Delayed 2 second(s)

2021-12-23 05:14:04 - [TEST_STEP][PASSED] - clearText(findTestObject("Admin/Sprint 5/Clients/Sites/SiteCode")): Text of object 'Object Repository/Admin/Sprint 5/Clients/Sites/SiteCode' is cleared

2021-12-23 05:14:04 - [MESSAGE][PASSED] - Text of object 'Object Repository/Admin/Sprint 5/Clients/Sites/SiteCode' is cleared

2021-12-23 05:14:04 - [TEST_STEP][PASSED] - setText(findTestObject("Admin/Sprint 5/Clients/Sites/SiteCode"), "TestSite"): Text 'TestSite' is set on object 'Object Repository/Admin/Sprint 5/Clients/Sites/SiteCode'

2021-12-23 05:14:05 - [MESSAGE][PASSED] - Text 'TestSite' is set on object 'Object Repository/Admin/Sprint 5/Clients/Sites/SiteCode'

2021-12-23 05:14:05 - [TEST_STEP][PASSED] - delay(1): Delayed 1 second(s)

2021-12-23 05:14:06 - [MESSAGE][PASSED] - Delayed 1 second(s)

2021-12-23 05:14:06 - [TEST_STEP][PASSED] - clearText(findTestObject("Admin/Sprint 5/Clients/Sites/SiteName")): Text of object 'Object Repository/Admin/Sprint 5/Clients/Sites/SiteName' is cleared

2021-12-23 05:14:06 - [MESSAGE][PASSED] - Text of object 'Object Repository/Admin/Sprint 5/Clients/Sites/SiteName' is cleared

2021-12-23 05:14:06 - [TEST_STEP][PASSED] - setText(findTestObject("Admin/Sprint 5/Clients/Sites/SiteName"), "SiteforAutomation"): Text 'SiteforAutomation' is set on object 'Object Repository/Admin/Sprint 5/Clients/Sites/SiteName'

2021-12-23 05:14:07 - [MESSAGE][PASSED] - Text 'SiteforAutomation' is set on object 'Object Repository/Admin/Sprint 5/Clients/Sites/SiteName'

2021-12-23 05:14:07 - [TEST_STEP][PASSED] - delay(1): Delayed 1 second(s)

2021-12-23 05:14:08 - [MESSAGE][PASSED] - Delayed 1 second(s)

2021-12-23 05:14:08 - [TEST_STEP][PASSED] - clearText(findTestObject("Admin/Sprint 5/Clients/Sites/Description"), STOP_ON_FAILURE): Text of object 'Object Repository/Admin/Sprint 5/Clients/Sites/Description' is cleared

2021-12-23 05:14:09 - [MESSAGE][PASSED] - Text of object 'Object Repository/Admin/Sprint 5/Clients/Sites/Description' is cleared

2021-12-23 05:14:09 - [TEST_STEP][PASSED] - setText(findTestObject("Admin/Sprint 5/Clients/Sites/Description"), "Test site for automation"): Text 'Test site for automation' is set on object 'Object Repository/Admin/Sprint 5/Clients/Sites/Description'

2021-12-23 05:14:09 - [MESSAGE][PASSED] - Text 'Test site for automation' is set on object 'Object Repository/Admin/Sprint 5/Clients/Sites/Description'

2021-12-23 05:14:09 - [TEST_STEP][PASSED] - delay(1): Delayed 1 second(s)

2021-12-23 05:14:10 - [MESSAGE][PASSED] - Delayed 1 second(s)]]></system-out>
         <system-err><![CDATA[]]></system-err>
      </testcase>
      <testcase name="Test Cases/Sprint 5/FCSCMS-193/FCSCMS-1151-S5 (Associate an already exixting contact to the site)" time="3.501" classname="Test Cases/Sprint 5/FCSCMS-193/FCSCMS-1151-S5 (Associate an already exixting contact to the site)" status="PASSED">
         <system-out><![CDATA[2021-12-23 05:14:10 - [TEST_CASE][PASSED] - Test Cases/Sprint 5/FCSCMS-193/FCSCMS-1151-S5 (Associate an already exixting contact to the site): Test Cases/Sprint 5/FCSCMS-193/FCSCMS-1151-S5 (Associate an already exixting contact to the site)

2021-12-23 05:14:11 - [TEST_STEP][PASSED] - selectOptionByLabel(findTestObject("Admin/Sprint 5/Clients/Sites/Site Edit Elements/SelectContactDropdown"), "ForEmail", false): All options with label 'ForEmail' are selected in object 'Object Repository/Admin/Sprint 5/Clients/Sites/Site Edit Elements/SelectContactDropdown' 

2021-12-23 05:14:11 - [MESSAGE][PASSED] - All options with label 'ForEmail' are selected in object 'Object Repository/Admin/Sprint 5/Clients/Sites/Site Edit Elements/SelectContactDropdown' 

2021-12-23 05:14:11 - [TEST_STEP][PASSED] - delay(1): Delayed 1 second(s)

2021-12-23 05:14:12 - [MESSAGE][PASSED] - Delayed 1 second(s)

2021-12-23 05:14:12 - [TEST_STEP][PASSED] - click(findTestObject("Admin/Sprint 5/Clients/Sites/Site Edit Elements/button_Add(Sites)")): Object: 'Object Repository/Admin/Sprint 5/Clients/Sites/Site Edit Elements/button_Add(Sites)' is clicked on

2021-12-23 05:14:13 - [MESSAGE][PASSED] - Object: 'Object Repository/Admin/Sprint 5/Clients/Sites/Site Edit Elements/button_Add(Sites)' is clicked on

2021-12-23 05:14:13 - [TEST_STEP][PASSED] - delay(1): Delayed 1 second(s)

2021-12-23 05:14:14 - [MESSAGE][PASSED] - Delayed 1 second(s)]]></system-out>
         <system-err><![CDATA[]]></system-err>
      </testcase>
      <testcase name="Test Cases/Sprint 5/FCSCMS-193/FCSCMS-1152-S5 (Add a new contact to be assosciated with the site)" time="2.453" classname="Test Cases/Sprint 5/FCSCMS-193/FCSCMS-1152-S5 (Add a new contact to be assosciated with the site)" status="PASSED">
         <system-out><![CDATA[2021-12-23 05:14:14 - [TEST_CASE][PASSED] - Test Cases/Sprint 5/FCSCMS-193/FCSCMS-1152-S5 (Add a new contact to be assosciated with the site): Test Cases/Sprint 5/FCSCMS-193/FCSCMS-1152-S5 (Add a new contact to be assosciated with the site)

2021-12-23 05:14:14 - [TEST_STEP][PASSED] - delay(2): Delayed 2 second(s)

2021-12-23 05:14:16 - [MESSAGE][PASSED] - Delayed 2 second(s)]]></system-out>
         <system-err><![CDATA[]]></system-err>
      </testcase>
      <testcase name="Test Cases/Sprint 5/FCSCMS-193/FCSCMS-1153-S5 (The user can click the Save button for the Sites tab)" time="2.484" classname="Test Cases/Sprint 5/FCSCMS-193/FCSCMS-1153-S5 (The user can click the Save button for the Sites tab)" status="PASSED">
         <system-out><![CDATA[2021-12-23 05:14:16 - [TEST_CASE][PASSED] - Test Cases/Sprint 5/FCSCMS-193/FCSCMS-1153-S5 (The user can click the Save button for the Sites tab): Test Cases/Sprint 5/FCSCMS-193/FCSCMS-1153-S5 (The user can click the Save button for the Sites tab)

2021-12-23 05:14:17 - [TEST_STEP][PASSED] - click(findTestObject("Admin/Sprint 5/Clients/Sites/Site Edit Elements/button_Save(Sites)")): Object: 'Object Repository/Admin/Sprint 5/Clients/Sites/Site Edit Elements/button_Save(Sites)' is clicked on

2021-12-23 05:14:17 - [MESSAGE][PASSED] - Object: 'Object Repository/Admin/Sprint 5/Clients/Sites/Site Edit Elements/button_Save(Sites)' is clicked on

2021-12-23 05:14:17 - [TEST_STEP][PASSED] - delay(1): Delayed 1 second(s)

2021-12-23 05:14:18 - [MESSAGE][PASSED] - Delayed 1 second(s)

2021-12-23 05:14:18 - [TEST_STEP][PASSED] - verifyElementVisible(findTestObject("Admin/Sprint 5/Clients/Sites/Site Edit Elements/button_Yes(Confirmation)")): Object 'Object Repository/Admin/Sprint 5/Clients/Sites/Site Edit Elements/button_Yes(Confirmation)' is visible

2021-12-23 05:14:18 - [MESSAGE][PASSED] - Object 'Object Repository/Admin/Sprint 5/Clients/Sites/Site Edit Elements/button_Yes(Confirmation)' is visible

2021-12-23 05:14:18 - [TEST_STEP][PASSED] - verifyElementVisible(findTestObject("Admin/Sprint 5/Clients/Sites/Site Edit Elements/button_No(Confirmation)")): Object 'Object Repository/Admin/Sprint 5/Clients/Sites/Site Edit Elements/button_No(Confirmation)' is visible

2021-12-23 05:14:19 - [MESSAGE][PASSED] - Object 'Object Repository/Admin/Sprint 5/Clients/Sites/Site Edit Elements/button_No(Confirmation)' is visible]]></system-out>
         <system-err><![CDATA[]]></system-err>
      </testcase>
      <testcase name="Test Cases/Sprint 5/FCSCMS-193/FCSCMS-1154-S5 (Click the Yes to confirm saving of all of the Newly added or edited site information)" time="12.197" classname="Test Cases/Sprint 5/FCSCMS-193/FCSCMS-1154-S5 (Click the Yes to confirm saving of all of the Newly added or edited site information)" status="PASSED">
         <system-out><![CDATA[2021-12-23 05:14:19 - [TEST_CASE][PASSED] - Test Cases/Sprint 5/FCSCMS-193/FCSCMS-1154-S5 (Click the Yes to confirm saving of all of the Newly added or edited site information): Test Cases/Sprint 5/FCSCMS-193/FCSCMS-1154-S5 (Click the Yes to confirm saving of all of the Newly added or edited site information)

2021-12-23 05:14:19 - [TEST_STEP][PASSED] - click(findTestObject("Admin/Sprint 5/Clients/Sites/Site Edit Elements/button_Yes(Confirmation)")): Object: 'Object Repository/Admin/Sprint 5/Clients/Sites/Site Edit Elements/button_Yes(Confirmation)' is clicked on

2021-12-23 05:14:20 - [MESSAGE][PASSED] - Object: 'Object Repository/Admin/Sprint 5/Clients/Sites/Site Edit Elements/button_Yes(Confirmation)' is clicked on

2021-12-23 05:14:20 - [TEST_STEP][PASSED] - delay(2): Delayed 2 second(s)

2021-12-23 05:14:22 - [MESSAGE][PASSED] - Delayed 2 second(s)

2021-12-23 05:14:22 - [TEST_STEP][PASSED] - click(findTestObject("Admin/Sprint 5/Clients/Sites/Site Edit Elements/EditSiteButton")): Object: 'Object Repository/Admin/Sprint 5/Clients/Sites/Site Edit Elements/EditSiteButton' is clicked on

2021-12-23 05:14:22 - [MESSAGE][PASSED] - Object: 'Object Repository/Admin/Sprint 5/Clients/Sites/Site Edit Elements/EditSiteButton' is clicked on

2021-12-23 05:14:22 - [TEST_STEP][PASSED] - delay(2): Delayed 2 second(s)

2021-12-23 05:14:24 - [MESSAGE][PASSED] - Delayed 2 second(s)

2021-12-23 05:14:24 - [TEST_STEP][PASSED] - click(findTestObject("Admin/Sprint 5/Clients/Sites/Site Edit Elements/Delete(ForEmail)")): Object: 'Object Repository/Admin/Sprint 5/Clients/Sites/Site Edit Elements/Delete(ForEmail)' is clicked on

2021-12-23 05:14:25 - [MESSAGE][PASSED] - Object: 'Object Repository/Admin/Sprint 5/Clients/Sites/Site Edit Elements/Delete(ForEmail)' is clicked on

2021-12-23 05:14:25 - [TEST_STEP][PASSED] - delay(1): Delayed 1 second(s)

2021-12-23 05:14:26 - [MESSAGE][PASSED] - Delayed 1 second(s)

2021-12-23 05:14:26 - [TEST_STEP][PASSED] - click(findTestObject("Admin/Sprint 5/Clients/Sites/Site Edit Elements/button_Yes(Confirmation)")): Object: 'Object Repository/Admin/Sprint 5/Clients/Sites/Site Edit Elements/button_Yes(Confirmation)' is clicked on

2021-12-23 05:14:26 - [MESSAGE][PASSED] - Object: 'Object Repository/Admin/Sprint 5/Clients/Sites/Site Edit Elements/button_Yes(Confirmation)' is clicked on

2021-12-23 05:14:26 - [TEST_STEP][PASSED] - delay(1): Delayed 1 second(s)

2021-12-23 05:14:27 - [MESSAGE][PASSED] - Delayed 1 second(s)

2021-12-23 05:14:27 - [TEST_STEP][PASSED] - click(findTestObject("Admin/Sprint 5/Clients/Sites/Site Edit Elements/button_Save(Sites)")): Object: 'Object Repository/Admin/Sprint 5/Clients/Sites/Site Edit Elements/button_Save(Sites)' is clicked on

2021-12-23 05:14:28 - [MESSAGE][PASSED] - Object: 'Object Repository/Admin/Sprint 5/Clients/Sites/Site Edit Elements/button_Save(Sites)' is clicked on

2021-12-23 05:14:28 - [TEST_STEP][PASSED] - delay(1): Delayed 1 second(s)

2021-12-23 05:14:29 - [MESSAGE][PASSED] - Delayed 1 second(s)

2021-12-23 05:14:29 - [TEST_STEP][PASSED] - click(findTestObject("Admin/Sprint 5/Clients/Sites/Site Edit Elements/button_Yes(Confirmation)")): Object: 'Object Repository/Admin/Sprint 5/Clients/Sites/Site Edit Elements/button_Yes(Confirmation)' is clicked on

2021-12-23 05:14:29 - [MESSAGE][PASSED] - Object: 'Object Repository/Admin/Sprint 5/Clients/Sites/Site Edit Elements/button_Yes(Confirmation)' is clicked on

2021-12-23 05:14:29 - [TEST_STEP][PASSED] - delay(2): Delayed 2 second(s)

2021-12-23 05:14:31 - [MESSAGE][PASSED] - Delayed 2 second(s)]]></system-out>
         <system-err><![CDATA[]]></system-err>
      </testcase>
      <testcase name="Test Cases/Sprint 5/FCSCMS-193/FCSCMS-1155-S5 (Click the No button to terminate the saving of the Newly added or edited Sites information)" time="9.565" classname="Test Cases/Sprint 5/FCSCMS-193/FCSCMS-1155-S5 (Click the No button to terminate the saving of the Newly added or edited Sites information)" status="PASSED">
         <system-out><![CDATA[2021-12-23 05:14:31 - [TEST_CASE][PASSED] - Test Cases/Sprint 5/FCSCMS-193/FCSCMS-1155-S5 (Click the No button to terminate the saving of the Newly added or edited Sites information): Test Cases/Sprint 5/FCSCMS-193/FCSCMS-1155-S5 (Click the No button to terminate the saving of the Newly added or edited Sites information)

2021-12-23 05:14:31 - [TEST_STEP][PASSED] - click(findTestObject("Admin/Sprint 5/Clients/Sites/Site Edit Elements/EditSiteButton")): Object: 'Object Repository/Admin/Sprint 5/Clients/Sites/Site Edit Elements/EditSiteButton' is clicked on

2021-12-23 05:14:32 - [MESSAGE][PASSED] - Object: 'Object Repository/Admin/Sprint 5/Clients/Sites/Site Edit Elements/EditSiteButton' is clicked on

2021-12-23 05:14:32 - [TEST_STEP][PASSED] - delay(1): Delayed 1 second(s)

2021-12-23 05:14:33 - [MESSAGE][PASSED] - Delayed 1 second(s)

2021-12-23 05:14:33 - [TEST_STEP][PASSED] - clearText(findTestObject("Admin/Sprint 5/Clients/Sites/SiteCode")): Text of object 'Object Repository/Admin/Sprint 5/Clients/Sites/SiteCode' is cleared

2021-12-23 05:14:34 - [MESSAGE][PASSED] - Text of object 'Object Repository/Admin/Sprint 5/Clients/Sites/SiteCode' is cleared

2021-12-23 05:14:34 - [TEST_STEP][PASSED] - setText(findTestObject("Admin/Sprint 5/Clients/Sites/SiteCode"), "Negative Path"): Text 'Negative Path' is set on object 'Object Repository/Admin/Sprint 5/Clients/Sites/SiteCode'

2021-12-23 05:14:35 - [MESSAGE][PASSED] - Text 'Negative Path' is set on object 'Object Repository/Admin/Sprint 5/Clients/Sites/SiteCode'

2021-12-23 05:14:35 - [TEST_STEP][PASSED] - delay(1): Delayed 1 second(s)

2021-12-23 05:14:36 - [MESSAGE][PASSED] - Delayed 1 second(s)

2021-12-23 05:14:36 - [TEST_STEP][PASSED] - click(findTestObject("Admin/Sprint 5/Clients/Sites/Site Edit Elements/button_Save(Sites)")): Object: 'Object Repository/Admin/Sprint 5/Clients/Sites/Site Edit Elements/button_Save(Sites)' is clicked on

2021-12-23 05:14:36 - [MESSAGE][PASSED] - Object: 'Object Repository/Admin/Sprint 5/Clients/Sites/Site Edit Elements/button_Save(Sites)' is clicked on

2021-12-23 05:14:36 - [TEST_STEP][PASSED] - delay(1): Delayed 1 second(s)

2021-12-23 05:14:37 - [MESSAGE][PASSED] - Delayed 1 second(s)

2021-12-23 05:14:37 - [TEST_STEP][PASSED] - click(findTestObject("Admin/Sprint 5/Clients/Sites/Site Edit Elements/button_No(Confirmation)")): Object: 'Object Repository/Admin/Sprint 5/Clients/Sites/Site Edit Elements/button_No(Confirmation)' is clicked on

2021-12-23 05:14:38 - [MESSAGE][PASSED] - Object: 'Object Repository/Admin/Sprint 5/Clients/Sites/Site Edit Elements/button_No(Confirmation)' is clicked on

2021-12-23 05:14:38 - [TEST_STEP][PASSED] - delay(3): Delayed 3 second(s)

2021-12-23 05:14:41 - [MESSAGE][PASSED] - Delayed 3 second(s)]]></system-out>
         <system-err><![CDATA[]]></system-err>
      </testcase>
      <system-out><![CDATA[2021-12-23 05:13:26 - [TEST_SUITE][PASSED] - TestSuiteSite Sample: Test Cases/Sprint 5/FCSCMS-193/FCSCMS-1155-S5 (Click the No button to terminate the saving of the Newly added or edited Sites information)]]></system-out>
      <system-err><![CDATA[]]></system-err>
   </testsuite>
</testsuites>
