<?xml version="1.0" encoding="UTF-8"?>
<testsuites name="FCSCMS-193 (Organizations - Client Profile - Add New Client)" time="137.466" tests="13" failures="0" errors="0">
   <testsuite name="FCSCMS-193 (Organizations - Client Profile - Add New Client)" tests="13" failures="0" errors="0" time="137.466" timestamp="2021-12-22 17:34:20" hostname="me - DESKTOP-S7SF50D" id="Test Suites/Sprint 5/FCSCMS-193 (Organizations - Client Profile - Add New Client)">
      <properties>
         <property name="deviceName" value=""/>
         <property name="devicePlatform" value=""/>
         <property name="logFolder" value="C:\\Users\\me\\git\\nexterous-automation\\Reports\\20211222_173406\\Sprint 5\\FCSCMS-193 (Organizations - Client Profile - Add New Client)\\20211222_173406"/>
         <property name="logFiles" value="C:\\Users\\me\\git\\nexterous-automation\\Reports\\20211222_173406\\Sprint 5\\FCSCMS-193 (Organizations - Client Profile - Add New Client)\\20211222_173406\\execution0.log"/>
         <property name="attachments" value=""/>
         <property name="hostName" value="me - DESKTOP-S7SF50D"/>
         <property name="os" value="Windows 10 64bit"/>
         <property name="katalonVersion" value="7.7.0.205"/>
         <property name="browser" value="Chrome 96.0.4664.110"/>
         <property name="hostAddress" value="192.168.100.7"/>
         <property name="sessionId" value="6a2b09af6aabf6b94c372d499b72429b"/>
         <property name="seleniumVersion" value="3.141.59"/>
         <property name="proxyInformation" value="ProxyInformation { proxyOption=NO_PROXY, proxyServerType=HTTP, username=, password=********, proxyServerAddress=, proxyServerPort=0, executionList=&quot;&quot;, isApplyToDesiredCapabilities=true }"/>
         <property name="platform" value="Windows 10"/>
      </properties>
      <testcase name="Test Cases/Sprint 5/FCSCMS-193/FCSCMS-1137-S5 (Admin user should be able to log in using valid credentials)" time="16.533" classname="Test Cases/Sprint 5/FCSCMS-193/FCSCMS-1137-S5 (Admin user should be able to log in using valid credentials)" status="PASSED">
         <system-out><![CDATA[2021-12-22 17:34:21 - [TEST_CASE][PASSED] - Test Cases/Sprint 5/FCSCMS-193/FCSCMS-1137-S5 (Admin user should be able to log in using valid credentials): Test Cases/Sprint 5/FCSCMS-193/FCSCMS-1137-S5 (Admin user should be able to log in using valid credentials)

2021-12-22 17:34:21 - [TEST_STEP][PASSED] - openBrowser(""): Browser is opened with url: ''

2021-12-22 17:34:22 - [MESSAGE][INFO] - Starting 'Chrome' driver

2021-12-22 17:34:22 - [MESSAGE][INFO] - Action delay is set to 0 milliseconds

2021-12-22 17:34:26 - [MESSAGE][PASSED] - Browser is opened with url: ''

2021-12-22 17:34:26 - [TEST_STEP][PASSED] - navigateToUrl("https://nexterus-tst.outsystemsenterprise.com/FusionCenter/Login"): Navigate to 'https://nexterus-tst.outsystemsenterprise.com/FusionCenter/Login' successfully

2021-12-22 17:34:29 - [MESSAGE][PASSED] - Navigate to 'https://nexterus-tst.outsystemsenterprise.com/FusionCenter/Login' successfully

2021-12-22 17:34:29 - [TEST_STEP][PASSED] - maximizeWindow(): Current window maximized

2021-12-22 17:34:30 - [MESSAGE][PASSED] - Current window maximized

2021-12-22 17:34:30 - [TEST_STEP][PASSED] - delay(3): Delayed 3 second(s)

2021-12-22 17:34:33 - [MESSAGE][PASSED] - Delayed 3 second(s)

2021-12-22 17:34:33 - [TEST_STEP][PASSED] - setText(findTestObject("Login/Username_Field"), "admin"): Text 'admin' is set on object 'Object Repository/Login/Username_Field'

2021-12-22 17:34:34 - [MESSAGE][PASSED] - Text 'admin' is set on object 'Object Repository/Login/Username_Field'

2021-12-22 17:34:34 - [TEST_STEP][PASSED] - delay(1): Delayed 1 second(s)

2021-12-22 17:34:35 - [MESSAGE][PASSED] - Delayed 1 second(s)

2021-12-22 17:34:35 - [TEST_STEP][PASSED] - setText(findTestObject("Login/Password_Field"), "admin"): Text 'admin' is set on object 'Object Repository/Login/Password_Field'

2021-12-22 17:34:36 - [MESSAGE][PASSED] - Text 'admin' is set on object 'Object Repository/Login/Password_Field'

2021-12-22 17:34:36 - [TEST_STEP][PASSED] - delay(1): Delayed 1 second(s)

2021-12-22 17:34:37 - [MESSAGE][PASSED] - Delayed 1 second(s)

2021-12-22 17:34:37 - [TEST_STEP][PASSED] - click(findTestObject("Login/BTN_Login")): Object: 'Object Repository/Login/BTN_Login' is clicked on

2021-12-22 17:34:37 - [MESSAGE][PASSED] - Object: 'Object Repository/Login/BTN_Login' is clicked on]]></system-out>
         <system-err><![CDATA[]]></system-err>
      </testcase>
      <testcase name="Test Cases/Sprint 5/FCSCMS-193/FCSCMS-1138-S5 (Click the Clients option from the left navigation panel)" time="10.77" classname="Test Cases/Sprint 5/FCSCMS-193/FCSCMS-1138-S5 (Click the Clients option from the left navigation panel)" status="PASSED">
         <system-out><![CDATA[2021-12-22 17:34:37 - [TEST_CASE][PASSED] - Test Cases/Sprint 5/FCSCMS-193/FCSCMS-1138-S5 (Click the Clients option from the left navigation panel): Test Cases/Sprint 5/FCSCMS-193/FCSCMS-1138-S5 (Click the Clients option from the left navigation panel)

2021-12-22 17:34:38 - [TEST_STEP][PASSED] - delay(2): Delayed 2 second(s)

2021-12-22 17:34:40 - [MESSAGE][PASSED] - Delayed 2 second(s)

2021-12-22 17:34:40 - [TEST_STEP][PASSED] - click(findTestObject("Admin/Sprint 5/a_Clients")): Object: 'Object Repository/Admin/Sprint 5/a_Clients' is clicked on

2021-12-22 17:34:44 - [MESSAGE][PASSED] - Object: 'Object Repository/Admin/Sprint 5/a_Clients' is clicked on

2021-12-22 17:34:44 - [TEST_STEP][PASSED] - delay(2): Delayed 2 second(s)

2021-12-22 17:34:46 - [MESSAGE][PASSED] - Delayed 2 second(s)

2021-12-22 17:34:46 - [TEST_STEP][PASSED] - verifyElementVisible(findTestObject("Admin/Sprint 5/Clients/SearchBar_Clients")): Object 'Object Repository/Admin/Sprint 5/Clients/SearchBar_Clients' is visible

2021-12-22 17:34:47 - [MESSAGE][PASSED] - Object 'Object Repository/Admin/Sprint 5/Clients/SearchBar_Clients' is visible

2021-12-22 17:34:47 - [TEST_STEP][PASSED] - delay(1): Delayed 1 second(s)

2021-12-22 17:34:48 - [MESSAGE][PASSED] - Delayed 1 second(s)]]></system-out>
         <system-err><![CDATA[]]></system-err>
      </testcase>
      <testcase name="Test Cases/Sprint 5/FCSCMS-193/FCSCMS-1139-S5 (Click on the Add New Client button)" time="11.238" classname="Test Cases/Sprint 5/FCSCMS-193/FCSCMS-1139-S5 (Click on the Add New Client button)" status="PASSED">
         <system-out><![CDATA[2021-12-22 17:34:48 - [TEST_CASE][PASSED] - Test Cases/Sprint 5/FCSCMS-193/FCSCMS-1139-S5 (Click on the Add New Client button): Test Cases/Sprint 5/FCSCMS-193/FCSCMS-1139-S5 (Click on the Add New Client button)

2021-12-22 17:34:49 - [TEST_STEP][PASSED] - click(findTestObject("Admin/Sprint 5/AddNewClient/button_Add New Client")): Object: 'Object Repository/Admin/Sprint 5/AddNewClient/button_Add New Client' is clicked on

2021-12-22 17:34:49 - [MESSAGE][PASSED] - Object: 'Object Repository/Admin/Sprint 5/AddNewClient/button_Add New Client' is clicked on

2021-12-22 17:34:49 - [TEST_STEP][PASSED] - delay(2): Delayed 2 second(s)

2021-12-22 17:34:51 - [MESSAGE][PASSED] - Delayed 2 second(s)

2021-12-22 17:34:51 - [TEST_STEP][PASSED] - setText(findTestObject("Admin/Sprint 5/AddNewClient/Element Verification/input_Client Name_b10-Input_ClientName"), "AT Test Client"): Text 'AT Test Client' is set on object 'Object Repository/Admin/Sprint 5/AddNewClient/Element Verification/input_Client Name_b10-Input_ClientName'

2021-12-22 17:34:54 - [MESSAGE][PASSED] - Text 'AT Test Client' is set on object 'Object Repository/Admin/Sprint 5/AddNewClient/Element Verification/input_Client Name_b10-Input_ClientName'

2021-12-22 17:34:54 - [TEST_STEP][PASSED] - delay(2): Delayed 2 second(s)

2021-12-22 17:34:56 - [MESSAGE][PASSED] - Delayed 2 second(s)

2021-12-22 17:34:56 - [TEST_STEP][PASSED] - click(findTestObject("Admin/Sprint 5/AddNewClient/ButtonsNewXpath/button_Save")): Object: 'Object Repository/Admin/Sprint 5/AddNewClient/ButtonsNewXpath/button_Save' is clicked on

2021-12-22 17:34:56 - [MESSAGE][PASSED] - Object: 'Object Repository/Admin/Sprint 5/AddNewClient/ButtonsNewXpath/button_Save' is clicked on

2021-12-22 17:34:56 - [TEST_STEP][PASSED] - delay(1): Delayed 1 second(s)

2021-12-22 17:34:57 - [MESSAGE][PASSED] - Delayed 1 second(s)

2021-12-22 17:34:57 - [TEST_STEP][PASSED] - click(findTestObject("Admin/Sprint 5/AddNewClient/ButtonsNewXpath/button_Yes(Save)")): Object: 'Object Repository/Admin/Sprint 5/AddNewClient/ButtonsNewXpath/button_Yes(Save)' is clicked on

2021-12-22 17:34:57 - [MESSAGE][PASSED] - Object: 'Object Repository/Admin/Sprint 5/AddNewClient/ButtonsNewXpath/button_Yes(Save)' is clicked on

2021-12-22 17:34:57 - [TEST_STEP][PASSED] - delay(2): Delayed 2 second(s)

2021-12-22 17:34:59 - [MESSAGE][PASSED] - Delayed 2 second(s)]]></system-out>
         <system-err><![CDATA[]]></system-err>
      </testcase>
      <testcase name="Test Cases/Sprint 5/FCSCMS-193/FCSCMS-1140-S5 (User can view the name of the client at the title of the page)" time="2.821" classname="Test Cases/Sprint 5/FCSCMS-193/FCSCMS-1140-S5 (User can view the name of the client at the title of the page)" status="PASSED">
         <system-out><![CDATA[2021-12-22 17:34:59 - [TEST_CASE][PASSED] - Test Cases/Sprint 5/FCSCMS-193/FCSCMS-1140-S5 (User can view the name of the client at the title of the page): Test Cases/Sprint 5/FCSCMS-193/FCSCMS-1140-S5 (User can view the name of the client at the title of the page)

2021-12-22 17:35:00 - [TEST_STEP][PASSED] - verifyElementText(findTestObject("Admin/Sprint 5/AddNewClient/Element Verification/New Client Verification"), "AT Test Client"): Actual text and expected text of test object 'Object Repository/Admin/Sprint 5/AddNewClient/Element Verification/New Client Verification' are matched.

2021-12-22 17:35:00 - [MESSAGE][PASSED] - Actual text and expected text of test object 'Object Repository/Admin/Sprint 5/AddNewClient/Element Verification/New Client Verification' are matched.

2021-12-22 17:35:00 - [TEST_STEP][PASSED] - delay(2): Delayed 2 second(s)

2021-12-22 17:35:02 - [MESSAGE][PASSED] - Delayed 2 second(s)]]></system-out>
         <system-err><![CDATA[]]></system-err>
      </testcase>
      <testcase name="Test Cases/Sprint 5/FCSCMS-193/FCSCMS-1141-S5 (Edit details on the Basic Information tab)" time="23.14" classname="Test Cases/Sprint 5/FCSCMS-193/FCSCMS-1141-S5 (Edit details on the Basic Information tab)" status="PASSED">
         <system-out><![CDATA[2021-12-22 17:35:02 - [TEST_CASE][PASSED] - Test Cases/Sprint 5/FCSCMS-193/FCSCMS-1141-S5 (Edit details on the Basic Information tab): Test Cases/Sprint 5/FCSCMS-193/FCSCMS-1141-S5 (Edit details on the Basic Information tab)

2021-12-22 17:35:03 - [TEST_STEP][PASSED] - selectOptionByLabel(findTestObject("Admin/Sprint 5/AddNewClient/Element Verification/select_SelectActiveInactive"), "Active", false): All options with label 'Active' are selected in object 'Object Repository/Admin/Sprint 5/AddNewClient/Element Verification/select_SelectActiveInactive' 

2021-12-22 17:35:04 - [MESSAGE][PASSED] - All options with label 'Active' are selected in object 'Object Repository/Admin/Sprint 5/AddNewClient/Element Verification/select_SelectActiveInactive' 

2021-12-22 17:35:04 - [TEST_STEP][PASSED] - delay(2): Delayed 2 second(s)

2021-12-22 17:35:06 - [MESSAGE][PASSED] - Delayed 2 second(s)

2021-12-22 17:35:06 - [TEST_STEP][PASSED] - setText(findTestObject("Admin/Sprint 5/AddNewClient/Element Verification/input_Business Details_b10-Input_BusinessDetails"), "Test BDAT"): Text 'Test BDAT' is set on object 'Object Repository/Admin/Sprint 5/AddNewClient/Element Verification/input_Business Details_b10-Input_BusinessDetails'

2021-12-22 17:35:06 - [MESSAGE][PASSED] - Text 'Test BDAT' is set on object 'Object Repository/Admin/Sprint 5/AddNewClient/Element Verification/input_Business Details_b10-Input_BusinessDetails'

2021-12-22 17:35:06 - [TEST_STEP][PASSED] - delay(2): Delayed 2 second(s)

2021-12-22 17:35:08 - [MESSAGE][PASSED] - Delayed 2 second(s)

2021-12-22 17:35:08 - [TEST_STEP][PASSED] - setText(findTestObject("Admin/Sprint 5/AddNewClient/Element Verification/input_IRS Number_b10-Input_IRSNumber"), "112233"): Text '112233' is set on object 'Object Repository/Admin/Sprint 5/AddNewClient/Element Verification/input_IRS Number_b10-Input_IRSNumber'

2021-12-22 17:35:09 - [MESSAGE][PASSED] - Text '112233' is set on object 'Object Repository/Admin/Sprint 5/AddNewClient/Element Verification/input_IRS Number_b10-Input_IRSNumber'

2021-12-22 17:35:09 - [TEST_STEP][PASSED] - delay(2): Delayed 2 second(s)

2021-12-22 17:35:11 - [MESSAGE][PASSED] - Delayed 2 second(s)

2021-12-22 17:35:11 - [TEST_STEP][PASSED] - click(findTestObject("Admin/Sprint 5/AddNewClient/Element Verification/SalesRep_Dropdown")): Object: 'Object Repository/Admin/Sprint 5/AddNewClient/Element Verification/SalesRep_Dropdown' is clicked on

2021-12-22 17:35:12 - [MESSAGE][PASSED] - Object: 'Object Repository/Admin/Sprint 5/AddNewClient/Element Verification/SalesRep_Dropdown' is clicked on

2021-12-22 17:35:12 - [TEST_STEP][PASSED] - delay(1): Delayed 1 second(s)

2021-12-22 17:35:13 - [MESSAGE][PASSED] - Delayed 1 second(s)

2021-12-22 17:35:13 - [TEST_STEP][PASSED] - click(findTestObject("Admin/Sprint 5/AddNewClient/Element Verification/div_3_SalesRep")): Object: 'Object Repository/Admin/Sprint 5/AddNewClient/Element Verification/div_3_SalesRep' is clicked on

2021-12-22 17:35:13 - [MESSAGE][PASSED] - Object: 'Object Repository/Admin/Sprint 5/AddNewClient/Element Verification/div_3_SalesRep' is clicked on

2021-12-22 17:35:13 - [TEST_STEP][PASSED] - delay(1): Delayed 1 second(s)

2021-12-22 17:35:14 - [MESSAGE][PASSED] - Delayed 1 second(s)

2021-12-22 17:35:14 - [TEST_STEP][PASSED] - click(findTestObject("Admin/Sprint 5/AddNewClient/Element Verification/AccountManager_Dropdown")): Object: 'Object Repository/Admin/Sprint 5/AddNewClient/Element Verification/AccountManager_Dropdown' is clicked on

2021-12-22 17:35:14 - [MESSAGE][PASSED] - Object: 'Object Repository/Admin/Sprint 5/AddNewClient/Element Verification/AccountManager_Dropdown' is clicked on

2021-12-22 17:35:14 - [TEST_STEP][PASSED] - delay(1): Delayed 1 second(s)

2021-12-22 17:35:15 - [MESSAGE][PASSED] - Delayed 1 second(s)

2021-12-22 17:35:15 - [TEST_STEP][PASSED] - click(findTestObject("Admin/Sprint 5/AddNewClient/Element Verification/div_3_AccountManager")): Object: 'Object Repository/Admin/Sprint 5/AddNewClient/Element Verification/div_3_AccountManager' is clicked on

2021-12-22 17:35:16 - [MESSAGE][PASSED] - Object: 'Object Repository/Admin/Sprint 5/AddNewClient/Element Verification/div_3_AccountManager' is clicked on

2021-12-22 17:35:16 - [TEST_STEP][PASSED] - delay(2): Delayed 2 second(s)

2021-12-22 17:35:18 - [MESSAGE][PASSED] - Delayed 2 second(s)

2021-12-22 17:35:18 - [TEST_STEP][PASSED] - setText(findTestObject("Admin/Sprint 5/AddNewClient/Element Verification/input_Termination Date_b10-Input_TerminationDate"), "08/15/2022"): Text '08/15/2022' is set on object 'Object Repository/Admin/Sprint 5/AddNewClient/Element Verification/input_Termination Date_b10-Input_TerminationDate'

2021-12-22 17:35:19 - [MESSAGE][PASSED] - Text '08/15/2022' is set on object 'Object Repository/Admin/Sprint 5/AddNewClient/Element Verification/input_Termination Date_b10-Input_TerminationDate'

2021-12-22 17:35:19 - [TEST_STEP][PASSED] - delay(1): Delayed 1 second(s)

2021-12-22 17:35:20 - [MESSAGE][PASSED] - Delayed 1 second(s)

2021-12-22 17:35:20 - [TEST_STEP][PASSED] - click(findTestObject("Admin/Sprint 5/AddNewClient/Element Verification/Client")): Object: 'Object Repository/Admin/Sprint 5/AddNewClient/Element Verification/Client' is clicked on

2021-12-22 17:35:20 - [MESSAGE][PASSED] - Object: 'Object Repository/Admin/Sprint 5/AddNewClient/Element Verification/Client' is clicked on

2021-12-22 17:35:20 - [TEST_STEP][PASSED] - delay(2): Delayed 2 second(s)

2021-12-22 17:35:22 - [MESSAGE][PASSED] - Delayed 2 second(s)

2021-12-22 17:35:22 - [TEST_STEP][PASSED] - click(findTestObject("Admin/Sprint 5/AddNewClient/Element Verification/Carrier")): Object: 'Object Repository/Admin/Sprint 5/AddNewClient/Element Verification/Carrier' is clicked on

2021-12-22 17:35:23 - [MESSAGE][PASSED] - Object: 'Object Repository/Admin/Sprint 5/AddNewClient/Element Verification/Carrier' is clicked on

2021-12-22 17:35:23 - [TEST_STEP][PASSED] - setText(findTestObject("Admin/Sprint 5/AddNewClient/Element Verification/Aliases Name"), "AT Alias"): Text 'AT Alias' is set on object 'Object Repository/Admin/Sprint 5/AddNewClient/Element Verification/Aliases Name'

2021-12-22 17:35:23 - [MESSAGE][PASSED] - Text 'AT Alias' is set on object 'Object Repository/Admin/Sprint 5/AddNewClient/Element Verification/Aliases Name'

2021-12-22 17:35:23 - [TEST_STEP][PASSED] - delay(2): Delayed 2 second(s)

2021-12-22 17:35:25 - [MESSAGE][PASSED] - Delayed 2 second(s)]]></system-out>
         <system-err><![CDATA[]]></system-err>
      </testcase>
      <testcase name="Test Cases/Sprint 5/FCSCMS-193/FCSCMS-1142-S5 (Click the Save button for the Basic Information tab)" time="4.665" classname="Test Cases/Sprint 5/FCSCMS-193/FCSCMS-1142-S5 (Click the Save button for the Basic Information tab)" status="PASSED">
         <system-out><![CDATA[2021-12-22 17:35:25 - [TEST_CASE][PASSED] - Test Cases/Sprint 5/FCSCMS-193/FCSCMS-1142-S5 (Click the Save button for the Basic Information tab): Test Cases/Sprint 5/FCSCMS-193/FCSCMS-1142-S5 (Click the Save button for the Basic Information tab)

2021-12-22 17:35:26 - [TEST_STEP][PASSED] - click(findTestObject("Admin/Sprint 5/AddNewClient/ButtonsNewXpath/button_Save")): Object: 'Object Repository/Admin/Sprint 5/AddNewClient/ButtonsNewXpath/button_Save' is clicked on

2021-12-22 17:35:26 - [MESSAGE][PASSED] - Object: 'Object Repository/Admin/Sprint 5/AddNewClient/ButtonsNewXpath/button_Save' is clicked on

2021-12-22 17:35:26 - [TEST_STEP][PASSED] - verifyElementVisible(findTestObject("Admin/Sprint 5/AddNewClient/ButtonsNewXpath/button_No(Save)")): Object 'Object Repository/Admin/Sprint 5/AddNewClient/ButtonsNewXpath/button_No(Save)' is visible

2021-12-22 17:35:27 - [MESSAGE][PASSED] - Object 'Object Repository/Admin/Sprint 5/AddNewClient/ButtonsNewXpath/button_No(Save)' is visible

2021-12-22 17:35:27 - [TEST_STEP][PASSED] - verifyElementVisible(findTestObject("Admin/Sprint 5/AddNewClient/ButtonsNewXpath/button_Yes(Save)")): Object 'Object Repository/Admin/Sprint 5/AddNewClient/ButtonsNewXpath/button_Yes(Save)' is visible

2021-12-22 17:35:27 - [MESSAGE][PASSED] - Object 'Object Repository/Admin/Sprint 5/AddNewClient/ButtonsNewXpath/button_Yes(Save)' is visible

2021-12-22 17:35:27 - [TEST_STEP][PASSED] - delay(3): Delayed 3 second(s)

2021-12-22 17:35:30 - [MESSAGE][PASSED] - Delayed 3 second(s)]]></system-out>
         <system-err><![CDATA[]]></system-err>
      </testcase>
      <testcase name="Test Cases/Sprint 5/FCSCMS-193/FCSCMS-1143-S5 (Click the Yes to confirm saving of all the Details)" time="2.759" classname="Test Cases/Sprint 5/FCSCMS-193/FCSCMS-1143-S5 (Click the Yes to confirm saving of all the Details)" status="PASSED">
         <system-out><![CDATA[2021-12-22 17:35:30 - [TEST_CASE][PASSED] - Test Cases/Sprint 5/FCSCMS-193/FCSCMS-1143-S5 (Click the Yes to confirm saving of all the Details): Test Cases/Sprint 5/FCSCMS-193/FCSCMS-1143-S5 (Click the Yes to confirm saving of all the Details)

2021-12-22 17:35:30 - [TEST_STEP][PASSED] - click(findTestObject("Admin/Sprint 5/AddNewClient/ButtonsNewXpath/button_Yes(Save)")): Object: 'Object Repository/Admin/Sprint 5/AddNewClient/ButtonsNewXpath/button_Yes(Save)' is clicked on

2021-12-22 17:35:31 - [MESSAGE][PASSED] - Object: 'Object Repository/Admin/Sprint 5/AddNewClient/ButtonsNewXpath/button_Yes(Save)' is clicked on

2021-12-22 17:35:31 - [TEST_STEP][PASSED] - delay(2): Delayed 2 second(s)

2021-12-22 17:35:33 - [MESSAGE][PASSED] - Delayed 2 second(s)]]></system-out>
         <system-err><![CDATA[]]></system-err>
      </testcase>
      <testcase name="Test Cases/Sprint 5/FCSCMS-193/FCSCMS-1144-S5 (Click the No button to terminate the saving of the details entered)" time="10.052" classname="Test Cases/Sprint 5/FCSCMS-193/FCSCMS-1144-S5 (Click the No button to terminate the saving of the details entered)" status="PASSED">
         <system-out><![CDATA[2021-12-22 17:35:33 - [TEST_CASE][PASSED] - Test Cases/Sprint 5/FCSCMS-193/FCSCMS-1144-S5 (Click the No button to terminate the saving of the details entered): Test Cases/Sprint 5/FCSCMS-193/FCSCMS-1144-S5 (Click the No button to terminate the saving of the details entered)

2021-12-22 17:35:33 - [TEST_STEP][PASSED] - click(findTestObject("Admin/Sprint 5/AddNewClient/span_Back")): Object: 'Object Repository/Admin/Sprint 5/AddNewClient/span_Back' is clicked on

2021-12-22 17:35:34 - [MESSAGE][PASSED] - Object: 'Object Repository/Admin/Sprint 5/AddNewClient/span_Back' is clicked on

2021-12-22 17:35:34 - [TEST_STEP][PASSED] - delay(2): Delayed 2 second(s)

2021-12-22 17:35:36 - [MESSAGE][PASSED] - Delayed 2 second(s)

2021-12-22 17:35:36 - [TEST_STEP][PASSED] - click(findTestObject("Admin/Sprint 5/AddNewClient/button_Add New Client")): Object: 'Object Repository/Admin/Sprint 5/AddNewClient/button_Add New Client' is clicked on

2021-12-22 17:35:36 - [MESSAGE][PASSED] - Object: 'Object Repository/Admin/Sprint 5/AddNewClient/button_Add New Client' is clicked on

2021-12-22 17:35:36 - [TEST_STEP][PASSED] - setText(findTestObject("Admin/Sprint 5/AddNewClient/Element Verification/input_Client Name_b10-Input_ClientName"), "Test Client Negative Path"): Text 'Test Client Negative Path' is set on object 'Object Repository/Admin/Sprint 5/AddNewClient/Element Verification/input_Client Name_b10-Input_ClientName'

2021-12-22 17:35:38 - [MESSAGE][PASSED] - Text 'Test Client Negative Path' is set on object 'Object Repository/Admin/Sprint 5/AddNewClient/Element Verification/input_Client Name_b10-Input_ClientName'

2021-12-22 17:35:38 - [TEST_STEP][PASSED] - delay(2): Delayed 2 second(s)

2021-12-22 17:35:40 - [MESSAGE][PASSED] - Delayed 2 second(s)

2021-12-22 17:35:40 - [TEST_STEP][PASSED] - click(findTestObject("Admin/Sprint 5/AddNewClient/ButtonsNewXpath/button_Save")): Object: 'Object Repository/Admin/Sprint 5/AddNewClient/ButtonsNewXpath/button_Save' is clicked on

2021-12-22 17:35:41 - [MESSAGE][PASSED] - Object: 'Object Repository/Admin/Sprint 5/AddNewClient/ButtonsNewXpath/button_Save' is clicked on

2021-12-22 17:35:41 - [TEST_STEP][PASSED] - delay(2): Delayed 2 second(s)

2021-12-22 17:35:43 - [MESSAGE][PASSED] - Delayed 2 second(s)

2021-12-22 17:35:43 - [TEST_STEP][PASSED] - click(findTestObject("Admin/Sprint 5/AddNewClient/ButtonsNewXpath/button_No(Save)")): Object: 'Object Repository/Admin/Sprint 5/AddNewClient/ButtonsNewXpath/button_No(Save)' is clicked on

2021-12-22 17:35:43 - [MESSAGE][PASSED] - Object: 'Object Repository/Admin/Sprint 5/AddNewClient/ButtonsNewXpath/button_No(Save)' is clicked on]]></system-out>
         <system-err><![CDATA[]]></system-err>
      </testcase>
      <testcase name="Test Cases/Sprint 5/FCSCMS-193/FCSCMS-1145-S5 (Click the Cancel button for the Basic Information tab)" time="4.657" classname="Test Cases/Sprint 5/FCSCMS-193/FCSCMS-1145-S5 (Click the Cancel button for the Basic Information tab)" status="PASSED">
         <system-out><![CDATA[2021-12-22 17:35:43 - [TEST_CASE][PASSED] - Test Cases/Sprint 5/FCSCMS-193/FCSCMS-1145-S5 (Click the Cancel button for the Basic Information tab): Test Cases/Sprint 5/FCSCMS-193/FCSCMS-1145-S5 (Click the Cancel button for the Basic Information tab)

2021-12-22 17:35:43 - [TEST_STEP][PASSED] - click(findTestObject("Admin/Sprint 5/AddNewClient/ButtonsNewXpath/button_Cancel")): Object: 'Object Repository/Admin/Sprint 5/AddNewClient/ButtonsNewXpath/button_Cancel' is clicked on

2021-12-22 17:35:44 - [MESSAGE][PASSED] - Object: 'Object Repository/Admin/Sprint 5/AddNewClient/ButtonsNewXpath/button_Cancel' is clicked on

2021-12-22 17:35:44 - [TEST_STEP][PASSED] - delay(2): Delayed 2 second(s)

2021-12-22 17:35:46 - [MESSAGE][PASSED] - Delayed 2 second(s)

2021-12-22 17:35:46 - [TEST_STEP][PASSED] - delay(2): Delayed 2 second(s)

2021-12-22 17:35:48 - [MESSAGE][PASSED] - Delayed 2 second(s)]]></system-out>
         <system-err><![CDATA[]]></system-err>
      </testcase>
      <testcase name="Test Cases/Sprint 5/FCSCMS-193/FCSCMS-1146-S5 (Click the Yes button from Cancel Confirmation modal" time="8.171" classname="Test Cases/Sprint 5/FCSCMS-193/FCSCMS-1146-S5 (Click the Yes button from Cancel Confirmation modal" status="PASSED">
         <system-out><![CDATA[2021-12-22 17:35:48 - [TEST_CASE][PASSED] - Test Cases/Sprint 5/FCSCMS-193/FCSCMS-1146-S5 (Click the Yes button from Cancel Confirmation modal: Test Cases/Sprint 5/FCSCMS-193/FCSCMS-1146-S5 (Click the Yes button from Cancel Confirmation modal

2021-12-22 17:35:48 - [TEST_STEP][PASSED] - click(findTestObject("Admin/Sprint 5/AddNewClient/ButtonsNewXpath/button_Yes(Cancel)")): Object: 'Object Repository/Admin/Sprint 5/AddNewClient/ButtonsNewXpath/button_Yes(Cancel)' is clicked on

2021-12-22 17:35:48 - [MESSAGE][PASSED] - Object: 'Object Repository/Admin/Sprint 5/AddNewClient/ButtonsNewXpath/button_Yes(Cancel)' is clicked on

2021-12-22 17:35:48 - [TEST_STEP][PASSED] - delay(2): Delayed 2 second(s)

2021-12-22 17:35:50 - [MESSAGE][PASSED] - Delayed 2 second(s)

2021-12-22 17:35:50 - [TEST_STEP][PASSED] - verifyElementVisible(findTestObject("Admin/Sprint 5/AddNewClient/Element Verification/AppLogo")): Object 'Object Repository/Admin/Sprint 5/AddNewClient/Element Verification/AppLogo' is visible

2021-12-22 17:35:51 - [MESSAGE][PASSED] - Object 'Object Repository/Admin/Sprint 5/AddNewClient/Element Verification/AppLogo' is visible

2021-12-22 17:35:51 - [TEST_STEP][PASSED] - delay(5): Delayed 5 second(s)

2021-12-22 17:35:56 - [MESSAGE][PASSED] - Delayed 5 second(s)]]></system-out>
         <system-err><![CDATA[]]></system-err>
      </testcase>
      <testcase name="Test Cases/Sprint 5/FCSCMS-193/FCSCMS-1147-S5 (Click the NO button from Cancel Confirmation modal)" time="16.011" classname="Test Cases/Sprint 5/FCSCMS-193/FCSCMS-1147-S5 (Click the NO button from Cancel Confirmation modal)" status="PASSED">
         <system-out><![CDATA[2021-12-22 17:35:56 - [TEST_CASE][PASSED] - Test Cases/Sprint 5/FCSCMS-193/FCSCMS-1147-S5 (Click the NO button from Cancel Confirmation modal): Test Cases/Sprint 5/FCSCMS-193/FCSCMS-1147-S5 (Click the NO button from Cancel Confirmation modal)

2021-12-22 17:35:56 - [TEST_STEP][PASSED] - click(findTestObject("Admin/Sprint 5/AddNewClient/button_Add New Client")): Object: 'Object Repository/Admin/Sprint 5/AddNewClient/button_Add New Client' is clicked on

2021-12-22 17:35:56 - [MESSAGE][PASSED] - Object: 'Object Repository/Admin/Sprint 5/AddNewClient/button_Add New Client' is clicked on

2021-12-22 17:35:56 - [TEST_STEP][PASSED] - delay(1): Delayed 1 second(s)

2021-12-22 17:35:58 - [MESSAGE][PASSED] - Delayed 1 second(s)

2021-12-22 17:35:58 - [TEST_STEP][PASSED] - setText(findTestObject("Admin/Sprint 5/Clients/EditClientXpathNew/input_Client Name_b10-Input_ClientName"), "Test Client Automation A"): Text 'Test Client Automation A' is set on object 'Object Repository/Admin/Sprint 5/Clients/EditClientXpathNew/input_Client Name_b10-Input_ClientName'

2021-12-22 17:35:59 - [MESSAGE][PASSED] - Text 'Test Client Automation A' is set on object 'Object Repository/Admin/Sprint 5/Clients/EditClientXpathNew/input_Client Name_b10-Input_ClientName'

2021-12-22 17:35:59 - [TEST_STEP][PASSED] - delay(1): Delayed 1 second(s)

2021-12-22 17:36:00 - [MESSAGE][PASSED] - Delayed 1 second(s)

2021-12-22 17:36:00 - [TEST_STEP][PASSED] - selectOptionByLabel(findTestObject("Admin/Sprint 5/Clients/EditClientXpathNew/StatusDropdownNew"), "Active", false): All options with label 'Active' are selected in object 'Object Repository/Admin/Sprint 5/Clients/EditClientXpathNew/StatusDropdownNew' 

2021-12-22 17:36:00 - [MESSAGE][PASSED] - All options with label 'Active' are selected in object 'Object Repository/Admin/Sprint 5/Clients/EditClientXpathNew/StatusDropdownNew' 

2021-12-22 17:36:00 - [TEST_STEP][PASSED] - delay(1): Delayed 1 second(s)

2021-12-22 17:36:01 - [MESSAGE][PASSED] - Delayed 1 second(s)

2021-12-22 17:36:01 - [TEST_STEP][PASSED] - setText(findTestObject("Admin/Sprint 5/Clients/EditClientXpathNew/input_Business Details_b10-Input_BusinessDetails"), "AT BD A"): Text 'AT BD A' is set on object 'Object Repository/Admin/Sprint 5/Clients/EditClientXpathNew/input_Business Details_b10-Input_BusinessDetails'

2021-12-22 17:36:02 - [MESSAGE][PASSED] - Text 'AT BD A' is set on object 'Object Repository/Admin/Sprint 5/Clients/EditClientXpathNew/input_Business Details_b10-Input_BusinessDetails'

2021-12-22 17:36:02 - [TEST_STEP][PASSED] - delay(1): Delayed 1 second(s)

2021-12-22 17:36:03 - [MESSAGE][PASSED] - Delayed 1 second(s)

2021-12-22 17:36:03 - [TEST_STEP][PASSED] - setText(findTestObject("Admin/Sprint 5/Clients/EditClientXpathNew/input_IRS Number_b10-Input_IRSNumber"), "1222333"): Text '1222333' is set on object 'Object Repository/Admin/Sprint 5/Clients/EditClientXpathNew/input_IRS Number_b10-Input_IRSNumber'

2021-12-22 17:36:04 - [MESSAGE][PASSED] - Text '1222333' is set on object 'Object Repository/Admin/Sprint 5/Clients/EditClientXpathNew/input_IRS Number_b10-Input_IRSNumber'

2021-12-22 17:36:04 - [TEST_STEP][PASSED] - delay(1): Delayed 1 second(s)

2021-12-22 17:36:05 - [MESSAGE][PASSED] - Delayed 1 second(s)

2021-12-22 17:36:05 - [TEST_STEP][PASSED] - click(findTestObject("Admin/Sprint 5/AddNewClient/ButtonsNewXpath/button_Save")): Object: 'Object Repository/Admin/Sprint 5/AddNewClient/ButtonsNewXpath/button_Save' is clicked on

2021-12-22 17:36:05 - [MESSAGE][PASSED] - Object: 'Object Repository/Admin/Sprint 5/AddNewClient/ButtonsNewXpath/button_Save' is clicked on

2021-12-22 17:36:05 - [TEST_STEP][PASSED] - delay(2): Delayed 2 second(s)

2021-12-22 17:36:08 - [MESSAGE][PASSED] - Delayed 2 second(s)

2021-12-22 17:36:08 - [TEST_STEP][PASSED] - click(findTestObject("Admin/Sprint 5/AddNewClient/ButtonsNewXpath/button_No(Save)")): Object: 'Object Repository/Admin/Sprint 5/AddNewClient/ButtonsNewXpath/button_No(Save)' is clicked on

2021-12-22 17:36:08 - [MESSAGE][PASSED] - Object: 'Object Repository/Admin/Sprint 5/AddNewClient/ButtonsNewXpath/button_No(Save)' is clicked on

2021-12-22 17:36:08 - [TEST_STEP][PASSED] - delay(2): Delayed 2 second(s)

2021-12-22 17:36:10 - [MESSAGE][PASSED] - Delayed 2 second(s)

2021-12-22 17:36:10 - [TEST_STEP][PASSED] - verifyElementVisible(findTestObject("Admin/Sprint 5/AddNewClient/ClientDashboardNew")): Object 'Object Repository/Admin/Sprint 5/AddNewClient/ClientDashboardNew' is visible

2021-12-22 17:36:10 - [MESSAGE][PASSED] - Object 'Object Repository/Admin/Sprint 5/AddNewClient/ClientDashboardNew' is visible

2021-12-22 17:36:10 - [TEST_STEP][PASSED] - delay(1): Delayed 1 second(s)

2021-12-22 17:36:11 - [MESSAGE][PASSED] - Delayed 1 second(s)

2021-12-22 17:36:11 - [TEST_STEP][PASSED] - click(findTestObject("Admin/Sprint 5/AddNewClient/span_Back")): Object: 'Object Repository/Admin/Sprint 5/AddNewClient/span_Back' is clicked on

2021-12-22 17:36:12 - [MESSAGE][PASSED] - Object: 'Object Repository/Admin/Sprint 5/AddNewClient/span_Back' is clicked on]]></system-out>
         <system-err><![CDATA[]]></system-err>
      </testcase>
      <testcase name="Test Cases/Sprint 5/FCSCMS-193/FCSCMS-1148-S5 (The user can click the Sites tab)" time="12.021" classname="Test Cases/Sprint 5/FCSCMS-193/FCSCMS-1148-S5 (The user can click the Sites tab)" status="PASSED">
         <system-out><![CDATA[2021-12-22 17:36:12 - [TEST_CASE][PASSED] - Test Cases/Sprint 5/FCSCMS-193/FCSCMS-1148-S5 (The user can click the Sites tab): Test Cases/Sprint 5/FCSCMS-193/FCSCMS-1148-S5 (The user can click the Sites tab)

2021-12-22 17:36:12 - [TEST_STEP][PASSED] - click(findTestObject("Admin/Sprint 5/AddNewClient/button_Add New Client")): Object: 'Object Repository/Admin/Sprint 5/AddNewClient/button_Add New Client' is clicked on

2021-12-22 17:36:13 - [MESSAGE][PASSED] - Object: 'Object Repository/Admin/Sprint 5/AddNewClient/button_Add New Client' is clicked on

2021-12-22 17:36:13 - [TEST_STEP][PASSED] - delay(1): Delayed 1 second(s)

2021-12-22 17:36:14 - [MESSAGE][PASSED] - Delayed 1 second(s)

2021-12-22 17:36:14 - [TEST_STEP][PASSED] - setText(findTestObject("Admin/Sprint 5/Clients/EditClientXpathNew/input_Client Name_b10-Input_ClientName"), "Test Client Automation A"): Text 'Test Client Automation A' is set on object 'Object Repository/Admin/Sprint 5/Clients/EditClientXpathNew/input_Client Name_b10-Input_ClientName'

2021-12-22 17:36:15 - [MESSAGE][PASSED] - Text 'Test Client Automation A' is set on object 'Object Repository/Admin/Sprint 5/Clients/EditClientXpathNew/input_Client Name_b10-Input_ClientName'

2021-12-22 17:36:15 - [TEST_STEP][PASSED] - delay(1): Delayed 1 second(s)

2021-12-22 17:36:16 - [MESSAGE][PASSED] - Delayed 1 second(s)

2021-12-22 17:36:16 - [TEST_STEP][PASSED] - selectOptionByLabel(findTestObject("Admin/Sprint 5/Clients/EditClientXpathNew/StatusDropdownNew"), "Active", false): All options with label 'Active' are selected in object 'Object Repository/Admin/Sprint 5/Clients/EditClientXpathNew/StatusDropdownNew' 

2021-12-22 17:36:17 - [MESSAGE][PASSED] - All options with label 'Active' are selected in object 'Object Repository/Admin/Sprint 5/Clients/EditClientXpathNew/StatusDropdownNew' 

2021-12-22 17:36:17 - [TEST_STEP][PASSED] - delay(1): Delayed 1 second(s)

2021-12-22 17:36:18 - [MESSAGE][PASSED] - Delayed 1 second(s)

2021-12-22 17:36:18 - [TEST_STEP][PASSED] - click(findTestObject("Admin/Sprint 5/AddNewClient/ButtonsNewXpath/button_Save")): Object: 'Object Repository/Admin/Sprint 5/AddNewClient/ButtonsNewXpath/button_Save' is clicked on

2021-12-22 17:36:18 - [MESSAGE][PASSED] - Object: 'Object Repository/Admin/Sprint 5/AddNewClient/ButtonsNewXpath/button_Save' is clicked on

2021-12-22 17:36:18 - [TEST_STEP][PASSED] - delay(1): Delayed 1 second(s)

2021-12-22 17:36:19 - [MESSAGE][PASSED] - Delayed 1 second(s)

2021-12-22 17:36:19 - [TEST_STEP][PASSED] - click(findTestObject("Admin/Sprint 5/AddNewClient/ButtonsNewXpath/button_Yes(Save)")): Object: 'Object Repository/Admin/Sprint 5/AddNewClient/ButtonsNewXpath/button_Yes(Save)' is clicked on

2021-12-22 17:36:20 - [MESSAGE][PASSED] - Object: 'Object Repository/Admin/Sprint 5/AddNewClient/ButtonsNewXpath/button_Yes(Save)' is clicked on

2021-12-22 17:36:20 - [TEST_STEP][PASSED] - delay(1): Delayed 1 second(s)

2021-12-22 17:36:21 - [MESSAGE][PASSED] - Delayed 1 second(s)

2021-12-22 17:36:21 - [TEST_STEP][PASSED] - click(findTestObject("Admin/Sprint 5/Clients/Sites/div_Sites")): Object: 'Object Repository/Admin/Sprint 5/Clients/Sites/div_Sites' is clicked on

2021-12-22 17:36:22 - [MESSAGE][PASSED] - Object: 'Object Repository/Admin/Sprint 5/Clients/Sites/div_Sites' is clicked on

2021-12-22 17:36:22 - [TEST_STEP][PASSED] - delay(2): Delayed 2 second(s)

2021-12-22 17:36:24 - [MESSAGE][PASSED] - Delayed 2 second(s)]]></system-out>
         <system-err><![CDATA[]]></system-err>
      </testcase>
      <testcase name="Test Cases/Sprint 5/FCSCMS-193/FCSCMS-1149-S5 (The user can add a new site)" time="12.585" classname="Test Cases/Sprint 5/FCSCMS-193/FCSCMS-1149-S5 (The user can add a new site)" status="PASSED">
         <system-out><![CDATA[2021-12-22 17:36:24 - [TEST_CASE][PASSED] - Test Cases/Sprint 5/FCSCMS-193/FCSCMS-1149-S5 (The user can add a new site): Test Cases/Sprint 5/FCSCMS-193/FCSCMS-1149-S5 (The user can add a new site)

2021-12-22 17:36:24 - [TEST_STEP][PASSED] - click(findTestObject("Admin/Sprint 5/Clients/Sites/button_Add New Site")): Object: 'Object Repository/Admin/Sprint 5/Clients/Sites/button_Add New Site' is clicked on

2021-12-22 17:36:25 - [MESSAGE][PASSED] - Object: 'Object Repository/Admin/Sprint 5/Clients/Sites/button_Add New Site' is clicked on

2021-12-22 17:36:25 - [TEST_STEP][PASSED] - delay(1): Delayed 1 second(s)

2021-12-22 17:36:26 - [MESSAGE][PASSED] - Delayed 1 second(s)

2021-12-22 17:36:26 - [TEST_STEP][PASSED] - setText(findTestObject("Admin/Sprint 5/Clients/Sites/SiteCode"), "Test SiteCode AT"): Text 'Test SiteCode AT' is set on object 'Object Repository/Admin/Sprint 5/Clients/Sites/SiteCode'

2021-12-22 17:36:27 - [MESSAGE][PASSED] - Text 'Test SiteCode AT' is set on object 'Object Repository/Admin/Sprint 5/Clients/Sites/SiteCode'

2021-12-22 17:36:27 - [TEST_STEP][PASSED] - delay(1): Delayed 1 second(s)

2021-12-22 17:36:28 - [MESSAGE][PASSED] - Delayed 1 second(s)

2021-12-22 17:36:28 - [TEST_STEP][PASSED] - setText(findTestObject("Admin/Sprint 5/Clients/Sites/SiteName"), "SiteAutomationTest"): Text 'SiteAutomationTest' is set on object 'Object Repository/Admin/Sprint 5/Clients/Sites/SiteName'

2021-12-22 17:36:28 - [MESSAGE][PASSED] - Text 'SiteAutomationTest' is set on object 'Object Repository/Admin/Sprint 5/Clients/Sites/SiteName'

2021-12-22 17:36:28 - [TEST_STEP][PASSED] - delay(1): Delayed 1 second(s)

2021-12-22 17:36:29 - [MESSAGE][PASSED] - Delayed 1 second(s)

2021-12-22 17:36:29 - [TEST_STEP][PASSED] - setText(findTestObject("Admin/Sprint 5/Clients/Sites/Description"), "Test Automation for Site Category"): Text 'Test Automation for Site Category' is set on object 'Object Repository/Admin/Sprint 5/Clients/Sites/Description'

2021-12-22 17:36:30 - [MESSAGE][PASSED] - Text 'Test Automation for Site Category' is set on object 'Object Repository/Admin/Sprint 5/Clients/Sites/Description'

2021-12-22 17:36:30 - [TEST_STEP][PASSED] - delay(1): Delayed 1 second(s)

2021-12-22 17:36:31 - [MESSAGE][PASSED] - Delayed 1 second(s)

2021-12-22 17:36:31 - [TEST_STEP][PASSED] - click(findTestObject("Admin/Sprint 5/Clients/Sites/AccountManager")): Object: 'Object Repository/Admin/Sprint 5/Clients/Sites/AccountManager' is clicked on

2021-12-22 17:36:32 - [MESSAGE][PASSED] - Object: 'Object Repository/Admin/Sprint 5/Clients/Sites/AccountManager' is clicked on

2021-12-22 17:36:32 - [TEST_STEP][PASSED] - delay(1): Delayed 1 second(s)

2021-12-22 17:36:33 - [MESSAGE][PASSED] - Delayed 1 second(s)

2021-12-22 17:36:33 - [TEST_STEP][PASSED] - click(findTestObject("Admin/Sprint 5/Clients/Sites/div_AutomationTest")): Object: 'Object Repository/Admin/Sprint 5/Clients/Sites/div_AutomationTest' is clicked on

2021-12-22 17:36:33 - [MESSAGE][PASSED] - Object: 'Object Repository/Admin/Sprint 5/Clients/Sites/div_AutomationTest' is clicked on

2021-12-22 17:36:33 - [TEST_STEP][PASSED] - delay(1): Delayed 1 second(s)

2021-12-22 17:36:34 - [MESSAGE][PASSED] - Delayed 1 second(s)

2021-12-22 17:36:34 - [TEST_STEP][PASSED] - selectOptionByLabel(findTestObject("Admin/Sprint 5/Clients/Sites/select_SelectUSDEURCAD"), "USD", false): All options with label 'USD' are selected in object 'Object Repository/Admin/Sprint 5/Clients/Sites/select_SelectUSDEURCAD' 

2021-12-22 17:36:35 - [MESSAGE][PASSED] - All options with label 'USD' are selected in object 'Object Repository/Admin/Sprint 5/Clients/Sites/select_SelectUSDEURCAD' 

2021-12-22 17:36:35 - [TEST_STEP][PASSED] - delay(1): Delayed 1 second(s)

2021-12-22 17:36:36 - [MESSAGE][PASSED] - Delayed 1 second(s)

2021-12-22 17:36:36 - [TEST_STEP][PASSED] - click(findTestObject("Admin/Sprint 5/Clients/Sites/button_Add Address(Site)")): Object: 'Object Repository/Admin/Sprint 5/Clients/Sites/button_Add Address(Site)' is clicked on

2021-12-22 17:36:36 - [MESSAGE][PASSED] - Object: 'Object Repository/Admin/Sprint 5/Clients/Sites/button_Add Address(Site)' is clicked on]]></system-out>
         <system-err><![CDATA[]]></system-err>
      </testcase>
      <system-out><![CDATA[2021-12-22 17:34:20 - [TEST_SUITE][PASSED] - FCSCMS-193 (Organizations - Client Profile - Add New Client): Test Cases/Sprint 5/FCSCMS-193/FCSCMS-1149-S5 (The user can add a new site)]]></system-out>
      <system-err><![CDATA[]]></system-err>
   </testsuite>
</testsuites>
