<?xml version="1.0" encoding="UTF-8"?>
<testsuites name="FCSCMS-193 (Organizations - Client Profile - Add New Client)" time="94.831" tests="10" failures="0" errors="0">
   <testsuite name="FCSCMS-193 (Organizations - Client Profile - Add New Client)" tests="10" failures="0" errors="0" time="94.831" timestamp="2021-12-21 20:55:55" hostname="me - DESKTOP-S7SF50D" id="Test Suites/Sprint 5/FCSCMS-193 (Organizations - Client Profile - Add New Client)">
      <properties>
         <property name="deviceName" value=""/>
         <property name="devicePlatform" value=""/>
         <property name="logFolder" value="C:\\Users\\me\\git\\nexterous-automation\\Reports\\20211221_205542\\Sprint 5\\FCSCMS-193 (Organizations - Client Profile - Add New Client)\\20211221_205542"/>
         <property name="logFiles" value="C:\\Users\\me\\git\\nexterous-automation\\Reports\\20211221_205542\\Sprint 5\\FCSCMS-193 (Organizations - Client Profile - Add New Client)\\20211221_205542\\execution0.log"/>
         <property name="attachments" value=""/>
         <property name="hostName" value="me - DESKTOP-S7SF50D"/>
         <property name="os" value="Windows 10 64bit"/>
         <property name="katalonVersion" value="7.7.0.205"/>
         <property name="browser" value="Chrome 96.0.4664.110"/>
         <property name="hostAddress" value="192.168.100.7"/>
         <property name="sessionId" value="47380d60c84080da3f1f6676e8180936"/>
         <property name="seleniumVersion" value="3.141.59"/>
         <property name="proxyInformation" value="ProxyInformation { proxyOption=NO_PROXY, proxyServerType=HTTP, username=, password=********, proxyServerAddress=, proxyServerPort=0, executionList=&quot;&quot;, isApplyToDesiredCapabilities=true }"/>
         <property name="platform" value="Windows 10"/>
      </properties>
      <testcase name="Test Cases/Sprint 5/FCSCMS-193/FCSCMS-1137" time="16.959" classname="Test Cases/Sprint 5/FCSCMS-193/FCSCMS-1137" status="PASSED">
         <system-out><![CDATA[2021-12-21 20:55:55 - [TEST_CASE][PASSED] - Test Cases/Sprint 5/FCSCMS-193/FCSCMS-1137: Test Cases/Sprint 5/FCSCMS-193/FCSCMS-1137

2021-12-21 20:55:56 - [TEST_STEP][PASSED] - openBrowser(""): Browser is opened with url: ''

2021-12-21 20:55:57 - [MESSAGE][INFO] - Starting 'Chrome' driver

2021-12-21 20:55:57 - [MESSAGE][INFO] - Action delay is set to 0 milliseconds

2021-12-21 20:56:01 - [MESSAGE][PASSED] - Browser is opened with url: ''

2021-12-21 20:56:01 - [TEST_STEP][PASSED] - navigateToUrl("https://nexterus-tst.outsystemsenterprise.com/FusionCenter/Login"): Navigate to 'https://nexterus-tst.outsystemsenterprise.com/FusionCenter/Login' successfully

2021-12-21 20:56:05 - [MESSAGE][PASSED] - Navigate to 'https://nexterus-tst.outsystemsenterprise.com/FusionCenter/Login' successfully

2021-12-21 20:56:05 - [TEST_STEP][PASSED] - maximizeWindow(): Current window maximized

2021-12-21 20:56:05 - [MESSAGE][PASSED] - Current window maximized

2021-12-21 20:56:05 - [TEST_STEP][PASSED] - delay(3): Delayed 3 second(s)

2021-12-21 20:56:08 - [MESSAGE][PASSED] - Delayed 3 second(s)

2021-12-21 20:56:08 - [TEST_STEP][PASSED] - setText(findTestObject("Login/Username_Field"), "admin"): Text 'admin' is set on object 'Object Repository/Login/Username_Field'

2021-12-21 20:56:09 - [MESSAGE][PASSED] - Text 'admin' is set on object 'Object Repository/Login/Username_Field'

2021-12-21 20:56:09 - [TEST_STEP][PASSED] - delay(1): Delayed 1 second(s)

2021-12-21 20:56:10 - [MESSAGE][PASSED] - Delayed 1 second(s)

2021-12-21 20:56:10 - [TEST_STEP][PASSED] - setText(findTestObject("Login/Password_Field"), "admin"): Text 'admin' is set on object 'Object Repository/Login/Password_Field'

2021-12-21 20:56:11 - [MESSAGE][PASSED] - Text 'admin' is set on object 'Object Repository/Login/Password_Field'

2021-12-21 20:56:11 - [TEST_STEP][PASSED] - delay(1): Delayed 1 second(s)

2021-12-21 20:56:12 - [MESSAGE][PASSED] - Delayed 1 second(s)

2021-12-21 20:56:12 - [TEST_STEP][PASSED] - click(findTestObject("Login/BTN_Login")): Object: 'Object Repository/Login/BTN_Login' is clicked on

2021-12-21 20:56:12 - [MESSAGE][PASSED] - Object: 'Object Repository/Login/BTN_Login' is clicked on]]></system-out>
         <system-err><![CDATA[]]></system-err>
      </testcase>
      <testcase name="Test Cases/Sprint 5/FCSCMS-193/FCSCMS-1138" time="9.163" classname="Test Cases/Sprint 5/FCSCMS-193/FCSCMS-1138" status="PASSED">
         <system-out><![CDATA[2021-12-21 20:56:12 - [TEST_CASE][PASSED] - Test Cases/Sprint 5/FCSCMS-193/FCSCMS-1138: Test Cases/Sprint 5/FCSCMS-193/FCSCMS-1138

2021-12-21 20:56:13 - [TEST_STEP][PASSED] - delay(2): Delayed 2 second(s)

2021-12-21 20:56:15 - [MESSAGE][PASSED] - Delayed 2 second(s)

2021-12-21 20:56:15 - [TEST_STEP][PASSED] - click(findTestObject("Admin/Sprint 5/a_Clients")): Object: 'Object Repository/Admin/Sprint 5/a_Clients' is clicked on

2021-12-21 20:56:18 - [MESSAGE][PASSED] - Object: 'Object Repository/Admin/Sprint 5/a_Clients' is clicked on

2021-12-21 20:56:18 - [TEST_STEP][PASSED] - delay(2): Delayed 2 second(s)

2021-12-21 20:56:20 - [MESSAGE][PASSED] - Delayed 2 second(s)

2021-12-21 20:56:20 - [TEST_STEP][PASSED] - verifyElementVisible(findTestObject("Admin/Sprint 5/Clients/SearchBar_Clients")): Object 'Object Repository/Admin/Sprint 5/Clients/SearchBar_Clients' is visible

2021-12-21 20:56:20 - [MESSAGE][PASSED] - Object 'Object Repository/Admin/Sprint 5/Clients/SearchBar_Clients' is visible

2021-12-21 20:56:20 - [TEST_STEP][PASSED] - delay(1): Delayed 1 second(s)

2021-12-21 20:56:21 - [MESSAGE][PASSED] - Delayed 1 second(s)]]></system-out>
         <system-err><![CDATA[]]></system-err>
      </testcase>
      <testcase name="Test Cases/Sprint 5/FCSCMS-193/FCSCMS-1139" time="10.745" classname="Test Cases/Sprint 5/FCSCMS-193/FCSCMS-1139" status="PASSED">
         <system-out><![CDATA[2021-12-21 20:56:21 - [TEST_CASE][PASSED] - Test Cases/Sprint 5/FCSCMS-193/FCSCMS-1139: Test Cases/Sprint 5/FCSCMS-193/FCSCMS-1139

2021-12-21 20:56:22 - [TEST_STEP][PASSED] - click(findTestObject("Admin/Sprint 5/AddNewClient/button_Add New Client")): Object: 'Object Repository/Admin/Sprint 5/AddNewClient/button_Add New Client' is clicked on

2021-12-21 20:56:22 - [MESSAGE][PASSED] - Object: 'Object Repository/Admin/Sprint 5/AddNewClient/button_Add New Client' is clicked on

2021-12-21 20:56:22 - [TEST_STEP][PASSED] - delay(2): Delayed 2 second(s)

2021-12-21 20:56:24 - [MESSAGE][PASSED] - Delayed 2 second(s)

2021-12-21 20:56:24 - [TEST_STEP][PASSED] - setText(findTestObject("Admin/Sprint 5/AddNewClient/Element Verification/input_Client Name_b10-Input_ClientName"), "AT Test Client"): Text 'AT Test Client' is set on object 'Object Repository/Admin/Sprint 5/AddNewClient/Element Verification/input_Client Name_b10-Input_ClientName'

2021-12-21 20:56:26 - [MESSAGE][PASSED] - Text 'AT Test Client' is set on object 'Object Repository/Admin/Sprint 5/AddNewClient/Element Verification/input_Client Name_b10-Input_ClientName'

2021-12-21 20:56:26 - [TEST_STEP][PASSED] - delay(2): Delayed 2 second(s)

2021-12-21 20:56:28 - [MESSAGE][PASSED] - Delayed 2 second(s)

2021-12-21 20:56:28 - [TEST_STEP][PASSED] - click(findTestObject("Admin/Sprint 5/AddNewClient/ButtonsNewXpath/button_Save")): Object: 'Object Repository/Admin/Sprint 5/AddNewClient/ButtonsNewXpath/button_Save' is clicked on

2021-12-21 20:56:29 - [MESSAGE][PASSED] - Object: 'Object Repository/Admin/Sprint 5/AddNewClient/ButtonsNewXpath/button_Save' is clicked on

2021-12-21 20:56:29 - [TEST_STEP][PASSED] - delay(1): Delayed 1 second(s)

2021-12-21 20:56:30 - [MESSAGE][PASSED] - Delayed 1 second(s)

2021-12-21 20:56:30 - [TEST_STEP][PASSED] - click(findTestObject("Admin/Sprint 5/AddNewClient/ButtonsNewXpath/button_Yes(Save)")): Object: 'Object Repository/Admin/Sprint 5/AddNewClient/ButtonsNewXpath/button_Yes(Save)' is clicked on

2021-12-21 20:56:30 - [MESSAGE][PASSED] - Object: 'Object Repository/Admin/Sprint 5/AddNewClient/ButtonsNewXpath/button_Yes(Save)' is clicked on

2021-12-21 20:56:30 - [TEST_STEP][PASSED] - delay(2): Delayed 2 second(s)

2021-12-21 20:56:32 - [MESSAGE][PASSED] - Delayed 2 second(s)]]></system-out>
         <system-err><![CDATA[]]></system-err>
      </testcase>
      <testcase name="Test Cases/Sprint 5/FCSCMS-193/FCSCMS-1140" time="2.633" classname="Test Cases/Sprint 5/FCSCMS-193/FCSCMS-1140" status="PASSED">
         <system-out><![CDATA[2021-12-21 20:56:32 - [TEST_CASE][PASSED] - Test Cases/Sprint 5/FCSCMS-193/FCSCMS-1140: Test Cases/Sprint 5/FCSCMS-193/FCSCMS-1140

2021-12-21 20:56:32 - [TEST_STEP][PASSED] - verifyElementText(findTestObject("Admin/Sprint 5/AddNewClient/Element Verification/New Client Verification"), "AT Test Client"): Actual text and expected text of test object 'Object Repository/Admin/Sprint 5/AddNewClient/Element Verification/New Client Verification' are matched.

2021-12-21 20:56:33 - [MESSAGE][PASSED] - Actual text and expected text of test object 'Object Repository/Admin/Sprint 5/AddNewClient/Element Verification/New Client Verification' are matched.

2021-12-21 20:56:33 - [TEST_STEP][PASSED] - delay(2): Delayed 2 second(s)

2021-12-21 20:56:35 - [MESSAGE][PASSED] - Delayed 2 second(s)]]></system-out>
         <system-err><![CDATA[]]></system-err>
      </testcase>
      <testcase name="Test Cases/Sprint 5/FCSCMS-193/FCSCMS-1141" time="22.868" classname="Test Cases/Sprint 5/FCSCMS-193/FCSCMS-1141" status="PASSED">
         <system-out><![CDATA[2021-12-21 20:56:35 - [TEST_CASE][PASSED] - Test Cases/Sprint 5/FCSCMS-193/FCSCMS-1141: Test Cases/Sprint 5/FCSCMS-193/FCSCMS-1141

2021-12-21 20:56:35 - [TEST_STEP][PASSED] - selectOptionByLabel(findTestObject("Admin/Sprint 5/AddNewClient/Element Verification/select_SelectActiveInactive"), "Active", false): All options with label 'Active' are selected in object 'Object Repository/Admin/Sprint 5/AddNewClient/Element Verification/select_SelectActiveInactive' 

2021-12-21 20:56:36 - [MESSAGE][PASSED] - All options with label 'Active' are selected in object 'Object Repository/Admin/Sprint 5/AddNewClient/Element Verification/select_SelectActiveInactive' 

2021-12-21 20:56:36 - [TEST_STEP][PASSED] - delay(2): Delayed 2 second(s)

2021-12-21 20:56:38 - [MESSAGE][PASSED] - Delayed 2 second(s)

2021-12-21 20:56:38 - [TEST_STEP][PASSED] - setText(findTestObject("Admin/Sprint 5/AddNewClient/Element Verification/input_Business Details_b10-Input_BusinessDetails"), "Test BDAT"): Text 'Test BDAT' is set on object 'Object Repository/Admin/Sprint 5/AddNewClient/Element Verification/input_Business Details_b10-Input_BusinessDetails'

2021-12-21 20:56:39 - [MESSAGE][PASSED] - Text 'Test BDAT' is set on object 'Object Repository/Admin/Sprint 5/AddNewClient/Element Verification/input_Business Details_b10-Input_BusinessDetails'

2021-12-21 20:56:39 - [TEST_STEP][PASSED] - delay(2): Delayed 2 second(s)

2021-12-21 20:56:41 - [MESSAGE][PASSED] - Delayed 2 second(s)

2021-12-21 20:56:41 - [TEST_STEP][PASSED] - setText(findTestObject("Admin/Sprint 5/AddNewClient/Element Verification/input_IRS Number_b10-Input_IRSNumber"), "112233"): Text '112233' is set on object 'Object Repository/Admin/Sprint 5/AddNewClient/Element Verification/input_IRS Number_b10-Input_IRSNumber'

2021-12-21 20:56:41 - [MESSAGE][PASSED] - Text '112233' is set on object 'Object Repository/Admin/Sprint 5/AddNewClient/Element Verification/input_IRS Number_b10-Input_IRSNumber'

2021-12-21 20:56:41 - [TEST_STEP][PASSED] - delay(2): Delayed 2 second(s)

2021-12-21 20:56:43 - [MESSAGE][PASSED] - Delayed 2 second(s)

2021-12-21 20:56:43 - [TEST_STEP][PASSED] - click(findTestObject("Admin/Sprint 5/AddNewClient/Element Verification/SalesRep_Dropdown")): Object: 'Object Repository/Admin/Sprint 5/AddNewClient/Element Verification/SalesRep_Dropdown' is clicked on

2021-12-21 20:56:44 - [MESSAGE][PASSED] - Object: 'Object Repository/Admin/Sprint 5/AddNewClient/Element Verification/SalesRep_Dropdown' is clicked on

2021-12-21 20:56:44 - [TEST_STEP][PASSED] - delay(1): Delayed 1 second(s)

2021-12-21 20:56:45 - [MESSAGE][PASSED] - Delayed 1 second(s)

2021-12-21 20:56:45 - [TEST_STEP][PASSED] - click(findTestObject("Admin/Sprint 5/AddNewClient/Element Verification/div_3_SalesRep")): Object: 'Object Repository/Admin/Sprint 5/AddNewClient/Element Verification/div_3_SalesRep' is clicked on

2021-12-21 20:56:45 - [MESSAGE][PASSED] - Object: 'Object Repository/Admin/Sprint 5/AddNewClient/Element Verification/div_3_SalesRep' is clicked on

2021-12-21 20:56:45 - [TEST_STEP][PASSED] - delay(1): Delayed 1 second(s)

2021-12-21 20:56:46 - [MESSAGE][PASSED] - Delayed 1 second(s)

2021-12-21 20:56:46 - [TEST_STEP][PASSED] - click(findTestObject("Admin/Sprint 5/AddNewClient/Element Verification/AccountManager_Dropdown")): Object: 'Object Repository/Admin/Sprint 5/AddNewClient/Element Verification/AccountManager_Dropdown' is clicked on

2021-12-21 20:56:47 - [MESSAGE][PASSED] - Object: 'Object Repository/Admin/Sprint 5/AddNewClient/Element Verification/AccountManager_Dropdown' is clicked on

2021-12-21 20:56:47 - [TEST_STEP][PASSED] - delay(1): Delayed 1 second(s)

2021-12-21 20:56:48 - [MESSAGE][PASSED] - Delayed 1 second(s)

2021-12-21 20:56:48 - [TEST_STEP][PASSED] - click(findTestObject("Admin/Sprint 5/AddNewClient/Element Verification/div_3_AccountManager")): Object: 'Object Repository/Admin/Sprint 5/AddNewClient/Element Verification/div_3_AccountManager' is clicked on

2021-12-21 20:56:48 - [MESSAGE][PASSED] - Object: 'Object Repository/Admin/Sprint 5/AddNewClient/Element Verification/div_3_AccountManager' is clicked on

2021-12-21 20:56:48 - [TEST_STEP][PASSED] - delay(2): Delayed 2 second(s)

2021-12-21 20:56:50 - [MESSAGE][PASSED] - Delayed 2 second(s)

2021-12-21 20:56:50 - [TEST_STEP][PASSED] - setText(findTestObject("Admin/Sprint 5/AddNewClient/Element Verification/input_Termination Date_b10-Input_TerminationDate"), "08/15/2022"): Text '08/15/2022' is set on object 'Object Repository/Admin/Sprint 5/AddNewClient/Element Verification/input_Termination Date_b10-Input_TerminationDate'

2021-12-21 20:56:51 - [MESSAGE][PASSED] - Text '08/15/2022' is set on object 'Object Repository/Admin/Sprint 5/AddNewClient/Element Verification/input_Termination Date_b10-Input_TerminationDate'

2021-12-21 20:56:51 - [TEST_STEP][PASSED] - delay(1): Delayed 1 second(s)

2021-12-21 20:56:52 - [MESSAGE][PASSED] - Delayed 1 second(s)

2021-12-21 20:56:52 - [TEST_STEP][PASSED] - click(findTestObject("Admin/Sprint 5/AddNewClient/Element Verification/Client")): Object: 'Object Repository/Admin/Sprint 5/AddNewClient/Element Verification/Client' is clicked on

2021-12-21 20:56:52 - [MESSAGE][PASSED] - Object: 'Object Repository/Admin/Sprint 5/AddNewClient/Element Verification/Client' is clicked on

2021-12-21 20:56:52 - [TEST_STEP][PASSED] - delay(2): Delayed 2 second(s)

2021-12-21 20:56:54 - [MESSAGE][PASSED] - Delayed 2 second(s)

2021-12-21 20:56:54 - [TEST_STEP][PASSED] - click(findTestObject("Admin/Sprint 5/AddNewClient/Element Verification/Carrier")): Object: 'Object Repository/Admin/Sprint 5/AddNewClient/Element Verification/Carrier' is clicked on

2021-12-21 20:56:55 - [MESSAGE][PASSED] - Object: 'Object Repository/Admin/Sprint 5/AddNewClient/Element Verification/Carrier' is clicked on

2021-12-21 20:56:55 - [TEST_STEP][PASSED] - setText(findTestObject("Admin/Sprint 5/AddNewClient/Element Verification/Aliases Name"), "AT Alias"): Text 'AT Alias' is set on object 'Object Repository/Admin/Sprint 5/AddNewClient/Element Verification/Aliases Name'

2021-12-21 20:56:56 - [MESSAGE][PASSED] - Text 'AT Alias' is set on object 'Object Repository/Admin/Sprint 5/AddNewClient/Element Verification/Aliases Name'

2021-12-21 20:56:56 - [TEST_STEP][PASSED] - delay(2): Delayed 2 second(s)

2021-12-21 20:56:58 - [MESSAGE][PASSED] - Delayed 2 second(s)]]></system-out>
         <system-err><![CDATA[]]></system-err>
      </testcase>
      <testcase name="Test Cases/Sprint 5/FCSCMS-193/FCSCMS-1142" time="4.563" classname="Test Cases/Sprint 5/FCSCMS-193/FCSCMS-1142" status="PASSED">
         <system-out><![CDATA[2021-12-21 20:56:58 - [TEST_CASE][PASSED] - Test Cases/Sprint 5/FCSCMS-193/FCSCMS-1142: Test Cases/Sprint 5/FCSCMS-193/FCSCMS-1142

2021-12-21 20:56:58 - [TEST_STEP][PASSED] - click(findTestObject("Admin/Sprint 5/AddNewClient/ButtonsNewXpath/button_Save")): Object: 'Object Repository/Admin/Sprint 5/AddNewClient/ButtonsNewXpath/button_Save' is clicked on

2021-12-21 20:56:58 - [MESSAGE][PASSED] - Object: 'Object Repository/Admin/Sprint 5/AddNewClient/ButtonsNewXpath/button_Save' is clicked on

2021-12-21 20:56:58 - [TEST_STEP][PASSED] - verifyElementVisible(findTestObject("Admin/Sprint 5/AddNewClient/ButtonsNewXpath/button_No(Save)")): Object 'Object Repository/Admin/Sprint 5/AddNewClient/ButtonsNewXpath/button_No(Save)' is visible

2021-12-21 20:56:59 - [MESSAGE][PASSED] - Object 'Object Repository/Admin/Sprint 5/AddNewClient/ButtonsNewXpath/button_No(Save)' is visible

2021-12-21 20:56:59 - [TEST_STEP][PASSED] - verifyElementVisible(findTestObject("Admin/Sprint 5/AddNewClient/ButtonsNewXpath/button_Yes(Save)")): Object 'Object Repository/Admin/Sprint 5/AddNewClient/ButtonsNewXpath/button_Yes(Save)' is visible

2021-12-21 20:56:59 - [MESSAGE][PASSED] - Object 'Object Repository/Admin/Sprint 5/AddNewClient/ButtonsNewXpath/button_Yes(Save)' is visible

2021-12-21 20:56:59 - [TEST_STEP][PASSED] - delay(3): Delayed 3 second(s)

2021-12-21 20:57:02 - [MESSAGE][PASSED] - Delayed 3 second(s)]]></system-out>
         <system-err><![CDATA[]]></system-err>
      </testcase>
      <testcase name="Test Cases/Sprint 5/FCSCMS-193/FCSCMS-1143" time="2.81" classname="Test Cases/Sprint 5/FCSCMS-193/FCSCMS-1143" status="PASSED">
         <system-out><![CDATA[2021-12-21 20:57:02 - [TEST_CASE][PASSED] - Test Cases/Sprint 5/FCSCMS-193/FCSCMS-1143: Test Cases/Sprint 5/FCSCMS-193/FCSCMS-1143

2021-12-21 20:57:03 - [TEST_STEP][PASSED] - click(findTestObject("Admin/Sprint 5/AddNewClient/ButtonsNewXpath/button_Yes(Save)")): Object: 'Object Repository/Admin/Sprint 5/AddNewClient/ButtonsNewXpath/button_Yes(Save)' is clicked on

2021-12-21 20:57:03 - [MESSAGE][PASSED] - Object: 'Object Repository/Admin/Sprint 5/AddNewClient/ButtonsNewXpath/button_Yes(Save)' is clicked on

2021-12-21 20:57:03 - [TEST_STEP][PASSED] - delay(2): Delayed 2 second(s)

2021-12-21 20:57:05 - [MESSAGE][PASSED] - Delayed 2 second(s)]]></system-out>
         <system-err><![CDATA[]]></system-err>
      </testcase>
      <testcase name="Test Cases/Sprint 5/FCSCMS-193/FCSCMS-1144" time="10.506" classname="Test Cases/Sprint 5/FCSCMS-193/FCSCMS-1144" status="PASSED">
         <system-out><![CDATA[2021-12-21 20:57:05 - [TEST_CASE][PASSED] - Test Cases/Sprint 5/FCSCMS-193/FCSCMS-1144: Test Cases/Sprint 5/FCSCMS-193/FCSCMS-1144

2021-12-21 20:57:05 - [TEST_STEP][PASSED] - click(findTestObject("Admin/Sprint 5/AddNewClient/span_Back")): Object: 'Object Repository/Admin/Sprint 5/AddNewClient/span_Back' is clicked on

2021-12-21 20:57:06 - [MESSAGE][PASSED] - Object: 'Object Repository/Admin/Sprint 5/AddNewClient/span_Back' is clicked on

2021-12-21 20:57:06 - [TEST_STEP][PASSED] - delay(2): Delayed 2 second(s)

2021-12-21 20:57:08 - [MESSAGE][PASSED] - Delayed 2 second(s)

2021-12-21 20:57:08 - [TEST_STEP][PASSED] - click(findTestObject("Admin/Sprint 5/AddNewClient/button_Add New Client")): Object: 'Object Repository/Admin/Sprint 5/AddNewClient/button_Add New Client' is clicked on

2021-12-21 20:57:09 - [MESSAGE][PASSED] - Object: 'Object Repository/Admin/Sprint 5/AddNewClient/button_Add New Client' is clicked on

2021-12-21 20:57:09 - [TEST_STEP][PASSED] - setText(findTestObject("Admin/Sprint 5/AddNewClient/Element Verification/input_Client Name_b10-Input_ClientName"), "Test Client Negative Path"): Text 'Test Client Negative Path' is set on object 'Object Repository/Admin/Sprint 5/AddNewClient/Element Verification/input_Client Name_b10-Input_ClientName'

2021-12-21 20:57:11 - [MESSAGE][PASSED] - Text 'Test Client Negative Path' is set on object 'Object Repository/Admin/Sprint 5/AddNewClient/Element Verification/input_Client Name_b10-Input_ClientName'

2021-12-21 20:57:11 - [TEST_STEP][PASSED] - delay(2): Delayed 2 second(s)

2021-12-21 20:57:13 - [MESSAGE][PASSED] - Delayed 2 second(s)

2021-12-21 20:57:13 - [TEST_STEP][PASSED] - click(findTestObject("Admin/Sprint 5/AddNewClient/ButtonsNewXpath/button_Save")): Object: 'Object Repository/Admin/Sprint 5/AddNewClient/ButtonsNewXpath/button_Save' is clicked on

2021-12-21 20:57:13 - [MESSAGE][PASSED] - Object: 'Object Repository/Admin/Sprint 5/AddNewClient/ButtonsNewXpath/button_Save' is clicked on

2021-12-21 20:57:13 - [TEST_STEP][PASSED] - delay(2): Delayed 2 second(s)

2021-12-21 20:57:15 - [MESSAGE][PASSED] - Delayed 2 second(s)

2021-12-21 20:57:15 - [TEST_STEP][PASSED] - click(findTestObject("Admin/Sprint 5/AddNewClient/ButtonsNewXpath/button_No(Save)")): Object: 'Object Repository/Admin/Sprint 5/AddNewClient/ButtonsNewXpath/button_No(Save)' is clicked on

2021-12-21 20:57:16 - [MESSAGE][PASSED] - Object: 'Object Repository/Admin/Sprint 5/AddNewClient/ButtonsNewXpath/button_No(Save)' is clicked on]]></system-out>
         <system-err><![CDATA[]]></system-err>
      </testcase>
      <testcase name="Test Cases/Sprint 5/FCSCMS-193/FCSCMS-1145" time="4.708" classname="Test Cases/Sprint 5/FCSCMS-193/FCSCMS-1145" status="PASSED">
         <system-out><![CDATA[2021-12-21 20:57:16 - [TEST_CASE][PASSED] - Test Cases/Sprint 5/FCSCMS-193/FCSCMS-1145: Test Cases/Sprint 5/FCSCMS-193/FCSCMS-1145

2021-12-21 20:57:16 - [TEST_STEP][PASSED] - click(findTestObject("Admin/Sprint 5/AddNewClient/ButtonsNewXpath/button_Cancel")): Object: 'Object Repository/Admin/Sprint 5/AddNewClient/ButtonsNewXpath/button_Cancel' is clicked on

2021-12-21 20:57:16 - [MESSAGE][PASSED] - Object: 'Object Repository/Admin/Sprint 5/AddNewClient/ButtonsNewXpath/button_Cancel' is clicked on

2021-12-21 20:57:16 - [TEST_STEP][PASSED] - delay(2): Delayed 2 second(s)

2021-12-21 20:57:18 - [MESSAGE][PASSED] - Delayed 2 second(s)

2021-12-21 20:57:18 - [TEST_STEP][PASSED] - delay(2): Delayed 2 second(s)

2021-12-21 20:57:20 - [MESSAGE][PASSED] - Delayed 2 second(s)]]></system-out>
         <system-err><![CDATA[]]></system-err>
      </testcase>
      <testcase name="Test Cases/Sprint 5/FCSCMS-193/FCSCMS-1146" time="8.078" classname="Test Cases/Sprint 5/FCSCMS-193/FCSCMS-1146" status="PASSED">
         <system-out><![CDATA[2021-12-21 20:57:20 - [TEST_CASE][PASSED] - Test Cases/Sprint 5/FCSCMS-193/FCSCMS-1146: Test Cases/Sprint 5/FCSCMS-193/FCSCMS-1146

2021-12-21 20:57:20 - [TEST_STEP][PASSED] - click(findTestObject("Admin/Sprint 5/AddNewClient/ButtonsNewXpath/button_Yes(Cancel)")): Object: 'Object Repository/Admin/Sprint 5/AddNewClient/ButtonsNewXpath/button_Yes(Cancel)' is clicked on

2021-12-21 20:57:21 - [MESSAGE][PASSED] - Object: 'Object Repository/Admin/Sprint 5/AddNewClient/ButtonsNewXpath/button_Yes(Cancel)' is clicked on

2021-12-21 20:57:21 - [TEST_STEP][PASSED] - delay(2): Delayed 2 second(s)

2021-12-21 20:57:23 - [MESSAGE][PASSED] - Delayed 2 second(s)

2021-12-21 20:57:23 - [TEST_STEP][PASSED] - verifyElementVisible(findTestObject("Admin/Sprint 5/AddNewClient/Element Verification/AppLogo")): Object 'Object Repository/Admin/Sprint 5/AddNewClient/Element Verification/AppLogo' is visible

2021-12-21 20:57:23 - [MESSAGE][PASSED] - Object 'Object Repository/Admin/Sprint 5/AddNewClient/Element Verification/AppLogo' is visible

2021-12-21 20:57:23 - [TEST_STEP][PASSED] - delay(5): Delayed 5 second(s)

2021-12-21 20:57:28 - [MESSAGE][PASSED] - Delayed 5 second(s)]]></system-out>
         <system-err><![CDATA[]]></system-err>
      </testcase>
      <system-out><![CDATA[2021-12-21 20:55:55 - [TEST_SUITE][PASSED] - FCSCMS-193 (Organizations - Client Profile - Add New Client): Test Cases/Sprint 5/FCSCMS-193/FCSCMS-1146]]></system-out>
      <system-err><![CDATA[]]></system-err>
   </testsuite>
</testsuites>
