<?xml version="1.0" encoding="UTF-8"?>
<testsuites name="TestSuiteSite Sample" time="56.293" tests="5" failures="0" errors="0">
   <testsuite name="TestSuiteSite Sample" tests="5" failures="0" errors="0" time="56.293" timestamp="2021-12-23 04:48:50" hostname="me - DESKTOP-S7SF50D" id="Test Suites/Sprint 5/TestSuiteSite Sample">
      <properties>
         <property name="deviceName" value=""/>
         <property name="devicePlatform" value=""/>
         <property name="logFolder" value="C:\\Users\\me\\git\\nexterous-automation\\Reports\\20211223_044835\\Sprint 5\\TestSuiteSite Sample\\20211223_044836"/>
         <property name="logFiles" value="C:\\Users\\me\\git\\nexterous-automation\\Reports\\20211223_044835\\Sprint 5\\TestSuiteSite Sample\\20211223_044836\\execution0.log"/>
         <property name="attachments" value=""/>
         <property name="hostName" value="me - DESKTOP-S7SF50D"/>
         <property name="os" value="Windows 10 64bit"/>
         <property name="katalonVersion" value="7.7.0.205"/>
         <property name="browser" value="Chrome 96.0.4664.110"/>
         <property name="hostAddress" value="192.168.100.7"/>
         <property name="sessionId" value="3a44c8609f3a60676ae025dc0aa4e10a"/>
         <property name="seleniumVersion" value="3.141.59"/>
         <property name="proxyInformation" value="ProxyInformation { proxyOption=NO_PROXY, proxyServerType=HTTP, username=, password=********, proxyServerAddress=, proxyServerPort=0, executionList=&quot;&quot;, isApplyToDesiredCapabilities=true }"/>
         <property name="platform" value="Windows 10"/>
      </properties>
      <testcase name="Test Cases/Sprint 5/FCSCMS-193/FCSCMS-1150-S5 (View or edit details of an existing sites on the sites tab)" time="43.533" classname="Test Cases/Sprint 5/FCSCMS-193/FCSCMS-1150-S5 (View or edit details of an existing sites on the sites tab)" status="PASSED">
         <system-out><![CDATA[2021-12-23 04:48:51 - [TEST_CASE][PASSED] - Test Cases/Sprint 5/FCSCMS-193/FCSCMS-1150-S5 (View or edit details of an existing sites on the sites tab): Test Cases/Sprint 5/FCSCMS-193/FCSCMS-1150-S5 (View or edit details of an existing sites on the sites tab)

2021-12-23 04:48:52 - [TEST_STEP][PASSED] - openBrowser(""): Browser is opened with url: ''

2021-12-23 04:48:52 - [MESSAGE][INFO] - Starting 'Chrome' driver

2021-12-23 04:48:52 - [MESSAGE][INFO] - Action delay is set to 0 milliseconds

2021-12-23 04:48:56 - [MESSAGE][PASSED] - Browser is opened with url: ''

2021-12-23 04:48:56 - [TEST_STEP][PASSED] - navigateToUrl("https://nexterus-tst.outsystemsenterprise.com/FusionCenter/Login"): Navigate to 'https://nexterus-tst.outsystemsenterprise.com/FusionCenter/Login' successfully

2021-12-23 04:49:00 - [MESSAGE][PASSED] - Navigate to 'https://nexterus-tst.outsystemsenterprise.com/FusionCenter/Login' successfully

2021-12-23 04:49:00 - [TEST_STEP][PASSED] - maximizeWindow(): Current window maximized

2021-12-23 04:49:00 - [MESSAGE][PASSED] - Current window maximized

2021-12-23 04:49:00 - [TEST_STEP][PASSED] - delay(3): Delayed 3 second(s)

2021-12-23 04:49:03 - [MESSAGE][PASSED] - Delayed 3 second(s)

2021-12-23 04:49:03 - [TEST_STEP][PASSED] - setText(findTestObject("Login/Username_Field"), "admin"): Text 'admin' is set on object 'Object Repository/Login/Username_Field'

2021-12-23 04:49:04 - [MESSAGE][PASSED] - Text 'admin' is set on object 'Object Repository/Login/Username_Field'

2021-12-23 04:49:04 - [TEST_STEP][PASSED] - delay(1): Delayed 1 second(s)

2021-12-23 04:49:05 - [MESSAGE][PASSED] - Delayed 1 second(s)

2021-12-23 04:49:05 - [TEST_STEP][PASSED] - setText(findTestObject("Login/Password_Field"), "admin"): Text 'admin' is set on object 'Object Repository/Login/Password_Field'

2021-12-23 04:49:06 - [MESSAGE][PASSED] - Text 'admin' is set on object 'Object Repository/Login/Password_Field'

2021-12-23 04:49:06 - [TEST_STEP][PASSED] - delay(1): Delayed 1 second(s)

2021-12-23 04:49:07 - [MESSAGE][PASSED] - Delayed 1 second(s)

2021-12-23 04:49:07 - [TEST_STEP][PASSED] - click(findTestObject("Login/BTN_Login")): Object: 'Object Repository/Login/BTN_Login' is clicked on

2021-12-23 04:49:07 - [MESSAGE][PASSED] - Object: 'Object Repository/Login/BTN_Login' is clicked on

2021-12-23 04:49:07 - [TEST_STEP][PASSED] - delay(2): Delayed 2 second(s)

2021-12-23 04:49:09 - [MESSAGE][PASSED] - Delayed 2 second(s)

2021-12-23 04:49:09 - [TEST_STEP][PASSED] - click(findTestObject("Admin/Sprint 5/a_Clients")): Object: 'Object Repository/Admin/Sprint 5/a_Clients' is clicked on

2021-12-23 04:49:14 - [MESSAGE][PASSED] - Object: 'Object Repository/Admin/Sprint 5/a_Clients' is clicked on

2021-12-23 04:49:14 - [TEST_STEP][PASSED] - delay(1): Delayed 1 second(s)

2021-12-23 04:49:15 - [MESSAGE][PASSED] - Delayed 1 second(s)

2021-12-23 04:49:15 - [TEST_STEP][PASSED] - setText(findTestObject("Admin/Sprint 5/Clients/SearchBar_Clients"), "Smoke Test 3"): Text 'Smoke Test 3' is set on object 'Object Repository/Admin/Sprint 5/Clients/SearchBar_Clients'

2021-12-23 04:49:17 - [MESSAGE][PASSED] - Text 'Smoke Test 3' is set on object 'Object Repository/Admin/Sprint 5/Clients/SearchBar_Clients'

2021-12-23 04:49:17 - [TEST_STEP][PASSED] - delay(1): Delayed 1 second(s)

2021-12-23 04:49:18 - [MESSAGE][PASSED] - Delayed 1 second(s)

2021-12-23 04:49:18 - [TEST_STEP][PASSED] - click(findTestObject("Admin/Sprint 5/Clients/Sites/Site Edit Elements/SearchButton(Clients)")): Object: 'Object Repository/Admin/Sprint 5/Clients/Sites/Site Edit Elements/SearchButton(Clients)' is clicked on

2021-12-23 04:49:18 - [MESSAGE][PASSED] - Object: 'Object Repository/Admin/Sprint 5/Clients/Sites/Site Edit Elements/SearchButton(Clients)' is clicked on

2021-12-23 04:49:18 - [TEST_STEP][PASSED] - delay(2): Delayed 2 second(s)

2021-12-23 04:49:20 - [MESSAGE][PASSED] - Delayed 2 second(s)

2021-12-23 04:49:20 - [TEST_STEP][PASSED] - click(findTestObject("Admin/Sprint 5/Clients/Sites/Site Edit Elements/EditClient")): Object: 'Object Repository/Admin/Sprint 5/Clients/Sites/Site Edit Elements/EditClient' is clicked on

2021-12-23 04:49:21 - [MESSAGE][PASSED] - Object: 'Object Repository/Admin/Sprint 5/Clients/Sites/Site Edit Elements/EditClient' is clicked on

2021-12-23 04:49:21 - [TEST_STEP][PASSED] - delay(2): Delayed 2 second(s)

2021-12-23 04:49:23 - [MESSAGE][PASSED] - Delayed 2 second(s)

2021-12-23 04:49:23 - [TEST_STEP][PASSED] - click(findTestObject("Admin/Sprint 5/Clients/Sites/div_Sites")): Object: 'Object Repository/Admin/Sprint 5/Clients/Sites/div_Sites' is clicked on

2021-12-23 04:49:24 - [MESSAGE][PASSED] - Object: 'Object Repository/Admin/Sprint 5/Clients/Sites/div_Sites' is clicked on

2021-12-23 04:49:24 - [TEST_STEP][PASSED] - delay(1): Delayed 1 second(s)

2021-12-23 04:49:25 - [MESSAGE][PASSED] - Delayed 1 second(s)

2021-12-23 04:49:25 - [TEST_STEP][PASSED] - click(findTestObject("Admin/Sprint 5/Clients/Sites/Site Edit Elements/EditSiteButton")): Object: 'Object Repository/Admin/Sprint 5/Clients/Sites/Site Edit Elements/EditSiteButton' is clicked on

2021-12-23 04:49:26 - [MESSAGE][PASSED] - Object: 'Object Repository/Admin/Sprint 5/Clients/Sites/Site Edit Elements/EditSiteButton' is clicked on

2021-12-23 04:49:26 - [TEST_STEP][PASSED] - delay(2): Delayed 2 second(s)

2021-12-23 04:49:28 - [MESSAGE][PASSED] - Delayed 2 second(s)

2021-12-23 04:49:28 - [TEST_STEP][PASSED] - clearText(findTestObject("Admin/Sprint 5/Clients/Sites/SiteCode")): Text of object 'Object Repository/Admin/Sprint 5/Clients/Sites/SiteCode' is cleared

2021-12-23 04:49:28 - [MESSAGE][PASSED] - Text of object 'Object Repository/Admin/Sprint 5/Clients/Sites/SiteCode' is cleared

2021-12-23 04:49:28 - [TEST_STEP][PASSED] - setText(findTestObject("Admin/Sprint 5/Clients/Sites/SiteCode"), "TestSite"): Text 'TestSite' is set on object 'Object Repository/Admin/Sprint 5/Clients/Sites/SiteCode'

2021-12-23 04:49:29 - [MESSAGE][PASSED] - Text 'TestSite' is set on object 'Object Repository/Admin/Sprint 5/Clients/Sites/SiteCode'

2021-12-23 04:49:29 - [TEST_STEP][PASSED] - delay(1): Delayed 1 second(s)

2021-12-23 04:49:30 - [MESSAGE][PASSED] - Delayed 1 second(s)

2021-12-23 04:49:30 - [TEST_STEP][PASSED] - clearText(findTestObject("Admin/Sprint 5/Clients/Sites/SiteName")): Text of object 'Object Repository/Admin/Sprint 5/Clients/Sites/SiteName' is cleared

2021-12-23 04:49:30 - [MESSAGE][PASSED] - Text of object 'Object Repository/Admin/Sprint 5/Clients/Sites/SiteName' is cleared

2021-12-23 04:49:30 - [TEST_STEP][PASSED] - setText(findTestObject("Admin/Sprint 5/Clients/Sites/SiteName"), "SiteforAutomation"): Text 'SiteforAutomation' is set on object 'Object Repository/Admin/Sprint 5/Clients/Sites/SiteName'

2021-12-23 04:49:31 - [MESSAGE][PASSED] - Text 'SiteforAutomation' is set on object 'Object Repository/Admin/Sprint 5/Clients/Sites/SiteName'

2021-12-23 04:49:31 - [TEST_STEP][PASSED] - delay(1): Delayed 1 second(s)

2021-12-23 04:49:32 - [MESSAGE][PASSED] - Delayed 1 second(s)

2021-12-23 04:49:32 - [TEST_STEP][PASSED] - clearText(findTestObject("Admin/Sprint 5/Clients/Sites/Description"), STOP_ON_FAILURE): Text of object 'Object Repository/Admin/Sprint 5/Clients/Sites/Description' is cleared

2021-12-23 04:49:33 - [MESSAGE][PASSED] - Text of object 'Object Repository/Admin/Sprint 5/Clients/Sites/Description' is cleared

2021-12-23 04:49:33 - [TEST_STEP][PASSED] - setText(findTestObject("Admin/Sprint 5/Clients/Sites/Description"), "Test site for automation"): Text 'Test site for automation' is set on object 'Object Repository/Admin/Sprint 5/Clients/Sites/Description'

2021-12-23 04:49:33 - [MESSAGE][PASSED] - Text 'Test site for automation' is set on object 'Object Repository/Admin/Sprint 5/Clients/Sites/Description'

2021-12-23 04:49:33 - [TEST_STEP][PASSED] - delay(1): Delayed 1 second(s)

2021-12-23 04:49:34 - [MESSAGE][PASSED] - Delayed 1 second(s)]]></system-out>
         <system-err><![CDATA[]]></system-err>
      </testcase>
      <testcase name="Test Cases/Sprint 5/FCSCMS-193/FCSCMS-1151-S5 (Associate an already exixting contact to the site)" time="3.622" classname="Test Cases/Sprint 5/FCSCMS-193/FCSCMS-1151-S5 (Associate an already exixting contact to the site)" status="PASSED">
         <system-out><![CDATA[2021-12-23 04:49:34 - [TEST_CASE][PASSED] - Test Cases/Sprint 5/FCSCMS-193/FCSCMS-1151-S5 (Associate an already exixting contact to the site): Test Cases/Sprint 5/FCSCMS-193/FCSCMS-1151-S5 (Associate an already exixting contact to the site)

2021-12-23 04:49:35 - [TEST_STEP][PASSED] - selectOptionByLabel(findTestObject("Admin/Sprint 5/Clients/Sites/Site Edit Elements/SelectContactDropdown"), "ForEmail", false): All options with label 'ForEmail' are selected in object 'Object Repository/Admin/Sprint 5/Clients/Sites/Site Edit Elements/SelectContactDropdown' 

2021-12-23 04:49:36 - [MESSAGE][PASSED] - All options with label 'ForEmail' are selected in object 'Object Repository/Admin/Sprint 5/Clients/Sites/Site Edit Elements/SelectContactDropdown' 

2021-12-23 04:49:36 - [TEST_STEP][PASSED] - delay(1): Delayed 1 second(s)

2021-12-23 04:49:37 - [MESSAGE][PASSED] - Delayed 1 second(s)

2021-12-23 04:49:37 - [TEST_STEP][PASSED] - click(findTestObject("Admin/Sprint 5/Clients/Sites/Site Edit Elements/button_Add(Sites)")): Object: 'Object Repository/Admin/Sprint 5/Clients/Sites/Site Edit Elements/button_Add(Sites)' is clicked on

2021-12-23 04:49:37 - [MESSAGE][PASSED] - Object: 'Object Repository/Admin/Sprint 5/Clients/Sites/Site Edit Elements/button_Add(Sites)' is clicked on

2021-12-23 04:49:37 - [TEST_STEP][PASSED] - delay(1): Delayed 1 second(s)

2021-12-23 04:49:38 - [MESSAGE][PASSED] - Delayed 1 second(s)]]></system-out>
         <system-err><![CDATA[]]></system-err>
      </testcase>
      <testcase name="Test Cases/Sprint 5/FCSCMS-193/FCSCMS-1152-S5 (Add a new contact to be assosciated with the site)" time="2.26" classname="Test Cases/Sprint 5/FCSCMS-193/FCSCMS-1152-S5 (Add a new contact to be assosciated with the site)" status="PASSED">
         <system-out><![CDATA[2021-12-23 04:49:38 - [TEST_CASE][PASSED] - Test Cases/Sprint 5/FCSCMS-193/FCSCMS-1152-S5 (Add a new contact to be assosciated with the site): Test Cases/Sprint 5/FCSCMS-193/FCSCMS-1152-S5 (Add a new contact to be assosciated with the site)

2021-12-23 04:49:38 - [TEST_STEP][PASSED] - delay(2): Delayed 2 second(s)

2021-12-23 04:49:40 - [MESSAGE][PASSED] - Delayed 2 second(s)]]></system-out>
         <system-err><![CDATA[]]></system-err>
      </testcase>
      <testcase name="Test Cases/Sprint 5/FCSCMS-193/FCSCMS-1153-S5 (The user can click the Save button for the Sites tab)" time="2.419" classname="Test Cases/Sprint 5/FCSCMS-193/FCSCMS-1153-S5 (The user can click the Save button for the Sites tab)" status="PASSED">
         <system-out><![CDATA[2021-12-23 04:49:40 - [TEST_CASE][PASSED] - Test Cases/Sprint 5/FCSCMS-193/FCSCMS-1153-S5 (The user can click the Save button for the Sites tab): Test Cases/Sprint 5/FCSCMS-193/FCSCMS-1153-S5 (The user can click the Save button for the Sites tab)

2021-12-23 04:49:40 - [TEST_STEP][PASSED] - click(findTestObject("Admin/Sprint 5/Clients/Sites/Site Edit Elements/button_Save(Sites)")): Object: 'Object Repository/Admin/Sprint 5/Clients/Sites/Site Edit Elements/button_Save(Sites)' is clicked on

2021-12-23 04:49:41 - [MESSAGE][PASSED] - Object: 'Object Repository/Admin/Sprint 5/Clients/Sites/Site Edit Elements/button_Save(Sites)' is clicked on

2021-12-23 04:49:41 - [TEST_STEP][PASSED] - delay(1): Delayed 1 second(s)

2021-12-23 04:49:42 - [MESSAGE][PASSED] - Delayed 1 second(s)

2021-12-23 04:49:42 - [TEST_STEP][PASSED] - verifyElementVisible(findTestObject("Admin/Sprint 5/Clients/Sites/Site Edit Elements/button_Yes(Confirmation)")): Object 'Object Repository/Admin/Sprint 5/Clients/Sites/Site Edit Elements/button_Yes(Confirmation)' is visible

2021-12-23 04:49:42 - [MESSAGE][PASSED] - Object 'Object Repository/Admin/Sprint 5/Clients/Sites/Site Edit Elements/button_Yes(Confirmation)' is visible

2021-12-23 04:49:42 - [TEST_STEP][PASSED] - verifyElementVisible(findTestObject("Admin/Sprint 5/Clients/Sites/Site Edit Elements/button_No(Confirmation)")): Object 'Object Repository/Admin/Sprint 5/Clients/Sites/Site Edit Elements/button_No(Confirmation)' is visible

2021-12-23 04:49:43 - [MESSAGE][PASSED] - Object 'Object Repository/Admin/Sprint 5/Clients/Sites/Site Edit Elements/button_No(Confirmation)' is visible]]></system-out>
         <system-err><![CDATA[]]></system-err>
      </testcase>
      <testcase name="Test Cases/Sprint 5/FCSCMS-193/FCSCMS-1154-S5 (Click the Yes to confirm saving of all of the Newly added or edited site information)" time="2.749" classname="Test Cases/Sprint 5/FCSCMS-193/FCSCMS-1154-S5 (Click the Yes to confirm saving of all of the Newly added or edited site information)" status="PASSED">
         <system-out><![CDATA[2021-12-23 04:49:43 - [TEST_CASE][PASSED] - Test Cases/Sprint 5/FCSCMS-193/FCSCMS-1154-S5 (Click the Yes to confirm saving of all of the Newly added or edited site information): Test Cases/Sprint 5/FCSCMS-193/FCSCMS-1154-S5 (Click the Yes to confirm saving of all of the Newly added or edited site information)

2021-12-23 04:49:43 - [TEST_STEP][PASSED] - click(findTestObject("Admin/Sprint 5/Clients/Sites/Site Edit Elements/button_Yes(Confirmation)")): Object: 'Object Repository/Admin/Sprint 5/Clients/Sites/Site Edit Elements/button_Yes(Confirmation)' is clicked on

2021-12-23 04:49:43 - [MESSAGE][PASSED] - Object: 'Object Repository/Admin/Sprint 5/Clients/Sites/Site Edit Elements/button_Yes(Confirmation)' is clicked on

2021-12-23 04:49:43 - [TEST_STEP][PASSED] - delay(2): Delayed 2 second(s)

2021-12-23 04:49:45 - [MESSAGE][PASSED] - Delayed 2 second(s)]]></system-out>
         <system-err><![CDATA[]]></system-err>
      </testcase>
      <system-out><![CDATA[2021-12-23 04:48:50 - [TEST_SUITE][PASSED] - TestSuiteSite Sample: Test Cases/Sprint 5/FCSCMS-193/FCSCMS-1154-S5 (Click the Yes to confirm saving of all of the Newly added or edited site information)]]></system-out>
      <system-err><![CDATA[]]></system-err>
   </testsuite>
</testsuites>
