<?xml version="1.0" encoding="UTF-8"?>
<testsuites name="FCSCMS-191 (Organizations - Client Profile - Search Clients)" time="116.747" tests="17" failures="0" errors="0">
   <testsuite name="FCSCMS-191 (Organizations - Client Profile - Search Clients)" tests="17" failures="0" errors="0" time="116.747" timestamp="2021-12-20 15:29:57" hostname="me - DESKTOP-S7SF50D" id="Test Suites/Sprint 5/FCSCMS-191 (Organizations - Client Profile - Search Clients)">
      <properties>
         <property name="deviceName" value=""/>
         <property name="devicePlatform" value=""/>
         <property name="logFolder" value="C:\\Users\\me\\git\\nexterous-automation\\Reports\\20211220_152943\\Sprint 5\\FCSCMS-191 (Organizations - Client Profile - Search Clients)\\20211220_152944"/>
         <property name="logFiles" value="C:\\Users\\me\\git\\nexterous-automation\\Reports\\20211220_152943\\Sprint 5\\FCSCMS-191 (Organizations - Client Profile - Search Clients)\\20211220_152944\\execution0.log"/>
         <property name="attachments" value=""/>
         <property name="hostName" value="me - DESKTOP-S7SF50D"/>
         <property name="os" value="Windows 10 64bit"/>
         <property name="katalonVersion" value="7.7.0.205"/>
         <property name="browser" value="Chrome 96.0.4664.110"/>
         <property name="hostAddress" value="192.168.100.7"/>
         <property name="sessionId" value="02c74eba3f4f787279636ae344659462"/>
         <property name="seleniumVersion" value="3.141.59"/>
         <property name="proxyInformation" value="ProxyInformation { proxyOption=NO_PROXY, proxyServerType=HTTP, username=, password=********, proxyServerAddress=, proxyServerPort=0, executionList=&quot;&quot;, isApplyToDesiredCapabilities=true }"/>
         <property name="platform" value="Windows 10"/>
      </properties>
      <testcase name="Test Cases/Sprint 5/FCSCMS-191/FCSCMS-1065" time="14.158" classname="Test Cases/Sprint 5/FCSCMS-191/FCSCMS-1065" status="PASSED">
         <system-out><![CDATA[2021-12-20 15:29:57 - [TEST_CASE][PASSED] - Test Cases/Sprint 5/FCSCMS-191/FCSCMS-1065: Test Cases/Sprint 5/FCSCMS-191/FCSCMS-1065

2021-12-20 15:29:57 - [TEST_STEP][PASSED] - openBrowser(""): Browser is opened with url: ''

2021-12-20 15:29:58 - [MESSAGE][INFO] - Starting 'Chrome' driver

2021-12-20 15:29:58 - [MESSAGE][INFO] - Action delay is set to 0 milliseconds

2021-12-20 15:30:01 - [MESSAGE][PASSED] - Browser is opened with url: ''

2021-12-20 15:30:01 - [TEST_STEP][PASSED] - navigateToUrl("https://nexterus-tst.outsystemsenterprise.com/FusionCenter/Login"): Navigate to 'https://nexterus-tst.outsystemsenterprise.com/FusionCenter/Login' successfully

2021-12-20 15:30:04 - [MESSAGE][PASSED] - Navigate to 'https://nexterus-tst.outsystemsenterprise.com/FusionCenter/Login' successfully

2021-12-20 15:30:04 - [TEST_STEP][PASSED] - maximizeWindow(): Current window maximized

2021-12-20 15:30:04 - [MESSAGE][PASSED] - Current window maximized

2021-12-20 15:30:04 - [TEST_STEP][PASSED] - delay(3): Delayed 3 second(s)

2021-12-20 15:30:07 - [MESSAGE][PASSED] - Delayed 3 second(s)

2021-12-20 15:30:07 - [TEST_STEP][PASSED] - setText(findTestObject("Login/Username_Field"), "admin"): Text 'admin' is set on object 'Object Repository/Login/Username_Field'

2021-12-20 15:30:08 - [MESSAGE][PASSED] - Text 'admin' is set on object 'Object Repository/Login/Username_Field'

2021-12-20 15:30:08 - [TEST_STEP][PASSED] - delay(1): Delayed 1 second(s)

2021-12-20 15:30:09 - [MESSAGE][PASSED] - Delayed 1 second(s)

2021-12-20 15:30:09 - [TEST_STEP][PASSED] - setText(findTestObject("Login/Password_Field"), "admin"): Text 'admin' is set on object 'Object Repository/Login/Password_Field'

2021-12-20 15:30:10 - [MESSAGE][PASSED] - Text 'admin' is set on object 'Object Repository/Login/Password_Field'

2021-12-20 15:30:10 - [TEST_STEP][PASSED] - delay(1): Delayed 1 second(s)

2021-12-20 15:30:11 - [MESSAGE][PASSED] - Delayed 1 second(s)

2021-12-20 15:30:11 - [TEST_STEP][PASSED] - click(findTestObject("Login/BTN_Login")): Object: 'Object Repository/Login/BTN_Login' is clicked on

2021-12-20 15:30:11 - [MESSAGE][PASSED] - Object: 'Object Repository/Login/BTN_Login' is clicked on]]></system-out>
         <system-err><![CDATA[]]></system-err>
      </testcase>
      <testcase name="Test Cases/Sprint 5/FCSCMS-191/FCSCMS-1066" time="7.91" classname="Test Cases/Sprint 5/FCSCMS-191/FCSCMS-1066" status="PASSED">
         <system-out><![CDATA[2021-12-20 15:30:11 - [TEST_CASE][PASSED] - Test Cases/Sprint 5/FCSCMS-191/FCSCMS-1066: Test Cases/Sprint 5/FCSCMS-191/FCSCMS-1066

2021-12-20 15:30:12 - [TEST_STEP][PASSED] - delay(2): Delayed 2 second(s)

2021-12-20 15:30:14 - [MESSAGE][PASSED] - Delayed 2 second(s)

2021-12-20 15:30:14 - [TEST_STEP][PASSED] - click(findTestObject("Admin/Sprint 5/a_Clients")): Object: 'Object Repository/Admin/Sprint 5/a_Clients' is clicked on

2021-12-20 15:30:16 - [MESSAGE][PASSED] - Object: 'Object Repository/Admin/Sprint 5/a_Clients' is clicked on

2021-12-20 15:30:16 - [TEST_STEP][PASSED] - verifyElementPresent(findTestObject("Admin/Sprint 5/SearchBar"), 0): Object 'Object Repository/Admin/Sprint 5/SearchBar' is present

2021-12-20 15:30:17 - [MESSAGE][WARNING] - Timeout '0' is invalid. Using default page load timeout: '30'

2021-12-20 15:30:19 - [MESSAGE][PASSED] - Object 'Object Repository/Admin/Sprint 5/SearchBar' is present

2021-12-20 15:30:19 - [TEST_STEP][PASSED] - verifyElementPresent(findTestObject("Admin/Sprint 5/ClientListDashboard"), 0): Object 'Object Repository/Admin/Sprint 5/ClientListDashboard' is present

2021-12-20 15:30:19 - [MESSAGE][WARNING] - Timeout '0' is invalid. Using default page load timeout: '30'

2021-12-20 15:30:19 - [MESSAGE][PASSED] - Object 'Object Repository/Admin/Sprint 5/ClientListDashboard' is present]]></system-out>
         <system-err><![CDATA[]]></system-err>
      </testcase>
      <testcase name="Test Cases/Sprint 5/FCSCMS-191/FCSCMS-1067" time="3.78" classname="Test Cases/Sprint 5/FCSCMS-191/FCSCMS-1067" status="PASSED">
         <system-out><![CDATA[2021-12-20 15:30:19 - [TEST_CASE][PASSED] - Test Cases/Sprint 5/FCSCMS-191/FCSCMS-1067: Test Cases/Sprint 5/FCSCMS-191/FCSCMS-1067

2021-12-20 15:30:19 - [TEST_STEP][PASSED] - setText(findTestObject("Admin/Sprint 5/SearchBar"), "Smoke 1"): Text 'Smoke 1' is set on object 'Object Repository/Admin/Sprint 5/SearchBar'

2021-12-20 15:30:20 - [MESSAGE][PASSED] - Text 'Smoke 1' is set on object 'Object Repository/Admin/Sprint 5/SearchBar'

2021-12-20 15:30:20 - [TEST_STEP][PASSED] - verifyElementNotHasAttribute(findTestObject("Admin/Sprint 5/SearchBar"), "Smoke 1", 3): Object 'Object Repository/Admin/Sprint 5/SearchBar' does not have attribute 'Smoke 1'

2021-12-20 15:30:21 - [MESSAGE][PASSED] - Object 'Object Repository/Admin/Sprint 5/SearchBar' does not have attribute 'Smoke 1'

2021-12-20 15:30:21 - [TEST_STEP][PASSED] - delay(2): Delayed 2 second(s)

2021-12-20 15:30:23 - [MESSAGE][PASSED] - Delayed 2 second(s)]]></system-out>
         <system-err><![CDATA[]]></system-err>
      </testcase>
      <testcase name="Test Cases/Sprint 5/FCSCMS-191/FCSCMS-1068" time="9.843" classname="Test Cases/Sprint 5/FCSCMS-191/FCSCMS-1068" status="PASSED">
         <system-out><![CDATA[2021-12-20 15:30:23 - [TEST_CASE][PASSED] - Test Cases/Sprint 5/FCSCMS-191/FCSCMS-1068: Test Cases/Sprint 5/FCSCMS-191/FCSCMS-1068

2021-12-20 15:30:23 - [TEST_STEP][PASSED] - click(findTestObject("Admin/Sprint 5/SearchButton")): Object: 'Object Repository/Admin/Sprint 5/SearchButton' is clicked on

2021-12-20 15:30:23 - [MESSAGE][PASSED] - Object: 'Object Repository/Admin/Sprint 5/SearchButton' is clicked on

2021-12-20 15:30:23 - [TEST_STEP][PASSED] - delay(2): Delayed 2 second(s)

2021-12-20 15:30:25 - [MESSAGE][PASSED] - Delayed 2 second(s)

2021-12-20 15:30:25 - [TEST_STEP][PASSED] - verifyElementVisible(findTestObject("Admin/Sprint 5/SearchResults")): Object 'Object Repository/Admin/Sprint 5/SearchResults' is visible

2021-12-20 15:30:26 - [MESSAGE][PASSED] - Object 'Object Repository/Admin/Sprint 5/SearchResults' is visible

2021-12-20 15:30:26 - [TEST_STEP][PASSED] - delay(1): Delayed 1 second(s)

2021-12-20 15:30:27 - [MESSAGE][PASSED] - Delayed 1 second(s)

2021-12-20 15:30:27 - [TEST_STEP][PASSED] - clearText(findTestObject("Admin/Sprint 5/SearchBar")): Text of object 'Object Repository/Admin/Sprint 5/SearchBar' is cleared

2021-12-20 15:30:27 - [MESSAGE][PASSED] - Text of object 'Object Repository/Admin/Sprint 5/SearchBar' is cleared

2021-12-20 15:30:27 - [TEST_STEP][PASSED] - delay(1): Delayed 1 second(s)

2021-12-20 15:30:28 - [MESSAGE][PASSED] - Delayed 1 second(s)

2021-12-20 15:30:28 - [TEST_STEP][PASSED] - setText(findTestObject("Admin/Sprint 5/SearchBar"), "Alabama"): Text 'Alabama' is set on object 'Object Repository/Admin/Sprint 5/SearchBar'

2021-12-20 15:30:29 - [MESSAGE][PASSED] - Text 'Alabama' is set on object 'Object Repository/Admin/Sprint 5/SearchBar'

2021-12-20 15:30:29 - [TEST_STEP][PASSED] - delay(1): Delayed 1 second(s)

2021-12-20 15:30:30 - [MESSAGE][PASSED] - Delayed 1 second(s)

2021-12-20 15:30:30 - [TEST_STEP][PASSED] - click(findTestObject("Admin/Sprint 5/SearchButton")): Object: 'Object Repository/Admin/Sprint 5/SearchButton' is clicked on

2021-12-20 15:30:30 - [MESSAGE][PASSED] - Object: 'Object Repository/Admin/Sprint 5/SearchButton' is clicked on

2021-12-20 15:30:30 - [TEST_STEP][PASSED] - delay(1): Delayed 1 second(s)

2021-12-20 15:30:31 - [MESSAGE][PASSED] - Delayed 1 second(s)

2021-12-20 15:30:31 - [TEST_STEP][PASSED] - verifyElementVisible(findTestObject("Admin/Sprint 5/td_State")): Object 'Object Repository/Admin/Sprint 5/td_State' is visible

2021-12-20 15:30:32 - [MESSAGE][PASSED] - Object 'Object Repository/Admin/Sprint 5/td_State' is visible

2021-12-20 15:30:32 - [TEST_STEP][PASSED] - delay(1): Delayed 1 second(s)

2021-12-20 15:30:33 - [MESSAGE][PASSED] - Delayed 1 second(s)]]></system-out>
         <system-err><![CDATA[]]></system-err>
      </testcase>
      <testcase name="Test Cases/Sprint 5/FCSCMS-191/FCSCMS-1069" time="4.977" classname="Test Cases/Sprint 5/FCSCMS-191/FCSCMS-1069" status="PASSED">
         <system-out><![CDATA[2021-12-20 15:30:33 - [TEST_CASE][PASSED] - Test Cases/Sprint 5/FCSCMS-191/FCSCMS-1069: Test Cases/Sprint 5/FCSCMS-191/FCSCMS-1069

2021-12-20 15:30:33 - [TEST_STEP][PASSED] - click(findTestObject("Admin/Sprint 5/button_Advanced Search")): Object: 'Object Repository/Admin/Sprint 5/button_Advanced Search' is clicked on

2021-12-20 15:30:33 - [MESSAGE][PASSED] - Object: 'Object Repository/Admin/Sprint 5/button_Advanced Search' is clicked on

2021-12-20 15:30:33 - [TEST_STEP][PASSED] - verifyElementVisible(findTestObject("Admin/Sprint 5/Element Veification SP5/div_Select        Select")): Object 'Object Repository/Admin/Sprint 5/Element Veification SP5/div_Select        Select' is visible

2021-12-20 15:30:34 - [MESSAGE][PASSED] - Object 'Object Repository/Admin/Sprint 5/Element Veification SP5/div_Select        Select' is visible

2021-12-20 15:30:34 - [TEST_STEP][PASSED] - verifyElementVisible(findTestObject("Admin/Sprint 5/Element Veification SP5/input_Account Manager_Input_AS_ClientName")): Object 'Object Repository/Admin/Sprint 5/Element Veification SP5/input_Account Manager_Input_AS_ClientName' is visible

2021-12-20 15:30:35 - [MESSAGE][PASSED] - Object 'Object Repository/Admin/Sprint 5/Element Veification SP5/input_Account Manager_Input_AS_ClientName' is visible

2021-12-20 15:30:35 - [TEST_STEP][PASSED] - verifyElementVisible(findTestObject("Admin/Sprint 5/Element Veification SP5/input_Address Line 1_Input_AS_AddressLine1")): Object 'Object Repository/Admin/Sprint 5/Element Veification SP5/input_Address Line 1_Input_AS_AddressLine1' is visible

2021-12-20 15:30:35 - [MESSAGE][PASSED] - Object 'Object Repository/Admin/Sprint 5/Element Veification SP5/input_Address Line 1_Input_AS_AddressLine1' is visible

2021-12-20 15:30:35 - [TEST_STEP][PASSED] - verifyElementVisible(findTestObject("Admin/Sprint 5/Element Veification SP5/input_Address Line 2_Input_AS_AddressLine2")): Object 'Object Repository/Admin/Sprint 5/Element Veification SP5/input_Address Line 2_Input_AS_AddressLine2' is visible

2021-12-20 15:30:36 - [MESSAGE][PASSED] - Object 'Object Repository/Admin/Sprint 5/Element Veification SP5/input_Address Line 2_Input_AS_AddressLine2' is visible

2021-12-20 15:30:36 - [TEST_STEP][PASSED] - verifyElementVisible(findTestObject("Admin/Sprint 5/Element Veification SP5/input_Client Name_Input_ClientName")): Object 'Object Repository/Admin/Sprint 5/Element Veification SP5/input_Client Name_Input_ClientName' is visible

2021-12-20 15:30:36 - [MESSAGE][PASSED] - Object 'Object Repository/Admin/Sprint 5/Element Veification SP5/input_Client Name_Input_ClientName' is visible

2021-12-20 15:30:36 - [TEST_STEP][PASSED] - verifyElementVisible(findTestObject("Admin/Sprint 5/Element Veification SP5/input_Contact Email_Input_AS_ContactEmail")): Object 'Object Repository/Admin/Sprint 5/Element Veification SP5/input_Contact Email_Input_AS_ContactEmail' is visible

2021-12-20 15:30:36 - [MESSAGE][PASSED] - Object 'Object Repository/Admin/Sprint 5/Element Veification SP5/input_Contact Email_Input_AS_ContactEmail' is visible

2021-12-20 15:30:36 - [TEST_STEP][PASSED] - verifyElementVisible(findTestObject("Admin/Sprint 5/Element Veification SP5/input_Contact Name_Input_AS_ContactName")): Object 'Object Repository/Admin/Sprint 5/Element Veification SP5/input_Contact Name_Input_AS_ContactName' is visible

2021-12-20 15:30:37 - [MESSAGE][PASSED] - Object 'Object Repository/Admin/Sprint 5/Element Veification SP5/input_Contact Name_Input_AS_ContactName' is visible

2021-12-20 15:30:37 - [TEST_STEP][PASSED] - verifyElementVisible(findTestObject("Admin/Sprint 5/Element Veification SP5/input_Contact Phone_Input_AS_ContactPhone")): Object 'Object Repository/Admin/Sprint 5/Element Veification SP5/input_Contact Phone_Input_AS_ContactPhone' is visible

2021-12-20 15:30:37 - [MESSAGE][PASSED] - Object 'Object Repository/Admin/Sprint 5/Element Veification SP5/input_Contact Phone_Input_AS_ContactPhone' is visible

2021-12-20 15:30:37 - [TEST_STEP][PASSED] - verifyElementVisible(findTestObject("Admin/Sprint 5/Element Veification SP5/input_Sales Rep._Input_AS_ClientName2")): Object 'Object Repository/Admin/Sprint 5/Element Veification SP5/input_Sales Rep._Input_AS_ClientName2' is visible

2021-12-20 15:30:37 - [MESSAGE][PASSED] - Object 'Object Repository/Admin/Sprint 5/Element Veification SP5/input_Sales Rep._Input_AS_ClientName2' is visible

2021-12-20 15:30:37 - [TEST_STEP][PASSED] - verifyElementVisible(findTestObject("Admin/Sprint 5/Element Veification SP5/select_SelectActiveInactive")): Object 'Object Repository/Admin/Sprint 5/Element Veification SP5/select_SelectActiveInactive' is visible

2021-12-20 15:30:38 - [MESSAGE][PASSED] - Object 'Object Repository/Admin/Sprint 5/Element Veification SP5/select_SelectActiveInactive' is visible]]></system-out>
         <system-err><![CDATA[]]></system-err>
      </testcase>
      <testcase name="Test Cases/Sprint 5/FCSCMS-191/FCSCMS-1070" time="3.947" classname="Test Cases/Sprint 5/FCSCMS-191/FCSCMS-1070" status="PASSED">
         <system-out><![CDATA[2021-12-20 15:30:38 - [TEST_CASE][PASSED] - Test Cases/Sprint 5/FCSCMS-191/FCSCMS-1070: Test Cases/Sprint 5/FCSCMS-191/FCSCMS-1070

2021-12-20 15:30:38 - [TEST_STEP][PASSED] - delay(2): Delayed 2 second(s)

2021-12-20 15:30:40 - [MESSAGE][PASSED] - Delayed 2 second(s)

2021-12-20 15:30:40 - [TEST_STEP][PASSED] - setText(findTestObject("Admin/Sprint 5/Element Veification SP5/input_Client Name_Input_ClientName"), "Smoke 1"): Text 'Smoke 1' is set on object 'Object Repository/Admin/Sprint 5/Element Veification SP5/input_Client Name_Input_ClientName'

2021-12-20 15:30:41 - [MESSAGE][PASSED] - Text 'Smoke 1' is set on object 'Object Repository/Admin/Sprint 5/Element Veification SP5/input_Client Name_Input_ClientName'

2021-12-20 15:30:41 - [TEST_STEP][PASSED] - delay(1): Delayed 1 second(s)

2021-12-20 15:30:42 - [MESSAGE][PASSED] - Delayed 1 second(s)]]></system-out>
         <system-err><![CDATA[]]></system-err>
      </testcase>
      <testcase name="Test Cases/Sprint 5/FCSCMS-191/FCSCMS-1071" time="3.983" classname="Test Cases/Sprint 5/FCSCMS-191/FCSCMS-1071" status="PASSED">
         <system-out><![CDATA[2021-12-20 15:30:42 - [TEST_CASE][PASSED] - Test Cases/Sprint 5/FCSCMS-191/FCSCMS-1071: Test Cases/Sprint 5/FCSCMS-191/FCSCMS-1071

2021-12-20 15:30:42 - [TEST_STEP][PASSED] - selectOptionByLabel(findTestObject("Admin/Sprint 5/Advance Search/StatusDropdown"), "Inactive", false): All options with label 'Inactive' are selected in object 'Object Repository/Admin/Sprint 5/Advance Search/StatusDropdown' 

2021-12-20 15:30:43 - [MESSAGE][PASSED] - All options with label 'Inactive' are selected in object 'Object Repository/Admin/Sprint 5/Advance Search/StatusDropdown' 

2021-12-20 15:30:43 - [TEST_STEP][PASSED] - delay(3): Delayed 3 second(s)

2021-12-20 15:30:46 - [MESSAGE][PASSED] - Delayed 3 second(s)]]></system-out>
         <system-err><![CDATA[]]></system-err>
      </testcase>
      <testcase name="Test Cases/Sprint 5/FCSCMS-191/FCSCMS-1072" time="5.646" classname="Test Cases/Sprint 5/FCSCMS-191/FCSCMS-1072" status="PASSED">
         <system-out><![CDATA[2021-12-20 15:30:46 - [TEST_CASE][PASSED] - Test Cases/Sprint 5/FCSCMS-191/FCSCMS-1072: Test Cases/Sprint 5/FCSCMS-191/FCSCMS-1072

2021-12-20 15:30:46 - [TEST_STEP][PASSED] - setText(findTestObject("Admin/Sprint 5/Element Veification SP5/input_Address Line 1_Input_AS_AddressLine1"), "Line 1"): Text 'Line 1' is set on object 'Object Repository/Admin/Sprint 5/Element Veification SP5/input_Address Line 1_Input_AS_AddressLine1'

2021-12-20 15:30:47 - [MESSAGE][PASSED] - Text 'Line 1' is set on object 'Object Repository/Admin/Sprint 5/Element Veification SP5/input_Address Line 1_Input_AS_AddressLine1'

2021-12-20 15:30:47 - [TEST_STEP][PASSED] - delay(2): Delayed 2 second(s)

2021-12-20 15:30:49 - [MESSAGE][PASSED] - Delayed 2 second(s)

2021-12-20 15:30:49 - [TEST_STEP][PASSED] - setText(findTestObject("Admin/Sprint 5/Element Veification SP5/input_Address Line 2_Input_AS_AddressLine2"), "Line 2"): Text 'Line 2' is set on object 'Object Repository/Admin/Sprint 5/Element Veification SP5/input_Address Line 2_Input_AS_AddressLine2'

2021-12-20 15:30:49 - [MESSAGE][PASSED] - Text 'Line 2' is set on object 'Object Repository/Admin/Sprint 5/Element Veification SP5/input_Address Line 2_Input_AS_AddressLine2'

2021-12-20 15:30:49 - [TEST_STEP][PASSED] - delay(2): Delayed 2 second(s)

2021-12-20 15:30:51 - [MESSAGE][PASSED] - Delayed 2 second(s)]]></system-out>
         <system-err><![CDATA[]]></system-err>
      </testcase>
      <testcase name="Test Cases/Sprint 5/FCSCMS-191/FCSCMS-1073" time="5.018" classname="Test Cases/Sprint 5/FCSCMS-191/FCSCMS-1073" status="PASSED">
         <system-out><![CDATA[2021-12-20 15:30:51 - [TEST_CASE][PASSED] - Test Cases/Sprint 5/FCSCMS-191/FCSCMS-1073: Test Cases/Sprint 5/FCSCMS-191/FCSCMS-1073

2021-12-20 15:30:51 - [TEST_STEP][PASSED] - click(findTestObject("Admin/Sprint 5/CountryDropdown/CountryDropdown2")): Object: 'Object Repository/Admin/Sprint 5/CountryDropdown/CountryDropdown2' is clicked on

2021-12-20 15:30:52 - [MESSAGE][PASSED] - Object: 'Object Repository/Admin/Sprint 5/CountryDropdown/CountryDropdown2' is clicked on

2021-12-20 15:30:52 - [TEST_STEP][PASSED] - delay(1): Delayed 1 second(s)

2021-12-20 15:30:53 - [MESSAGE][PASSED] - Delayed 1 second(s)

2021-12-20 15:30:53 - [TEST_STEP][PASSED] - click(findTestObject("Admin/Sprint 5/CountryDropdown/div_United States")): Object: 'Object Repository/Admin/Sprint 5/CountryDropdown/div_United States' is clicked on

2021-12-20 15:30:53 - [MESSAGE][PASSED] - Object: 'Object Repository/Admin/Sprint 5/CountryDropdown/div_United States' is clicked on

2021-12-20 15:30:53 - [TEST_STEP][PASSED] - delay(3): Delayed 3 second(s)

2021-12-20 15:30:56 - [MESSAGE][PASSED] - Delayed 3 second(s)]]></system-out>
         <system-err><![CDATA[]]></system-err>
      </testcase>
      <testcase name="Test Cases/Sprint 5/FCSCMS-191/FCSCMS-1074" time="5.026" classname="Test Cases/Sprint 5/FCSCMS-191/FCSCMS-1074" status="PASSED">
         <system-out><![CDATA[2021-12-20 15:30:56 - [TEST_CASE][PASSED] - Test Cases/Sprint 5/FCSCMS-191/FCSCMS-1074: Test Cases/Sprint 5/FCSCMS-191/FCSCMS-1074

2021-12-20 15:30:56 - [TEST_STEP][PASSED] - click(findTestObject("Admin/Sprint 5/StateDropDown/StateDropDown")): Object: 'Object Repository/Admin/Sprint 5/StateDropDown/StateDropDown' is clicked on

2021-12-20 15:30:57 - [MESSAGE][PASSED] - Object: 'Object Repository/Admin/Sprint 5/StateDropDown/StateDropDown' is clicked on

2021-12-20 15:30:57 - [TEST_STEP][PASSED] - delay(2): Delayed 2 second(s)

2021-12-20 15:30:59 - [MESSAGE][PASSED] - Delayed 2 second(s)

2021-12-20 15:30:59 - [TEST_STEP][PASSED] - click(findTestObject("Admin/Sprint 5/StateDropDown/div_Alabama")): Object: 'Object Repository/Admin/Sprint 5/StateDropDown/div_Alabama' is clicked on

2021-12-20 15:30:59 - [MESSAGE][PASSED] - Object: 'Object Repository/Admin/Sprint 5/StateDropDown/div_Alabama' is clicked on

2021-12-20 15:30:59 - [TEST_STEP][PASSED] - delay(2): Delayed 2 second(s)

2021-12-20 15:31:01 - [MESSAGE][PASSED] - Delayed 2 second(s)]]></system-out>
         <system-err><![CDATA[]]></system-err>
      </testcase>
      <testcase name="Test Cases/Sprint 5/FCSCMS-191/FCSCMS-1075" time="2.806" classname="Test Cases/Sprint 5/FCSCMS-191/FCSCMS-1075" status="PASSED">
         <system-out><![CDATA[2021-12-20 15:31:01 - [TEST_CASE][PASSED] - Test Cases/Sprint 5/FCSCMS-191/FCSCMS-1075: Test Cases/Sprint 5/FCSCMS-191/FCSCMS-1075

2021-12-20 15:31:02 - [TEST_STEP][PASSED] - click(findTestObject("Admin/Sprint 5/CityDropDown/CityDropDown")): Object: 'Object Repository/Admin/Sprint 5/CityDropDown/CityDropDown' is clicked on

2021-12-20 15:31:02 - [MESSAGE][PASSED] - Object: 'Object Repository/Admin/Sprint 5/CityDropDown/CityDropDown' is clicked on

2021-12-20 15:31:02 - [TEST_STEP][PASSED] - delay(1): Delayed 1 second(s)

2021-12-20 15:31:03 - [MESSAGE][PASSED] - Delayed 1 second(s)

2021-12-20 15:31:03 - [TEST_STEP][PASSED] - setText(findTestObject("Admin/Sprint 5/CityDropDown/CityDropDownSearchField"), "Alexander"): Text 'Alexander' is set on object 'Object Repository/Admin/Sprint 5/CityDropDown/CityDropDownSearchField'

2021-12-20 15:31:04 - [MESSAGE][PASSED] - Text 'Alexander' is set on object 'Object Repository/Admin/Sprint 5/CityDropDown/CityDropDownSearchField'

2021-12-20 15:31:04 - [TEST_STEP][PASSED] - sendKeys(findTestObject("Admin/Sprint 5/CityDropDown/CityDropDownSearchField"), Keys.chord(ENTER)): Keys 'ENTER + ' sent to object: 'Object Repository/Admin/Sprint 5/CityDropDown/CityDropDownSearchField'

2021-12-20 15:31:04 - [MESSAGE][PASSED] - Keys 'ENTER + ' sent to object: 'Object Repository/Admin/Sprint 5/CityDropDown/CityDropDownSearchField']]></system-out>
         <system-err><![CDATA[]]></system-err>
      </testcase>
      <testcase name="Test Cases/Sprint 5/FCSCMS-191/FCSCMS-1076" time="10.35" classname="Test Cases/Sprint 5/FCSCMS-191/FCSCMS-1076" status="PASSED">
         <system-out><![CDATA[2021-12-20 15:31:04 - [TEST_CASE][PASSED] - Test Cases/Sprint 5/FCSCMS-191/FCSCMS-1076: Test Cases/Sprint 5/FCSCMS-191/FCSCMS-1076

2021-12-20 15:31:04 - [TEST_STEP][PASSED] - click(findTestObject("Admin/Sprint 5/ZipCodeDropDown/ZipCodeDropDown")): Object: 'Object Repository/Admin/Sprint 5/ZipCodeDropDown/ZipCodeDropDown' is clicked on

2021-12-20 15:31:05 - [MESSAGE][PASSED] - Object: 'Object Repository/Admin/Sprint 5/ZipCodeDropDown/ZipCodeDropDown' is clicked on

2021-12-20 15:31:05 - [TEST_STEP][PASSED] - delay(1): Delayed 1 second(s)

2021-12-20 15:31:06 - [MESSAGE][PASSED] - Delayed 1 second(s)

2021-12-20 15:31:06 - [TEST_STEP][PASSED] - click(findTestObject("Admin/Sprint 5/ZipCodeDropDown/div_35010")): Object: 'Object Repository/Admin/Sprint 5/ZipCodeDropDown/div_35010' is clicked on

2021-12-20 15:31:07 - [MESSAGE][PASSED] - Object: 'Object Repository/Admin/Sprint 5/ZipCodeDropDown/div_35010' is clicked on

2021-12-20 15:31:07 - [TEST_STEP][PASSED] - delay(2): Delayed 2 second(s)

2021-12-20 15:31:09 - [MESSAGE][PASSED] - Delayed 2 second(s)

2021-12-20 15:31:09 - [TEST_STEP][PASSED] - click(findTestObject("Admin/Sprint 5/Advance Search/button_Search(Advance)")): Object: 'Object Repository/Admin/Sprint 5/Advance Search/button_Search(Advance)' is clicked on

2021-12-20 15:31:09 - [MESSAGE][PASSED] - Object: 'Object Repository/Admin/Sprint 5/Advance Search/button_Search(Advance)' is clicked on

2021-12-20 15:31:09 - [TEST_STEP][PASSED] - delay(2): Delayed 2 second(s)

2021-12-20 15:31:11 - [MESSAGE][PASSED] - Delayed 2 second(s)

2021-12-20 15:31:11 - [TEST_STEP][PASSED] - verifyElementVisible(findTestObject("Admin/Sprint 5/Element Veification SP5/Smoke 1 Verification")): Object 'Object Repository/Admin/Sprint 5/Element Veification SP5/Smoke 1 Verification' is visible

2021-12-20 15:31:11 - [MESSAGE][PASSED] - Object 'Object Repository/Admin/Sprint 5/Element Veification SP5/Smoke 1 Verification' is visible

2021-12-20 15:31:11 - [TEST_STEP][PASSED] - delay(3): Delayed 3 second(s)

2021-12-20 15:31:14 - [MESSAGE][PASSED] - Delayed 3 second(s)]]></system-out>
         <system-err><![CDATA[]]></system-err>
      </testcase>
      <testcase name="Test Cases/Sprint 5/FCSCMS-191/FCSCMS-1077" time="8.464" classname="Test Cases/Sprint 5/FCSCMS-191/FCSCMS-1077" status="PASSED">
         <system-out><![CDATA[2021-12-20 15:31:14 - [TEST_CASE][PASSED] - Test Cases/Sprint 5/FCSCMS-191/FCSCMS-1077: Test Cases/Sprint 5/FCSCMS-191/FCSCMS-1077

2021-12-20 15:31:15 - [TEST_STEP][PASSED] - click(findTestObject("Admin/Sprint 5/Advance Search/button_Clear(Advance)")): Object: 'Object Repository/Admin/Sprint 5/Advance Search/button_Clear(Advance)' is clicked on

2021-12-20 15:31:15 - [MESSAGE][PASSED] - Object: 'Object Repository/Admin/Sprint 5/Advance Search/button_Clear(Advance)' is clicked on

2021-12-20 15:31:15 - [TEST_STEP][PASSED] - delay(3): Delayed 3 second(s)

2021-12-20 15:31:18 - [MESSAGE][PASSED] - Delayed 3 second(s)

2021-12-20 15:31:18 - [TEST_STEP][PASSED] - setText(findTestObject("Admin/Sprint 5/Element Veification SP5/input_Contact Name_Input_AS_ContactName"), "Richard"): Text 'Richard' is set on object 'Object Repository/Admin/Sprint 5/Element Veification SP5/input_Contact Name_Input_AS_ContactName'

2021-12-20 15:31:19 - [MESSAGE][PASSED] - Text 'Richard' is set on object 'Object Repository/Admin/Sprint 5/Element Veification SP5/input_Contact Name_Input_AS_ContactName'

2021-12-20 15:31:19 - [TEST_STEP][PASSED] - delay(1): Delayed 1 second(s)

2021-12-20 15:31:20 - [MESSAGE][PASSED] - Delayed 1 second(s)

2021-12-20 15:31:20 - [TEST_STEP][PASSED] - click(findTestObject("Admin/Sprint 5/Advance Search/button_Search(Advance)")): Object: 'Object Repository/Admin/Sprint 5/Advance Search/button_Search(Advance)' is clicked on

2021-12-20 15:31:20 - [MESSAGE][PASSED] - Object: 'Object Repository/Admin/Sprint 5/Advance Search/button_Search(Advance)' is clicked on

2021-12-20 15:31:20 - [TEST_STEP][PASSED] - delay(1): Delayed 1 second(s)

2021-12-20 15:31:21 - [MESSAGE][PASSED] - Delayed 1 second(s)

2021-12-20 15:31:21 - [TEST_STEP][PASSED] - verifyElementVisible(findTestObject("Admin/Sprint 5/Element Veification SP5/Smoke 1 Verification")): Object 'Object Repository/Admin/Sprint 5/Element Veification SP5/Smoke 1 Verification' is visible

2021-12-20 15:31:22 - [MESSAGE][PASSED] - Object 'Object Repository/Admin/Sprint 5/Element Veification SP5/Smoke 1 Verification' is visible

2021-12-20 15:31:22 - [TEST_STEP][PASSED] - delay(1): Delayed 1 second(s)

2021-12-20 15:31:23 - [MESSAGE][PASSED] - Delayed 1 second(s)

2021-12-20 15:31:23 - [TEST_STEP][PASSED] - click(findTestObject("Admin/Sprint 5/Advance Search/button_Clear(Advance)")): Object: 'Object Repository/Admin/Sprint 5/Advance Search/button_Clear(Advance)' is clicked on

2021-12-20 15:31:23 - [MESSAGE][PASSED] - Object: 'Object Repository/Admin/Sprint 5/Advance Search/button_Clear(Advance)' is clicked on]]></system-out>
         <system-err><![CDATA[]]></system-err>
      </testcase>
      <testcase name="Test Cases/Sprint 5/FCSCMS-191/FCSCMS-1078" time="9.209" classname="Test Cases/Sprint 5/FCSCMS-191/FCSCMS-1078" status="PASSED">
         <system-out><![CDATA[2021-12-20 15:31:23 - [TEST_CASE][PASSED] - Test Cases/Sprint 5/FCSCMS-191/FCSCMS-1078: Test Cases/Sprint 5/FCSCMS-191/FCSCMS-1078

2021-12-20 15:31:23 - [TEST_STEP][PASSED] - delay(2): Delayed 2 second(s)

2021-12-20 15:31:25 - [MESSAGE][PASSED] - Delayed 2 second(s)

2021-12-20 15:31:25 - [TEST_STEP][PASSED] - setText(findTestObject("Admin/Sprint 5/Element Veification SP5/input_Contact Email_Input_AS_ContactEmail"), "richard@gmail.com"): Text 'richard@gmail.com' is set on object 'Object Repository/Admin/Sprint 5/Element Veification SP5/input_Contact Email_Input_AS_ContactEmail'

2021-12-20 15:31:26 - [MESSAGE][PASSED] - Text 'richard@gmail.com' is set on object 'Object Repository/Admin/Sprint 5/Element Veification SP5/input_Contact Email_Input_AS_ContactEmail'

2021-12-20 15:31:26 - [TEST_STEP][PASSED] - delay(1): Delayed 1 second(s)

2021-12-20 15:31:27 - [MESSAGE][PASSED] - Delayed 1 second(s)

2021-12-20 15:31:27 - [TEST_STEP][PASSED] - click(findTestObject("Admin/Sprint 5/Advance Search/button_Search(Advance)")): Object: 'Object Repository/Admin/Sprint 5/Advance Search/button_Search(Advance)' is clicked on

2021-12-20 15:31:27 - [MESSAGE][PASSED] - Object: 'Object Repository/Admin/Sprint 5/Advance Search/button_Search(Advance)' is clicked on

2021-12-20 15:31:27 - [TEST_STEP][PASSED] - delay(2): Delayed 2 second(s)

2021-12-20 15:31:29 - [MESSAGE][PASSED] - Delayed 2 second(s)

2021-12-20 15:31:29 - [TEST_STEP][PASSED] - verifyElementVisible(findTestObject("Admin/Sprint 5/Element Veification SP5/Smoke 1 Verification")): Object 'Object Repository/Admin/Sprint 5/Element Veification SP5/Smoke 1 Verification' is visible

2021-12-20 15:31:30 - [MESSAGE][PASSED] - Object 'Object Repository/Admin/Sprint 5/Element Veification SP5/Smoke 1 Verification' is visible

2021-12-20 15:31:30 - [TEST_STEP][PASSED] - delay(2): Delayed 2 second(s)

2021-12-20 15:31:32 - [MESSAGE][PASSED] - Delayed 2 second(s)

2021-12-20 15:31:32 - [TEST_STEP][PASSED] - click(findTestObject("Admin/Sprint 5/Advance Search/button_Clear(Advance)")): Object: 'Object Repository/Admin/Sprint 5/Advance Search/button_Clear(Advance)' is clicked on

2021-12-20 15:31:32 - [MESSAGE][PASSED] - Object: 'Object Repository/Admin/Sprint 5/Advance Search/button_Clear(Advance)' is clicked on]]></system-out>
         <system-err><![CDATA[]]></system-err>
      </testcase>
      <testcase name="Test Cases/Sprint 5/FCSCMS-191/FCSCMS-1079" time="8.103" classname="Test Cases/Sprint 5/FCSCMS-191/FCSCMS-1079" status="PASSED">
         <system-out><![CDATA[2021-12-20 15:31:32 - [TEST_CASE][PASSED] - Test Cases/Sprint 5/FCSCMS-191/FCSCMS-1079: Test Cases/Sprint 5/FCSCMS-191/FCSCMS-1079

2021-12-20 15:31:32 - [TEST_STEP][PASSED] - delay(2): Delayed 2 second(s)

2021-12-20 15:31:34 - [MESSAGE][PASSED] - Delayed 2 second(s)

2021-12-20 15:31:34 - [TEST_STEP][PASSED] - setText(findTestObject("Admin/Sprint 5/Element Veification SP5/input_Contact Phone_Input_AS_ContactPhone"), "1234567890"): Text '1234567890' is set on object 'Object Repository/Admin/Sprint 5/Element Veification SP5/input_Contact Phone_Input_AS_ContactPhone'

2021-12-20 15:31:35 - [MESSAGE][PASSED] - Text '1234567890' is set on object 'Object Repository/Admin/Sprint 5/Element Veification SP5/input_Contact Phone_Input_AS_ContactPhone'

2021-12-20 15:31:35 - [TEST_STEP][PASSED] - delay(1): Delayed 1 second(s)

2021-12-20 15:31:36 - [MESSAGE][PASSED] - Delayed 1 second(s)

2021-12-20 15:31:36 - [TEST_STEP][PASSED] - click(findTestObject("Admin/Sprint 5/Advance Search/button_Search(Advance)")): Object: 'Object Repository/Admin/Sprint 5/Advance Search/button_Search(Advance)' is clicked on

2021-12-20 15:31:36 - [MESSAGE][PASSED] - Object: 'Object Repository/Admin/Sprint 5/Advance Search/button_Search(Advance)' is clicked on

2021-12-20 15:31:36 - [TEST_STEP][PASSED] - delay(2): Delayed 2 second(s)

2021-12-20 15:31:39 - [MESSAGE][PASSED] - Delayed 2 second(s)

2021-12-20 15:31:39 - [TEST_STEP][PASSED] - verifyElementVisible(findTestObject("Admin/Sprint 5/Element Veification SP5/Smoke 1 Verification")): Object 'Object Repository/Admin/Sprint 5/Element Veification SP5/Smoke 1 Verification' is visible

2021-12-20 15:31:39 - [MESSAGE][PASSED] - Object 'Object Repository/Admin/Sprint 5/Element Veification SP5/Smoke 1 Verification' is visible

2021-12-20 15:31:39 - [TEST_STEP][PASSED] - delay(1): Delayed 1 second(s)

2021-12-20 15:31:40 - [MESSAGE][PASSED] - Delayed 1 second(s)

2021-12-20 15:31:40 - [TEST_STEP][PASSED] - click(findTestObject("Admin/Sprint 5/Advance Search/button_Clear(Advance)")): Object: 'Object Repository/Admin/Sprint 5/Advance Search/button_Clear(Advance)' is clicked on

2021-12-20 15:31:40 - [MESSAGE][PASSED] - Object: 'Object Repository/Admin/Sprint 5/Advance Search/button_Clear(Advance)' is clicked on]]></system-out>
         <system-err><![CDATA[]]></system-err>
      </testcase>
      <testcase name="Test Cases/Sprint 5/FCSCMS-191/FCSCMS-1080" time="6.583" classname="Test Cases/Sprint 5/FCSCMS-191/FCSCMS-1080" status="PASSED">
         <system-out><![CDATA[2021-12-20 15:31:40 - [TEST_CASE][PASSED] - Test Cases/Sprint 5/FCSCMS-191/FCSCMS-1080: Test Cases/Sprint 5/FCSCMS-191/FCSCMS-1080

2021-12-20 15:31:40 - [TEST_STEP][PASSED] - delay(1): Delayed 1 second(s)

2021-12-20 15:31:41 - [MESSAGE][PASSED] - Delayed 1 second(s)

2021-12-20 15:31:41 - [TEST_STEP][PASSED] - setText(findTestObject("Admin/Sprint 5/Element Veification SP5/input_Sales Rep._Input_AS_ClientName2"), "AdminUser"): Text 'AdminUser' is set on object 'Object Repository/Admin/Sprint 5/Element Veification SP5/input_Sales Rep._Input_AS_ClientName2'

2021-12-20 15:31:43 - [MESSAGE][PASSED] - Text 'AdminUser' is set on object 'Object Repository/Admin/Sprint 5/Element Veification SP5/input_Sales Rep._Input_AS_ClientName2'

2021-12-20 15:31:43 - [TEST_STEP][PASSED] - delay(1): Delayed 1 second(s)

2021-12-20 15:31:44 - [MESSAGE][PASSED] - Delayed 1 second(s)

2021-12-20 15:31:44 - [TEST_STEP][PASSED] - click(findTestObject("Admin/Sprint 5/Advance Search/button_Search(Advance)")): Object: 'Object Repository/Admin/Sprint 5/Advance Search/button_Search(Advance)' is clicked on

2021-12-20 15:31:44 - [MESSAGE][PASSED] - Object: 'Object Repository/Admin/Sprint 5/Advance Search/button_Search(Advance)' is clicked on

2021-12-20 15:31:44 - [TEST_STEP][PASSED] - delay(1): Delayed 1 second(s)

2021-12-20 15:31:45 - [MESSAGE][PASSED] - Delayed 1 second(s)

2021-12-20 15:31:45 - [TEST_STEP][PASSED] - verifyElementVisible(findTestObject("Admin/Sprint 5/Element Veification SP5/Smoke 1 Verification")): Object 'Object Repository/Admin/Sprint 5/Element Veification SP5/Smoke 1 Verification' is visible

2021-12-20 15:31:45 - [MESSAGE][PASSED] - Object 'Object Repository/Admin/Sprint 5/Element Veification SP5/Smoke 1 Verification' is visible

2021-12-20 15:31:45 - [TEST_STEP][PASSED] - delay(1): Delayed 1 second(s)

2021-12-20 15:31:46 - [MESSAGE][PASSED] - Delayed 1 second(s)

2021-12-20 15:31:46 - [TEST_STEP][PASSED] - click(findTestObject("Admin/Sprint 5/Advance Search/button_Clear(Advance)")): Object: 'Object Repository/Admin/Sprint 5/Advance Search/button_Clear(Advance)' is clicked on

2021-12-20 15:31:47 - [MESSAGE][PASSED] - Object: 'Object Repository/Admin/Sprint 5/Advance Search/button_Clear(Advance)' is clicked on]]></system-out>
         <system-err><![CDATA[]]></system-err>
      </testcase>
      <testcase name="Test Cases/Sprint 5/FCSCMS-191/FCSCMS-1081" time="5.131" classname="Test Cases/Sprint 5/FCSCMS-191/FCSCMS-1081" status="PASSED">
         <system-out><![CDATA[2021-12-20 15:31:47 - [TEST_CASE][PASSED] - Test Cases/Sprint 5/FCSCMS-191/FCSCMS-1081: Test Cases/Sprint 5/FCSCMS-191/FCSCMS-1081

2021-12-20 15:31:47 - [TEST_STEP][PASSED] - delay(1): Delayed 1 second(s)

2021-12-20 15:31:48 - [MESSAGE][PASSED] - Delayed 1 second(s)

2021-12-20 15:31:48 - [TEST_STEP][PASSED] - setText(findTestObject("Admin/Sprint 5/Element Veification SP5/input_Account Manager_Input_AS_ClientName"), "Anon User"): Text 'Anon User' is set on object 'Object Repository/Admin/Sprint 5/Element Veification SP5/input_Account Manager_Input_AS_ClientName'

2021-12-20 15:31:49 - [MESSAGE][PASSED] - Text 'Anon User' is set on object 'Object Repository/Admin/Sprint 5/Element Veification SP5/input_Account Manager_Input_AS_ClientName'

2021-12-20 15:31:49 - [TEST_STEP][PASSED] - delay(1): Delayed 1 second(s)

2021-12-20 15:31:50 - [MESSAGE][PASSED] - Delayed 1 second(s)

2021-12-20 15:31:50 - [TEST_STEP][PASSED] - click(findTestObject("Admin/Sprint 5/Advance Search/button_Search(Advance)")): Object: 'Object Repository/Admin/Sprint 5/Advance Search/button_Search(Advance)' is clicked on

2021-12-20 15:31:51 - [MESSAGE][PASSED] - Object: 'Object Repository/Admin/Sprint 5/Advance Search/button_Search(Advance)' is clicked on

2021-12-20 15:31:51 - [TEST_STEP][PASSED] - delay(1): Delayed 1 second(s)

2021-12-20 15:31:52 - [MESSAGE][PASSED] - Delayed 1 second(s)

2021-12-20 15:31:52 - [TEST_STEP][PASSED] - verifyElementVisible(findTestObject("Admin/Sprint 5/Element Veification SP5/Smoke 1 Verification")): Object 'Object Repository/Admin/Sprint 5/Element Veification SP5/Smoke 1 Verification' is visible

2021-12-20 15:31:52 - [MESSAGE][PASSED] - Object 'Object Repository/Admin/Sprint 5/Element Veification SP5/Smoke 1 Verification' is visible]]></system-out>
         <system-err><![CDATA[]]></system-err>
      </testcase>
      <system-out><![CDATA[2021-12-20 15:29:57 - [TEST_SUITE][PASSED] - FCSCMS-191 (Organizations - Client Profile - Search Clients): Test Cases/Sprint 5/FCSCMS-191/FCSCMS-1081]]></system-out>
      <system-err><![CDATA[]]></system-err>
   </testsuite>
</testsuites>
