<?xml version="1.0" encoding="UTF-8"?>
<testsuites name="FCSCMS-191 (Organizations - Client Profile - Search Clients)" time="88.533" tests="13" failures="0" errors="0">
   <testsuite name="FCSCMS-191 (Organizations - Client Profile - Search Clients)" tests="13" failures="0" errors="0" time="88.533" timestamp="2021-12-20 14:37:13" hostname="me - DESKTOP-S7SF50D" id="Test Suites/Sprint 5/FCSCMS-191 (Organizations - Client Profile - Search Clients)">
      <properties>
         <property name="deviceName" value=""/>
         <property name="devicePlatform" value=""/>
         <property name="logFolder" value="C:\\Users\\me\\git\\nexterous-automation\\Reports\\20211220_143701\\Sprint 5\\FCSCMS-191 (Organizations - Client Profile - Search Clients)\\20211220_143701"/>
         <property name="logFiles" value="C:\\Users\\me\\git\\nexterous-automation\\Reports\\20211220_143701\\Sprint 5\\FCSCMS-191 (Organizations - Client Profile - Search Clients)\\20211220_143701\\execution0.log"/>
         <property name="attachments" value=""/>
         <property name="hostName" value="me - DESKTOP-S7SF50D"/>
         <property name="os" value="Windows 10 64bit"/>
         <property name="katalonVersion" value="7.7.0.205"/>
         <property name="browser" value="Chrome 96.0.4664.110"/>
         <property name="hostAddress" value="192.168.100.7"/>
         <property name="sessionId" value="60b5f0a9875ca5e0aa6cbf54027f42f4"/>
         <property name="seleniumVersion" value="3.141.59"/>
         <property name="proxyInformation" value="ProxyInformation { proxyOption=NO_PROXY, proxyServerType=HTTP, username=, password=********, proxyServerAddress=, proxyServerPort=0, executionList=&quot;&quot;, isApplyToDesiredCapabilities=true }"/>
         <property name="platform" value="Windows 10"/>
      </properties>
      <testcase name="Test Cases/Sprint 5/FCSCMS-191/FCSCMS-1065" time="15.202" classname="Test Cases/Sprint 5/FCSCMS-191/FCSCMS-1065" status="PASSED">
         <system-out><![CDATA[2021-12-20 14:37:14 - [TEST_CASE][PASSED] - Test Cases/Sprint 5/FCSCMS-191/FCSCMS-1065: Test Cases/Sprint 5/FCSCMS-191/FCSCMS-1065

2021-12-20 14:37:15 - [TEST_STEP][PASSED] - openBrowser(""): Browser is opened with url: ''

2021-12-20 14:37:15 - [MESSAGE][INFO] - Starting 'Chrome' driver

2021-12-20 14:37:15 - [MESSAGE][INFO] - Action delay is set to 0 milliseconds

2021-12-20 14:37:19 - [MESSAGE][PASSED] - Browser is opened with url: ''

2021-12-20 14:37:19 - [TEST_STEP][PASSED] - navigateToUrl("https://nexterus-tst.outsystemsenterprise.com/FusionCenter/Login"): Navigate to 'https://nexterus-tst.outsystemsenterprise.com/FusionCenter/Login' successfully

2021-12-20 14:37:22 - [MESSAGE][PASSED] - Navigate to 'https://nexterus-tst.outsystemsenterprise.com/FusionCenter/Login' successfully

2021-12-20 14:37:22 - [TEST_STEP][PASSED] - maximizeWindow(): Current window maximized

2021-12-20 14:37:22 - [MESSAGE][PASSED] - Current window maximized

2021-12-20 14:37:22 - [TEST_STEP][PASSED] - delay(3): Delayed 3 second(s)

2021-12-20 14:37:25 - [MESSAGE][PASSED] - Delayed 3 second(s)

2021-12-20 14:37:25 - [TEST_STEP][PASSED] - setText(findTestObject("Login/Username_Field"), "admin"): Text 'admin' is set on object 'Object Repository/Login/Username_Field'

2021-12-20 14:37:26 - [MESSAGE][PASSED] - Text 'admin' is set on object 'Object Repository/Login/Username_Field'

2021-12-20 14:37:26 - [TEST_STEP][PASSED] - delay(1): Delayed 1 second(s)

2021-12-20 14:37:27 - [MESSAGE][PASSED] - Delayed 1 second(s)

2021-12-20 14:37:27 - [TEST_STEP][PASSED] - setText(findTestObject("Login/Password_Field"), "admin"): Text 'admin' is set on object 'Object Repository/Login/Password_Field'

2021-12-20 14:37:28 - [MESSAGE][PASSED] - Text 'admin' is set on object 'Object Repository/Login/Password_Field'

2021-12-20 14:37:28 - [TEST_STEP][PASSED] - delay(1): Delayed 1 second(s)

2021-12-20 14:37:29 - [MESSAGE][PASSED] - Delayed 1 second(s)

2021-12-20 14:37:29 - [TEST_STEP][PASSED] - click(findTestObject("Login/BTN_Login")): Object: 'Object Repository/Login/BTN_Login' is clicked on

2021-12-20 14:37:29 - [MESSAGE][PASSED] - Object: 'Object Repository/Login/BTN_Login' is clicked on]]></system-out>
         <system-err><![CDATA[]]></system-err>
      </testcase>
      <testcase name="Test Cases/Sprint 5/FCSCMS-191/FCSCMS-1066" time="7.794" classname="Test Cases/Sprint 5/FCSCMS-191/FCSCMS-1066" status="PASSED">
         <system-out><![CDATA[2021-12-20 14:37:29 - [TEST_CASE][PASSED] - Test Cases/Sprint 5/FCSCMS-191/FCSCMS-1066: Test Cases/Sprint 5/FCSCMS-191/FCSCMS-1066

2021-12-20 14:37:29 - [TEST_STEP][PASSED] - delay(2): Delayed 2 second(s)

2021-12-20 14:37:31 - [MESSAGE][PASSED] - Delayed 2 second(s)

2021-12-20 14:37:31 - [TEST_STEP][PASSED] - click(findTestObject("Admin/Sprint 5/a_Clients")): Object: 'Object Repository/Admin/Sprint 5/a_Clients' is clicked on

2021-12-20 14:37:34 - [MESSAGE][PASSED] - Object: 'Object Repository/Admin/Sprint 5/a_Clients' is clicked on

2021-12-20 14:37:34 - [TEST_STEP][PASSED] - verifyElementPresent(findTestObject("Admin/Sprint 5/SearchBar"), 0): Object 'Object Repository/Admin/Sprint 5/SearchBar' is present

2021-12-20 14:37:34 - [MESSAGE][WARNING] - Timeout '0' is invalid. Using default page load timeout: '30'

2021-12-20 14:37:36 - [MESSAGE][PASSED] - Object 'Object Repository/Admin/Sprint 5/SearchBar' is present

2021-12-20 14:37:36 - [TEST_STEP][PASSED] - verifyElementPresent(findTestObject("Admin/Sprint 5/ClientListDashboard"), 0): Object 'Object Repository/Admin/Sprint 5/ClientListDashboard' is present

2021-12-20 14:37:37 - [MESSAGE][WARNING] - Timeout '0' is invalid. Using default page load timeout: '30'

2021-12-20 14:37:37 - [MESSAGE][PASSED] - Object 'Object Repository/Admin/Sprint 5/ClientListDashboard' is present]]></system-out>
         <system-err><![CDATA[]]></system-err>
      </testcase>
      <testcase name="Test Cases/Sprint 5/FCSCMS-191/FCSCMS-1067" time="3.333" classname="Test Cases/Sprint 5/FCSCMS-191/FCSCMS-1067" status="PASSED">
         <system-out><![CDATA[2021-12-20 14:37:37 - [TEST_CASE][PASSED] - Test Cases/Sprint 5/FCSCMS-191/FCSCMS-1067: Test Cases/Sprint 5/FCSCMS-191/FCSCMS-1067

2021-12-20 14:37:37 - [TEST_STEP][PASSED] - setText(findTestObject("Admin/Sprint 5/SearchBar"), "Smoke 1"): Text 'Smoke 1' is set on object 'Object Repository/Admin/Sprint 5/SearchBar'

2021-12-20 14:37:38 - [MESSAGE][PASSED] - Text 'Smoke 1' is set on object 'Object Repository/Admin/Sprint 5/SearchBar'

2021-12-20 14:37:38 - [TEST_STEP][PASSED] - verifyElementNotHasAttribute(findTestObject("Admin/Sprint 5/SearchBar"), "Smoke 1", 3): Object 'Object Repository/Admin/Sprint 5/SearchBar' does not have attribute 'Smoke 1'

2021-12-20 14:37:38 - [MESSAGE][PASSED] - Object 'Object Repository/Admin/Sprint 5/SearchBar' does not have attribute 'Smoke 1'

2021-12-20 14:37:38 - [TEST_STEP][PASSED] - delay(2): Delayed 2 second(s)

2021-12-20 14:37:40 - [MESSAGE][PASSED] - Delayed 2 second(s)]]></system-out>
         <system-err><![CDATA[]]></system-err>
      </testcase>
      <testcase name="Test Cases/Sprint 5/FCSCMS-191/FCSCMS-1068" time="9.959" classname="Test Cases/Sprint 5/FCSCMS-191/FCSCMS-1068" status="PASSED">
         <system-out><![CDATA[2021-12-20 14:37:40 - [TEST_CASE][PASSED] - Test Cases/Sprint 5/FCSCMS-191/FCSCMS-1068: Test Cases/Sprint 5/FCSCMS-191/FCSCMS-1068

2021-12-20 14:37:40 - [TEST_STEP][PASSED] - click(findTestObject("Admin/Sprint 5/SearchButton")): Object: 'Object Repository/Admin/Sprint 5/SearchButton' is clicked on

2021-12-20 14:37:41 - [MESSAGE][PASSED] - Object: 'Object Repository/Admin/Sprint 5/SearchButton' is clicked on

2021-12-20 14:37:41 - [TEST_STEP][PASSED] - delay(2): Delayed 2 second(s)

2021-12-20 14:37:43 - [MESSAGE][PASSED] - Delayed 2 second(s)

2021-12-20 14:37:43 - [TEST_STEP][PASSED] - verifyElementVisible(findTestObject("Admin/Sprint 5/SearchResults")): Object 'Object Repository/Admin/Sprint 5/SearchResults' is visible

2021-12-20 14:37:43 - [MESSAGE][PASSED] - Object 'Object Repository/Admin/Sprint 5/SearchResults' is visible

2021-12-20 14:37:43 - [TEST_STEP][PASSED] - delay(1): Delayed 1 second(s)

2021-12-20 14:37:44 - [MESSAGE][PASSED] - Delayed 1 second(s)

2021-12-20 14:37:44 - [TEST_STEP][PASSED] - clearText(findTestObject("Admin/Sprint 5/SearchBar")): Text of object 'Object Repository/Admin/Sprint 5/SearchBar' is cleared

2021-12-20 14:37:45 - [MESSAGE][PASSED] - Text of object 'Object Repository/Admin/Sprint 5/SearchBar' is cleared

2021-12-20 14:37:45 - [TEST_STEP][PASSED] - delay(1): Delayed 1 second(s)

2021-12-20 14:37:46 - [MESSAGE][PASSED] - Delayed 1 second(s)

2021-12-20 14:37:46 - [TEST_STEP][PASSED] - setText(findTestObject("Admin/Sprint 5/SearchBar"), "Alabama"): Text 'Alabama' is set on object 'Object Repository/Admin/Sprint 5/SearchBar'

2021-12-20 14:37:46 - [MESSAGE][PASSED] - Text 'Alabama' is set on object 'Object Repository/Admin/Sprint 5/SearchBar'

2021-12-20 14:37:46 - [TEST_STEP][PASSED] - delay(1): Delayed 1 second(s)

2021-12-20 14:37:47 - [MESSAGE][PASSED] - Delayed 1 second(s)

2021-12-20 14:37:47 - [TEST_STEP][PASSED] - click(findTestObject("Admin/Sprint 5/SearchButton")): Object: 'Object Repository/Admin/Sprint 5/SearchButton' is clicked on

2021-12-20 14:37:48 - [MESSAGE][PASSED] - Object: 'Object Repository/Admin/Sprint 5/SearchButton' is clicked on

2021-12-20 14:37:48 - [TEST_STEP][PASSED] - delay(1): Delayed 1 second(s)

2021-12-20 14:37:49 - [MESSAGE][PASSED] - Delayed 1 second(s)

2021-12-20 14:37:49 - [TEST_STEP][PASSED] - verifyElementVisible(findTestObject("Admin/Sprint 5/td_State")): Object 'Object Repository/Admin/Sprint 5/td_State' is visible

2021-12-20 14:37:49 - [MESSAGE][PASSED] - Object 'Object Repository/Admin/Sprint 5/td_State' is visible

2021-12-20 14:37:49 - [TEST_STEP][PASSED] - delay(1): Delayed 1 second(s)

2021-12-20 14:37:50 - [MESSAGE][PASSED] - Delayed 1 second(s)]]></system-out>
         <system-err><![CDATA[]]></system-err>
      </testcase>
      <testcase name="Test Cases/Sprint 5/FCSCMS-191/FCSCMS-1069" time="5.0" classname="Test Cases/Sprint 5/FCSCMS-191/FCSCMS-1069" status="PASSED">
         <system-out><![CDATA[2021-12-20 14:37:50 - [TEST_CASE][PASSED] - Test Cases/Sprint 5/FCSCMS-191/FCSCMS-1069: Test Cases/Sprint 5/FCSCMS-191/FCSCMS-1069

2021-12-20 14:37:50 - [TEST_STEP][PASSED] - click(findTestObject("Admin/Sprint 5/button_Advanced Search")): Object: 'Object Repository/Admin/Sprint 5/button_Advanced Search' is clicked on

2021-12-20 14:37:51 - [MESSAGE][PASSED] - Object: 'Object Repository/Admin/Sprint 5/button_Advanced Search' is clicked on

2021-12-20 14:37:51 - [TEST_STEP][PASSED] - verifyElementVisible(findTestObject("Admin/Sprint 5/Element Veification SP5/div_Select        Select")): Object 'Object Repository/Admin/Sprint 5/Element Veification SP5/div_Select        Select' is visible

2021-12-20 14:37:52 - [MESSAGE][PASSED] - Object 'Object Repository/Admin/Sprint 5/Element Veification SP5/div_Select        Select' is visible

2021-12-20 14:37:52 - [TEST_STEP][PASSED] - verifyElementVisible(findTestObject("Admin/Sprint 5/Element Veification SP5/input_Account Manager_Input_AS_ClientName")): Object 'Object Repository/Admin/Sprint 5/Element Veification SP5/input_Account Manager_Input_AS_ClientName' is visible

2021-12-20 14:37:52 - [MESSAGE][PASSED] - Object 'Object Repository/Admin/Sprint 5/Element Veification SP5/input_Account Manager_Input_AS_ClientName' is visible

2021-12-20 14:37:52 - [TEST_STEP][PASSED] - verifyElementVisible(findTestObject("Admin/Sprint 5/Element Veification SP5/input_Address Line 1_Input_AS_AddressLine1")): Object 'Object Repository/Admin/Sprint 5/Element Veification SP5/input_Address Line 1_Input_AS_AddressLine1' is visible

2021-12-20 14:37:52 - [MESSAGE][PASSED] - Object 'Object Repository/Admin/Sprint 5/Element Veification SP5/input_Address Line 1_Input_AS_AddressLine1' is visible

2021-12-20 14:37:52 - [TEST_STEP][PASSED] - verifyElementVisible(findTestObject("Admin/Sprint 5/Element Veification SP5/input_Address Line 2_Input_AS_AddressLine2")): Object 'Object Repository/Admin/Sprint 5/Element Veification SP5/input_Address Line 2_Input_AS_AddressLine2' is visible

2021-12-20 14:37:53 - [MESSAGE][PASSED] - Object 'Object Repository/Admin/Sprint 5/Element Veification SP5/input_Address Line 2_Input_AS_AddressLine2' is visible

2021-12-20 14:37:53 - [TEST_STEP][PASSED] - verifyElementVisible(findTestObject("Admin/Sprint 5/Element Veification SP5/input_Client Name_Input_ClientName")): Object 'Object Repository/Admin/Sprint 5/Element Veification SP5/input_Client Name_Input_ClientName' is visible

2021-12-20 14:37:53 - [MESSAGE][PASSED] - Object 'Object Repository/Admin/Sprint 5/Element Veification SP5/input_Client Name_Input_ClientName' is visible

2021-12-20 14:37:53 - [TEST_STEP][PASSED] - verifyElementVisible(findTestObject("Admin/Sprint 5/Element Veification SP5/input_Contact Email_Input_AS_ContactEmail")): Object 'Object Repository/Admin/Sprint 5/Element Veification SP5/input_Contact Email_Input_AS_ContactEmail' is visible

2021-12-20 14:37:54 - [MESSAGE][PASSED] - Object 'Object Repository/Admin/Sprint 5/Element Veification SP5/input_Contact Email_Input_AS_ContactEmail' is visible

2021-12-20 14:37:54 - [TEST_STEP][PASSED] - verifyElementVisible(findTestObject("Admin/Sprint 5/Element Veification SP5/input_Contact Name_Input_AS_ContactName")): Object 'Object Repository/Admin/Sprint 5/Element Veification SP5/input_Contact Name_Input_AS_ContactName' is visible

2021-12-20 14:37:54 - [MESSAGE][PASSED] - Object 'Object Repository/Admin/Sprint 5/Element Veification SP5/input_Contact Name_Input_AS_ContactName' is visible

2021-12-20 14:37:54 - [TEST_STEP][PASSED] - verifyElementVisible(findTestObject("Admin/Sprint 5/Element Veification SP5/input_Contact Phone_Input_AS_ContactPhone")): Object 'Object Repository/Admin/Sprint 5/Element Veification SP5/input_Contact Phone_Input_AS_ContactPhone' is visible

2021-12-20 14:37:54 - [MESSAGE][PASSED] - Object 'Object Repository/Admin/Sprint 5/Element Veification SP5/input_Contact Phone_Input_AS_ContactPhone' is visible

2021-12-20 14:37:54 - [TEST_STEP][PASSED] - verifyElementVisible(findTestObject("Admin/Sprint 5/Element Veification SP5/input_Sales Rep._Input_AS_ClientName2")): Object 'Object Repository/Admin/Sprint 5/Element Veification SP5/input_Sales Rep._Input_AS_ClientName2' is visible

2021-12-20 14:37:55 - [MESSAGE][PASSED] - Object 'Object Repository/Admin/Sprint 5/Element Veification SP5/input_Sales Rep._Input_AS_ClientName2' is visible

2021-12-20 14:37:55 - [TEST_STEP][PASSED] - verifyElementVisible(findTestObject("Admin/Sprint 5/Element Veification SP5/select_SelectActiveInactive")): Object 'Object Repository/Admin/Sprint 5/Element Veification SP5/select_SelectActiveInactive' is visible

2021-12-20 14:37:55 - [MESSAGE][PASSED] - Object 'Object Repository/Admin/Sprint 5/Element Veification SP5/select_SelectActiveInactive' is visible]]></system-out>
         <system-err><![CDATA[]]></system-err>
      </testcase>
      <testcase name="Test Cases/Sprint 5/FCSCMS-191/FCSCMS-1070" time="3.942" classname="Test Cases/Sprint 5/FCSCMS-191/FCSCMS-1070" status="PASSED">
         <system-out><![CDATA[2021-12-20 14:37:55 - [TEST_CASE][PASSED] - Test Cases/Sprint 5/FCSCMS-191/FCSCMS-1070: Test Cases/Sprint 5/FCSCMS-191/FCSCMS-1070

2021-12-20 14:37:55 - [TEST_STEP][PASSED] - delay(2): Delayed 2 second(s)

2021-12-20 14:37:57 - [MESSAGE][PASSED] - Delayed 2 second(s)

2021-12-20 14:37:57 - [TEST_STEP][PASSED] - setText(findTestObject("Admin/Sprint 5/Element Veification SP5/input_Client Name_Input_ClientName"), "Smoke 1"): Text 'Smoke 1' is set on object 'Object Repository/Admin/Sprint 5/Element Veification SP5/input_Client Name_Input_ClientName'

2021-12-20 14:37:58 - [MESSAGE][PASSED] - Text 'Smoke 1' is set on object 'Object Repository/Admin/Sprint 5/Element Veification SP5/input_Client Name_Input_ClientName'

2021-12-20 14:37:58 - [TEST_STEP][PASSED] - delay(1): Delayed 1 second(s)

2021-12-20 14:37:59 - [MESSAGE][PASSED] - Delayed 1 second(s)]]></system-out>
         <system-err><![CDATA[]]></system-err>
      </testcase>
      <testcase name="Test Cases/Sprint 5/FCSCMS-191/FCSCMS-1071" time="3.904" classname="Test Cases/Sprint 5/FCSCMS-191/FCSCMS-1071" status="PASSED">
         <system-out><![CDATA[2021-12-20 14:37:59 - [TEST_CASE][PASSED] - Test Cases/Sprint 5/FCSCMS-191/FCSCMS-1071: Test Cases/Sprint 5/FCSCMS-191/FCSCMS-1071

2021-12-20 14:37:59 - [TEST_STEP][PASSED] - selectOptionByLabel(findTestObject("Admin/Sprint 5/Advance Search/StatusDropdown"), "Inactive", false): All options with label 'Inactive' are selected in object 'Object Repository/Admin/Sprint 5/Advance Search/StatusDropdown' 

2021-12-20 14:38:00 - [MESSAGE][PASSED] - All options with label 'Inactive' are selected in object 'Object Repository/Admin/Sprint 5/Advance Search/StatusDropdown' 

2021-12-20 14:38:00 - [TEST_STEP][PASSED] - delay(3): Delayed 3 second(s)

2021-12-20 14:38:03 - [MESSAGE][PASSED] - Delayed 3 second(s)]]></system-out>
         <system-err><![CDATA[]]></system-err>
      </testcase>
      <testcase name="Test Cases/Sprint 5/FCSCMS-191/FCSCMS-1072" time="5.719" classname="Test Cases/Sprint 5/FCSCMS-191/FCSCMS-1072" status="PASSED">
         <system-out><![CDATA[2021-12-20 14:38:03 - [TEST_CASE][PASSED] - Test Cases/Sprint 5/FCSCMS-191/FCSCMS-1072: Test Cases/Sprint 5/FCSCMS-191/FCSCMS-1072

2021-12-20 14:38:03 - [TEST_STEP][PASSED] - setText(findTestObject("Admin/Sprint 5/Element Veification SP5/input_Address Line 1_Input_AS_AddressLine1"), "Line 1"): Text 'Line 1' is set on object 'Object Repository/Admin/Sprint 5/Element Veification SP5/input_Address Line 1_Input_AS_AddressLine1'

2021-12-20 14:38:04 - [MESSAGE][PASSED] - Text 'Line 1' is set on object 'Object Repository/Admin/Sprint 5/Element Veification SP5/input_Address Line 1_Input_AS_AddressLine1'

2021-12-20 14:38:04 - [TEST_STEP][PASSED] - delay(2): Delayed 2 second(s)

2021-12-20 14:38:06 - [MESSAGE][PASSED] - Delayed 2 second(s)

2021-12-20 14:38:06 - [TEST_STEP][PASSED] - setText(findTestObject("Admin/Sprint 5/Element Veification SP5/input_Address Line 2_Input_AS_AddressLine2"), "Line 2"): Text 'Line 2' is set on object 'Object Repository/Admin/Sprint 5/Element Veification SP5/input_Address Line 2_Input_AS_AddressLine2'

2021-12-20 14:38:07 - [MESSAGE][PASSED] - Text 'Line 2' is set on object 'Object Repository/Admin/Sprint 5/Element Veification SP5/input_Address Line 2_Input_AS_AddressLine2'

2021-12-20 14:38:07 - [TEST_STEP][PASSED] - delay(2): Delayed 2 second(s)

2021-12-20 14:38:09 - [MESSAGE][PASSED] - Delayed 2 second(s)]]></system-out>
         <system-err><![CDATA[]]></system-err>
      </testcase>
      <testcase name="Test Cases/Sprint 5/FCSCMS-191/FCSCMS-1073" time="5.114" classname="Test Cases/Sprint 5/FCSCMS-191/FCSCMS-1073" status="PASSED">
         <system-out><![CDATA[2021-12-20 14:38:09 - [TEST_CASE][PASSED] - Test Cases/Sprint 5/FCSCMS-191/FCSCMS-1073: Test Cases/Sprint 5/FCSCMS-191/FCSCMS-1073

2021-12-20 14:38:09 - [TEST_STEP][PASSED] - click(findTestObject("Admin/Sprint 5/CountryDropdown/CountryDropdown2")): Object: 'Object Repository/Admin/Sprint 5/CountryDropdown/CountryDropdown2' is clicked on

2021-12-20 14:38:09 - [MESSAGE][PASSED] - Object: 'Object Repository/Admin/Sprint 5/CountryDropdown/CountryDropdown2' is clicked on

2021-12-20 14:38:09 - [TEST_STEP][PASSED] - delay(1): Delayed 1 second(s)

2021-12-20 14:38:10 - [MESSAGE][PASSED] - Delayed 1 second(s)

2021-12-20 14:38:10 - [TEST_STEP][PASSED] - click(findTestObject("Admin/Sprint 5/CountryDropdown/div_United States")): Object: 'Object Repository/Admin/Sprint 5/CountryDropdown/div_United States' is clicked on

2021-12-20 14:38:11 - [MESSAGE][PASSED] - Object: 'Object Repository/Admin/Sprint 5/CountryDropdown/div_United States' is clicked on

2021-12-20 14:38:11 - [TEST_STEP][PASSED] - delay(3): Delayed 3 second(s)

2021-12-20 14:38:14 - [MESSAGE][PASSED] - Delayed 3 second(s)]]></system-out>
         <system-err><![CDATA[]]></system-err>
      </testcase>
      <testcase name="Test Cases/Sprint 5/FCSCMS-191/FCSCMS-1074" time="5.006" classname="Test Cases/Sprint 5/FCSCMS-191/FCSCMS-1074" status="PASSED">
         <system-out><![CDATA[2021-12-20 14:38:14 - [TEST_CASE][PASSED] - Test Cases/Sprint 5/FCSCMS-191/FCSCMS-1074: Test Cases/Sprint 5/FCSCMS-191/FCSCMS-1074

2021-12-20 14:38:14 - [TEST_STEP][PASSED] - click(findTestObject("Admin/Sprint 5/StateDropDown/StateDropDown")): Object: 'Object Repository/Admin/Sprint 5/StateDropDown/StateDropDown' is clicked on

2021-12-20 14:38:14 - [MESSAGE][PASSED] - Object: 'Object Repository/Admin/Sprint 5/StateDropDown/StateDropDown' is clicked on

2021-12-20 14:38:14 - [TEST_STEP][PASSED] - delay(2): Delayed 2 second(s)

2021-12-20 14:38:16 - [MESSAGE][PASSED] - Delayed 2 second(s)

2021-12-20 14:38:16 - [TEST_STEP][PASSED] - click(findTestObject("Admin/Sprint 5/StateDropDown/div_Alabama")): Object: 'Object Repository/Admin/Sprint 5/StateDropDown/div_Alabama' is clicked on

2021-12-20 14:38:17 - [MESSAGE][PASSED] - Object: 'Object Repository/Admin/Sprint 5/StateDropDown/div_Alabama' is clicked on

2021-12-20 14:38:17 - [TEST_STEP][PASSED] - delay(2): Delayed 2 second(s)

2021-12-20 14:38:19 - [MESSAGE][PASSED] - Delayed 2 second(s)]]></system-out>
         <system-err><![CDATA[]]></system-err>
      </testcase>
      <testcase name="Test Cases/Sprint 5/FCSCMS-191/FCSCMS-1075" time="2.917" classname="Test Cases/Sprint 5/FCSCMS-191/FCSCMS-1075" status="PASSED">
         <system-out><![CDATA[2021-12-20 14:38:19 - [TEST_CASE][PASSED] - Test Cases/Sprint 5/FCSCMS-191/FCSCMS-1075: Test Cases/Sprint 5/FCSCMS-191/FCSCMS-1075

2021-12-20 14:38:19 - [TEST_STEP][PASSED] - click(findTestObject("Admin/Sprint 5/CityDropDown/CityDropDown")): Object: 'Object Repository/Admin/Sprint 5/CityDropDown/CityDropDown' is clicked on

2021-12-20 14:38:19 - [MESSAGE][PASSED] - Object: 'Object Repository/Admin/Sprint 5/CityDropDown/CityDropDown' is clicked on

2021-12-20 14:38:19 - [TEST_STEP][PASSED] - delay(1): Delayed 1 second(s)

2021-12-20 14:38:20 - [MESSAGE][PASSED] - Delayed 1 second(s)

2021-12-20 14:38:20 - [TEST_STEP][PASSED] - setText(findTestObject("Admin/Sprint 5/CityDropDown/CityDropDownSearchField"), "Alexander"): Text 'Alexander' is set on object 'Object Repository/Admin/Sprint 5/CityDropDown/CityDropDownSearchField'

2021-12-20 14:38:21 - [MESSAGE][PASSED] - Text 'Alexander' is set on object 'Object Repository/Admin/Sprint 5/CityDropDown/CityDropDownSearchField'

2021-12-20 14:38:21 - [TEST_STEP][PASSED] - sendKeys(findTestObject("Admin/Sprint 5/CityDropDown/CityDropDownSearchField"), Keys.chord(ENTER)): Keys 'ENTER + ' sent to object: 'Object Repository/Admin/Sprint 5/CityDropDown/CityDropDownSearchField'

2021-12-20 14:38:22 - [MESSAGE][PASSED] - Keys 'ENTER + ' sent to object: 'Object Repository/Admin/Sprint 5/CityDropDown/CityDropDownSearchField']]></system-out>
         <system-err><![CDATA[]]></system-err>
      </testcase>
      <testcase name="Test Cases/Sprint 5/FCSCMS-191/FCSCMS-1076" time="10.292" classname="Test Cases/Sprint 5/FCSCMS-191/FCSCMS-1076" status="PASSED">
         <system-out><![CDATA[2021-12-20 14:38:22 - [TEST_CASE][PASSED] - Test Cases/Sprint 5/FCSCMS-191/FCSCMS-1076: Test Cases/Sprint 5/FCSCMS-191/FCSCMS-1076

2021-12-20 14:38:22 - [TEST_STEP][PASSED] - click(findTestObject("Admin/Sprint 5/ZipCodeDropDown/ZipCodeDropDown")): Object: 'Object Repository/Admin/Sprint 5/ZipCodeDropDown/ZipCodeDropDown' is clicked on

2021-12-20 14:38:23 - [MESSAGE][PASSED] - Object: 'Object Repository/Admin/Sprint 5/ZipCodeDropDown/ZipCodeDropDown' is clicked on

2021-12-20 14:38:23 - [TEST_STEP][PASSED] - delay(1): Delayed 1 second(s)

2021-12-20 14:38:24 - [MESSAGE][PASSED] - Delayed 1 second(s)

2021-12-20 14:38:24 - [TEST_STEP][PASSED] - click(findTestObject("Admin/Sprint 5/ZipCodeDropDown/div_35010")): Object: 'Object Repository/Admin/Sprint 5/ZipCodeDropDown/div_35010' is clicked on

2021-12-20 14:38:24 - [MESSAGE][PASSED] - Object: 'Object Repository/Admin/Sprint 5/ZipCodeDropDown/div_35010' is clicked on

2021-12-20 14:38:24 - [TEST_STEP][PASSED] - delay(2): Delayed 2 second(s)

2021-12-20 14:38:26 - [MESSAGE][PASSED] - Delayed 2 second(s)

2021-12-20 14:38:26 - [TEST_STEP][PASSED] - click(findTestObject("Admin/Sprint 5/Advance Search/button_Search(Advance)")): Object: 'Object Repository/Admin/Sprint 5/Advance Search/button_Search(Advance)' is clicked on

2021-12-20 14:38:27 - [MESSAGE][PASSED] - Object: 'Object Repository/Admin/Sprint 5/Advance Search/button_Search(Advance)' is clicked on

2021-12-20 14:38:27 - [TEST_STEP][PASSED] - delay(2): Delayed 2 second(s)

2021-12-20 14:38:29 - [MESSAGE][PASSED] - Delayed 2 second(s)

2021-12-20 14:38:29 - [TEST_STEP][PASSED] - verifyElementVisible(findTestObject("Admin/Sprint 5/Element Veification SP5/Smoke 1 Verification")): Object 'Object Repository/Admin/Sprint 5/Element Veification SP5/Smoke 1 Verification' is visible

2021-12-20 14:38:29 - [MESSAGE][PASSED] - Object 'Object Repository/Admin/Sprint 5/Element Veification SP5/Smoke 1 Verification' is visible

2021-12-20 14:38:29 - [TEST_STEP][PASSED] - delay(3): Delayed 3 second(s)

2021-12-20 14:38:32 - [MESSAGE][PASSED] - Delayed 3 second(s)]]></system-out>
         <system-err><![CDATA[]]></system-err>
      </testcase>
      <testcase name="Test Cases/Sprint 5/FCSCMS-191/FCSCMS-1077" time="8.606" classname="Test Cases/Sprint 5/FCSCMS-191/FCSCMS-1077" status="PASSED">
         <system-out><![CDATA[2021-12-20 14:38:32 - [TEST_CASE][PASSED] - Test Cases/Sprint 5/FCSCMS-191/FCSCMS-1077: Test Cases/Sprint 5/FCSCMS-191/FCSCMS-1077

2021-12-20 14:38:32 - [TEST_STEP][PASSED] - click(findTestObject("Admin/Sprint 5/Advance Search/button_Clear(Advance)")): Object: 'Object Repository/Admin/Sprint 5/Advance Search/button_Clear(Advance)' is clicked on

2021-12-20 14:38:33 - [MESSAGE][PASSED] - Object: 'Object Repository/Admin/Sprint 5/Advance Search/button_Clear(Advance)' is clicked on

2021-12-20 14:38:33 - [TEST_STEP][PASSED] - delay(3): Delayed 3 second(s)

2021-12-20 14:38:36 - [MESSAGE][PASSED] - Delayed 3 second(s)

2021-12-20 14:38:36 - [TEST_STEP][PASSED] - setText(findTestObject("Admin/Sprint 5/Element Veification SP5/input_Contact Name_Input_AS_ContactName"), "Richard"): Text 'Richard' is set on object 'Object Repository/Admin/Sprint 5/Element Veification SP5/input_Contact Name_Input_AS_ContactName'

2021-12-20 14:38:36 - [MESSAGE][PASSED] - Text 'Richard' is set on object 'Object Repository/Admin/Sprint 5/Element Veification SP5/input_Contact Name_Input_AS_ContactName'

2021-12-20 14:38:36 - [TEST_STEP][PASSED] - delay(1): Delayed 1 second(s)

2021-12-20 14:38:37 - [MESSAGE][PASSED] - Delayed 1 second(s)

2021-12-20 14:38:37 - [TEST_STEP][PASSED] - click(findTestObject("Admin/Sprint 5/Advance Search/button_Search(Advance)")): Object: 'Object Repository/Admin/Sprint 5/Advance Search/button_Search(Advance)' is clicked on

2021-12-20 14:38:38 - [MESSAGE][PASSED] - Object: 'Object Repository/Admin/Sprint 5/Advance Search/button_Search(Advance)' is clicked on

2021-12-20 14:38:38 - [TEST_STEP][PASSED] - delay(1): Delayed 1 second(s)

2021-12-20 14:38:39 - [MESSAGE][PASSED] - Delayed 1 second(s)

2021-12-20 14:38:39 - [TEST_STEP][PASSED] - verifyElementVisible(findTestObject("Admin/Sprint 5/Element Veification SP5/Smoke 1 Verification")): Object 'Object Repository/Admin/Sprint 5/Element Veification SP5/Smoke 1 Verification' is visible

2021-12-20 14:38:39 - [MESSAGE][PASSED] - Object 'Object Repository/Admin/Sprint 5/Element Veification SP5/Smoke 1 Verification' is visible

2021-12-20 14:38:39 - [TEST_STEP][PASSED] - delay(1): Delayed 1 second(s)

2021-12-20 14:38:40 - [MESSAGE][PASSED] - Delayed 1 second(s)

2021-12-20 14:38:40 - [TEST_STEP][PASSED] - click(findTestObject("Admin/Sprint 5/Advance Search/button_Clear(Advance)")): Object: 'Object Repository/Admin/Sprint 5/Advance Search/button_Clear(Advance)' is clicked on

2021-12-20 14:38:41 - [MESSAGE][PASSED] - Object: 'Object Repository/Admin/Sprint 5/Advance Search/button_Clear(Advance)' is clicked on]]></system-out>
         <system-err><![CDATA[]]></system-err>
      </testcase>
      <system-out><![CDATA[2021-12-20 14:37:13 - [TEST_SUITE][PASSED] - FCSCMS-191 (Organizations - Client Profile - Search Clients): Test Cases/Sprint 5/FCSCMS-191/FCSCMS-1077]]></system-out>
      <system-err><![CDATA[]]></system-err>
   </testsuite>
</testsuites>
