<?xml version="1.0" encoding="UTF-8"?>
<testsuites name="FCSCMS-192 (Organizations - Client Profile - Client Listing)" time="52.909" tests="5" failures="0" errors="0">
   <testsuite name="FCSCMS-192 (Organizations - Client Profile - Client Listing)" tests="5" failures="0" errors="0" time="52.909" timestamp="2021-12-20 18:46:32" hostname="me - DESKTOP-S7SF50D" id="Test Suites/Sprint 5/FCSCMS-192 (Organizations - Client Profile - Client Listing)">
      <properties>
         <property name="deviceName" value=""/>
         <property name="devicePlatform" value=""/>
         <property name="logFolder" value="C:\\Users\\me\\git\\nexterous-automation\\Reports\\20211220_184621\\Sprint 5\\FCSCMS-192 (Organizations - Client Profile - Client Listing)\\20211220_184621"/>
         <property name="logFiles" value="C:\\Users\\me\\git\\nexterous-automation\\Reports\\20211220_184621\\Sprint 5\\FCSCMS-192 (Organizations - Client Profile - Client Listing)\\20211220_184621\\execution0.log"/>
         <property name="attachments" value=""/>
         <property name="hostName" value="me - DESKTOP-S7SF50D"/>
         <property name="os" value="Windows 10 64bit"/>
         <property name="katalonVersion" value="7.7.0.205"/>
         <property name="browser" value="Chrome 96.0.4664.110"/>
         <property name="hostAddress" value="192.168.100.7"/>
         <property name="sessionId" value="31bac6bfcba4f0fc83c9cbb7e5bddb9a"/>
         <property name="seleniumVersion" value="3.141.59"/>
         <property name="proxyInformation" value="ProxyInformation { proxyOption=NO_PROXY, proxyServerType=HTTP, username=, password=********, proxyServerAddress=, proxyServerPort=0, executionList=&quot;&quot;, isApplyToDesiredCapabilities=true }"/>
         <property name="platform" value="Windows 10"/>
      </properties>
      <testcase name="Test Cases/Sprint 5/FCSCMS-192/FCSCMS-1049" time="15.055" classname="Test Cases/Sprint 5/FCSCMS-192/FCSCMS-1049" status="PASSED">
         <system-out><![CDATA[2021-12-20 18:46:32 - [TEST_CASE][PASSED] - Test Cases/Sprint 5/FCSCMS-192/FCSCMS-1049: Test Cases/Sprint 5/FCSCMS-192/FCSCMS-1049

2021-12-20 18:46:32 - [TEST_STEP][PASSED] - openBrowser(""): Browser is opened with url: ''

2021-12-20 18:46:33 - [MESSAGE][INFO] - Starting 'Chrome' driver

2021-12-20 18:46:33 - [MESSAGE][INFO] - Action delay is set to 0 milliseconds

2021-12-20 18:46:36 - [MESSAGE][PASSED] - Browser is opened with url: ''

2021-12-20 18:46:36 - [TEST_STEP][PASSED] - navigateToUrl("https://nexterus-tst.outsystemsenterprise.com/FusionCenter/Login"): Navigate to 'https://nexterus-tst.outsystemsenterprise.com/FusionCenter/Login' successfully

2021-12-20 18:46:39 - [MESSAGE][PASSED] - Navigate to 'https://nexterus-tst.outsystemsenterprise.com/FusionCenter/Login' successfully

2021-12-20 18:46:39 - [TEST_STEP][PASSED] - maximizeWindow(): Current window maximized

2021-12-20 18:46:40 - [MESSAGE][PASSED] - Current window maximized

2021-12-20 18:46:40 - [TEST_STEP][PASSED] - delay(3): Delayed 3 second(s)

2021-12-20 18:46:43 - [MESSAGE][PASSED] - Delayed 3 second(s)

2021-12-20 18:46:43 - [TEST_STEP][PASSED] - setText(findTestObject("Login/Username_Field"), "admin"): Text 'admin' is set on object 'Object Repository/Login/Username_Field'

2021-12-20 18:46:44 - [MESSAGE][PASSED] - Text 'admin' is set on object 'Object Repository/Login/Username_Field'

2021-12-20 18:46:44 - [TEST_STEP][PASSED] - delay(1): Delayed 1 second(s)

2021-12-20 18:46:45 - [MESSAGE][PASSED] - Delayed 1 second(s)

2021-12-20 18:46:45 - [TEST_STEP][PASSED] - setText(findTestObject("Login/Password_Field"), "admin"): Text 'admin' is set on object 'Object Repository/Login/Password_Field'

2021-12-20 18:46:46 - [MESSAGE][PASSED] - Text 'admin' is set on object 'Object Repository/Login/Password_Field'

2021-12-20 18:46:46 - [TEST_STEP][PASSED] - delay(1): Delayed 1 second(s)

2021-12-20 18:46:47 - [MESSAGE][PASSED] - Delayed 1 second(s)

2021-12-20 18:46:47 - [TEST_STEP][PASSED] - click(findTestObject("Login/BTN_Login")): Object: 'Object Repository/Login/BTN_Login' is clicked on

2021-12-20 18:46:47 - [MESSAGE][PASSED] - Object: 'Object Repository/Login/BTN_Login' is clicked on]]></system-out>
         <system-err><![CDATA[]]></system-err>
      </testcase>
      <testcase name="Test Cases/Sprint 5/FCSCMS-192/FCSCMS-1050" time="8.784" classname="Test Cases/Sprint 5/FCSCMS-192/FCSCMS-1050" status="PASSED">
         <system-out><![CDATA[2021-12-20 18:46:47 - [TEST_CASE][PASSED] - Test Cases/Sprint 5/FCSCMS-192/FCSCMS-1050: Test Cases/Sprint 5/FCSCMS-192/FCSCMS-1050

2021-12-20 18:46:47 - [TEST_STEP][PASSED] - delay(2): Delayed 2 second(s)

2021-12-20 18:46:49 - [MESSAGE][PASSED] - Delayed 2 second(s)

2021-12-20 18:46:49 - [TEST_STEP][PASSED] - click(findTestObject("Admin/Sprint 5/a_Clients")): Object: 'Object Repository/Admin/Sprint 5/a_Clients' is clicked on

2021-12-20 18:46:52 - [MESSAGE][PASSED] - Object: 'Object Repository/Admin/Sprint 5/a_Clients' is clicked on

2021-12-20 18:46:52 - [TEST_STEP][PASSED] - delay(2): Delayed 2 second(s)

2021-12-20 18:46:54 - [MESSAGE][PASSED] - Delayed 2 second(s)

2021-12-20 18:46:54 - [TEST_STEP][PASSED] - verifyElementVisible(findTestObject("Admin/Sprint 5/Clients/SearchBar_Clients")): Object 'Object Repository/Admin/Sprint 5/Clients/SearchBar_Clients' is visible

2021-12-20 18:46:55 - [MESSAGE][PASSED] - Object 'Object Repository/Admin/Sprint 5/Clients/SearchBar_Clients' is visible

2021-12-20 18:46:55 - [TEST_STEP][PASSED] - delay(1): Delayed 1 second(s)

2021-12-20 18:46:56 - [MESSAGE][PASSED] - Delayed 1 second(s)]]></system-out>
         <system-err><![CDATA[]]></system-err>
      </testcase>
      <testcase name="Test Cases/Sprint 5/FCSCMS-192/FCSCMS-1051" time="4.711" classname="Test Cases/Sprint 5/FCSCMS-192/FCSCMS-1051" status="PASSED">
         <system-out><![CDATA[2021-12-20 18:46:56 - [TEST_CASE][PASSED] - Test Cases/Sprint 5/FCSCMS-192/FCSCMS-1051: Test Cases/Sprint 5/FCSCMS-192/FCSCMS-1051

2021-12-20 18:46:56 - [TEST_STEP][PASSED] - verifyElementVisible(findTestObject("Admin/Sprint 5/Clients/Element Verification/button_Add New Client")): Object 'Object Repository/Admin/Sprint 5/Clients/Element Verification/button_Add New Client' is visible

2021-12-20 18:46:56 - [MESSAGE][PASSED] - Object 'Object Repository/Admin/Sprint 5/Clients/Element Verification/button_Add New Client' is visible

2021-12-20 18:46:56 - [TEST_STEP][PASSED] - verifyElementVisible(findTestObject("Admin/Sprint 5/Clients/Element Verification/button_Advanced Search")): Object 'Object Repository/Admin/Sprint 5/Clients/Element Verification/button_Advanced Search' is visible

2021-12-20 18:46:57 - [MESSAGE][PASSED] - Object 'Object Repository/Admin/Sprint 5/Clients/Element Verification/button_Advanced Search' is visible

2021-12-20 18:46:57 - [TEST_STEP][PASSED] - verifyElementVisible(findTestObject("Admin/Sprint 5/Clients/Element Verification/ClientsDashboard")): Object 'Object Repository/Admin/Sprint 5/Clients/Element Verification/ClientsDashboard' is visible

2021-12-20 18:46:57 - [MESSAGE][PASSED] - Object 'Object Repository/Admin/Sprint 5/Clients/Element Verification/ClientsDashboard' is visible

2021-12-20 18:46:57 - [TEST_STEP][PASSED] - verifyElementVisible(findTestObject("Admin/Sprint 5/Clients/Element Verification/div_Download")): Object 'Object Repository/Admin/Sprint 5/Clients/Element Verification/div_Download' is visible

2021-12-20 18:46:58 - [MESSAGE][PASSED] - Object 'Object Repository/Admin/Sprint 5/Clients/Element Verification/div_Download' is visible

2021-12-20 18:46:58 - [TEST_STEP][PASSED] - verifyElementVisible(findTestObject("Admin/Sprint 5/Clients/Element Verification/input_Logout_b4-Input_TextVar")): Object 'Object Repository/Admin/Sprint 5/Clients/Element Verification/input_Logout_b4-Input_TextVar' is visible

2021-12-20 18:46:58 - [MESSAGE][PASSED] - Object 'Object Repository/Admin/Sprint 5/Clients/Element Verification/input_Logout_b4-Input_TextVar' is visible

2021-12-20 18:46:58 - [TEST_STEP][PASSED] - verifyElementVisible(findTestObject("Admin/Sprint 5/Clients/Element Verification/th_Action")): Object 'Object Repository/Admin/Sprint 5/Clients/Element Verification/th_Action' is visible

2021-12-20 18:46:58 - [MESSAGE][PASSED] - Object 'Object Repository/Admin/Sprint 5/Clients/Element Verification/th_Action' is visible

2021-12-20 18:46:58 - [TEST_STEP][PASSED] - verifyElementVisible(findTestObject("Admin/Sprint 5/Clients/Element Verification/th_Address")): Object 'Object Repository/Admin/Sprint 5/Clients/Element Verification/th_Address' is visible

2021-12-20 18:46:59 - [MESSAGE][PASSED] - Object 'Object Repository/Admin/Sprint 5/Clients/Element Verification/th_Address' is visible

2021-12-20 18:46:59 - [TEST_STEP][PASSED] - verifyElementVisible(findTestObject("Admin/Sprint 5/Clients/Element Verification/th_City")): Object 'Object Repository/Admin/Sprint 5/Clients/Element Verification/th_City' is visible

2021-12-20 18:46:59 - [MESSAGE][PASSED] - Object 'Object Repository/Admin/Sprint 5/Clients/Element Verification/th_City' is visible

2021-12-20 18:46:59 - [TEST_STEP][PASSED] - verifyElementVisible(findTestObject("Admin/Sprint 5/Clients/Element Verification/th_Client Name")): Object 'Object Repository/Admin/Sprint 5/Clients/Element Verification/th_Client Name' is visible

2021-12-20 18:46:59 - [MESSAGE][PASSED] - Object 'Object Repository/Admin/Sprint 5/Clients/Element Verification/th_Client Name' is visible

2021-12-20 18:46:59 - [TEST_STEP][PASSED] - verifyElementVisible(findTestObject("Admin/Sprint 5/Clients/Element Verification/th_Country")): Object 'Object Repository/Admin/Sprint 5/Clients/Element Verification/th_Country' is visible

2021-12-20 18:47:00 - [MESSAGE][PASSED] - Object 'Object Repository/Admin/Sprint 5/Clients/Element Verification/th_Country' is visible

2021-12-20 18:47:00 - [TEST_STEP][PASSED] - verifyElementVisible(findTestObject("Admin/Sprint 5/Clients/Element Verification/th_State")): Object 'Object Repository/Admin/Sprint 5/Clients/Element Verification/th_State' is visible

2021-12-20 18:47:00 - [MESSAGE][PASSED] - Object 'Object Repository/Admin/Sprint 5/Clients/Element Verification/th_State' is visible

2021-12-20 18:47:00 - [TEST_STEP][PASSED] - verifyElementVisible(findTestObject("Admin/Sprint 5/Clients/Element Verification/th_Status")): Object 'Object Repository/Admin/Sprint 5/Clients/Element Verification/th_Status' is visible

2021-12-20 18:47:00 - [MESSAGE][PASSED] - Object 'Object Repository/Admin/Sprint 5/Clients/Element Verification/th_Status' is visible

2021-12-20 18:47:00 - [TEST_STEP][PASSED] - verifyElementVisible(findTestObject("Admin/Sprint 5/Clients/Element Verification/th_Zip Code")): Object 'Object Repository/Admin/Sprint 5/Clients/Element Verification/th_Zip Code' is visible

2021-12-20 18:47:01 - [MESSAGE][PASSED] - Object 'Object Repository/Admin/Sprint 5/Clients/Element Verification/th_Zip Code' is visible]]></system-out>
         <system-err><![CDATA[]]></system-err>
      </testcase>
      <testcase name="Test Cases/Sprint 5/FCSCMS-192/FCSCMS-1052" time="9.333" classname="Test Cases/Sprint 5/FCSCMS-192/FCSCMS-1052" status="PASSED">
         <system-out><![CDATA[2021-12-20 18:47:01 - [TEST_CASE][PASSED] - Test Cases/Sprint 5/FCSCMS-192/FCSCMS-1052: Test Cases/Sprint 5/FCSCMS-192/FCSCMS-1052

2021-12-20 18:47:01 - [TEST_STEP][PASSED] - click(findTestObject("Admin/Sprint 5/Clients/Edit_Icon_Clients")): Object: 'Object Repository/Admin/Sprint 5/Clients/Edit_Icon_Clients' is clicked on

2021-12-20 18:47:01 - [MESSAGE][PASSED] - Object: 'Object Repository/Admin/Sprint 5/Clients/Edit_Icon_Clients' is clicked on

2021-12-20 18:47:01 - [TEST_STEP][PASSED] - delay(2): Delayed 2 second(s)

2021-12-20 18:47:03 - [MESSAGE][PASSED] - Delayed 2 second(s)

2021-12-20 18:47:03 - [TEST_STEP][PASSED] - verifyElementVisible(findTestObject("Admin/Sprint 5/Clients/Edit Client Element Verification/div_AdminUser")): Object 'Object Repository/Admin/Sprint 5/Clients/Edit Client Element Verification/div_AdminUser' is visible

2021-12-20 18:47:04 - [MESSAGE][PASSED] - Object 'Object Repository/Admin/Sprint 5/Clients/Edit Client Element Verification/div_AdminUser' is visible

2021-12-20 18:47:04 - [TEST_STEP][PASSED] - verifyElementVisible(findTestObject("Admin/Sprint 5/Clients/Edit Client Element Verification/div_Anon User")): Object 'Object Repository/Admin/Sprint 5/Clients/Edit Client Element Verification/div_Anon User' is visible

2021-12-20 18:47:05 - [MESSAGE][PASSED] - Object 'Object Repository/Admin/Sprint 5/Clients/Edit Client Element Verification/div_Anon User' is visible

2021-12-20 18:47:05 - [TEST_STEP][PASSED] - verifyElementVisible(findTestObject("Admin/Sprint 5/Clients/Edit Client Element Verification/div_Basic Information")): Object 'Object Repository/Admin/Sprint 5/Clients/Edit Client Element Verification/div_Basic Information' is visible

2021-12-20 18:47:05 - [MESSAGE][PASSED] - Object 'Object Repository/Admin/Sprint 5/Clients/Edit Client Element Verification/div_Basic Information' is visible

2021-12-20 18:47:05 - [TEST_STEP][PASSED] - verifyElementVisible(findTestObject("Admin/Sprint 5/Clients/Edit Client Element Verification/input_Business Details_b10-Input_BusinessDetails")): Object 'Object Repository/Admin/Sprint 5/Clients/Edit Client Element Verification/input_Business Details_b10-Input_BusinessDetails' is visible

2021-12-20 18:47:06 - [MESSAGE][PASSED] - Object 'Object Repository/Admin/Sprint 5/Clients/Edit Client Element Verification/input_Business Details_b10-Input_BusinessDetails' is visible

2021-12-20 18:47:06 - [TEST_STEP][PASSED] - verifyElementVisible(findTestObject("Admin/Sprint 5/Clients/Edit Client Element Verification/input_Client Name_b10-Input_ClientName")): Object 'Object Repository/Admin/Sprint 5/Clients/Edit Client Element Verification/input_Client Name_b10-Input_ClientName' is visible

2021-12-20 18:47:06 - [MESSAGE][PASSED] - Object 'Object Repository/Admin/Sprint 5/Clients/Edit Client Element Verification/input_Client Name_b10-Input_ClientName' is visible

2021-12-20 18:47:06 - [TEST_STEP][PASSED] - verifyElementVisible(findTestObject("Admin/Sprint 5/Clients/Edit Client Element Verification/input_IRS Number_b10-Input_IRSNumber")): Object 'Object Repository/Admin/Sprint 5/Clients/Edit Client Element Verification/input_IRS Number_b10-Input_IRSNumber' is visible

2021-12-20 18:47:06 - [MESSAGE][PASSED] - Object 'Object Repository/Admin/Sprint 5/Clients/Edit Client Element Verification/input_IRS Number_b10-Input_IRSNumber' is visible

2021-12-20 18:47:06 - [TEST_STEP][PASSED] - verifyElementVisible(findTestObject("Admin/Sprint 5/Clients/Edit Client Element Verification/input_Termination Date_b10-Input_TerminationDate")): Object 'Object Repository/Admin/Sprint 5/Clients/Edit Client Element Verification/input_Termination Date_b10-Input_TerminationDate' is visible

2021-12-20 18:47:07 - [MESSAGE][PASSED] - Object 'Object Repository/Admin/Sprint 5/Clients/Edit Client Element Verification/input_Termination Date_b10-Input_TerminationDate' is visible

2021-12-20 18:47:07 - [TEST_STEP][PASSED] - verifyElementVisible(findTestObject("Admin/Sprint 5/Clients/Edit Client Element Verification/select_SelectActiveInactive")): Object 'Object Repository/Admin/Sprint 5/Clients/Edit Client Element Verification/select_SelectActiveInactive' is visible

2021-12-20 18:47:07 - [MESSAGE][PASSED] - Object 'Object Repository/Admin/Sprint 5/Clients/Edit Client Element Verification/select_SelectActiveInactive' is visible

2021-12-20 18:47:07 - [TEST_STEP][PASSED] - delay(3): Delayed 3 second(s)

2021-12-20 18:47:10 - [MESSAGE][PASSED] - Delayed 3 second(s)]]></system-out>
         <system-err><![CDATA[]]></system-err>
      </testcase>
      <testcase name="Test Cases/Sprint 5/FCSCMS-192/FCSCMS-1053" time="13.598" classname="Test Cases/Sprint 5/FCSCMS-192/FCSCMS-1053" status="PASSED">
         <system-out><![CDATA[2021-12-20 18:47:10 - [TEST_CASE][PASSED] - Test Cases/Sprint 5/FCSCMS-192/FCSCMS-1053: Test Cases/Sprint 5/FCSCMS-192/FCSCMS-1053

2021-12-20 18:47:10 - [TEST_STEP][PASSED] - click(findTestObject("Admin/Sprint 5/a_Clients")): Object: 'Object Repository/Admin/Sprint 5/a_Clients' is clicked on

2021-12-20 18:47:11 - [MESSAGE][PASSED] - Object: 'Object Repository/Admin/Sprint 5/a_Clients' is clicked on

2021-12-20 18:47:11 - [TEST_STEP][PASSED] - delay(2): Delayed 2 second(s)

2021-12-20 18:47:13 - [MESSAGE][PASSED] - Delayed 2 second(s)

2021-12-20 18:47:13 - [TEST_STEP][PASSED] - verifyElementVisible(findTestObject("Admin/Sprint 5/Clients/Pagination/Pagination_Widget")): Object 'Object Repository/Admin/Sprint 5/Clients/Pagination/Pagination_Widget' is visible

2021-12-20 18:47:13 - [MESSAGE][PASSED] - Object 'Object Repository/Admin/Sprint 5/Clients/Pagination/Pagination_Widget' is visible

2021-12-20 18:47:13 - [TEST_STEP][PASSED] - verifyElementVisible(findTestObject("Admin/Sprint 5/Clients/Pagination/SearchFieldPagination")): Object 'Object Repository/Admin/Sprint 5/Clients/Pagination/SearchFieldPagination' is visible

2021-12-20 18:47:13 - [MESSAGE][PASSED] - Object 'Object Repository/Admin/Sprint 5/Clients/Pagination/SearchFieldPagination' is visible

2021-12-20 18:47:13 - [TEST_STEP][PASSED] - delay(2): Delayed 2 second(s)

2021-12-20 18:47:15 - [MESSAGE][PASSED] - Delayed 2 second(s)

2021-12-20 18:47:15 - [TEST_STEP][PASSED] - click(findTestObject("Admin/Sprint 5/Clients/Pagination/PaginationNext")): Object: 'Object Repository/Admin/Sprint 5/Clients/Pagination/PaginationNext' is clicked on

2021-12-20 18:47:16 - [MESSAGE][PASSED] - Object: 'Object Repository/Admin/Sprint 5/Clients/Pagination/PaginationNext' is clicked on

2021-12-20 18:47:16 - [TEST_STEP][PASSED] - verifyElementVisible(findTestObject("Admin/Sprint 5/Clients/Element Verification/TestAmerica"), STOP_ON_FAILURE): Object 'Object Repository/Admin/Sprint 5/Clients/Element Verification/TestAmerica' is visible

2021-12-20 18:47:17 - [MESSAGE][PASSED] - Object 'Object Repository/Admin/Sprint 5/Clients/Element Verification/TestAmerica' is visible

2021-12-20 18:47:17 - [TEST_STEP][PASSED] - delay(2): Delayed 2 second(s)

2021-12-20 18:47:19 - [MESSAGE][PASSED] - Delayed 2 second(s)

2021-12-20 18:47:19 - [TEST_STEP][PASSED] - click(findTestObject("Admin/Sprint 5/Clients/Pagination/PaginationPrevious")): Object: 'Object Repository/Admin/Sprint 5/Clients/Pagination/PaginationPrevious' is clicked on

2021-12-20 18:47:19 - [MESSAGE][PASSED] - Object: 'Object Repository/Admin/Sprint 5/Clients/Pagination/PaginationPrevious' is clicked on

2021-12-20 18:47:19 - [TEST_STEP][PASSED] - delay(2): Delayed 2 second(s)

2021-12-20 18:47:21 - [MESSAGE][PASSED] - Delayed 2 second(s)

2021-12-20 18:47:21 - [TEST_STEP][PASSED] - verifyElementVisible(findTestObject("Admin/Sprint 5/Clients/Element Verification/TestClient12")): Object 'Object Repository/Admin/Sprint 5/Clients/Element Verification/TestClient12' is visible

2021-12-20 18:47:22 - [MESSAGE][PASSED] - Object 'Object Repository/Admin/Sprint 5/Clients/Element Verification/TestClient12' is visible

2021-12-20 18:47:22 - [TEST_STEP][PASSED] - delay(2): Delayed 2 second(s)

2021-12-20 18:47:24 - [MESSAGE][PASSED] - Delayed 2 second(s)]]></system-out>
         <system-err><![CDATA[]]></system-err>
      </testcase>
      <system-out><![CDATA[2021-12-20 18:46:32 - [TEST_SUITE][PASSED] - FCSCMS-192 (Organizations - Client Profile - Client Listing): Test Cases/Sprint 5/FCSCMS-192/FCSCMS-1053]]></system-out>
      <system-err><![CDATA[]]></system-err>
   </testsuite>
</testsuites>
