<?xml version="1.0" encoding="UTF-8"?>
<testsuites name="FCSCMS-193 (Organizations - Client Profile - Add New Client)" time="150.059" tests="13" failures="0" errors="0">
   <testsuite name="FCSCMS-193 (Organizations - Client Profile - Add New Client)" tests="13" failures="0" errors="0" time="150.059" timestamp="2021-12-23 04:04:28" hostname="me - DESKTOP-S7SF50D" id="Test Suites/Sprint 5/FCSCMS-193 (Organizations - Client Profile - Add New Client)">
      <properties>
         <property name="deviceName" value=""/>
         <property name="devicePlatform" value=""/>
         <property name="logFolder" value="C:\\Users\\me\\git\\nexterous-automation\\Reports\\20211223_040415\\Sprint 5\\FCSCMS-193 (Organizations - Client Profile - Add New Client)\\20211223_040415"/>
         <property name="logFiles" value="C:\\Users\\me\\git\\nexterous-automation\\Reports\\20211223_040415\\Sprint 5\\FCSCMS-193 (Organizations - Client Profile - Add New Client)\\20211223_040415\\execution0.log"/>
         <property name="attachments" value=""/>
         <property name="hostName" value="me - DESKTOP-S7SF50D"/>
         <property name="os" value="Windows 10 64bit"/>
         <property name="katalonVersion" value="7.7.0.205"/>
         <property name="browser" value="Chrome 96.0.4664.110"/>
         <property name="hostAddress" value="192.168.100.7"/>
         <property name="sessionId" value="749bba0b48af52470eb7841048176404"/>
         <property name="seleniumVersion" value="3.141.59"/>
         <property name="proxyInformation" value="ProxyInformation { proxyOption=NO_PROXY, proxyServerType=HTTP, username=, password=********, proxyServerAddress=, proxyServerPort=0, executionList=&quot;&quot;, isApplyToDesiredCapabilities=true }"/>
         <property name="platform" value="Windows 10"/>
      </properties>
      <testcase name="Test Cases/Sprint 5/FCSCMS-193/FCSCMS-1137-S5 (Admin user should be able to log in using valid credentials)" time="14.015" classname="Test Cases/Sprint 5/FCSCMS-193/FCSCMS-1137-S5 (Admin user should be able to log in using valid credentials)" status="PASSED">
         <system-out><![CDATA[2021-12-23 04:04:28 - [TEST_CASE][PASSED] - Test Cases/Sprint 5/FCSCMS-193/FCSCMS-1137-S5 (Admin user should be able to log in using valid credentials): Test Cases/Sprint 5/FCSCMS-193/FCSCMS-1137-S5 (Admin user should be able to log in using valid credentials)

2021-12-23 04:04:29 - [TEST_STEP][PASSED] - openBrowser(""): Browser is opened with url: ''

2021-12-23 04:04:29 - [MESSAGE][INFO] - Starting 'Chrome' driver

2021-12-23 04:04:29 - [MESSAGE][INFO] - Action delay is set to 0 milliseconds

2021-12-23 04:04:33 - [MESSAGE][PASSED] - Browser is opened with url: ''

2021-12-23 04:04:33 - [TEST_STEP][PASSED] - navigateToUrl("https://nexterus-tst.outsystemsenterprise.com/FusionCenter/Login"): Navigate to 'https://nexterus-tst.outsystemsenterprise.com/FusionCenter/Login' successfully

2021-12-23 04:04:35 - [MESSAGE][PASSED] - Navigate to 'https://nexterus-tst.outsystemsenterprise.com/FusionCenter/Login' successfully

2021-12-23 04:04:35 - [TEST_STEP][PASSED] - maximizeWindow(): Current window maximized

2021-12-23 04:04:35 - [MESSAGE][PASSED] - Current window maximized

2021-12-23 04:04:35 - [TEST_STEP][PASSED] - delay(3): Delayed 3 second(s)

2021-12-23 04:04:38 - [MESSAGE][PASSED] - Delayed 3 second(s)

2021-12-23 04:04:38 - [TEST_STEP][PASSED] - setText(findTestObject("Login/Username_Field"), "admin"): Text 'admin' is set on object 'Object Repository/Login/Username_Field'

2021-12-23 04:04:39 - [MESSAGE][PASSED] - Text 'admin' is set on object 'Object Repository/Login/Username_Field'

2021-12-23 04:04:39 - [TEST_STEP][PASSED] - delay(1): Delayed 1 second(s)

2021-12-23 04:04:40 - [MESSAGE][PASSED] - Delayed 1 second(s)

2021-12-23 04:04:40 - [TEST_STEP][PASSED] - setText(findTestObject("Login/Password_Field"), "admin"): Text 'admin' is set on object 'Object Repository/Login/Password_Field'

2021-12-23 04:04:41 - [MESSAGE][PASSED] - Text 'admin' is set on object 'Object Repository/Login/Password_Field'

2021-12-23 04:04:41 - [TEST_STEP][PASSED] - delay(1): Delayed 1 second(s)

2021-12-23 04:04:42 - [MESSAGE][PASSED] - Delayed 1 second(s)

2021-12-23 04:04:42 - [TEST_STEP][PASSED] - click(findTestObject("Login/BTN_Login")): Object: 'Object Repository/Login/BTN_Login' is clicked on

2021-12-23 04:04:42 - [MESSAGE][PASSED] - Object: 'Object Repository/Login/BTN_Login' is clicked on]]></system-out>
         <system-err><![CDATA[]]></system-err>
      </testcase>
      <testcase name="Test Cases/Sprint 5/FCSCMS-193/FCSCMS-1138-S5 (Click the Clients option from the left navigation panel)" time="8.194" classname="Test Cases/Sprint 5/FCSCMS-193/FCSCMS-1138-S5 (Click the Clients option from the left navigation panel)" status="PASSED">
         <system-out><![CDATA[2021-12-23 04:04:42 - [TEST_CASE][PASSED] - Test Cases/Sprint 5/FCSCMS-193/FCSCMS-1138-S5 (Click the Clients option from the left navigation panel): Test Cases/Sprint 5/FCSCMS-193/FCSCMS-1138-S5 (Click the Clients option from the left navigation panel)

2021-12-23 04:04:43 - [TEST_STEP][PASSED] - delay(2): Delayed 2 second(s)

2021-12-23 04:04:45 - [MESSAGE][PASSED] - Delayed 2 second(s)

2021-12-23 04:04:45 - [TEST_STEP][PASSED] - click(findTestObject("Admin/Sprint 5/a_Clients")): Object: 'Object Repository/Admin/Sprint 5/a_Clients' is clicked on

2021-12-23 04:04:47 - [MESSAGE][PASSED] - Object: 'Object Repository/Admin/Sprint 5/a_Clients' is clicked on

2021-12-23 04:04:47 - [TEST_STEP][PASSED] - delay(2): Delayed 2 second(s)

2021-12-23 04:04:49 - [MESSAGE][PASSED] - Delayed 2 second(s)

2021-12-23 04:04:49 - [TEST_STEP][PASSED] - verifyElementVisible(findTestObject("Admin/Sprint 5/Clients/SearchBar_Clients")): Object 'Object Repository/Admin/Sprint 5/Clients/SearchBar_Clients' is visible

2021-12-23 04:04:49 - [MESSAGE][PASSED] - Object 'Object Repository/Admin/Sprint 5/Clients/SearchBar_Clients' is visible

2021-12-23 04:04:49 - [TEST_STEP][PASSED] - delay(1): Delayed 1 second(s)

2021-12-23 04:04:50 - [MESSAGE][PASSED] - Delayed 1 second(s)]]></system-out>
         <system-err><![CDATA[]]></system-err>
      </testcase>
      <testcase name="Test Cases/Sprint 5/FCSCMS-193/FCSCMS-1139-S5 (Click on the Add New Client button)" time="11.112" classname="Test Cases/Sprint 5/FCSCMS-193/FCSCMS-1139-S5 (Click on the Add New Client button)" status="PASSED">
         <system-out><![CDATA[2021-12-23 04:04:50 - [TEST_CASE][PASSED] - Test Cases/Sprint 5/FCSCMS-193/FCSCMS-1139-S5 (Click on the Add New Client button): Test Cases/Sprint 5/FCSCMS-193/FCSCMS-1139-S5 (Click on the Add New Client button)

2021-12-23 04:04:51 - [TEST_STEP][PASSED] - click(findTestObject("Admin/Sprint 5/AddNewClient/button_Add New Client")): Object: 'Object Repository/Admin/Sprint 5/AddNewClient/button_Add New Client' is clicked on

2021-12-23 04:04:51 - [MESSAGE][PASSED] - Object: 'Object Repository/Admin/Sprint 5/AddNewClient/button_Add New Client' is clicked on

2021-12-23 04:04:51 - [TEST_STEP][PASSED] - delay(2): Delayed 2 second(s)

2021-12-23 04:04:53 - [MESSAGE][PASSED] - Delayed 2 second(s)

2021-12-23 04:04:53 - [TEST_STEP][PASSED] - setText(findTestObject("Admin/Sprint 5/AddNewClient/Element Verification/input_Client Name_b10-Input_ClientName"), "AT Test Client"): Text 'AT Test Client' is set on object 'Object Repository/Admin/Sprint 5/AddNewClient/Element Verification/input_Client Name_b10-Input_ClientName'

2021-12-23 04:04:56 - [MESSAGE][PASSED] - Text 'AT Test Client' is set on object 'Object Repository/Admin/Sprint 5/AddNewClient/Element Verification/input_Client Name_b10-Input_ClientName'

2021-12-23 04:04:56 - [TEST_STEP][PASSED] - delay(2): Delayed 2 second(s)

2021-12-23 04:04:58 - [MESSAGE][PASSED] - Delayed 2 second(s)

2021-12-23 04:04:58 - [TEST_STEP][PASSED] - click(findTestObject("Admin/Sprint 5/AddNewClient/ButtonsNewXpath/button_Save")): Object: 'Object Repository/Admin/Sprint 5/AddNewClient/ButtonsNewXpath/button_Save' is clicked on

2021-12-23 04:04:58 - [MESSAGE][PASSED] - Object: 'Object Repository/Admin/Sprint 5/AddNewClient/ButtonsNewXpath/button_Save' is clicked on

2021-12-23 04:04:58 - [TEST_STEP][PASSED] - delay(1): Delayed 1 second(s)

2021-12-23 04:04:59 - [MESSAGE][PASSED] - Delayed 1 second(s)

2021-12-23 04:04:59 - [TEST_STEP][PASSED] - click(findTestObject("Admin/Sprint 5/AddNewClient/ButtonsNewXpath/button_Yes(Save)")): Object: 'Object Repository/Admin/Sprint 5/AddNewClient/ButtonsNewXpath/button_Yes(Save)' is clicked on

2021-12-23 04:04:59 - [MESSAGE][PASSED] - Object: 'Object Repository/Admin/Sprint 5/AddNewClient/ButtonsNewXpath/button_Yes(Save)' is clicked on

2021-12-23 04:04:59 - [TEST_STEP][PASSED] - delay(2): Delayed 2 second(s)

2021-12-23 04:05:01 - [MESSAGE][PASSED] - Delayed 2 second(s)]]></system-out>
         <system-err><![CDATA[]]></system-err>
      </testcase>
      <testcase name="Test Cases/Sprint 5/FCSCMS-193/FCSCMS-1140-S5 (User can view the name of the client at the title of the page)" time="2.676" classname="Test Cases/Sprint 5/FCSCMS-193/FCSCMS-1140-S5 (User can view the name of the client at the title of the page)" status="PASSED">
         <system-out><![CDATA[2021-12-23 04:05:01 - [TEST_CASE][PASSED] - Test Cases/Sprint 5/FCSCMS-193/FCSCMS-1140-S5 (User can view the name of the client at the title of the page): Test Cases/Sprint 5/FCSCMS-193/FCSCMS-1140-S5 (User can view the name of the client at the title of the page)

2021-12-23 04:05:02 - [TEST_STEP][PASSED] - verifyElementText(findTestObject("Admin/Sprint 5/AddNewClient/Element Verification/New Client Verification"), "AT Test Client"): Actual text and expected text of test object 'Object Repository/Admin/Sprint 5/AddNewClient/Element Verification/New Client Verification' are matched.

2021-12-23 04:05:02 - [MESSAGE][PASSED] - Actual text and expected text of test object 'Object Repository/Admin/Sprint 5/AddNewClient/Element Verification/New Client Verification' are matched.

2021-12-23 04:05:02 - [TEST_STEP][PASSED] - delay(2): Delayed 2 second(s)

2021-12-23 04:05:04 - [MESSAGE][PASSED] - Delayed 2 second(s)]]></system-out>
         <system-err><![CDATA[]]></system-err>
      </testcase>
      <testcase name="Test Cases/Sprint 5/FCSCMS-193/FCSCMS-1141-S5 (Edit details on the Basic Information tab)" time="22.674" classname="Test Cases/Sprint 5/FCSCMS-193/FCSCMS-1141-S5 (Edit details on the Basic Information tab)" status="PASSED">
         <system-out><![CDATA[2021-12-23 04:05:04 - [TEST_CASE][PASSED] - Test Cases/Sprint 5/FCSCMS-193/FCSCMS-1141-S5 (Edit details on the Basic Information tab): Test Cases/Sprint 5/FCSCMS-193/FCSCMS-1141-S5 (Edit details on the Basic Information tab)

2021-12-23 04:05:05 - [TEST_STEP][PASSED] - selectOptionByLabel(findTestObject("Admin/Sprint 5/AddNewClient/Element Verification/select_SelectActiveInactive"), "Active", false): All options with label 'Active' are selected in object 'Object Repository/Admin/Sprint 5/AddNewClient/Element Verification/select_SelectActiveInactive' 

2021-12-23 04:05:05 - [MESSAGE][PASSED] - All options with label 'Active' are selected in object 'Object Repository/Admin/Sprint 5/AddNewClient/Element Verification/select_SelectActiveInactive' 

2021-12-23 04:05:05 - [TEST_STEP][PASSED] - delay(2): Delayed 2 second(s)

2021-12-23 04:05:07 - [MESSAGE][PASSED] - Delayed 2 second(s)

2021-12-23 04:05:07 - [TEST_STEP][PASSED] - setText(findTestObject("Admin/Sprint 5/AddNewClient/Element Verification/input_Business Details_b10-Input_BusinessDetails"), "Test BDAT"): Text 'Test BDAT' is set on object 'Object Repository/Admin/Sprint 5/AddNewClient/Element Verification/input_Business Details_b10-Input_BusinessDetails'

2021-12-23 04:05:08 - [MESSAGE][PASSED] - Text 'Test BDAT' is set on object 'Object Repository/Admin/Sprint 5/AddNewClient/Element Verification/input_Business Details_b10-Input_BusinessDetails'

2021-12-23 04:05:08 - [TEST_STEP][PASSED] - delay(2): Delayed 2 second(s)

2021-12-23 04:05:10 - [MESSAGE][PASSED] - Delayed 2 second(s)

2021-12-23 04:05:10 - [TEST_STEP][PASSED] - setText(findTestObject("Admin/Sprint 5/AddNewClient/Element Verification/input_IRS Number_b10-Input_IRSNumber"), "112233"): Text '112233' is set on object 'Object Repository/Admin/Sprint 5/AddNewClient/Element Verification/input_IRS Number_b10-Input_IRSNumber'

2021-12-23 04:05:11 - [MESSAGE][PASSED] - Text '112233' is set on object 'Object Repository/Admin/Sprint 5/AddNewClient/Element Verification/input_IRS Number_b10-Input_IRSNumber'

2021-12-23 04:05:11 - [TEST_STEP][PASSED] - delay(2): Delayed 2 second(s)

2021-12-23 04:05:13 - [MESSAGE][PASSED] - Delayed 2 second(s)

2021-12-23 04:05:13 - [TEST_STEP][PASSED] - click(findTestObject("Admin/Sprint 5/AddNewClient/Element Verification/SalesRep_Dropdown")): Object: 'Object Repository/Admin/Sprint 5/AddNewClient/Element Verification/SalesRep_Dropdown' is clicked on

2021-12-23 04:05:13 - [MESSAGE][PASSED] - Object: 'Object Repository/Admin/Sprint 5/AddNewClient/Element Verification/SalesRep_Dropdown' is clicked on

2021-12-23 04:05:13 - [TEST_STEP][PASSED] - delay(1): Delayed 1 second(s)

2021-12-23 04:05:14 - [MESSAGE][PASSED] - Delayed 1 second(s)

2021-12-23 04:05:14 - [TEST_STEP][PASSED] - click(findTestObject("Admin/Sprint 5/AddNewClient/Element Verification/div_3_SalesRep")): Object: 'Object Repository/Admin/Sprint 5/AddNewClient/Element Verification/div_3_SalesRep' is clicked on

2021-12-23 04:05:15 - [MESSAGE][PASSED] - Object: 'Object Repository/Admin/Sprint 5/AddNewClient/Element Verification/div_3_SalesRep' is clicked on

2021-12-23 04:05:15 - [TEST_STEP][PASSED] - delay(1): Delayed 1 second(s)

2021-12-23 04:05:16 - [MESSAGE][PASSED] - Delayed 1 second(s)

2021-12-23 04:05:16 - [TEST_STEP][PASSED] - click(findTestObject("Admin/Sprint 5/AddNewClient/Element Verification/AccountManager_Dropdown")): Object: 'Object Repository/Admin/Sprint 5/AddNewClient/Element Verification/AccountManager_Dropdown' is clicked on

2021-12-23 04:05:16 - [MESSAGE][PASSED] - Object: 'Object Repository/Admin/Sprint 5/AddNewClient/Element Verification/AccountManager_Dropdown' is clicked on

2021-12-23 04:05:16 - [TEST_STEP][PASSED] - delay(1): Delayed 1 second(s)

2021-12-23 04:05:17 - [MESSAGE][PASSED] - Delayed 1 second(s)

2021-12-23 04:05:17 - [TEST_STEP][PASSED] - click(findTestObject("Admin/Sprint 5/AddNewClient/Element Verification/div_3_AccountManager")): Object: 'Object Repository/Admin/Sprint 5/AddNewClient/Element Verification/div_3_AccountManager' is clicked on

2021-12-23 04:05:17 - [MESSAGE][PASSED] - Object: 'Object Repository/Admin/Sprint 5/AddNewClient/Element Verification/div_3_AccountManager' is clicked on

2021-12-23 04:05:17 - [TEST_STEP][PASSED] - delay(2): Delayed 2 second(s)

2021-12-23 04:05:19 - [MESSAGE][PASSED] - Delayed 2 second(s)

2021-12-23 04:05:19 - [TEST_STEP][PASSED] - setText(findTestObject("Admin/Sprint 5/AddNewClient/Element Verification/input_Termination Date_b10-Input_TerminationDate"), "08/15/2022"): Text '08/15/2022' is set on object 'Object Repository/Admin/Sprint 5/AddNewClient/Element Verification/input_Termination Date_b10-Input_TerminationDate'

2021-12-23 04:05:20 - [MESSAGE][PASSED] - Text '08/15/2022' is set on object 'Object Repository/Admin/Sprint 5/AddNewClient/Element Verification/input_Termination Date_b10-Input_TerminationDate'

2021-12-23 04:05:20 - [TEST_STEP][PASSED] - delay(1): Delayed 1 second(s)

2021-12-23 04:05:21 - [MESSAGE][PASSED] - Delayed 1 second(s)

2021-12-23 04:05:21 - [TEST_STEP][PASSED] - click(findTestObject("Admin/Sprint 5/AddNewClient/Element Verification/Client")): Object: 'Object Repository/Admin/Sprint 5/AddNewClient/Element Verification/Client' is clicked on

2021-12-23 04:05:22 - [MESSAGE][PASSED] - Object: 'Object Repository/Admin/Sprint 5/AddNewClient/Element Verification/Client' is clicked on

2021-12-23 04:05:22 - [TEST_STEP][PASSED] - delay(2): Delayed 2 second(s)

2021-12-23 04:05:24 - [MESSAGE][PASSED] - Delayed 2 second(s)

2021-12-23 04:05:24 - [TEST_STEP][PASSED] - click(findTestObject("Admin/Sprint 5/AddNewClient/Element Verification/Carrier")): Object: 'Object Repository/Admin/Sprint 5/AddNewClient/Element Verification/Carrier' is clicked on

2021-12-23 04:05:24 - [MESSAGE][PASSED] - Object: 'Object Repository/Admin/Sprint 5/AddNewClient/Element Verification/Carrier' is clicked on

2021-12-23 04:05:24 - [TEST_STEP][PASSED] - setText(findTestObject("Admin/Sprint 5/AddNewClient/Element Verification/Aliases Name"), "AT Alias"): Text 'AT Alias' is set on object 'Object Repository/Admin/Sprint 5/AddNewClient/Element Verification/Aliases Name'

2021-12-23 04:05:25 - [MESSAGE][PASSED] - Text 'AT Alias' is set on object 'Object Repository/Admin/Sprint 5/AddNewClient/Element Verification/Aliases Name'

2021-12-23 04:05:25 - [TEST_STEP][PASSED] - delay(2): Delayed 2 second(s)

2021-12-23 04:05:27 - [MESSAGE][PASSED] - Delayed 2 second(s)]]></system-out>
         <system-err><![CDATA[]]></system-err>
      </testcase>
      <testcase name="Test Cases/Sprint 5/FCSCMS-193/FCSCMS-1142-S5 (Click the Save button for the Basic Information tab)" time="4.472" classname="Test Cases/Sprint 5/FCSCMS-193/FCSCMS-1142-S5 (Click the Save button for the Basic Information tab)" status="PASSED">
         <system-out><![CDATA[2021-12-23 04:05:27 - [TEST_CASE][PASSED] - Test Cases/Sprint 5/FCSCMS-193/FCSCMS-1142-S5 (Click the Save button for the Basic Information tab): Test Cases/Sprint 5/FCSCMS-193/FCSCMS-1142-S5 (Click the Save button for the Basic Information tab)

2021-12-23 04:05:27 - [TEST_STEP][PASSED] - click(findTestObject("Admin/Sprint 5/AddNewClient/ButtonsNewXpath/button_Save")): Object: 'Object Repository/Admin/Sprint 5/AddNewClient/ButtonsNewXpath/button_Save' is clicked on

2021-12-23 04:05:27 - [MESSAGE][PASSED] - Object: 'Object Repository/Admin/Sprint 5/AddNewClient/ButtonsNewXpath/button_Save' is clicked on

2021-12-23 04:05:27 - [TEST_STEP][PASSED] - verifyElementVisible(findTestObject("Admin/Sprint 5/AddNewClient/ButtonsNewXpath/button_No(Save)")): Object 'Object Repository/Admin/Sprint 5/AddNewClient/ButtonsNewXpath/button_No(Save)' is visible

2021-12-23 04:05:28 - [MESSAGE][PASSED] - Object 'Object Repository/Admin/Sprint 5/AddNewClient/ButtonsNewXpath/button_No(Save)' is visible

2021-12-23 04:05:28 - [TEST_STEP][PASSED] - verifyElementVisible(findTestObject("Admin/Sprint 5/AddNewClient/ButtonsNewXpath/button_Yes(Save)")): Object 'Object Repository/Admin/Sprint 5/AddNewClient/ButtonsNewXpath/button_Yes(Save)' is visible

2021-12-23 04:05:28 - [MESSAGE][PASSED] - Object 'Object Repository/Admin/Sprint 5/AddNewClient/ButtonsNewXpath/button_Yes(Save)' is visible

2021-12-23 04:05:28 - [TEST_STEP][PASSED] - delay(3): Delayed 3 second(s)

2021-12-23 04:05:31 - [MESSAGE][PASSED] - Delayed 3 second(s)]]></system-out>
         <system-err><![CDATA[]]></system-err>
      </testcase>
      <testcase name="Test Cases/Sprint 5/FCSCMS-193/FCSCMS-1143-S5 (Click the Yes to confirm saving of all the Details)" time="2.838" classname="Test Cases/Sprint 5/FCSCMS-193/FCSCMS-1143-S5 (Click the Yes to confirm saving of all the Details)" status="PASSED">
         <system-out><![CDATA[2021-12-23 04:05:31 - [TEST_CASE][PASSED] - Test Cases/Sprint 5/FCSCMS-193/FCSCMS-1143-S5 (Click the Yes to confirm saving of all the Details): Test Cases/Sprint 5/FCSCMS-193/FCSCMS-1143-S5 (Click the Yes to confirm saving of all the Details)

2021-12-23 04:05:32 - [TEST_STEP][PASSED] - click(findTestObject("Admin/Sprint 5/AddNewClient/ButtonsNewXpath/button_Yes(Save)")): Object: 'Object Repository/Admin/Sprint 5/AddNewClient/ButtonsNewXpath/button_Yes(Save)' is clicked on

2021-12-23 04:05:32 - [MESSAGE][PASSED] - Object: 'Object Repository/Admin/Sprint 5/AddNewClient/ButtonsNewXpath/button_Yes(Save)' is clicked on

2021-12-23 04:05:32 - [TEST_STEP][PASSED] - delay(2): Delayed 2 second(s)

2021-12-23 04:05:34 - [MESSAGE][PASSED] - Delayed 2 second(s)]]></system-out>
         <system-err><![CDATA[]]></system-err>
      </testcase>
      <testcase name="Test Cases/Sprint 5/FCSCMS-193/FCSCMS-1144-S5 (Click the No button to terminate the saving of the details entered)" time="10.191" classname="Test Cases/Sprint 5/FCSCMS-193/FCSCMS-1144-S5 (Click the No button to terminate the saving of the details entered)" status="PASSED">
         <system-out><![CDATA[2021-12-23 04:05:34 - [TEST_CASE][PASSED] - Test Cases/Sprint 5/FCSCMS-193/FCSCMS-1144-S5 (Click the No button to terminate the saving of the details entered): Test Cases/Sprint 5/FCSCMS-193/FCSCMS-1144-S5 (Click the No button to terminate the saving of the details entered)

2021-12-23 04:05:34 - [TEST_STEP][PASSED] - click(findTestObject("Admin/Sprint 5/AddNewClient/span_Back")): Object: 'Object Repository/Admin/Sprint 5/AddNewClient/span_Back' is clicked on

2021-12-23 04:05:35 - [MESSAGE][PASSED] - Object: 'Object Repository/Admin/Sprint 5/AddNewClient/span_Back' is clicked on

2021-12-23 04:05:35 - [TEST_STEP][PASSED] - delay(2): Delayed 2 second(s)

2021-12-23 04:05:37 - [MESSAGE][PASSED] - Delayed 2 second(s)

2021-12-23 04:05:37 - [TEST_STEP][PASSED] - click(findTestObject("Admin/Sprint 5/AddNewClient/button_Add New Client")): Object: 'Object Repository/Admin/Sprint 5/AddNewClient/button_Add New Client' is clicked on

2021-12-23 04:05:37 - [MESSAGE][PASSED] - Object: 'Object Repository/Admin/Sprint 5/AddNewClient/button_Add New Client' is clicked on

2021-12-23 04:05:37 - [TEST_STEP][PASSED] - setText(findTestObject("Admin/Sprint 5/AddNewClient/Element Verification/input_Client Name_b10-Input_ClientName"), "Test Client Negative Path"): Text 'Test Client Negative Path' is set on object 'Object Repository/Admin/Sprint 5/AddNewClient/Element Verification/input_Client Name_b10-Input_ClientName'

2021-12-23 04:05:39 - [MESSAGE][PASSED] - Text 'Test Client Negative Path' is set on object 'Object Repository/Admin/Sprint 5/AddNewClient/Element Verification/input_Client Name_b10-Input_ClientName'

2021-12-23 04:05:39 - [TEST_STEP][PASSED] - delay(2): Delayed 2 second(s)

2021-12-23 04:05:41 - [MESSAGE][PASSED] - Delayed 2 second(s)

2021-12-23 04:05:41 - [TEST_STEP][PASSED] - click(findTestObject("Admin/Sprint 5/AddNewClient/ButtonsNewXpath/button_Save")): Object: 'Object Repository/Admin/Sprint 5/AddNewClient/ButtonsNewXpath/button_Save' is clicked on

2021-12-23 04:05:42 - [MESSAGE][PASSED] - Object: 'Object Repository/Admin/Sprint 5/AddNewClient/ButtonsNewXpath/button_Save' is clicked on

2021-12-23 04:05:42 - [TEST_STEP][PASSED] - delay(2): Delayed 2 second(s)

2021-12-23 04:05:44 - [MESSAGE][PASSED] - Delayed 2 second(s)

2021-12-23 04:05:44 - [TEST_STEP][PASSED] - click(findTestObject("Admin/Sprint 5/AddNewClient/ButtonsNewXpath/button_No(Save)")): Object: 'Object Repository/Admin/Sprint 5/AddNewClient/ButtonsNewXpath/button_No(Save)' is clicked on

2021-12-23 04:05:44 - [MESSAGE][PASSED] - Object: 'Object Repository/Admin/Sprint 5/AddNewClient/ButtonsNewXpath/button_No(Save)' is clicked on]]></system-out>
         <system-err><![CDATA[]]></system-err>
      </testcase>
      <testcase name="Test Cases/Sprint 5/FCSCMS-193/FCSCMS-1145-S5 (Click the Cancel button for the Basic Information tab)" time="4.654" classname="Test Cases/Sprint 5/FCSCMS-193/FCSCMS-1145-S5 (Click the Cancel button for the Basic Information tab)" status="PASSED">
         <system-out><![CDATA[2021-12-23 04:05:44 - [TEST_CASE][PASSED] - Test Cases/Sprint 5/FCSCMS-193/FCSCMS-1145-S5 (Click the Cancel button for the Basic Information tab): Test Cases/Sprint 5/FCSCMS-193/FCSCMS-1145-S5 (Click the Cancel button for the Basic Information tab)

2021-12-23 04:05:45 - [TEST_STEP][PASSED] - click(findTestObject("Admin/Sprint 5/AddNewClient/ButtonsNewXpath/button_Cancel")): Object: 'Object Repository/Admin/Sprint 5/AddNewClient/ButtonsNewXpath/button_Cancel' is clicked on

2021-12-23 04:05:45 - [MESSAGE][PASSED] - Object: 'Object Repository/Admin/Sprint 5/AddNewClient/ButtonsNewXpath/button_Cancel' is clicked on

2021-12-23 04:05:45 - [TEST_STEP][PASSED] - delay(2): Delayed 2 second(s)

2021-12-23 04:05:47 - [MESSAGE][PASSED] - Delayed 2 second(s)

2021-12-23 04:05:47 - [TEST_STEP][PASSED] - delay(2): Delayed 2 second(s)

2021-12-23 04:05:49 - [MESSAGE][PASSED] - Delayed 2 second(s)]]></system-out>
         <system-err><![CDATA[]]></system-err>
      </testcase>
      <testcase name="Test Cases/Sprint 5/FCSCMS-193/FCSCMS-1146-S5 (Click the Yes button from Cancel Confirmation modal" time="8.023" classname="Test Cases/Sprint 5/FCSCMS-193/FCSCMS-1146-S5 (Click the Yes button from Cancel Confirmation modal" status="PASSED">
         <system-out><![CDATA[2021-12-23 04:05:49 - [TEST_CASE][PASSED] - Test Cases/Sprint 5/FCSCMS-193/FCSCMS-1146-S5 (Click the Yes button from Cancel Confirmation modal: Test Cases/Sprint 5/FCSCMS-193/FCSCMS-1146-S5 (Click the Yes button from Cancel Confirmation modal

2021-12-23 04:05:49 - [TEST_STEP][PASSED] - click(findTestObject("Admin/Sprint 5/AddNewClient/ButtonsNewXpath/button_Yes(Cancel)")): Object: 'Object Repository/Admin/Sprint 5/AddNewClient/ButtonsNewXpath/button_Yes(Cancel)' is clicked on

2021-12-23 04:05:50 - [MESSAGE][PASSED] - Object: 'Object Repository/Admin/Sprint 5/AddNewClient/ButtonsNewXpath/button_Yes(Cancel)' is clicked on

2021-12-23 04:05:50 - [TEST_STEP][PASSED] - delay(2): Delayed 2 second(s)

2021-12-23 04:05:52 - [MESSAGE][PASSED] - Delayed 2 second(s)

2021-12-23 04:05:52 - [TEST_STEP][PASSED] - verifyElementVisible(findTestObject("Admin/Sprint 5/AddNewClient/Element Verification/AppLogo")): Object 'Object Repository/Admin/Sprint 5/AddNewClient/Element Verification/AppLogo' is visible

2021-12-23 04:05:52 - [MESSAGE][PASSED] - Object 'Object Repository/Admin/Sprint 5/AddNewClient/Element Verification/AppLogo' is visible

2021-12-23 04:05:52 - [TEST_STEP][PASSED] - delay(5): Delayed 5 second(s)

2021-12-23 04:05:57 - [MESSAGE][PASSED] - Delayed 5 second(s)]]></system-out>
         <system-err><![CDATA[]]></system-err>
      </testcase>
      <testcase name="Test Cases/Sprint 5/FCSCMS-193/FCSCMS-1147-S5 (Click the NO button from Cancel Confirmation modal)" time="15.327" classname="Test Cases/Sprint 5/FCSCMS-193/FCSCMS-1147-S5 (Click the NO button from Cancel Confirmation modal)" status="PASSED">
         <system-out><![CDATA[2021-12-23 04:05:57 - [TEST_CASE][PASSED] - Test Cases/Sprint 5/FCSCMS-193/FCSCMS-1147-S5 (Click the NO button from Cancel Confirmation modal): Test Cases/Sprint 5/FCSCMS-193/FCSCMS-1147-S5 (Click the NO button from Cancel Confirmation modal)

2021-12-23 04:05:57 - [TEST_STEP][PASSED] - click(findTestObject("Admin/Sprint 5/AddNewClient/button_Add New Client")): Object: 'Object Repository/Admin/Sprint 5/AddNewClient/button_Add New Client' is clicked on

2021-12-23 04:05:58 - [MESSAGE][PASSED] - Object: 'Object Repository/Admin/Sprint 5/AddNewClient/button_Add New Client' is clicked on

2021-12-23 04:05:58 - [TEST_STEP][PASSED] - delay(1): Delayed 1 second(s)

2021-12-23 04:05:59 - [MESSAGE][PASSED] - Delayed 1 second(s)

2021-12-23 04:05:59 - [TEST_STEP][PASSED] - setText(findTestObject("Admin/Sprint 5/Clients/EditClientXpathNew/input_Client Name_b10-Input_ClientName"), "Test Client Automation A"): Text 'Test Client Automation A' is set on object 'Object Repository/Admin/Sprint 5/Clients/EditClientXpathNew/input_Client Name_b10-Input_ClientName'

2021-12-23 04:06:00 - [MESSAGE][PASSED] - Text 'Test Client Automation A' is set on object 'Object Repository/Admin/Sprint 5/Clients/EditClientXpathNew/input_Client Name_b10-Input_ClientName'

2021-12-23 04:06:00 - [TEST_STEP][PASSED] - delay(1): Delayed 1 second(s)

2021-12-23 04:06:01 - [MESSAGE][PASSED] - Delayed 1 second(s)

2021-12-23 04:06:01 - [TEST_STEP][PASSED] - selectOptionByLabel(findTestObject("Admin/Sprint 5/Clients/EditClientXpathNew/StatusDropdownNew"), "Active", false): All options with label 'Active' are selected in object 'Object Repository/Admin/Sprint 5/Clients/EditClientXpathNew/StatusDropdownNew' 

2021-12-23 04:06:01 - [MESSAGE][PASSED] - All options with label 'Active' are selected in object 'Object Repository/Admin/Sprint 5/Clients/EditClientXpathNew/StatusDropdownNew' 

2021-12-23 04:06:01 - [TEST_STEP][PASSED] - delay(1): Delayed 1 second(s)

2021-12-23 04:06:02 - [MESSAGE][PASSED] - Delayed 1 second(s)

2021-12-23 04:06:02 - [TEST_STEP][PASSED] - setText(findTestObject("Admin/Sprint 5/Clients/EditClientXpathNew/input_Business Details_b10-Input_BusinessDetails"), "AT BD A"): Text 'AT BD A' is set on object 'Object Repository/Admin/Sprint 5/Clients/EditClientXpathNew/input_Business Details_b10-Input_BusinessDetails'

2021-12-23 04:06:03 - [MESSAGE][PASSED] - Text 'AT BD A' is set on object 'Object Repository/Admin/Sprint 5/Clients/EditClientXpathNew/input_Business Details_b10-Input_BusinessDetails'

2021-12-23 04:06:03 - [TEST_STEP][PASSED] - delay(1): Delayed 1 second(s)

2021-12-23 04:06:04 - [MESSAGE][PASSED] - Delayed 1 second(s)

2021-12-23 04:06:04 - [TEST_STEP][PASSED] - setText(findTestObject("Admin/Sprint 5/Clients/EditClientXpathNew/input_IRS Number_b10-Input_IRSNumber"), "1222333"): Text '1222333' is set on object 'Object Repository/Admin/Sprint 5/Clients/EditClientXpathNew/input_IRS Number_b10-Input_IRSNumber'

2021-12-23 04:06:05 - [MESSAGE][PASSED] - Text '1222333' is set on object 'Object Repository/Admin/Sprint 5/Clients/EditClientXpathNew/input_IRS Number_b10-Input_IRSNumber'

2021-12-23 04:06:05 - [TEST_STEP][PASSED] - delay(1): Delayed 1 second(s)

2021-12-23 04:06:06 - [MESSAGE][PASSED] - Delayed 1 second(s)

2021-12-23 04:06:06 - [TEST_STEP][PASSED] - click(findTestObject("Admin/Sprint 5/AddNewClient/ButtonsNewXpath/button_Save")): Object: 'Object Repository/Admin/Sprint 5/AddNewClient/ButtonsNewXpath/button_Save' is clicked on

2021-12-23 04:06:06 - [MESSAGE][PASSED] - Object: 'Object Repository/Admin/Sprint 5/AddNewClient/ButtonsNewXpath/button_Save' is clicked on

2021-12-23 04:06:06 - [TEST_STEP][PASSED] - delay(2): Delayed 2 second(s)

2021-12-23 04:06:08 - [MESSAGE][PASSED] - Delayed 2 second(s)

2021-12-23 04:06:08 - [TEST_STEP][PASSED] - click(findTestObject("Admin/Sprint 5/AddNewClient/ButtonsNewXpath/button_No(Save)")): Object: 'Object Repository/Admin/Sprint 5/AddNewClient/ButtonsNewXpath/button_No(Save)' is clicked on

2021-12-23 04:06:09 - [MESSAGE][PASSED] - Object: 'Object Repository/Admin/Sprint 5/AddNewClient/ButtonsNewXpath/button_No(Save)' is clicked on

2021-12-23 04:06:09 - [TEST_STEP][PASSED] - delay(2): Delayed 2 second(s)

2021-12-23 04:06:11 - [MESSAGE][PASSED] - Delayed 2 second(s)

2021-12-23 04:06:11 - [TEST_STEP][PASSED] - verifyElementVisible(findTestObject("Admin/Sprint 5/AddNewClient/ClientDashboardNew")): Object 'Object Repository/Admin/Sprint 5/AddNewClient/ClientDashboardNew' is visible

2021-12-23 04:06:11 - [MESSAGE][PASSED] - Object 'Object Repository/Admin/Sprint 5/AddNewClient/ClientDashboardNew' is visible

2021-12-23 04:06:11 - [TEST_STEP][PASSED] - delay(1): Delayed 1 second(s)

2021-12-23 04:06:12 - [MESSAGE][PASSED] - Delayed 1 second(s)

2021-12-23 04:06:12 - [TEST_STEP][PASSED] - click(findTestObject("Admin/Sprint 5/AddNewClient/span_Back")): Object: 'Object Repository/Admin/Sprint 5/AddNewClient/span_Back' is clicked on

2021-12-23 04:06:12 - [MESSAGE][PASSED] - Object: 'Object Repository/Admin/Sprint 5/AddNewClient/span_Back' is clicked on]]></system-out>
         <system-err><![CDATA[]]></system-err>
      </testcase>
      <testcase name="Test Cases/Sprint 5/FCSCMS-193/FCSCMS-1148-S5 (The user can click the Sites tab)" time="11.733" classname="Test Cases/Sprint 5/FCSCMS-193/FCSCMS-1148-S5 (The user can click the Sites tab)" status="PASSED">
         <system-out><![CDATA[2021-12-23 04:06:12 - [TEST_CASE][PASSED] - Test Cases/Sprint 5/FCSCMS-193/FCSCMS-1148-S5 (The user can click the Sites tab): Test Cases/Sprint 5/FCSCMS-193/FCSCMS-1148-S5 (The user can click the Sites tab)

2021-12-23 04:06:13 - [TEST_STEP][PASSED] - click(findTestObject("Admin/Sprint 5/AddNewClient/button_Add New Client")): Object: 'Object Repository/Admin/Sprint 5/AddNewClient/button_Add New Client' is clicked on

2021-12-23 04:06:14 - [MESSAGE][PASSED] - Object: 'Object Repository/Admin/Sprint 5/AddNewClient/button_Add New Client' is clicked on

2021-12-23 04:06:14 - [TEST_STEP][PASSED] - delay(1): Delayed 1 second(s)

2021-12-23 04:06:15 - [MESSAGE][PASSED] - Delayed 1 second(s)

2021-12-23 04:06:15 - [TEST_STEP][PASSED] - setText(findTestObject("Admin/Sprint 5/Clients/EditClientXpathNew/input_Client Name_b10-Input_ClientName"), "Test Client Automation A"): Text 'Test Client Automation A' is set on object 'Object Repository/Admin/Sprint 5/Clients/EditClientXpathNew/input_Client Name_b10-Input_ClientName'

2021-12-23 04:06:16 - [MESSAGE][PASSED] - Text 'Test Client Automation A' is set on object 'Object Repository/Admin/Sprint 5/Clients/EditClientXpathNew/input_Client Name_b10-Input_ClientName'

2021-12-23 04:06:16 - [TEST_STEP][PASSED] - delay(1): Delayed 1 second(s)

2021-12-23 04:06:17 - [MESSAGE][PASSED] - Delayed 1 second(s)

2021-12-23 04:06:17 - [TEST_STEP][PASSED] - selectOptionByLabel(findTestObject("Admin/Sprint 5/Clients/EditClientXpathNew/StatusDropdownNew"), "Active", false): All options with label 'Active' are selected in object 'Object Repository/Admin/Sprint 5/Clients/EditClientXpathNew/StatusDropdownNew' 

2021-12-23 04:06:17 - [MESSAGE][PASSED] - All options with label 'Active' are selected in object 'Object Repository/Admin/Sprint 5/Clients/EditClientXpathNew/StatusDropdownNew' 

2021-12-23 04:06:17 - [TEST_STEP][PASSED] - delay(1): Delayed 1 second(s)

2021-12-23 04:06:18 - [MESSAGE][PASSED] - Delayed 1 second(s)

2021-12-23 04:06:18 - [TEST_STEP][PASSED] - click(findTestObject("Admin/Sprint 5/AddNewClient/ButtonsNewXpath/button_Save")): Object: 'Object Repository/Admin/Sprint 5/AddNewClient/ButtonsNewXpath/button_Save' is clicked on

2021-12-23 04:06:19 - [MESSAGE][PASSED] - Object: 'Object Repository/Admin/Sprint 5/AddNewClient/ButtonsNewXpath/button_Save' is clicked on

2021-12-23 04:06:19 - [TEST_STEP][PASSED] - delay(1): Delayed 1 second(s)

2021-12-23 04:06:20 - [MESSAGE][PASSED] - Delayed 1 second(s)

2021-12-23 04:06:20 - [TEST_STEP][PASSED] - click(findTestObject("Admin/Sprint 5/AddNewClient/ButtonsNewXpath/button_Yes(Save)")): Object: 'Object Repository/Admin/Sprint 5/AddNewClient/ButtonsNewXpath/button_Yes(Save)' is clicked on

2021-12-23 04:06:20 - [MESSAGE][PASSED] - Object: 'Object Repository/Admin/Sprint 5/AddNewClient/ButtonsNewXpath/button_Yes(Save)' is clicked on

2021-12-23 04:06:20 - [TEST_STEP][PASSED] - delay(1): Delayed 1 second(s)

2021-12-23 04:06:21 - [MESSAGE][PASSED] - Delayed 1 second(s)

2021-12-23 04:06:21 - [TEST_STEP][PASSED] - click(findTestObject("Admin/Sprint 5/Clients/Sites/div_Sites")): Object: 'Object Repository/Admin/Sprint 5/Clients/Sites/div_Sites' is clicked on

2021-12-23 04:06:22 - [MESSAGE][PASSED] - Object: 'Object Repository/Admin/Sprint 5/Clients/Sites/div_Sites' is clicked on

2021-12-23 04:06:22 - [TEST_STEP][PASSED] - delay(2): Delayed 2 second(s)

2021-12-23 04:06:24 - [MESSAGE][PASSED] - Delayed 2 second(s)]]></system-out>
         <system-err><![CDATA[]]></system-err>
      </testcase>
      <testcase name="Test Cases/Sprint 5/FCSCMS-193/FCSCMS-1149-S5 (The user can add a new site)" time="32.058" classname="Test Cases/Sprint 5/FCSCMS-193/FCSCMS-1149-S5 (The user can add a new site)" status="PASSED">
         <system-out><![CDATA[2021-12-23 04:06:24 - [TEST_CASE][PASSED] - Test Cases/Sprint 5/FCSCMS-193/FCSCMS-1149-S5 (The user can add a new site): Test Cases/Sprint 5/FCSCMS-193/FCSCMS-1149-S5 (The user can add a new site)

2021-12-23 04:06:24 - [TEST_STEP][PASSED] - click(findTestObject("Admin/Sprint 5/Clients/Sites/button_Add New Site")): Object: 'Object Repository/Admin/Sprint 5/Clients/Sites/button_Add New Site' is clicked on

2021-12-23 04:06:25 - [MESSAGE][PASSED] - Object: 'Object Repository/Admin/Sprint 5/Clients/Sites/button_Add New Site' is clicked on

2021-12-23 04:06:25 - [TEST_STEP][PASSED] - delay(1): Delayed 1 second(s)

2021-12-23 04:06:26 - [MESSAGE][PASSED] - Delayed 1 second(s)

2021-12-23 04:06:26 - [TEST_STEP][PASSED] - setText(findTestObject("Admin/Sprint 5/Clients/Sites/SiteCode"), "Test SiteCode AT"): Text 'Test SiteCode AT' is set on object 'Object Repository/Admin/Sprint 5/Clients/Sites/SiteCode'

2021-12-23 04:06:27 - [MESSAGE][PASSED] - Text 'Test SiteCode AT' is set on object 'Object Repository/Admin/Sprint 5/Clients/Sites/SiteCode'

2021-12-23 04:06:27 - [TEST_STEP][PASSED] - delay(1): Delayed 1 second(s)

2021-12-23 04:06:28 - [MESSAGE][PASSED] - Delayed 1 second(s)

2021-12-23 04:06:28 - [TEST_STEP][PASSED] - setText(findTestObject("Admin/Sprint 5/Clients/Sites/SiteName"), "SiteAutomationTest"): Text 'SiteAutomationTest' is set on object 'Object Repository/Admin/Sprint 5/Clients/Sites/SiteName'

2021-12-23 04:06:28 - [MESSAGE][PASSED] - Text 'SiteAutomationTest' is set on object 'Object Repository/Admin/Sprint 5/Clients/Sites/SiteName'

2021-12-23 04:06:28 - [TEST_STEP][PASSED] - delay(1): Delayed 1 second(s)

2021-12-23 04:06:29 - [MESSAGE][PASSED] - Delayed 1 second(s)

2021-12-23 04:06:29 - [TEST_STEP][PASSED] - setText(findTestObject("Admin/Sprint 5/Clients/Sites/Description"), "Test Automation for Site Category"): Text 'Test Automation for Site Category' is set on object 'Object Repository/Admin/Sprint 5/Clients/Sites/Description'

2021-12-23 04:06:30 - [MESSAGE][PASSED] - Text 'Test Automation for Site Category' is set on object 'Object Repository/Admin/Sprint 5/Clients/Sites/Description'

2021-12-23 04:06:30 - [TEST_STEP][PASSED] - delay(1): Delayed 1 second(s)

2021-12-23 04:06:31 - [MESSAGE][PASSED] - Delayed 1 second(s)

2021-12-23 04:06:31 - [TEST_STEP][PASSED] - click(findTestObject("Admin/Sprint 5/Clients/Sites/AccountManager")): Object: 'Object Repository/Admin/Sprint 5/Clients/Sites/AccountManager' is clicked on

2021-12-23 04:06:32 - [MESSAGE][PASSED] - Object: 'Object Repository/Admin/Sprint 5/Clients/Sites/AccountManager' is clicked on

2021-12-23 04:06:32 - [TEST_STEP][PASSED] - delay(1): Delayed 1 second(s)

2021-12-23 04:06:33 - [MESSAGE][PASSED] - Delayed 1 second(s)

2021-12-23 04:06:33 - [TEST_STEP][PASSED] - click(findTestObject("Admin/Sprint 5/Clients/Sites/div_AutomationTest")): Object: 'Object Repository/Admin/Sprint 5/Clients/Sites/div_AutomationTest' is clicked on

2021-12-23 04:06:33 - [MESSAGE][PASSED] - Object: 'Object Repository/Admin/Sprint 5/Clients/Sites/div_AutomationTest' is clicked on

2021-12-23 04:06:33 - [TEST_STEP][PASSED] - delay(1): Delayed 1 second(s)

2021-12-23 04:06:34 - [MESSAGE][PASSED] - Delayed 1 second(s)

2021-12-23 04:06:34 - [TEST_STEP][PASSED] - selectOptionByLabel(findTestObject("Admin/Sprint 5/Clients/Sites/select_SelectUSDEURCAD"), "USD", false): All options with label 'USD' are selected in object 'Object Repository/Admin/Sprint 5/Clients/Sites/select_SelectUSDEURCAD' 

2021-12-23 04:06:35 - [MESSAGE][PASSED] - All options with label 'USD' are selected in object 'Object Repository/Admin/Sprint 5/Clients/Sites/select_SelectUSDEURCAD' 

2021-12-23 04:06:35 - [TEST_STEP][PASSED] - delay(1): Delayed 1 second(s)

2021-12-23 04:06:36 - [MESSAGE][PASSED] - Delayed 1 second(s)

2021-12-23 04:06:36 - [TEST_STEP][PASSED] - click(findTestObject("Admin/Sprint 5/Clients/Sites/button_Add Address(Site)")): Object: 'Object Repository/Admin/Sprint 5/Clients/Sites/button_Add Address(Site)' is clicked on

2021-12-23 04:06:36 - [MESSAGE][PASSED] - Object: 'Object Repository/Admin/Sprint 5/Clients/Sites/button_Add Address(Site)' is clicked on

2021-12-23 04:06:36 - [TEST_STEP][PASSED] - delay(1): Delayed 1 second(s)

2021-12-23 04:06:37 - [MESSAGE][PASSED] - Delayed 1 second(s)

2021-12-23 04:06:37 - [TEST_STEP][PASSED] - setText(findTestObject("Admin/Sprint 5/Clients/Sites/AddNewAddress/Address_Type"), "Billing"): Text 'Billing' is set on object 'Object Repository/Admin/Sprint 5/Clients/Sites/AddNewAddress/Address_Type'

2021-12-23 04:06:38 - [MESSAGE][PASSED] - Text 'Billing' is set on object 'Object Repository/Admin/Sprint 5/Clients/Sites/AddNewAddress/Address_Type'

2021-12-23 04:06:38 - [TEST_STEP][PASSED] - delay(1): Delayed 1 second(s)

2021-12-23 04:06:39 - [MESSAGE][PASSED] - Delayed 1 second(s)

2021-12-23 04:06:39 - [TEST_STEP][PASSED] - setText(findTestObject("Admin/Sprint 5/Clients/Sites/AddNewAddress/AddressName"), "Test Address AT"): Text 'Test Address AT' is set on object 'Object Repository/Admin/Sprint 5/Clients/Sites/AddNewAddress/AddressName'

2021-12-23 04:06:40 - [MESSAGE][PASSED] - Text 'Test Address AT' is set on object 'Object Repository/Admin/Sprint 5/Clients/Sites/AddNewAddress/AddressName'

2021-12-23 04:06:40 - [TEST_STEP][PASSED] - delay(1): Delayed 1 second(s)

2021-12-23 04:06:41 - [MESSAGE][PASSED] - Delayed 1 second(s)

2021-12-23 04:06:41 - [TEST_STEP][PASSED] - setText(findTestObject("Admin/Sprint 5/Clients/Sites/AddNewAddress/AddressLine1"), "AD Line 1"): Text 'AD Line 1' is set on object 'Object Repository/Admin/Sprint 5/Clients/Sites/AddNewAddress/AddressLine1'

2021-12-23 04:06:42 - [MESSAGE][PASSED] - Text 'AD Line 1' is set on object 'Object Repository/Admin/Sprint 5/Clients/Sites/AddNewAddress/AddressLine1'

2021-12-23 04:06:42 - [TEST_STEP][PASSED] - delay(1): Delayed 1 second(s)

2021-12-23 04:06:43 - [MESSAGE][PASSED] - Delayed 1 second(s)

2021-12-23 04:06:43 - [TEST_STEP][PASSED] - setText(findTestObject("Admin/Sprint 5/Clients/Sites/AddNewAddress/AddressLine2"), "AD Line 2"): Text 'AD Line 2' is set on object 'Object Repository/Admin/Sprint 5/Clients/Sites/AddNewAddress/AddressLine2'

2021-12-23 04:06:43 - [MESSAGE][PASSED] - Text 'AD Line 2' is set on object 'Object Repository/Admin/Sprint 5/Clients/Sites/AddNewAddress/AddressLine2'

2021-12-23 04:06:43 - [TEST_STEP][PASSED] - delay(1): Delayed 1 second(s)

2021-12-23 04:06:44 - [MESSAGE][PASSED] - Delayed 1 second(s)

2021-12-23 04:06:44 - [TEST_STEP][PASSED] - click(findTestObject("Admin/Sprint 5/Clients/Sites/AddNewAddress/CityDropdown")): Object: 'Object Repository/Admin/Sprint 5/Clients/Sites/AddNewAddress/CityDropdown' is clicked on

2021-12-23 04:06:45 - [MESSAGE][PASSED] - Object: 'Object Repository/Admin/Sprint 5/Clients/Sites/AddNewAddress/CityDropdown' is clicked on

2021-12-23 04:06:45 - [TEST_STEP][PASSED] - delay(1): Delayed 1 second(s)

2021-12-23 04:06:46 - [MESSAGE][PASSED] - Delayed 1 second(s)

2021-12-23 04:06:46 - [TEST_STEP][PASSED] - click(findTestObject("Admin/Sprint 5/Clients/Sites/AddNewAddress/CountryDropdown")): Object: 'Object Repository/Admin/Sprint 5/Clients/Sites/AddNewAddress/CountryDropdown' is clicked on

2021-12-23 04:06:46 - [MESSAGE][PASSED] - Object: 'Object Repository/Admin/Sprint 5/Clients/Sites/AddNewAddress/CountryDropdown' is clicked on

2021-12-23 04:06:46 - [TEST_STEP][PASSED] - delay(1): Delayed 1 second(s)

2021-12-23 04:06:47 - [MESSAGE][PASSED] - Delayed 1 second(s)

2021-12-23 04:06:47 - [TEST_STEP][PASSED] - click(findTestObject("Admin/Sprint 5/Clients/Sites/AddNewAddress/div_United States(Country)")): Object: 'Object Repository/Admin/Sprint 5/Clients/Sites/AddNewAddress/div_United States(Country)' is clicked on

2021-12-23 04:06:48 - [MESSAGE][PASSED] - Object: 'Object Repository/Admin/Sprint 5/Clients/Sites/AddNewAddress/div_United States(Country)' is clicked on

2021-12-23 04:06:48 - [TEST_STEP][PASSED] - delay(1): Delayed 1 second(s)

2021-12-23 04:06:49 - [MESSAGE][PASSED] - Delayed 1 second(s)

2021-12-23 04:06:49 - [TEST_STEP][PASSED] - click(findTestObject("Admin/Sprint 5/Clients/Sites/AddNewAddress/ZipCodeDropdown")): Object: 'Object Repository/Admin/Sprint 5/Clients/Sites/AddNewAddress/ZipCodeDropdown' is clicked on

2021-12-23 04:06:49 - [MESSAGE][PASSED] - Object: 'Object Repository/Admin/Sprint 5/Clients/Sites/AddNewAddress/ZipCodeDropdown' is clicked on

2021-12-23 04:06:49 - [TEST_STEP][PASSED] - delay(1): Delayed 1 second(s)

2021-12-23 04:06:50 - [MESSAGE][PASSED] - Delayed 1 second(s)

2021-12-23 04:06:50 - [TEST_STEP][PASSED] - click(findTestObject("Admin/Sprint 5/Clients/Sites/AddNewAddress/div_35007(ZipCode)")): Object: 'Object Repository/Admin/Sprint 5/Clients/Sites/AddNewAddress/div_35007(ZipCode)' is clicked on

2021-12-23 04:06:51 - [MESSAGE][PASSED] - Object: 'Object Repository/Admin/Sprint 5/Clients/Sites/AddNewAddress/div_35007(ZipCode)' is clicked on

2021-12-23 04:06:51 - [TEST_STEP][PASSED] - delay(1): Delayed 1 second(s)

2021-12-23 04:06:52 - [MESSAGE][PASSED] - Delayed 1 second(s)

2021-12-23 04:06:52 - [TEST_STEP][PASSED] - selectOptionByLabel(findTestObject("Admin/Sprint 5/Clients/Sites/AddNewAddress/TimeZone"), "Central Standard Time", false): All options with label 'Central Standard Time' are selected in object 'Object Repository/Admin/Sprint 5/Clients/Sites/AddNewAddress/TimeZone' 

2021-12-23 04:06:52 - [MESSAGE][PASSED] - All options with label 'Central Standard Time' are selected in object 'Object Repository/Admin/Sprint 5/Clients/Sites/AddNewAddress/TimeZone' 

2021-12-23 04:06:52 - [TEST_STEP][PASSED] - delay(2): Delayed 2 second(s)

2021-12-23 04:06:54 - [MESSAGE][PASSED] - Delayed 2 second(s)

2021-12-23 04:06:54 - [TEST_STEP][PASSED] - click(findTestObject("Admin/Sprint 5/Clients/Sites/AddNewAddress/button_Save")): Object: 'Object Repository/Admin/Sprint 5/Clients/Sites/AddNewAddress/button_Save' is clicked on

2021-12-23 04:06:55 - [MESSAGE][PASSED] - Object: 'Object Repository/Admin/Sprint 5/Clients/Sites/AddNewAddress/button_Save' is clicked on

2021-12-23 04:06:55 - [TEST_STEP][PASSED] - delay(1): Delayed 1 second(s)

2021-12-23 04:06:56 - [MESSAGE][PASSED] - Delayed 1 second(s)

2021-12-23 04:06:56 - [TEST_STEP][PASSED] - click(findTestObject("Admin/Sprint 5/Clients/Sites/AddNewAddress/button_Yes(AddNewAddress)")): Object: 'Object Repository/Admin/Sprint 5/Clients/Sites/AddNewAddress/button_Yes(AddNewAddress)' is clicked on

2021-12-23 04:06:56 - [MESSAGE][PASSED] - Object: 'Object Repository/Admin/Sprint 5/Clients/Sites/AddNewAddress/button_Yes(AddNewAddress)' is clicked on]]></system-out>
         <system-err><![CDATA[]]></system-err>
      </testcase>
      <system-out><![CDATA[2021-12-23 04:04:28 - [TEST_SUITE][PASSED] - FCSCMS-193 (Organizations - Client Profile - Add New Client): Test Cases/Sprint 5/FCSCMS-193/FCSCMS-1149-S5 (The user can add a new site)]]></system-out>
      <system-err><![CDATA[]]></system-err>
   </testsuite>
</testsuites>
