<?xml version="1.0" encoding="UTF-8"?>
<testsuites name="FCSCMS-193 (Organizations - Client Profile - Add New Client)" time="95.541" tests="10" failures="0" errors="0">
   <testsuite name="FCSCMS-193 (Organizations - Client Profile - Add New Client)" tests="10" failures="0" errors="0" time="95.541" timestamp="2021-12-22 16:29:04" hostname="me - DESKTOP-S7SF50D" id="Test Suites/Sprint 5/FCSCMS-193 (Organizations - Client Profile - Add New Client)">
      <properties>
         <property name="deviceName" value=""/>
         <property name="devicePlatform" value=""/>
         <property name="logFolder" value="C:\\Users\\me\\git\\nexterous-automation\\Reports\\20211222_162842\\Sprint 5\\FCSCMS-193 (Organizations - Client Profile - Add New Client)\\20211222_162842"/>
         <property name="logFiles" value="C:\\Users\\me\\git\\nexterous-automation\\Reports\\20211222_162842\\Sprint 5\\FCSCMS-193 (Organizations - Client Profile - Add New Client)\\20211222_162842\\execution0.log"/>
         <property name="attachments" value=""/>
         <property name="hostName" value="me - DESKTOP-S7SF50D"/>
         <property name="os" value="Windows 10 64bit"/>
         <property name="katalonVersion" value="7.7.0.205"/>
         <property name="browser" value="Chrome 96.0.4664.110"/>
         <property name="hostAddress" value="192.168.100.7"/>
         <property name="sessionId" value="c92f21794213c169a483f3f6edeeba1f"/>
         <property name="seleniumVersion" value="3.141.59"/>
         <property name="proxyInformation" value="ProxyInformation { proxyOption=NO_PROXY, proxyServerType=HTTP, username=, password=********, proxyServerAddress=, proxyServerPort=0, executionList=&quot;&quot;, isApplyToDesiredCapabilities=true }"/>
         <property name="platform" value="Windows 10"/>
      </properties>
      <testcase name="Test Cases/Sprint 5/FCSCMS-193/FCSCMS-1137-S5 (Admin user should be able to log in using valid credentials)" time="15.146" classname="Test Cases/Sprint 5/FCSCMS-193/FCSCMS-1137-S5 (Admin user should be able to log in using valid credentials)" status="PASSED">
         <system-out><![CDATA[2021-12-22 16:29:05 - [TEST_CASE][PASSED] - Test Cases/Sprint 5/FCSCMS-193/FCSCMS-1137-S5 (Admin user should be able to log in using valid credentials): Test Cases/Sprint 5/FCSCMS-193/FCSCMS-1137-S5 (Admin user should be able to log in using valid credentials)

2021-12-22 16:29:05 - [TEST_STEP][PASSED] - openBrowser(""): Browser is opened with url: ''

2021-12-22 16:29:06 - [MESSAGE][INFO] - Starting 'Chrome' driver

2021-12-22 16:29:06 - [MESSAGE][INFO] - Action delay is set to 0 milliseconds

2021-12-22 16:29:10 - [MESSAGE][PASSED] - Browser is opened with url: ''

2021-12-22 16:29:10 - [TEST_STEP][PASSED] - navigateToUrl("https://nexterus-tst.outsystemsenterprise.com/FusionCenter/Login"): Navigate to 'https://nexterus-tst.outsystemsenterprise.com/FusionCenter/Login' successfully

2021-12-22 16:29:12 - [MESSAGE][PASSED] - Navigate to 'https://nexterus-tst.outsystemsenterprise.com/FusionCenter/Login' successfully

2021-12-22 16:29:12 - [TEST_STEP][PASSED] - maximizeWindow(): Current window maximized

2021-12-22 16:29:13 - [MESSAGE][PASSED] - Current window maximized

2021-12-22 16:29:13 - [TEST_STEP][PASSED] - delay(3): Delayed 3 second(s)

2021-12-22 16:29:16 - [MESSAGE][PASSED] - Delayed 3 second(s)

2021-12-22 16:29:16 - [TEST_STEP][PASSED] - setText(findTestObject("Login/Username_Field"), "admin"): Text 'admin' is set on object 'Object Repository/Login/Username_Field'

2021-12-22 16:29:17 - [MESSAGE][PASSED] - Text 'admin' is set on object 'Object Repository/Login/Username_Field'

2021-12-22 16:29:17 - [TEST_STEP][PASSED] - delay(1): Delayed 1 second(s)

2021-12-22 16:29:18 - [MESSAGE][PASSED] - Delayed 1 second(s)

2021-12-22 16:29:18 - [TEST_STEP][PASSED] - setText(findTestObject("Login/Password_Field"), "admin"): Text 'admin' is set on object 'Object Repository/Login/Password_Field'

2021-12-22 16:29:18 - [MESSAGE][PASSED] - Text 'admin' is set on object 'Object Repository/Login/Password_Field'

2021-12-22 16:29:18 - [TEST_STEP][PASSED] - delay(1): Delayed 1 second(s)

2021-12-22 16:29:19 - [MESSAGE][PASSED] - Delayed 1 second(s)

2021-12-22 16:29:19 - [TEST_STEP][PASSED] - click(findTestObject("Login/BTN_Login")): Object: 'Object Repository/Login/BTN_Login' is clicked on

2021-12-22 16:29:20 - [MESSAGE][PASSED] - Object: 'Object Repository/Login/BTN_Login' is clicked on]]></system-out>
         <system-err><![CDATA[]]></system-err>
      </testcase>
      <testcase name="Test Cases/Sprint 5/FCSCMS-193/FCSCMS-1138-S5 (Click the Clients option from the left navigation panel)" time="7.92" classname="Test Cases/Sprint 5/FCSCMS-193/FCSCMS-1138-S5 (Click the Clients option from the left navigation panel)" status="PASSED">
         <system-out><![CDATA[2021-12-22 16:29:20 - [TEST_CASE][PASSED] - Test Cases/Sprint 5/FCSCMS-193/FCSCMS-1138-S5 (Click the Clients option from the left navigation panel): Test Cases/Sprint 5/FCSCMS-193/FCSCMS-1138-S5 (Click the Clients option from the left navigation panel)

2021-12-22 16:29:20 - [TEST_STEP][PASSED] - delay(2): Delayed 2 second(s)

2021-12-22 16:29:22 - [MESSAGE][PASSED] - Delayed 2 second(s)

2021-12-22 16:29:22 - [TEST_STEP][PASSED] - click(findTestObject("Admin/Sprint 5/a_Clients")): Object: 'Object Repository/Admin/Sprint 5/a_Clients' is clicked on

2021-12-22 16:29:24 - [MESSAGE][PASSED] - Object: 'Object Repository/Admin/Sprint 5/a_Clients' is clicked on

2021-12-22 16:29:24 - [TEST_STEP][PASSED] - delay(2): Delayed 2 second(s)

2021-12-22 16:29:26 - [MESSAGE][PASSED] - Delayed 2 second(s)

2021-12-22 16:29:26 - [TEST_STEP][PASSED] - verifyElementVisible(findTestObject("Admin/Sprint 5/Clients/SearchBar_Clients")): Object 'Object Repository/Admin/Sprint 5/Clients/SearchBar_Clients' is visible

2021-12-22 16:29:27 - [MESSAGE][PASSED] - Object 'Object Repository/Admin/Sprint 5/Clients/SearchBar_Clients' is visible

2021-12-22 16:29:27 - [TEST_STEP][PASSED] - delay(1): Delayed 1 second(s)

2021-12-22 16:29:28 - [MESSAGE][PASSED] - Delayed 1 second(s)]]></system-out>
         <system-err><![CDATA[]]></system-err>
      </testcase>
      <testcase name="Test Cases/Sprint 5/FCSCMS-193/FCSCMS-1139-S5 (Click on the Add New Client button)" time="10.488" classname="Test Cases/Sprint 5/FCSCMS-193/FCSCMS-1139-S5 (Click on the Add New Client button)" status="PASSED">
         <system-out><![CDATA[2021-12-22 16:29:28 - [TEST_CASE][PASSED] - Test Cases/Sprint 5/FCSCMS-193/FCSCMS-1139-S5 (Click on the Add New Client button): Test Cases/Sprint 5/FCSCMS-193/FCSCMS-1139-S5 (Click on the Add New Client button)

2021-12-22 16:29:28 - [TEST_STEP][PASSED] - click(findTestObject("Admin/Sprint 5/AddNewClient/button_Add New Client")): Object: 'Object Repository/Admin/Sprint 5/AddNewClient/button_Add New Client' is clicked on

2021-12-22 16:29:28 - [MESSAGE][PASSED] - Object: 'Object Repository/Admin/Sprint 5/AddNewClient/button_Add New Client' is clicked on

2021-12-22 16:29:28 - [TEST_STEP][PASSED] - delay(2): Delayed 2 second(s)

2021-12-22 16:29:30 - [MESSAGE][PASSED] - Delayed 2 second(s)

2021-12-22 16:29:30 - [TEST_STEP][PASSED] - setText(findTestObject("Admin/Sprint 5/AddNewClient/Element Verification/input_Client Name_b10-Input_ClientName"), "AT Test Client"): Text 'AT Test Client' is set on object 'Object Repository/Admin/Sprint 5/AddNewClient/Element Verification/input_Client Name_b10-Input_ClientName'

2021-12-22 16:29:32 - [MESSAGE][PASSED] - Text 'AT Test Client' is set on object 'Object Repository/Admin/Sprint 5/AddNewClient/Element Verification/input_Client Name_b10-Input_ClientName'

2021-12-22 16:29:32 - [TEST_STEP][PASSED] - delay(2): Delayed 2 second(s)

2021-12-22 16:29:34 - [MESSAGE][PASSED] - Delayed 2 second(s)

2021-12-22 16:29:34 - [TEST_STEP][PASSED] - click(findTestObject("Admin/Sprint 5/AddNewClient/ButtonsNewXpath/button_Save")): Object: 'Object Repository/Admin/Sprint 5/AddNewClient/ButtonsNewXpath/button_Save' is clicked on

2021-12-22 16:29:35 - [MESSAGE][PASSED] - Object: 'Object Repository/Admin/Sprint 5/AddNewClient/ButtonsNewXpath/button_Save' is clicked on

2021-12-22 16:29:35 - [TEST_STEP][PASSED] - delay(1): Delayed 1 second(s)

2021-12-22 16:29:36 - [MESSAGE][PASSED] - Delayed 1 second(s)

2021-12-22 16:29:36 - [TEST_STEP][PASSED] - click(findTestObject("Admin/Sprint 5/AddNewClient/ButtonsNewXpath/button_Yes(Save)")): Object: 'Object Repository/Admin/Sprint 5/AddNewClient/ButtonsNewXpath/button_Yes(Save)' is clicked on

2021-12-22 16:29:36 - [MESSAGE][PASSED] - Object: 'Object Repository/Admin/Sprint 5/AddNewClient/ButtonsNewXpath/button_Yes(Save)' is clicked on

2021-12-22 16:29:36 - [TEST_STEP][PASSED] - delay(2): Delayed 2 second(s)

2021-12-22 16:29:38 - [MESSAGE][PASSED] - Delayed 2 second(s)]]></system-out>
         <system-err><![CDATA[]]></system-err>
      </testcase>
      <testcase name="Test Cases/Sprint 5/FCSCMS-193/FCSCMS-1140-S5 (User can view the name of the client at the title of the page)" time="3.284" classname="Test Cases/Sprint 5/FCSCMS-193/FCSCMS-1140-S5 (User can view the name of the client at the title of the page)" status="PASSED">
         <system-out><![CDATA[2021-12-22 16:29:38 - [TEST_CASE][PASSED] - Test Cases/Sprint 5/FCSCMS-193/FCSCMS-1140-S5 (User can view the name of the client at the title of the page): Test Cases/Sprint 5/FCSCMS-193/FCSCMS-1140-S5 (User can view the name of the client at the title of the page)

2021-12-22 16:29:39 - [TEST_STEP][PASSED] - verifyElementText(findTestObject("Admin/Sprint 5/AddNewClient/Element Verification/New Client Verification"), "AT Test Client"): Actual text and expected text of test object 'Object Repository/Admin/Sprint 5/AddNewClient/Element Verification/New Client Verification' are matched.

2021-12-22 16:29:39 - [MESSAGE][PASSED] - Actual text and expected text of test object 'Object Repository/Admin/Sprint 5/AddNewClient/Element Verification/New Client Verification' are matched.

2021-12-22 16:29:39 - [TEST_STEP][PASSED] - delay(2): Delayed 2 second(s)

2021-12-22 16:29:41 - [MESSAGE][PASSED] - Delayed 2 second(s)]]></system-out>
         <system-err><![CDATA[]]></system-err>
      </testcase>
      <testcase name="Test Cases/Sprint 5/FCSCMS-193/FCSCMS-1141-S5 (Edit details on the Basic Information tab)" time="22.828" classname="Test Cases/Sprint 5/FCSCMS-193/FCSCMS-1141-S5 (Edit details on the Basic Information tab)" status="PASSED">
         <system-out><![CDATA[2021-12-22 16:29:41 - [TEST_CASE][PASSED] - Test Cases/Sprint 5/FCSCMS-193/FCSCMS-1141-S5 (Edit details on the Basic Information tab): Test Cases/Sprint 5/FCSCMS-193/FCSCMS-1141-S5 (Edit details on the Basic Information tab)

2021-12-22 16:29:42 - [TEST_STEP][PASSED] - selectOptionByLabel(findTestObject("Admin/Sprint 5/AddNewClient/Element Verification/select_SelectActiveInactive"), "Active", false): All options with label 'Active' are selected in object 'Object Repository/Admin/Sprint 5/AddNewClient/Element Verification/select_SelectActiveInactive' 

2021-12-22 16:29:43 - [MESSAGE][PASSED] - All options with label 'Active' are selected in object 'Object Repository/Admin/Sprint 5/AddNewClient/Element Verification/select_SelectActiveInactive' 

2021-12-22 16:29:43 - [TEST_STEP][PASSED] - delay(2): Delayed 2 second(s)

2021-12-22 16:29:45 - [MESSAGE][PASSED] - Delayed 2 second(s)

2021-12-22 16:29:45 - [TEST_STEP][PASSED] - setText(findTestObject("Admin/Sprint 5/AddNewClient/Element Verification/input_Business Details_b10-Input_BusinessDetails"), "Test BDAT"): Text 'Test BDAT' is set on object 'Object Repository/Admin/Sprint 5/AddNewClient/Element Verification/input_Business Details_b10-Input_BusinessDetails'

2021-12-22 16:29:45 - [MESSAGE][PASSED] - Text 'Test BDAT' is set on object 'Object Repository/Admin/Sprint 5/AddNewClient/Element Verification/input_Business Details_b10-Input_BusinessDetails'

2021-12-22 16:29:45 - [TEST_STEP][PASSED] - delay(2): Delayed 2 second(s)

2021-12-22 16:29:47 - [MESSAGE][PASSED] - Delayed 2 second(s)

2021-12-22 16:29:47 - [TEST_STEP][PASSED] - setText(findTestObject("Admin/Sprint 5/AddNewClient/Element Verification/input_IRS Number_b10-Input_IRSNumber"), "112233"): Text '112233' is set on object 'Object Repository/Admin/Sprint 5/AddNewClient/Element Verification/input_IRS Number_b10-Input_IRSNumber'

2021-12-22 16:29:48 - [MESSAGE][PASSED] - Text '112233' is set on object 'Object Repository/Admin/Sprint 5/AddNewClient/Element Verification/input_IRS Number_b10-Input_IRSNumber'

2021-12-22 16:29:48 - [TEST_STEP][PASSED] - delay(2): Delayed 2 second(s)

2021-12-22 16:29:50 - [MESSAGE][PASSED] - Delayed 2 second(s)

2021-12-22 16:29:50 - [TEST_STEP][PASSED] - click(findTestObject("Admin/Sprint 5/AddNewClient/Element Verification/SalesRep_Dropdown")): Object: 'Object Repository/Admin/Sprint 5/AddNewClient/Element Verification/SalesRep_Dropdown' is clicked on

2021-12-22 16:29:50 - [MESSAGE][PASSED] - Object: 'Object Repository/Admin/Sprint 5/AddNewClient/Element Verification/SalesRep_Dropdown' is clicked on

2021-12-22 16:29:50 - [TEST_STEP][PASSED] - delay(1): Delayed 1 second(s)

2021-12-22 16:29:52 - [MESSAGE][PASSED] - Delayed 1 second(s)

2021-12-22 16:29:52 - [TEST_STEP][PASSED] - click(findTestObject("Admin/Sprint 5/AddNewClient/Element Verification/div_3_SalesRep")): Object: 'Object Repository/Admin/Sprint 5/AddNewClient/Element Verification/div_3_SalesRep' is clicked on

2021-12-22 16:29:52 - [MESSAGE][PASSED] - Object: 'Object Repository/Admin/Sprint 5/AddNewClient/Element Verification/div_3_SalesRep' is clicked on

2021-12-22 16:29:52 - [TEST_STEP][PASSED] - delay(1): Delayed 1 second(s)

2021-12-22 16:29:53 - [MESSAGE][PASSED] - Delayed 1 second(s)

2021-12-22 16:29:53 - [TEST_STEP][PASSED] - click(findTestObject("Admin/Sprint 5/AddNewClient/Element Verification/AccountManager_Dropdown")): Object: 'Object Repository/Admin/Sprint 5/AddNewClient/Element Verification/AccountManager_Dropdown' is clicked on

2021-12-22 16:29:53 - [MESSAGE][PASSED] - Object: 'Object Repository/Admin/Sprint 5/AddNewClient/Element Verification/AccountManager_Dropdown' is clicked on

2021-12-22 16:29:53 - [TEST_STEP][PASSED] - delay(1): Delayed 1 second(s)

2021-12-22 16:29:54 - [MESSAGE][PASSED] - Delayed 1 second(s)

2021-12-22 16:29:54 - [TEST_STEP][PASSED] - click(findTestObject("Admin/Sprint 5/AddNewClient/Element Verification/div_3_AccountManager")): Object: 'Object Repository/Admin/Sprint 5/AddNewClient/Element Verification/div_3_AccountManager' is clicked on

2021-12-22 16:29:55 - [MESSAGE][PASSED] - Object: 'Object Repository/Admin/Sprint 5/AddNewClient/Element Verification/div_3_AccountManager' is clicked on

2021-12-22 16:29:55 - [TEST_STEP][PASSED] - delay(2): Delayed 2 second(s)

2021-12-22 16:29:57 - [MESSAGE][PASSED] - Delayed 2 second(s)

2021-12-22 16:29:57 - [TEST_STEP][PASSED] - setText(findTestObject("Admin/Sprint 5/AddNewClient/Element Verification/input_Termination Date_b10-Input_TerminationDate"), "08/15/2022"): Text '08/15/2022' is set on object 'Object Repository/Admin/Sprint 5/AddNewClient/Element Verification/input_Termination Date_b10-Input_TerminationDate'

2021-12-22 16:29:58 - [MESSAGE][PASSED] - Text '08/15/2022' is set on object 'Object Repository/Admin/Sprint 5/AddNewClient/Element Verification/input_Termination Date_b10-Input_TerminationDate'

2021-12-22 16:29:58 - [TEST_STEP][PASSED] - delay(1): Delayed 1 second(s)

2021-12-22 16:29:59 - [MESSAGE][PASSED] - Delayed 1 second(s)

2021-12-22 16:29:59 - [TEST_STEP][PASSED] - click(findTestObject("Admin/Sprint 5/AddNewClient/Element Verification/Client")): Object: 'Object Repository/Admin/Sprint 5/AddNewClient/Element Verification/Client' is clicked on

2021-12-22 16:29:59 - [MESSAGE][PASSED] - Object: 'Object Repository/Admin/Sprint 5/AddNewClient/Element Verification/Client' is clicked on

2021-12-22 16:29:59 - [TEST_STEP][PASSED] - delay(2): Delayed 2 second(s)

2021-12-22 16:30:01 - [MESSAGE][PASSED] - Delayed 2 second(s)

2021-12-22 16:30:01 - [TEST_STEP][PASSED] - click(findTestObject("Admin/Sprint 5/AddNewClient/Element Verification/Carrier")): Object: 'Object Repository/Admin/Sprint 5/AddNewClient/Element Verification/Carrier' is clicked on

2021-12-22 16:30:01 - [MESSAGE][PASSED] - Object: 'Object Repository/Admin/Sprint 5/AddNewClient/Element Verification/Carrier' is clicked on

2021-12-22 16:30:01 - [TEST_STEP][PASSED] - setText(findTestObject("Admin/Sprint 5/AddNewClient/Element Verification/Aliases Name"), "AT Alias"): Text 'AT Alias' is set on object 'Object Repository/Admin/Sprint 5/AddNewClient/Element Verification/Aliases Name'

2021-12-22 16:30:02 - [MESSAGE][PASSED] - Text 'AT Alias' is set on object 'Object Repository/Admin/Sprint 5/AddNewClient/Element Verification/Aliases Name'

2021-12-22 16:30:02 - [TEST_STEP][PASSED] - delay(2): Delayed 2 second(s)

2021-12-22 16:30:04 - [MESSAGE][PASSED] - Delayed 2 second(s)]]></system-out>
         <system-err><![CDATA[]]></system-err>
      </testcase>
      <testcase name="Test Cases/Sprint 5/FCSCMS-193/FCSCMS-1142-S5 (Click the Save button for the Basic Information tab)" time="4.502" classname="Test Cases/Sprint 5/FCSCMS-193/FCSCMS-1142-S5 (Click the Save button for the Basic Information tab)" status="PASSED">
         <system-out><![CDATA[2021-12-22 16:30:04 - [TEST_CASE][PASSED] - Test Cases/Sprint 5/FCSCMS-193/FCSCMS-1142-S5 (Click the Save button for the Basic Information tab): Test Cases/Sprint 5/FCSCMS-193/FCSCMS-1142-S5 (Click the Save button for the Basic Information tab)

2021-12-22 16:30:05 - [TEST_STEP][PASSED] - click(findTestObject("Admin/Sprint 5/AddNewClient/ButtonsNewXpath/button_Save")): Object: 'Object Repository/Admin/Sprint 5/AddNewClient/ButtonsNewXpath/button_Save' is clicked on

2021-12-22 16:30:05 - [MESSAGE][PASSED] - Object: 'Object Repository/Admin/Sprint 5/AddNewClient/ButtonsNewXpath/button_Save' is clicked on

2021-12-22 16:30:05 - [TEST_STEP][PASSED] - verifyElementVisible(findTestObject("Admin/Sprint 5/AddNewClient/ButtonsNewXpath/button_No(Save)")): Object 'Object Repository/Admin/Sprint 5/AddNewClient/ButtonsNewXpath/button_No(Save)' is visible

2021-12-22 16:30:05 - [MESSAGE][PASSED] - Object 'Object Repository/Admin/Sprint 5/AddNewClient/ButtonsNewXpath/button_No(Save)' is visible

2021-12-22 16:30:05 - [TEST_STEP][PASSED] - verifyElementVisible(findTestObject("Admin/Sprint 5/AddNewClient/ButtonsNewXpath/button_Yes(Save)")): Object 'Object Repository/Admin/Sprint 5/AddNewClient/ButtonsNewXpath/button_Yes(Save)' is visible

2021-12-22 16:30:06 - [MESSAGE][PASSED] - Object 'Object Repository/Admin/Sprint 5/AddNewClient/ButtonsNewXpath/button_Yes(Save)' is visible

2021-12-22 16:30:06 - [TEST_STEP][PASSED] - delay(3): Delayed 3 second(s)

2021-12-22 16:30:09 - [MESSAGE][PASSED] - Delayed 3 second(s)]]></system-out>
         <system-err><![CDATA[]]></system-err>
      </testcase>
      <testcase name="Test Cases/Sprint 5/FCSCMS-193/FCSCMS-1143-S5 (Click the Yes to confirm saving of all the Details)" time="2.667" classname="Test Cases/Sprint 5/FCSCMS-193/FCSCMS-1143-S5 (Click the Yes to confirm saving of all the Details)" status="PASSED">
         <system-out><![CDATA[2021-12-22 16:30:09 - [TEST_CASE][PASSED] - Test Cases/Sprint 5/FCSCMS-193/FCSCMS-1143-S5 (Click the Yes to confirm saving of all the Details): Test Cases/Sprint 5/FCSCMS-193/FCSCMS-1143-S5 (Click the Yes to confirm saving of all the Details)

2021-12-22 16:30:09 - [TEST_STEP][PASSED] - click(findTestObject("Admin/Sprint 5/AddNewClient/ButtonsNewXpath/button_Yes(Save)")): Object: 'Object Repository/Admin/Sprint 5/AddNewClient/ButtonsNewXpath/button_Yes(Save)' is clicked on

2021-12-22 16:30:09 - [MESSAGE][PASSED] - Object: 'Object Repository/Admin/Sprint 5/AddNewClient/ButtonsNewXpath/button_Yes(Save)' is clicked on

2021-12-22 16:30:09 - [TEST_STEP][PASSED] - delay(2): Delayed 2 second(s)

2021-12-22 16:30:12 - [MESSAGE][PASSED] - Delayed 2 second(s)]]></system-out>
         <system-err><![CDATA[]]></system-err>
      </testcase>
      <testcase name="Test Cases/Sprint 5/FCSCMS-193/FCSCMS-1144-S5 (Click the No button to terminate the saving of the details entered)" time="9.79" classname="Test Cases/Sprint 5/FCSCMS-193/FCSCMS-1144-S5 (Click the No button to terminate the saving of the details entered)" status="PASSED">
         <system-out><![CDATA[2021-12-22 16:30:12 - [TEST_CASE][PASSED] - Test Cases/Sprint 5/FCSCMS-193/FCSCMS-1144-S5 (Click the No button to terminate the saving of the details entered): Test Cases/Sprint 5/FCSCMS-193/FCSCMS-1144-S5 (Click the No button to terminate the saving of the details entered)

2021-12-22 16:30:12 - [TEST_STEP][PASSED] - click(findTestObject("Admin/Sprint 5/AddNewClient/span_Back")): Object: 'Object Repository/Admin/Sprint 5/AddNewClient/span_Back' is clicked on

2021-12-22 16:30:12 - [MESSAGE][PASSED] - Object: 'Object Repository/Admin/Sprint 5/AddNewClient/span_Back' is clicked on

2021-12-22 16:30:12 - [TEST_STEP][PASSED] - delay(2): Delayed 2 second(s)

2021-12-22 16:30:14 - [MESSAGE][PASSED] - Delayed 2 second(s)

2021-12-22 16:30:14 - [TEST_STEP][PASSED] - click(findTestObject("Admin/Sprint 5/AddNewClient/button_Add New Client")): Object: 'Object Repository/Admin/Sprint 5/AddNewClient/button_Add New Client' is clicked on

2021-12-22 16:30:15 - [MESSAGE][PASSED] - Object: 'Object Repository/Admin/Sprint 5/AddNewClient/button_Add New Client' is clicked on

2021-12-22 16:30:15 - [TEST_STEP][PASSED] - setText(findTestObject("Admin/Sprint 5/AddNewClient/Element Verification/input_Client Name_b10-Input_ClientName"), "Test Client Negative Path"): Text 'Test Client Negative Path' is set on object 'Object Repository/Admin/Sprint 5/AddNewClient/Element Verification/input_Client Name_b10-Input_ClientName'

2021-12-22 16:30:16 - [MESSAGE][PASSED] - Text 'Test Client Negative Path' is set on object 'Object Repository/Admin/Sprint 5/AddNewClient/Element Verification/input_Client Name_b10-Input_ClientName'

2021-12-22 16:30:16 - [TEST_STEP][PASSED] - delay(2): Delayed 2 second(s)

2021-12-22 16:30:18 - [MESSAGE][PASSED] - Delayed 2 second(s)

2021-12-22 16:30:18 - [TEST_STEP][PASSED] - click(findTestObject("Admin/Sprint 5/AddNewClient/ButtonsNewXpath/button_Save")): Object: 'Object Repository/Admin/Sprint 5/AddNewClient/ButtonsNewXpath/button_Save' is clicked on

2021-12-22 16:30:19 - [MESSAGE][PASSED] - Object: 'Object Repository/Admin/Sprint 5/AddNewClient/ButtonsNewXpath/button_Save' is clicked on

2021-12-22 16:30:19 - [TEST_STEP][PASSED] - delay(2): Delayed 2 second(s)

2021-12-22 16:30:21 - [MESSAGE][PASSED] - Delayed 2 second(s)

2021-12-22 16:30:21 - [TEST_STEP][PASSED] - click(findTestObject("Admin/Sprint 5/AddNewClient/ButtonsNewXpath/button_No(Save)")): Object: 'Object Repository/Admin/Sprint 5/AddNewClient/ButtonsNewXpath/button_No(Save)' is clicked on

2021-12-22 16:30:21 - [MESSAGE][PASSED] - Object: 'Object Repository/Admin/Sprint 5/AddNewClient/ButtonsNewXpath/button_No(Save)' is clicked on]]></system-out>
         <system-err><![CDATA[]]></system-err>
      </testcase>
      <testcase name="Test Cases/Sprint 5/FCSCMS-193/FCSCMS-1145-S5 (Click the Cancel button for the Basic Information tab)" time="4.635" classname="Test Cases/Sprint 5/FCSCMS-193/FCSCMS-1145-S5 (Click the Cancel button for the Basic Information tab)" status="PASSED">
         <system-out><![CDATA[2021-12-22 16:30:21 - [TEST_CASE][PASSED] - Test Cases/Sprint 5/FCSCMS-193/FCSCMS-1145-S5 (Click the Cancel button for the Basic Information tab): Test Cases/Sprint 5/FCSCMS-193/FCSCMS-1145-S5 (Click the Cancel button for the Basic Information tab)

2021-12-22 16:30:22 - [TEST_STEP][PASSED] - click(findTestObject("Admin/Sprint 5/AddNewClient/ButtonsNewXpath/button_Cancel")): Object: 'Object Repository/Admin/Sprint 5/AddNewClient/ButtonsNewXpath/button_Cancel' is clicked on

2021-12-22 16:30:22 - [MESSAGE][PASSED] - Object: 'Object Repository/Admin/Sprint 5/AddNewClient/ButtonsNewXpath/button_Cancel' is clicked on

2021-12-22 16:30:22 - [TEST_STEP][PASSED] - delay(2): Delayed 2 second(s)

2021-12-22 16:30:24 - [MESSAGE][PASSED] - Delayed 2 second(s)

2021-12-22 16:30:24 - [TEST_STEP][PASSED] - delay(2): Delayed 2 second(s)

2021-12-22 16:30:26 - [MESSAGE][PASSED] - Delayed 2 second(s)]]></system-out>
         <system-err><![CDATA[]]></system-err>
      </testcase>
      <testcase name="Test Cases/Sprint 5/FCSCMS-193/FCSCMS-1146-S5 (Click the Yes button from Cancel Confirmation modal" time="12.492" classname="Test Cases/Sprint 5/FCSCMS-193/FCSCMS-1146-S5 (Click the Yes button from Cancel Confirmation modal" status="PASSED">
         <system-out><![CDATA[2021-12-22 16:30:26 - [TEST_CASE][PASSED] - Test Cases/Sprint 5/FCSCMS-193/FCSCMS-1146-S5 (Click the Yes button from Cancel Confirmation modal: Test Cases/Sprint 5/FCSCMS-193/FCSCMS-1146-S5 (Click the Yes button from Cancel Confirmation modal

2021-12-22 16:30:26 - [TEST_STEP][PASSED] - click(findTestObject("Admin/Sprint 5/AddNewClient/ButtonsNewXpath/button_Yes(Cancel)")): Object: 'Object Repository/Admin/Sprint 5/AddNewClient/ButtonsNewXpath/button_Yes(Cancel)' is clicked on

2021-12-22 16:30:27 - [MESSAGE][PASSED] - Object: 'Object Repository/Admin/Sprint 5/AddNewClient/ButtonsNewXpath/button_Yes(Cancel)' is clicked on

2021-12-22 16:30:27 - [TEST_STEP][PASSED] - delay(2): Delayed 2 second(s)

2021-12-22 16:30:29 - [MESSAGE][PASSED] - Delayed 2 second(s)

2021-12-22 16:30:29 - [TEST_STEP][PASSED] - verifyElementVisible(findTestObject("Admin/Sprint 5/AddNewClient/Element Verification/AppLogo")): Object 'Object Repository/Admin/Sprint 5/AddNewClient/Element Verification/AppLogo' is visible

2021-12-22 16:30:33 - [MESSAGE][PASSED] - Object 'Object Repository/Admin/Sprint 5/AddNewClient/Element Verification/AppLogo' is visible

2021-12-22 16:30:33 - [TEST_STEP][PASSED] - delay(5): Delayed 5 second(s)

2021-12-22 16:30:38 - [MESSAGE][PASSED] - Delayed 5 second(s)]]></system-out>
         <system-err><![CDATA[]]></system-err>
      </testcase>
      <system-out><![CDATA[2021-12-22 16:29:04 - [TEST_SUITE][PASSED] - FCSCMS-193 (Organizations - Client Profile - Add New Client): Test Cases/Sprint 5/FCSCMS-193/FCSCMS-1146-S5 (Click the Yes button from Cancel Confirmation modal]]></system-out>
      <system-err><![CDATA[]]></system-err>
   </testsuite>
</testsuites>
