<?xml version="1.0" encoding="UTF-8"?>
<testsuites name="FCSCMS-191 (Organizations - Client Profile - Search Clients)" time="133.302" tests="18" failures="0" errors="0">
   <testsuite name="FCSCMS-191 (Organizations - Client Profile - Search Clients)" tests="18" failures="0" errors="0" time="133.302" timestamp="2021-12-20 15:46:01" hostname="me - DESKTOP-S7SF50D" id="Test Suites/Sprint 5/FCSCMS-191 (Organizations - Client Profile - Search Clients)">
      <properties>
         <property name="deviceName" value=""/>
         <property name="devicePlatform" value=""/>
         <property name="logFolder" value="C:\\Users\\me\\git\\nexterous-automation\\Reports\\20211220_154548\\Sprint 5\\FCSCMS-191 (Organizations - Client Profile - Search Clients)\\20211220_154549"/>
         <property name="logFiles" value="C:\\Users\\me\\git\\nexterous-automation\\Reports\\20211220_154548\\Sprint 5\\FCSCMS-191 (Organizations - Client Profile - Search Clients)\\20211220_154549\\execution0.log"/>
         <property name="attachments" value=""/>
         <property name="hostName" value="me - DESKTOP-S7SF50D"/>
         <property name="os" value="Windows 10 64bit"/>
         <property name="katalonVersion" value="7.7.0.205"/>
         <property name="browser" value="Chrome 96.0.4664.110"/>
         <property name="hostAddress" value="192.168.100.7"/>
         <property name="sessionId" value="8b69ab812add4af94d9eeaf7e5900fc5"/>
         <property name="seleniumVersion" value="3.141.59"/>
         <property name="proxyInformation" value="ProxyInformation { proxyOption=NO_PROXY, proxyServerType=HTTP, username=, password=********, proxyServerAddress=, proxyServerPort=0, executionList=&quot;&quot;, isApplyToDesiredCapabilities=true }"/>
         <property name="platform" value="Windows 10"/>
      </properties>
      <testcase name="Test Cases/Sprint 5/FCSCMS-191/FCSCMS-1065" time="15.23" classname="Test Cases/Sprint 5/FCSCMS-191/FCSCMS-1065" status="PASSED">
         <system-out><![CDATA[2021-12-20 15:46:02 - [TEST_CASE][PASSED] - Test Cases/Sprint 5/FCSCMS-191/FCSCMS-1065: Test Cases/Sprint 5/FCSCMS-191/FCSCMS-1065

2021-12-20 15:46:03 - [TEST_STEP][PASSED] - openBrowser(""): Browser is opened with url: ''

2021-12-20 15:46:03 - [MESSAGE][INFO] - Starting 'Chrome' driver

2021-12-20 15:46:03 - [MESSAGE][INFO] - Action delay is set to 0 milliseconds

2021-12-20 15:46:07 - [MESSAGE][PASSED] - Browser is opened with url: ''

2021-12-20 15:46:07 - [TEST_STEP][PASSED] - navigateToUrl("https://nexterus-tst.outsystemsenterprise.com/FusionCenter/Login"): Navigate to 'https://nexterus-tst.outsystemsenterprise.com/FusionCenter/Login' successfully

2021-12-20 15:46:09 - [MESSAGE][PASSED] - Navigate to 'https://nexterus-tst.outsystemsenterprise.com/FusionCenter/Login' successfully

2021-12-20 15:46:09 - [TEST_STEP][PASSED] - maximizeWindow(): Current window maximized

2021-12-20 15:46:09 - [MESSAGE][PASSED] - Current window maximized

2021-12-20 15:46:09 - [TEST_STEP][PASSED] - delay(3): Delayed 3 second(s)

2021-12-20 15:46:12 - [MESSAGE][PASSED] - Delayed 3 second(s)

2021-12-20 15:46:12 - [TEST_STEP][PASSED] - setText(findTestObject("Login/Username_Field"), "admin"): Text 'admin' is set on object 'Object Repository/Login/Username_Field'

2021-12-20 15:46:14 - [MESSAGE][PASSED] - Text 'admin' is set on object 'Object Repository/Login/Username_Field'

2021-12-20 15:46:14 - [TEST_STEP][PASSED] - delay(1): Delayed 1 second(s)

2021-12-20 15:46:15 - [MESSAGE][PASSED] - Delayed 1 second(s)

2021-12-20 15:46:15 - [TEST_STEP][PASSED] - setText(findTestObject("Login/Password_Field"), "admin"): Text 'admin' is set on object 'Object Repository/Login/Password_Field'

2021-12-20 15:46:16 - [MESSAGE][PASSED] - Text 'admin' is set on object 'Object Repository/Login/Password_Field'

2021-12-20 15:46:16 - [TEST_STEP][PASSED] - delay(1): Delayed 1 second(s)

2021-12-20 15:46:17 - [MESSAGE][PASSED] - Delayed 1 second(s)

2021-12-20 15:46:17 - [TEST_STEP][PASSED] - click(findTestObject("Login/BTN_Login")): Object: 'Object Repository/Login/BTN_Login' is clicked on

2021-12-20 15:46:17 - [MESSAGE][PASSED] - Object: 'Object Repository/Login/BTN_Login' is clicked on]]></system-out>
         <system-err><![CDATA[]]></system-err>
      </testcase>
      <testcase name="Test Cases/Sprint 5/FCSCMS-191/FCSCMS-1066" time="7.522" classname="Test Cases/Sprint 5/FCSCMS-191/FCSCMS-1066" status="PASSED">
         <system-out><![CDATA[2021-12-20 15:46:17 - [TEST_CASE][PASSED] - Test Cases/Sprint 5/FCSCMS-191/FCSCMS-1066: Test Cases/Sprint 5/FCSCMS-191/FCSCMS-1066

2021-12-20 15:46:17 - [TEST_STEP][PASSED] - delay(2): Delayed 2 second(s)

2021-12-20 15:46:20 - [MESSAGE][PASSED] - Delayed 2 second(s)

2021-12-20 15:46:20 - [TEST_STEP][PASSED] - click(findTestObject("Admin/Sprint 5/a_Clients")): Object: 'Object Repository/Admin/Sprint 5/a_Clients' is clicked on

2021-12-20 15:46:22 - [MESSAGE][PASSED] - Object: 'Object Repository/Admin/Sprint 5/a_Clients' is clicked on

2021-12-20 15:46:22 - [TEST_STEP][PASSED] - verifyElementPresent(findTestObject("Admin/Sprint 5/SearchBar"), 0): Object 'Object Repository/Admin/Sprint 5/SearchBar' is present

2021-12-20 15:46:22 - [MESSAGE][WARNING] - Timeout '0' is invalid. Using default page load timeout: '30'

2021-12-20 15:46:24 - [MESSAGE][PASSED] - Object 'Object Repository/Admin/Sprint 5/SearchBar' is present

2021-12-20 15:46:24 - [TEST_STEP][PASSED] - verifyElementPresent(findTestObject("Admin/Sprint 5/ClientListDashboard"), 0): Object 'Object Repository/Admin/Sprint 5/ClientListDashboard' is present

2021-12-20 15:46:24 - [MESSAGE][WARNING] - Timeout '0' is invalid. Using default page load timeout: '30'

2021-12-20 15:46:25 - [MESSAGE][PASSED] - Object 'Object Repository/Admin/Sprint 5/ClientListDashboard' is present]]></system-out>
         <system-err><![CDATA[]]></system-err>
      </testcase>
      <testcase name="Test Cases/Sprint 5/FCSCMS-191/FCSCMS-1067" time="4.256" classname="Test Cases/Sprint 5/FCSCMS-191/FCSCMS-1067" status="PASSED">
         <system-out><![CDATA[2021-12-20 15:46:25 - [TEST_CASE][PASSED] - Test Cases/Sprint 5/FCSCMS-191/FCSCMS-1067: Test Cases/Sprint 5/FCSCMS-191/FCSCMS-1067

2021-12-20 15:46:25 - [TEST_STEP][PASSED] - setText(findTestObject("Admin/Sprint 5/SearchBar"), "Smoke 1"): Text 'Smoke 1' is set on object 'Object Repository/Admin/Sprint 5/SearchBar'

2021-12-20 15:46:26 - [MESSAGE][PASSED] - Text 'Smoke 1' is set on object 'Object Repository/Admin/Sprint 5/SearchBar'

2021-12-20 15:46:26 - [TEST_STEP][PASSED] - verifyElementNotHasAttribute(findTestObject("Admin/Sprint 5/SearchBar"), "Smoke 1", 3): Object 'Object Repository/Admin/Sprint 5/SearchBar' does not have attribute 'Smoke 1'

2021-12-20 15:46:27 - [MESSAGE][PASSED] - Object 'Object Repository/Admin/Sprint 5/SearchBar' does not have attribute 'Smoke 1'

2021-12-20 15:46:27 - [TEST_STEP][PASSED] - delay(2): Delayed 2 second(s)

2021-12-20 15:46:29 - [MESSAGE][PASSED] - Delayed 2 second(s)]]></system-out>
         <system-err><![CDATA[]]></system-err>
      </testcase>
      <testcase name="Test Cases/Sprint 5/FCSCMS-191/FCSCMS-1068" time="9.894" classname="Test Cases/Sprint 5/FCSCMS-191/FCSCMS-1068" status="PASSED">
         <system-out><![CDATA[2021-12-20 15:46:29 - [TEST_CASE][PASSED] - Test Cases/Sprint 5/FCSCMS-191/FCSCMS-1068: Test Cases/Sprint 5/FCSCMS-191/FCSCMS-1068

2021-12-20 15:46:29 - [TEST_STEP][PASSED] - click(findTestObject("Admin/Sprint 5/SearchButton")): Object: 'Object Repository/Admin/Sprint 5/SearchButton' is clicked on

2021-12-20 15:46:30 - [MESSAGE][PASSED] - Object: 'Object Repository/Admin/Sprint 5/SearchButton' is clicked on

2021-12-20 15:46:30 - [TEST_STEP][PASSED] - delay(2): Delayed 2 second(s)

2021-12-20 15:46:32 - [MESSAGE][PASSED] - Delayed 2 second(s)

2021-12-20 15:46:32 - [TEST_STEP][PASSED] - verifyElementVisible(findTestObject("Admin/Sprint 5/SearchResults")): Object 'Object Repository/Admin/Sprint 5/SearchResults' is visible

2021-12-20 15:46:32 - [MESSAGE][PASSED] - Object 'Object Repository/Admin/Sprint 5/SearchResults' is visible

2021-12-20 15:46:32 - [TEST_STEP][PASSED] - delay(1): Delayed 1 second(s)

2021-12-20 15:46:33 - [MESSAGE][PASSED] - Delayed 1 second(s)

2021-12-20 15:46:33 - [TEST_STEP][PASSED] - clearText(findTestObject("Admin/Sprint 5/SearchBar")): Text of object 'Object Repository/Admin/Sprint 5/SearchBar' is cleared

2021-12-20 15:46:33 - [MESSAGE][PASSED] - Text of object 'Object Repository/Admin/Sprint 5/SearchBar' is cleared

2021-12-20 15:46:33 - [TEST_STEP][PASSED] - delay(1): Delayed 1 second(s)

2021-12-20 15:46:34 - [MESSAGE][PASSED] - Delayed 1 second(s)

2021-12-20 15:46:34 - [TEST_STEP][PASSED] - setText(findTestObject("Admin/Sprint 5/SearchBar"), "Alabama"): Text 'Alabama' is set on object 'Object Repository/Admin/Sprint 5/SearchBar'

2021-12-20 15:46:35 - [MESSAGE][PASSED] - Text 'Alabama' is set on object 'Object Repository/Admin/Sprint 5/SearchBar'

2021-12-20 15:46:35 - [TEST_STEP][PASSED] - delay(1): Delayed 1 second(s)

2021-12-20 15:46:36 - [MESSAGE][PASSED] - Delayed 1 second(s)

2021-12-20 15:46:36 - [TEST_STEP][PASSED] - click(findTestObject("Admin/Sprint 5/SearchButton")): Object: 'Object Repository/Admin/Sprint 5/SearchButton' is clicked on

2021-12-20 15:46:37 - [MESSAGE][PASSED] - Object: 'Object Repository/Admin/Sprint 5/SearchButton' is clicked on

2021-12-20 15:46:37 - [TEST_STEP][PASSED] - delay(1): Delayed 1 second(s)

2021-12-20 15:46:38 - [MESSAGE][PASSED] - Delayed 1 second(s)

2021-12-20 15:46:38 - [TEST_STEP][PASSED] - verifyElementVisible(findTestObject("Admin/Sprint 5/td_State")): Object 'Object Repository/Admin/Sprint 5/td_State' is visible

2021-12-20 15:46:38 - [MESSAGE][PASSED] - Object 'Object Repository/Admin/Sprint 5/td_State' is visible

2021-12-20 15:46:38 - [TEST_STEP][PASSED] - delay(1): Delayed 1 second(s)

2021-12-20 15:46:39 - [MESSAGE][PASSED] - Delayed 1 second(s)]]></system-out>
         <system-err><![CDATA[]]></system-err>
      </testcase>
      <testcase name="Test Cases/Sprint 5/FCSCMS-191/FCSCMS-1069" time="4.977" classname="Test Cases/Sprint 5/FCSCMS-191/FCSCMS-1069" status="PASSED">
         <system-out><![CDATA[2021-12-20 15:46:39 - [TEST_CASE][PASSED] - Test Cases/Sprint 5/FCSCMS-191/FCSCMS-1069: Test Cases/Sprint 5/FCSCMS-191/FCSCMS-1069

2021-12-20 15:46:39 - [TEST_STEP][PASSED] - click(findTestObject("Admin/Sprint 5/button_Advanced Search")): Object: 'Object Repository/Admin/Sprint 5/button_Advanced Search' is clicked on

2021-12-20 15:46:40 - [MESSAGE][PASSED] - Object: 'Object Repository/Admin/Sprint 5/button_Advanced Search' is clicked on

2021-12-20 15:46:40 - [TEST_STEP][PASSED] - verifyElementVisible(findTestObject("Admin/Sprint 5/Element Veification SP5/div_Select        Select")): Object 'Object Repository/Admin/Sprint 5/Element Veification SP5/div_Select        Select' is visible

2021-12-20 15:46:40 - [MESSAGE][PASSED] - Object 'Object Repository/Admin/Sprint 5/Element Veification SP5/div_Select        Select' is visible

2021-12-20 15:46:40 - [TEST_STEP][PASSED] - verifyElementVisible(findTestObject("Admin/Sprint 5/Element Veification SP5/input_Account Manager_Input_AS_ClientName")): Object 'Object Repository/Admin/Sprint 5/Element Veification SP5/input_Account Manager_Input_AS_ClientName' is visible

2021-12-20 15:46:41 - [MESSAGE][PASSED] - Object 'Object Repository/Admin/Sprint 5/Element Veification SP5/input_Account Manager_Input_AS_ClientName' is visible

2021-12-20 15:46:41 - [TEST_STEP][PASSED] - verifyElementVisible(findTestObject("Admin/Sprint 5/Element Veification SP5/input_Address Line 1_Input_AS_AddressLine1")): Object 'Object Repository/Admin/Sprint 5/Element Veification SP5/input_Address Line 1_Input_AS_AddressLine1' is visible

2021-12-20 15:46:41 - [MESSAGE][PASSED] - Object 'Object Repository/Admin/Sprint 5/Element Veification SP5/input_Address Line 1_Input_AS_AddressLine1' is visible

2021-12-20 15:46:41 - [TEST_STEP][PASSED] - verifyElementVisible(findTestObject("Admin/Sprint 5/Element Veification SP5/input_Address Line 2_Input_AS_AddressLine2")): Object 'Object Repository/Admin/Sprint 5/Element Veification SP5/input_Address Line 2_Input_AS_AddressLine2' is visible

2021-12-20 15:46:42 - [MESSAGE][PASSED] - Object 'Object Repository/Admin/Sprint 5/Element Veification SP5/input_Address Line 2_Input_AS_AddressLine2' is visible

2021-12-20 15:46:42 - [TEST_STEP][PASSED] - verifyElementVisible(findTestObject("Admin/Sprint 5/Element Veification SP5/input_Client Name_Input_ClientName")): Object 'Object Repository/Admin/Sprint 5/Element Veification SP5/input_Client Name_Input_ClientName' is visible

2021-12-20 15:46:42 - [MESSAGE][PASSED] - Object 'Object Repository/Admin/Sprint 5/Element Veification SP5/input_Client Name_Input_ClientName' is visible

2021-12-20 15:46:42 - [TEST_STEP][PASSED] - verifyElementVisible(findTestObject("Admin/Sprint 5/Element Veification SP5/input_Contact Email_Input_AS_ContactEmail")): Object 'Object Repository/Admin/Sprint 5/Element Veification SP5/input_Contact Email_Input_AS_ContactEmail' is visible

2021-12-20 15:46:43 - [MESSAGE][PASSED] - Object 'Object Repository/Admin/Sprint 5/Element Veification SP5/input_Contact Email_Input_AS_ContactEmail' is visible

2021-12-20 15:46:43 - [TEST_STEP][PASSED] - verifyElementVisible(findTestObject("Admin/Sprint 5/Element Veification SP5/input_Contact Name_Input_AS_ContactName")): Object 'Object Repository/Admin/Sprint 5/Element Veification SP5/input_Contact Name_Input_AS_ContactName' is visible

2021-12-20 15:46:43 - [MESSAGE][PASSED] - Object 'Object Repository/Admin/Sprint 5/Element Veification SP5/input_Contact Name_Input_AS_ContactName' is visible

2021-12-20 15:46:43 - [TEST_STEP][PASSED] - verifyElementVisible(findTestObject("Admin/Sprint 5/Element Veification SP5/input_Contact Phone_Input_AS_ContactPhone")): Object 'Object Repository/Admin/Sprint 5/Element Veification SP5/input_Contact Phone_Input_AS_ContactPhone' is visible

2021-12-20 15:46:43 - [MESSAGE][PASSED] - Object 'Object Repository/Admin/Sprint 5/Element Veification SP5/input_Contact Phone_Input_AS_ContactPhone' is visible

2021-12-20 15:46:43 - [TEST_STEP][PASSED] - verifyElementVisible(findTestObject("Admin/Sprint 5/Element Veification SP5/input_Sales Rep._Input_AS_ClientName2")): Object 'Object Repository/Admin/Sprint 5/Element Veification SP5/input_Sales Rep._Input_AS_ClientName2' is visible

2021-12-20 15:46:44 - [MESSAGE][PASSED] - Object 'Object Repository/Admin/Sprint 5/Element Veification SP5/input_Sales Rep._Input_AS_ClientName2' is visible

2021-12-20 15:46:44 - [TEST_STEP][PASSED] - verifyElementVisible(findTestObject("Admin/Sprint 5/Element Veification SP5/select_SelectActiveInactive")): Object 'Object Repository/Admin/Sprint 5/Element Veification SP5/select_SelectActiveInactive' is visible

2021-12-20 15:46:44 - [MESSAGE][PASSED] - Object 'Object Repository/Admin/Sprint 5/Element Veification SP5/select_SelectActiveInactive' is visible]]></system-out>
         <system-err><![CDATA[]]></system-err>
      </testcase>
      <testcase name="Test Cases/Sprint 5/FCSCMS-191/FCSCMS-1070" time="3.938" classname="Test Cases/Sprint 5/FCSCMS-191/FCSCMS-1070" status="PASSED">
         <system-out><![CDATA[2021-12-20 15:46:44 - [TEST_CASE][PASSED] - Test Cases/Sprint 5/FCSCMS-191/FCSCMS-1070: Test Cases/Sprint 5/FCSCMS-191/FCSCMS-1070

2021-12-20 15:46:44 - [TEST_STEP][PASSED] - delay(2): Delayed 2 second(s)

2021-12-20 15:46:46 - [MESSAGE][PASSED] - Delayed 2 second(s)

2021-12-20 15:46:46 - [TEST_STEP][PASSED] - setText(findTestObject("Admin/Sprint 5/Element Veification SP5/input_Client Name_Input_ClientName"), "Smoke 1"): Text 'Smoke 1' is set on object 'Object Repository/Admin/Sprint 5/Element Veification SP5/input_Client Name_Input_ClientName'

2021-12-20 15:46:47 - [MESSAGE][PASSED] - Text 'Smoke 1' is set on object 'Object Repository/Admin/Sprint 5/Element Veification SP5/input_Client Name_Input_ClientName'

2021-12-20 15:46:47 - [TEST_STEP][PASSED] - delay(1): Delayed 1 second(s)

2021-12-20 15:46:48 - [MESSAGE][PASSED] - Delayed 1 second(s)]]></system-out>
         <system-err><![CDATA[]]></system-err>
      </testcase>
      <testcase name="Test Cases/Sprint 5/FCSCMS-191/FCSCMS-1071" time="3.86" classname="Test Cases/Sprint 5/FCSCMS-191/FCSCMS-1071" status="PASSED">
         <system-out><![CDATA[2021-12-20 15:46:48 - [TEST_CASE][PASSED] - Test Cases/Sprint 5/FCSCMS-191/FCSCMS-1071: Test Cases/Sprint 5/FCSCMS-191/FCSCMS-1071

2021-12-20 15:46:48 - [TEST_STEP][PASSED] - selectOptionByLabel(findTestObject("Admin/Sprint 5/Advance Search/StatusDropdown"), "Inactive", false): All options with label 'Inactive' are selected in object 'Object Repository/Admin/Sprint 5/Advance Search/StatusDropdown' 

2021-12-20 15:46:49 - [MESSAGE][PASSED] - All options with label 'Inactive' are selected in object 'Object Repository/Admin/Sprint 5/Advance Search/StatusDropdown' 

2021-12-20 15:46:49 - [TEST_STEP][PASSED] - delay(3): Delayed 3 second(s)

2021-12-20 15:46:52 - [MESSAGE][PASSED] - Delayed 3 second(s)]]></system-out>
         <system-err><![CDATA[]]></system-err>
      </testcase>
      <testcase name="Test Cases/Sprint 5/FCSCMS-191/FCSCMS-1072" time="5.741" classname="Test Cases/Sprint 5/FCSCMS-191/FCSCMS-1072" status="PASSED">
         <system-out><![CDATA[2021-12-20 15:46:52 - [TEST_CASE][PASSED] - Test Cases/Sprint 5/FCSCMS-191/FCSCMS-1072: Test Cases/Sprint 5/FCSCMS-191/FCSCMS-1072

2021-12-20 15:46:52 - [TEST_STEP][PASSED] - setText(findTestObject("Admin/Sprint 5/Element Veification SP5/input_Address Line 1_Input_AS_AddressLine1"), "Line 1"): Text 'Line 1' is set on object 'Object Repository/Admin/Sprint 5/Element Veification SP5/input_Address Line 1_Input_AS_AddressLine1'

2021-12-20 15:46:53 - [MESSAGE][PASSED] - Text 'Line 1' is set on object 'Object Repository/Admin/Sprint 5/Element Veification SP5/input_Address Line 1_Input_AS_AddressLine1'

2021-12-20 15:46:53 - [TEST_STEP][PASSED] - delay(2): Delayed 2 second(s)

2021-12-20 15:46:55 - [MESSAGE][PASSED] - Delayed 2 second(s)

2021-12-20 15:46:55 - [TEST_STEP][PASSED] - setText(findTestObject("Admin/Sprint 5/Element Veification SP5/input_Address Line 2_Input_AS_AddressLine2"), "Line 2"): Text 'Line 2' is set on object 'Object Repository/Admin/Sprint 5/Element Veification SP5/input_Address Line 2_Input_AS_AddressLine2'

2021-12-20 15:46:55 - [MESSAGE][PASSED] - Text 'Line 2' is set on object 'Object Repository/Admin/Sprint 5/Element Veification SP5/input_Address Line 2_Input_AS_AddressLine2'

2021-12-20 15:46:55 - [TEST_STEP][PASSED] - delay(2): Delayed 2 second(s)

2021-12-20 15:46:57 - [MESSAGE][PASSED] - Delayed 2 second(s)]]></system-out>
         <system-err><![CDATA[]]></system-err>
      </testcase>
      <testcase name="Test Cases/Sprint 5/FCSCMS-191/FCSCMS-1073" time="5.112" classname="Test Cases/Sprint 5/FCSCMS-191/FCSCMS-1073" status="PASSED">
         <system-out><![CDATA[2021-12-20 15:46:57 - [TEST_CASE][PASSED] - Test Cases/Sprint 5/FCSCMS-191/FCSCMS-1073: Test Cases/Sprint 5/FCSCMS-191/FCSCMS-1073

2021-12-20 15:46:58 - [TEST_STEP][PASSED] - click(findTestObject("Admin/Sprint 5/CountryDropdown/CountryDropdown2")): Object: 'Object Repository/Admin/Sprint 5/CountryDropdown/CountryDropdown2' is clicked on

2021-12-20 15:46:58 - [MESSAGE][PASSED] - Object: 'Object Repository/Admin/Sprint 5/CountryDropdown/CountryDropdown2' is clicked on

2021-12-20 15:46:58 - [TEST_STEP][PASSED] - delay(1): Delayed 1 second(s)

2021-12-20 15:46:59 - [MESSAGE][PASSED] - Delayed 1 second(s)

2021-12-20 15:46:59 - [TEST_STEP][PASSED] - click(findTestObject("Admin/Sprint 5/CountryDropdown/div_United States")): Object: 'Object Repository/Admin/Sprint 5/CountryDropdown/div_United States' is clicked on

2021-12-20 15:47:00 - [MESSAGE][PASSED] - Object: 'Object Repository/Admin/Sprint 5/CountryDropdown/div_United States' is clicked on

2021-12-20 15:47:00 - [TEST_STEP][PASSED] - delay(3): Delayed 3 second(s)

2021-12-20 15:47:03 - [MESSAGE][PASSED] - Delayed 3 second(s)]]></system-out>
         <system-err><![CDATA[]]></system-err>
      </testcase>
      <testcase name="Test Cases/Sprint 5/FCSCMS-191/FCSCMS-1074" time="5.087" classname="Test Cases/Sprint 5/FCSCMS-191/FCSCMS-1074" status="PASSED">
         <system-out><![CDATA[2021-12-20 15:47:03 - [TEST_CASE][PASSED] - Test Cases/Sprint 5/FCSCMS-191/FCSCMS-1074: Test Cases/Sprint 5/FCSCMS-191/FCSCMS-1074

2021-12-20 15:47:03 - [TEST_STEP][PASSED] - click(findTestObject("Admin/Sprint 5/StateDropDown/StateDropDown")): Object: 'Object Repository/Admin/Sprint 5/StateDropDown/StateDropDown' is clicked on

2021-12-20 15:47:03 - [MESSAGE][PASSED] - Object: 'Object Repository/Admin/Sprint 5/StateDropDown/StateDropDown' is clicked on

2021-12-20 15:47:03 - [TEST_STEP][PASSED] - delay(2): Delayed 2 second(s)

2021-12-20 15:47:05 - [MESSAGE][PASSED] - Delayed 2 second(s)

2021-12-20 15:47:05 - [TEST_STEP][PASSED] - click(findTestObject("Admin/Sprint 5/StateDropDown/div_Alabama")): Object: 'Object Repository/Admin/Sprint 5/StateDropDown/div_Alabama' is clicked on

2021-12-20 15:47:06 - [MESSAGE][PASSED] - Object: 'Object Repository/Admin/Sprint 5/StateDropDown/div_Alabama' is clicked on

2021-12-20 15:47:06 - [TEST_STEP][PASSED] - delay(2): Delayed 2 second(s)

2021-12-20 15:47:08 - [MESSAGE][PASSED] - Delayed 2 second(s)]]></system-out>
         <system-err><![CDATA[]]></system-err>
      </testcase>
      <testcase name="Test Cases/Sprint 5/FCSCMS-191/FCSCMS-1075" time="2.797" classname="Test Cases/Sprint 5/FCSCMS-191/FCSCMS-1075" status="PASSED">
         <system-out><![CDATA[2021-12-20 15:47:08 - [TEST_CASE][PASSED] - Test Cases/Sprint 5/FCSCMS-191/FCSCMS-1075: Test Cases/Sprint 5/FCSCMS-191/FCSCMS-1075

2021-12-20 15:47:08 - [TEST_STEP][PASSED] - click(findTestObject("Admin/Sprint 5/CityDropDown/CityDropDown")): Object: 'Object Repository/Admin/Sprint 5/CityDropDown/CityDropDown' is clicked on

2021-12-20 15:47:08 - [MESSAGE][PASSED] - Object: 'Object Repository/Admin/Sprint 5/CityDropDown/CityDropDown' is clicked on

2021-12-20 15:47:08 - [TEST_STEP][PASSED] - delay(1): Delayed 1 second(s)

2021-12-20 15:47:09 - [MESSAGE][PASSED] - Delayed 1 second(s)

2021-12-20 15:47:09 - [TEST_STEP][PASSED] - setText(findTestObject("Admin/Sprint 5/CityDropDown/CityDropDownSearchField"), "Alexander"): Text 'Alexander' is set on object 'Object Repository/Admin/Sprint 5/CityDropDown/CityDropDownSearchField'

2021-12-20 15:47:10 - [MESSAGE][PASSED] - Text 'Alexander' is set on object 'Object Repository/Admin/Sprint 5/CityDropDown/CityDropDownSearchField'

2021-12-20 15:47:10 - [TEST_STEP][PASSED] - sendKeys(findTestObject("Admin/Sprint 5/CityDropDown/CityDropDownSearchField"), Keys.chord(ENTER)): Keys 'ENTER + ' sent to object: 'Object Repository/Admin/Sprint 5/CityDropDown/CityDropDownSearchField'

2021-12-20 15:47:10 - [MESSAGE][PASSED] - Keys 'ENTER + ' sent to object: 'Object Repository/Admin/Sprint 5/CityDropDown/CityDropDownSearchField']]></system-out>
         <system-err><![CDATA[]]></system-err>
      </testcase>
      <testcase name="Test Cases/Sprint 5/FCSCMS-191/FCSCMS-1076" time="10.394" classname="Test Cases/Sprint 5/FCSCMS-191/FCSCMS-1076" status="PASSED">
         <system-out><![CDATA[2021-12-20 15:47:10 - [TEST_CASE][PASSED] - Test Cases/Sprint 5/FCSCMS-191/FCSCMS-1076: Test Cases/Sprint 5/FCSCMS-191/FCSCMS-1076

2021-12-20 15:47:11 - [TEST_STEP][PASSED] - click(findTestObject("Admin/Sprint 5/ZipCodeDropDown/ZipCodeDropDown")): Object: 'Object Repository/Admin/Sprint 5/ZipCodeDropDown/ZipCodeDropDown' is clicked on

2021-12-20 15:47:12 - [MESSAGE][PASSED] - Object: 'Object Repository/Admin/Sprint 5/ZipCodeDropDown/ZipCodeDropDown' is clicked on

2021-12-20 15:47:12 - [TEST_STEP][PASSED] - delay(1): Delayed 1 second(s)

2021-12-20 15:47:13 - [MESSAGE][PASSED] - Delayed 1 second(s)

2021-12-20 15:47:13 - [TEST_STEP][PASSED] - click(findTestObject("Admin/Sprint 5/ZipCodeDropDown/div_35010")): Object: 'Object Repository/Admin/Sprint 5/ZipCodeDropDown/div_35010' is clicked on

2021-12-20 15:47:13 - [MESSAGE][PASSED] - Object: 'Object Repository/Admin/Sprint 5/ZipCodeDropDown/div_35010' is clicked on

2021-12-20 15:47:13 - [TEST_STEP][PASSED] - delay(2): Delayed 2 second(s)

2021-12-20 15:47:15 - [MESSAGE][PASSED] - Delayed 2 second(s)

2021-12-20 15:47:15 - [TEST_STEP][PASSED] - click(findTestObject("Admin/Sprint 5/Advance Search/button_Search(Advance)")): Object: 'Object Repository/Admin/Sprint 5/Advance Search/button_Search(Advance)' is clicked on

2021-12-20 15:47:15 - [MESSAGE][PASSED] - Object: 'Object Repository/Admin/Sprint 5/Advance Search/button_Search(Advance)' is clicked on

2021-12-20 15:47:15 - [TEST_STEP][PASSED] - delay(2): Delayed 2 second(s)

2021-12-20 15:47:17 - [MESSAGE][PASSED] - Delayed 2 second(s)

2021-12-20 15:47:17 - [TEST_STEP][PASSED] - verifyElementVisible(findTestObject("Admin/Sprint 5/Element Veification SP5/Smoke 1 Verification")): Object 'Object Repository/Admin/Sprint 5/Element Veification SP5/Smoke 1 Verification' is visible

2021-12-20 15:47:18 - [MESSAGE][PASSED] - Object 'Object Repository/Admin/Sprint 5/Element Veification SP5/Smoke 1 Verification' is visible

2021-12-20 15:47:18 - [TEST_STEP][PASSED] - delay(3): Delayed 3 second(s)

2021-12-20 15:47:21 - [MESSAGE][PASSED] - Delayed 3 second(s)]]></system-out>
         <system-err><![CDATA[]]></system-err>
      </testcase>
      <testcase name="Test Cases/Sprint 5/FCSCMS-191/FCSCMS-1077" time="8.537" classname="Test Cases/Sprint 5/FCSCMS-191/FCSCMS-1077" status="PASSED">
         <system-out><![CDATA[2021-12-20 15:47:21 - [TEST_CASE][PASSED] - Test Cases/Sprint 5/FCSCMS-191/FCSCMS-1077: Test Cases/Sprint 5/FCSCMS-191/FCSCMS-1077

2021-12-20 15:47:21 - [TEST_STEP][PASSED] - click(findTestObject("Admin/Sprint 5/Advance Search/button_Clear(Advance)")): Object: 'Object Repository/Admin/Sprint 5/Advance Search/button_Clear(Advance)' is clicked on

2021-12-20 15:47:21 - [MESSAGE][PASSED] - Object: 'Object Repository/Admin/Sprint 5/Advance Search/button_Clear(Advance)' is clicked on

2021-12-20 15:47:21 - [TEST_STEP][PASSED] - delay(3): Delayed 3 second(s)

2021-12-20 15:47:24 - [MESSAGE][PASSED] - Delayed 3 second(s)

2021-12-20 15:47:24 - [TEST_STEP][PASSED] - setText(findTestObject("Admin/Sprint 5/Element Veification SP5/input_Contact Name_Input_AS_ContactName"), "Richard"): Text 'Richard' is set on object 'Object Repository/Admin/Sprint 5/Element Veification SP5/input_Contact Name_Input_AS_ContactName'

2021-12-20 15:47:25 - [MESSAGE][PASSED] - Text 'Richard' is set on object 'Object Repository/Admin/Sprint 5/Element Veification SP5/input_Contact Name_Input_AS_ContactName'

2021-12-20 15:47:25 - [TEST_STEP][PASSED] - delay(1): Delayed 1 second(s)

2021-12-20 15:47:26 - [MESSAGE][PASSED] - Delayed 1 second(s)

2021-12-20 15:47:26 - [TEST_STEP][PASSED] - click(findTestObject("Admin/Sprint 5/Advance Search/button_Search(Advance)")): Object: 'Object Repository/Admin/Sprint 5/Advance Search/button_Search(Advance)' is clicked on

2021-12-20 15:47:27 - [MESSAGE][PASSED] - Object: 'Object Repository/Admin/Sprint 5/Advance Search/button_Search(Advance)' is clicked on

2021-12-20 15:47:27 - [TEST_STEP][PASSED] - delay(1): Delayed 1 second(s)

2021-12-20 15:47:28 - [MESSAGE][PASSED] - Delayed 1 second(s)

2021-12-20 15:47:28 - [TEST_STEP][PASSED] - verifyElementVisible(findTestObject("Admin/Sprint 5/Element Veification SP5/Smoke 1 Verification")): Object 'Object Repository/Admin/Sprint 5/Element Veification SP5/Smoke 1 Verification' is visible

2021-12-20 15:47:28 - [MESSAGE][PASSED] - Object 'Object Repository/Admin/Sprint 5/Element Veification SP5/Smoke 1 Verification' is visible

2021-12-20 15:47:28 - [TEST_STEP][PASSED] - delay(1): Delayed 1 second(s)

2021-12-20 15:47:29 - [MESSAGE][PASSED] - Delayed 1 second(s)

2021-12-20 15:47:29 - [TEST_STEP][PASSED] - click(findTestObject("Admin/Sprint 5/Advance Search/button_Clear(Advance)")): Object: 'Object Repository/Admin/Sprint 5/Advance Search/button_Clear(Advance)' is clicked on

2021-12-20 15:47:29 - [MESSAGE][PASSED] - Object: 'Object Repository/Admin/Sprint 5/Advance Search/button_Clear(Advance)' is clicked on]]></system-out>
         <system-err><![CDATA[]]></system-err>
      </testcase>
      <testcase name="Test Cases/Sprint 5/FCSCMS-191/FCSCMS-1078" time="9.218" classname="Test Cases/Sprint 5/FCSCMS-191/FCSCMS-1078" status="PASSED">
         <system-out><![CDATA[2021-12-20 15:47:29 - [TEST_CASE][PASSED] - Test Cases/Sprint 5/FCSCMS-191/FCSCMS-1078: Test Cases/Sprint 5/FCSCMS-191/FCSCMS-1078

2021-12-20 15:47:30 - [TEST_STEP][PASSED] - delay(2): Delayed 2 second(s)

2021-12-20 15:47:32 - [MESSAGE][PASSED] - Delayed 2 second(s)

2021-12-20 15:47:32 - [TEST_STEP][PASSED] - setText(findTestObject("Admin/Sprint 5/Element Veification SP5/input_Contact Email_Input_AS_ContactEmail"), "richard@gmail.com"): Text 'richard@gmail.com' is set on object 'Object Repository/Admin/Sprint 5/Element Veification SP5/input_Contact Email_Input_AS_ContactEmail'

2021-12-20 15:47:32 - [MESSAGE][PASSED] - Text 'richard@gmail.com' is set on object 'Object Repository/Admin/Sprint 5/Element Veification SP5/input_Contact Email_Input_AS_ContactEmail'

2021-12-20 15:47:32 - [TEST_STEP][PASSED] - delay(1): Delayed 1 second(s)

2021-12-20 15:47:33 - [MESSAGE][PASSED] - Delayed 1 second(s)

2021-12-20 15:47:33 - [TEST_STEP][PASSED] - click(findTestObject("Admin/Sprint 5/Advance Search/button_Search(Advance)")): Object: 'Object Repository/Admin/Sprint 5/Advance Search/button_Search(Advance)' is clicked on

2021-12-20 15:47:34 - [MESSAGE][PASSED] - Object: 'Object Repository/Admin/Sprint 5/Advance Search/button_Search(Advance)' is clicked on

2021-12-20 15:47:34 - [TEST_STEP][PASSED] - delay(2): Delayed 2 second(s)

2021-12-20 15:47:36 - [MESSAGE][PASSED] - Delayed 2 second(s)

2021-12-20 15:47:36 - [TEST_STEP][PASSED] - verifyElementVisible(findTestObject("Admin/Sprint 5/Element Veification SP5/Smoke 1 Verification")): Object 'Object Repository/Admin/Sprint 5/Element Veification SP5/Smoke 1 Verification' is visible

2021-12-20 15:47:36 - [MESSAGE][PASSED] - Object 'Object Repository/Admin/Sprint 5/Element Veification SP5/Smoke 1 Verification' is visible

2021-12-20 15:47:36 - [TEST_STEP][PASSED] - delay(2): Delayed 2 second(s)

2021-12-20 15:47:38 - [MESSAGE][PASSED] - Delayed 2 second(s)

2021-12-20 15:47:38 - [TEST_STEP][PASSED] - click(findTestObject("Admin/Sprint 5/Advance Search/button_Clear(Advance)")): Object: 'Object Repository/Admin/Sprint 5/Advance Search/button_Clear(Advance)' is clicked on

2021-12-20 15:47:39 - [MESSAGE][PASSED] - Object: 'Object Repository/Admin/Sprint 5/Advance Search/button_Clear(Advance)' is clicked on]]></system-out>
         <system-err><![CDATA[]]></system-err>
      </testcase>
      <testcase name="Test Cases/Sprint 5/FCSCMS-191/FCSCMS-1079" time="8.187" classname="Test Cases/Sprint 5/FCSCMS-191/FCSCMS-1079" status="PASSED">
         <system-out><![CDATA[2021-12-20 15:47:39 - [TEST_CASE][PASSED] - Test Cases/Sprint 5/FCSCMS-191/FCSCMS-1079: Test Cases/Sprint 5/FCSCMS-191/FCSCMS-1079

2021-12-20 15:47:39 - [TEST_STEP][PASSED] - delay(2): Delayed 2 second(s)

2021-12-20 15:47:41 - [MESSAGE][PASSED] - Delayed 2 second(s)

2021-12-20 15:47:41 - [TEST_STEP][PASSED] - setText(findTestObject("Admin/Sprint 5/Element Veification SP5/input_Contact Phone_Input_AS_ContactPhone"), "1234567890"): Text '1234567890' is set on object 'Object Repository/Admin/Sprint 5/Element Veification SP5/input_Contact Phone_Input_AS_ContactPhone'

2021-12-20 15:47:42 - [MESSAGE][PASSED] - Text '1234567890' is set on object 'Object Repository/Admin/Sprint 5/Element Veification SP5/input_Contact Phone_Input_AS_ContactPhone'

2021-12-20 15:47:42 - [TEST_STEP][PASSED] - delay(1): Delayed 1 second(s)

2021-12-20 15:47:43 - [MESSAGE][PASSED] - Delayed 1 second(s)

2021-12-20 15:47:43 - [TEST_STEP][PASSED] - click(findTestObject("Admin/Sprint 5/Advance Search/button_Search(Advance)")): Object: 'Object Repository/Admin/Sprint 5/Advance Search/button_Search(Advance)' is clicked on

2021-12-20 15:47:43 - [MESSAGE][PASSED] - Object: 'Object Repository/Admin/Sprint 5/Advance Search/button_Search(Advance)' is clicked on

2021-12-20 15:47:43 - [TEST_STEP][PASSED] - delay(2): Delayed 2 second(s)

2021-12-20 15:47:45 - [MESSAGE][PASSED] - Delayed 2 second(s)

2021-12-20 15:47:45 - [TEST_STEP][PASSED] - verifyElementVisible(findTestObject("Admin/Sprint 5/Element Veification SP5/Smoke 1 Verification")): Object 'Object Repository/Admin/Sprint 5/Element Veification SP5/Smoke 1 Verification' is visible

2021-12-20 15:47:45 - [MESSAGE][PASSED] - Object 'Object Repository/Admin/Sprint 5/Element Veification SP5/Smoke 1 Verification' is visible

2021-12-20 15:47:45 - [TEST_STEP][PASSED] - delay(1): Delayed 1 second(s)

2021-12-20 15:47:46 - [MESSAGE][PASSED] - Delayed 1 second(s)

2021-12-20 15:47:46 - [TEST_STEP][PASSED] - click(findTestObject("Admin/Sprint 5/Advance Search/button_Clear(Advance)")): Object: 'Object Repository/Admin/Sprint 5/Advance Search/button_Clear(Advance)' is clicked on

2021-12-20 15:47:47 - [MESSAGE][PASSED] - Object: 'Object Repository/Admin/Sprint 5/Advance Search/button_Clear(Advance)' is clicked on]]></system-out>
         <system-err><![CDATA[]]></system-err>
      </testcase>
      <testcase name="Test Cases/Sprint 5/FCSCMS-191/FCSCMS-1080" time="6.603" classname="Test Cases/Sprint 5/FCSCMS-191/FCSCMS-1080" status="PASSED">
         <system-out><![CDATA[2021-12-20 15:47:47 - [TEST_CASE][PASSED] - Test Cases/Sprint 5/FCSCMS-191/FCSCMS-1080: Test Cases/Sprint 5/FCSCMS-191/FCSCMS-1080

2021-12-20 15:47:47 - [TEST_STEP][PASSED] - delay(1): Delayed 1 second(s)

2021-12-20 15:47:48 - [MESSAGE][PASSED] - Delayed 1 second(s)

2021-12-20 15:47:48 - [TEST_STEP][PASSED] - setText(findTestObject("Admin/Sprint 5/Element Veification SP5/input_Sales Rep._Input_AS_ClientName2"), "AdminUser"): Text 'AdminUser' is set on object 'Object Repository/Admin/Sprint 5/Element Veification SP5/input_Sales Rep._Input_AS_ClientName2'

2021-12-20 15:47:49 - [MESSAGE][PASSED] - Text 'AdminUser' is set on object 'Object Repository/Admin/Sprint 5/Element Veification SP5/input_Sales Rep._Input_AS_ClientName2'

2021-12-20 15:47:49 - [TEST_STEP][PASSED] - delay(1): Delayed 1 second(s)

2021-12-20 15:47:50 - [MESSAGE][PASSED] - Delayed 1 second(s)

2021-12-20 15:47:50 - [TEST_STEP][PASSED] - click(findTestObject("Admin/Sprint 5/Advance Search/button_Search(Advance)")): Object: 'Object Repository/Admin/Sprint 5/Advance Search/button_Search(Advance)' is clicked on

2021-12-20 15:47:51 - [MESSAGE][PASSED] - Object: 'Object Repository/Admin/Sprint 5/Advance Search/button_Search(Advance)' is clicked on

2021-12-20 15:47:51 - [TEST_STEP][PASSED] - delay(1): Delayed 1 second(s)

2021-12-20 15:47:52 - [MESSAGE][PASSED] - Delayed 1 second(s)

2021-12-20 15:47:52 - [TEST_STEP][PASSED] - verifyElementVisible(findTestObject("Admin/Sprint 5/Element Veification SP5/Smoke 1 Verification")): Object 'Object Repository/Admin/Sprint 5/Element Veification SP5/Smoke 1 Verification' is visible

2021-12-20 15:47:52 - [MESSAGE][PASSED] - Object 'Object Repository/Admin/Sprint 5/Element Veification SP5/Smoke 1 Verification' is visible

2021-12-20 15:47:52 - [TEST_STEP][PASSED] - delay(1): Delayed 1 second(s)

2021-12-20 15:47:53 - [MESSAGE][PASSED] - Delayed 1 second(s)

2021-12-20 15:47:53 - [TEST_STEP][PASSED] - click(findTestObject("Admin/Sprint 5/Advance Search/button_Clear(Advance)")): Object: 'Object Repository/Admin/Sprint 5/Advance Search/button_Clear(Advance)' is clicked on

2021-12-20 15:47:53 - [MESSAGE][PASSED] - Object: 'Object Repository/Admin/Sprint 5/Advance Search/button_Clear(Advance)' is clicked on]]></system-out>
         <system-err><![CDATA[]]></system-err>
      </testcase>
      <testcase name="Test Cases/Sprint 5/FCSCMS-191/FCSCMS-1081" time="6.577" classname="Test Cases/Sprint 5/FCSCMS-191/FCSCMS-1081" status="PASSED">
         <system-out><![CDATA[2021-12-20 15:47:53 - [TEST_CASE][PASSED] - Test Cases/Sprint 5/FCSCMS-191/FCSCMS-1081: Test Cases/Sprint 5/FCSCMS-191/FCSCMS-1081

2021-12-20 15:47:54 - [TEST_STEP][PASSED] - delay(1): Delayed 1 second(s)

2021-12-20 15:47:55 - [MESSAGE][PASSED] - Delayed 1 second(s)

2021-12-20 15:47:55 - [TEST_STEP][PASSED] - setText(findTestObject("Admin/Sprint 5/Element Veification SP5/input_Account Manager_Input_AS_ClientName"), "Anon User"): Text 'Anon User' is set on object 'Object Repository/Admin/Sprint 5/Element Veification SP5/input_Account Manager_Input_AS_ClientName'

2021-12-20 15:47:56 - [MESSAGE][PASSED] - Text 'Anon User' is set on object 'Object Repository/Admin/Sprint 5/Element Veification SP5/input_Account Manager_Input_AS_ClientName'

2021-12-20 15:47:56 - [TEST_STEP][PASSED] - delay(1): Delayed 1 second(s)

2021-12-20 15:47:57 - [MESSAGE][PASSED] - Delayed 1 second(s)

2021-12-20 15:47:57 - [TEST_STEP][PASSED] - click(findTestObject("Admin/Sprint 5/Advance Search/button_Search(Advance)")): Object: 'Object Repository/Admin/Sprint 5/Advance Search/button_Search(Advance)' is clicked on

2021-12-20 15:47:57 - [MESSAGE][PASSED] - Object: 'Object Repository/Admin/Sprint 5/Advance Search/button_Search(Advance)' is clicked on

2021-12-20 15:47:57 - [TEST_STEP][PASSED] - delay(1): Delayed 1 second(s)

2021-12-20 15:47:58 - [MESSAGE][PASSED] - Delayed 1 second(s)

2021-12-20 15:47:58 - [TEST_STEP][PASSED] - verifyElementVisible(findTestObject("Admin/Sprint 5/Element Veification SP5/Smoke 1 Verification")): Object 'Object Repository/Admin/Sprint 5/Element Veification SP5/Smoke 1 Verification' is visible

2021-12-20 15:47:59 - [MESSAGE][PASSED] - Object 'Object Repository/Admin/Sprint 5/Element Veification SP5/Smoke 1 Verification' is visible

2021-12-20 15:47:59 - [TEST_STEP][PASSED] - delay(1): Delayed 1 second(s)

2021-12-20 15:48:00 - [MESSAGE][PASSED] - Delayed 1 second(s)

2021-12-20 15:48:00 - [TEST_STEP][PASSED] - click(findTestObject("Admin/Sprint 5/Advance Search/button_Clear(Advance)")): Object: 'Object Repository/Admin/Sprint 5/Advance Search/button_Clear(Advance)' is clicked on

2021-12-20 15:48:00 - [MESSAGE][PASSED] - Object: 'Object Repository/Admin/Sprint 5/Advance Search/button_Clear(Advance)' is clicked on]]></system-out>
         <system-err><![CDATA[]]></system-err>
      </testcase>
      <testcase name="Test Cases/Sprint 5/FCSCMS-191/FCSCMS-1082" time="13.44" classname="Test Cases/Sprint 5/FCSCMS-191/FCSCMS-1082" status="PASSED">
         <system-out><![CDATA[2021-12-20 15:48:00 - [TEST_CASE][PASSED] - Test Cases/Sprint 5/FCSCMS-191/FCSCMS-1082: Test Cases/Sprint 5/FCSCMS-191/FCSCMS-1082

2021-12-20 15:48:00 - [TEST_STEP][PASSED] - delay(1): Delayed 1 second(s)

2021-12-20 15:48:01 - [MESSAGE][PASSED] - Delayed 1 second(s)

2021-12-20 15:48:01 - [TEST_STEP][PASSED] - setText(findTestObject("Admin/Sprint 5/Element Veification SP5/input_Client Name_Input_ClientName"), "Smoke 1"): Text 'Smoke 1' is set on object 'Object Repository/Admin/Sprint 5/Element Veification SP5/input_Client Name_Input_ClientName'

2021-12-20 15:48:02 - [MESSAGE][PASSED] - Text 'Smoke 1' is set on object 'Object Repository/Admin/Sprint 5/Element Veification SP5/input_Client Name_Input_ClientName'

2021-12-20 15:48:02 - [TEST_STEP][PASSED] - delay(1): Delayed 1 second(s)

2021-12-20 15:48:03 - [MESSAGE][PASSED] - Delayed 1 second(s)

2021-12-20 15:48:03 - [TEST_STEP][PASSED] - click(findTestObject("Admin/Sprint 5/Advance Search/button_Search(Advance)")): Object: 'Object Repository/Admin/Sprint 5/Advance Search/button_Search(Advance)' is clicked on

2021-12-20 15:48:04 - [MESSAGE][PASSED] - Object: 'Object Repository/Admin/Sprint 5/Advance Search/button_Search(Advance)' is clicked on

2021-12-20 15:48:04 - [TEST_STEP][PASSED] - delay(1): Delayed 1 second(s)

2021-12-20 15:48:05 - [MESSAGE][PASSED] - Delayed 1 second(s)

2021-12-20 15:48:05 - [TEST_STEP][PASSED] - verifyElementVisible(findTestObject("Admin/Sprint 5/Element Veification SP5/Smoke 1 Verification")): Object 'Object Repository/Admin/Sprint 5/Element Veification SP5/Smoke 1 Verification' is visible

2021-12-20 15:48:05 - [MESSAGE][PASSED] - Object 'Object Repository/Admin/Sprint 5/Element Veification SP5/Smoke 1 Verification' is visible

2021-12-20 15:48:05 - [TEST_STEP][PASSED] - delay(1): Delayed 1 second(s)

2021-12-20 15:48:06 - [MESSAGE][PASSED] - Delayed 1 second(s)

2021-12-20 15:48:06 - [TEST_STEP][PASSED] - click(findTestObject("Admin/Sprint 5/Advance Search/button_Clear(Advance)")): Object: 'Object Repository/Admin/Sprint 5/Advance Search/button_Clear(Advance)' is clicked on

2021-12-20 15:48:07 - [MESSAGE][PASSED] - Object: 'Object Repository/Admin/Sprint 5/Advance Search/button_Clear(Advance)' is clicked on

2021-12-20 15:48:07 - [TEST_STEP][PASSED] - delay(1): Delayed 1 second(s)

2021-12-20 15:48:08 - [MESSAGE][PASSED] - Delayed 1 second(s)

2021-12-20 15:48:08 - [TEST_STEP][PASSED] - setText(findTestObject("Admin/Sprint 5/Element Veification SP5/input_Address Line 1_Input_AS_AddressLine1"), "Line 1"): Text 'Line 1' is set on object 'Object Repository/Admin/Sprint 5/Element Veification SP5/input_Address Line 1_Input_AS_AddressLine1'

2021-12-20 15:48:08 - [MESSAGE][PASSED] - Text 'Line 1' is set on object 'Object Repository/Admin/Sprint 5/Element Veification SP5/input_Address Line 1_Input_AS_AddressLine1'

2021-12-20 15:48:08 - [TEST_STEP][PASSED] - setText(findTestObject("Admin/Sprint 5/Element Veification SP5/input_Address Line 2_Input_AS_AddressLine2"), "Line 2"): Text 'Line 2' is set on object 'Object Repository/Admin/Sprint 5/Element Veification SP5/input_Address Line 2_Input_AS_AddressLine2'

2021-12-20 15:48:09 - [MESSAGE][PASSED] - Text 'Line 2' is set on object 'Object Repository/Admin/Sprint 5/Element Veification SP5/input_Address Line 2_Input_AS_AddressLine2'

2021-12-20 15:48:09 - [TEST_STEP][PASSED] - delay(1): Delayed 1 second(s)

2021-12-20 15:48:10 - [MESSAGE][PASSED] - Delayed 1 second(s)

2021-12-20 15:48:10 - [TEST_STEP][PASSED] - click(findTestObject("Admin/Sprint 5/Advance Search/button_Search(Advance)")): Object: 'Object Repository/Admin/Sprint 5/Advance Search/button_Search(Advance)' is clicked on

2021-12-20 15:48:11 - [MESSAGE][PASSED] - Object: 'Object Repository/Admin/Sprint 5/Advance Search/button_Search(Advance)' is clicked on

2021-12-20 15:48:11 - [TEST_STEP][PASSED] - delay(1): Delayed 1 second(s)

2021-12-20 15:48:12 - [MESSAGE][PASSED] - Delayed 1 second(s)

2021-12-20 15:48:12 - [TEST_STEP][PASSED] - verifyElementVisible(findTestObject("Admin/Sprint 5/Element Veification SP5/Smoke 1 Verification")): Object 'Object Repository/Admin/Sprint 5/Element Veification SP5/Smoke 1 Verification' is visible

2021-12-20 15:48:12 - [MESSAGE][PASSED] - Object 'Object Repository/Admin/Sprint 5/Element Veification SP5/Smoke 1 Verification' is visible

2021-12-20 15:48:12 - [TEST_STEP][PASSED] - delay(1): Delayed 1 second(s)

2021-12-20 15:48:13 - [MESSAGE][PASSED] - Delayed 1 second(s)

2021-12-20 15:48:13 - [TEST_STEP][PASSED] - click(findTestObject("Admin/Sprint 5/Advance Search/button_Clear(Advance)")): Object: 'Object Repository/Admin/Sprint 5/Advance Search/button_Clear(Advance)' is clicked on

2021-12-20 15:48:13 - [MESSAGE][PASSED] - Object: 'Object Repository/Admin/Sprint 5/Advance Search/button_Clear(Advance)' is clicked on]]></system-out>
         <system-err><![CDATA[]]></system-err>
      </testcase>
      <system-out><![CDATA[2021-12-20 15:46:01 - [TEST_SUITE][PASSED] - FCSCMS-191 (Organizations - Client Profile - Search Clients): Test Cases/Sprint 5/FCSCMS-191/FCSCMS-1082]]></system-out>
      <system-err><![CDATA[]]></system-err>
   </testsuite>
</testsuites>
