<?xml version="1.0" encoding="UTF-8"?>
<testsuites name="FCSCMS-192 (Organizations - Client Profile - Client Listing)" time="50.914" tests="6" failures="0" errors="0">
   <testsuite name="FCSCMS-192 (Organizations - Client Profile - Client Listing)" tests="6" failures="0" errors="0" time="50.914" timestamp="2022-01-27 15:13:36" hostname="me - DESKTOP-S7SF50D" id="Test Suites/Sprint 5/FCSCMS-192 (Organizations - Client Profile - Client Listing)">
      <properties>
         <property name="deviceName" value=""/>
         <property name="devicePlatform" value=""/>
         <property name="logFolder" value="C:\\Users\\me\\git\\nexterous-automation\\Reports\\20220127_151324\\Sprint 5\\FCSCMS-192 (Organizations - Client Profile - Client Listing)\\20220127_151324"/>
         <property name="logFiles" value="C:\\Users\\me\\git\\nexterous-automation\\Reports\\20220127_151324\\Sprint 5\\FCSCMS-192 (Organizations - Client Profile - Client Listing)\\20220127_151324\\execution0.log"/>
         <property name="attachments" value=""/>
         <property name="hostName" value="me - DESKTOP-S7SF50D"/>
         <property name="os" value="Windows 10 64bit"/>
         <property name="katalonVersion" value="7.7.0.205"/>
         <property name="browser" value="Chrome 97.0.4692.99"/>
         <property name="hostAddress" value="192.168.100.4"/>
         <property name="sessionId" value="b728e6b9d9f4cdcc35b60f2159af9881"/>
         <property name="seleniumVersion" value="3.141.59"/>
         <property name="proxyInformation" value="ProxyInformation { proxyOption=NO_PROXY, proxyServerType=HTTP, username=, password=********, proxyServerAddress=, proxyServerPort=0, executionList=&quot;&quot;, isApplyToDesiredCapabilities=true }"/>
         <property name="platform" value="Windows 10"/>
      </properties>
      <testcase name="Test Cases/Sprint 5/FCSCMS-192/FCSCMS-1049-S5 (Admin user should be able to log in using valid credentials)" time="13.638" classname="Test Cases/Sprint 5/FCSCMS-192/FCSCMS-1049-S5 (Admin user should be able to log in using valid credentials)" status="PASSED">
         <system-out><![CDATA[2022-01-27 15:13:36 - [TEST_CASE][PASSED] - Test Cases/Sprint 5/FCSCMS-192/FCSCMS-1049-S5 (Admin user should be able to log in using valid credentials): Test Cases/Sprint 5/FCSCMS-192/FCSCMS-1049-S5 (Admin user should be able to log in using valid credentials)

2022-01-27 15:13:37 - [TEST_STEP][PASSED] - openBrowser(""): Browser is opened with url: ''

2022-01-27 15:13:37 - [MESSAGE][INFO] - Starting 'Chrome' driver

2022-01-27 15:13:37 - [MESSAGE][INFO] - Action delay is set to 0 milliseconds

2022-01-27 15:13:40 - [MESSAGE][PASSED] - Browser is opened with url: ''

2022-01-27 15:13:40 - [TEST_STEP][PASSED] - navigateToUrl("https://nexterus-tst.outsystemsenterprise.com/FusionCenter/Login"): Navigate to 'https://nexterus-tst.outsystemsenterprise.com/FusionCenter/Login' successfully

2022-01-27 15:13:43 - [MESSAGE][PASSED] - Navigate to 'https://nexterus-tst.outsystemsenterprise.com/FusionCenter/Login' successfully

2022-01-27 15:13:43 - [TEST_STEP][PASSED] - maximizeWindow(): Current window maximized

2022-01-27 15:13:43 - [MESSAGE][PASSED] - Current window maximized

2022-01-27 15:13:43 - [TEST_STEP][PASSED] - delay(3): Delayed 3 second(s)

2022-01-27 15:13:46 - [MESSAGE][PASSED] - Delayed 3 second(s)

2022-01-27 15:13:46 - [TEST_STEP][PASSED] - setText(findTestObject("Login/Username_Field"), "admin"): Text 'admin' is set on object 'Object Repository/Login/Username_Field'

2022-01-27 15:13:47 - [MESSAGE][PASSED] - Text 'admin' is set on object 'Object Repository/Login/Username_Field'

2022-01-27 15:13:47 - [TEST_STEP][PASSED] - delay(1): Delayed 1 second(s)

2022-01-27 15:13:48 - [MESSAGE][PASSED] - Delayed 1 second(s)

2022-01-27 15:13:48 - [TEST_STEP][PASSED] - setText(findTestObject("Login/Password_Field"), "admin"): Text 'admin' is set on object 'Object Repository/Login/Password_Field'

2022-01-27 15:13:48 - [MESSAGE][PASSED] - Text 'admin' is set on object 'Object Repository/Login/Password_Field'

2022-01-27 15:13:48 - [TEST_STEP][PASSED] - delay(1): Delayed 1 second(s)

2022-01-27 15:13:50 - [MESSAGE][PASSED] - Delayed 1 second(s)

2022-01-27 15:13:50 - [TEST_STEP][PASSED] - click(findTestObject("Login/BTN_Login")): Object: 'Object Repository/Login/BTN_Login' is clicked on

2022-01-27 15:13:50 - [MESSAGE][PASSED] - Object: 'Object Repository/Login/BTN_Login' is clicked on]]></system-out>
         <system-err><![CDATA[]]></system-err>
      </testcase>
      <testcase name="Test Cases/Sprint 5/FCSCMS-192/FCSCMS-1050-S5 (Click the Clients option from the left navigation panel)" time="9.022" classname="Test Cases/Sprint 5/FCSCMS-192/FCSCMS-1050-S5 (Click the Clients option from the left navigation panel)" status="PASSED">
         <system-out><![CDATA[2022-01-27 15:13:50 - [TEST_CASE][PASSED] - Test Cases/Sprint 5/FCSCMS-192/FCSCMS-1050-S5 (Click the Clients option from the left navigation panel): Test Cases/Sprint 5/FCSCMS-192/FCSCMS-1050-S5 (Click the Clients option from the left navigation panel)

2022-01-27 15:13:50 - [TEST_STEP][PASSED] - delay(2): Delayed 2 second(s)

2022-01-27 15:13:52 - [MESSAGE][PASSED] - Delayed 2 second(s)

2022-01-27 15:13:52 - [TEST_STEP][PASSED] - click(findTestObject("Admin/Sprint 5/a_Clients")): Object: 'Object Repository/Admin/Sprint 5/a_Clients' is clicked on

2022-01-27 15:13:55 - [MESSAGE][PASSED] - Object: 'Object Repository/Admin/Sprint 5/a_Clients' is clicked on

2022-01-27 15:13:55 - [TEST_STEP][PASSED] - delay(2): Delayed 2 second(s)

2022-01-27 15:13:57 - [MESSAGE][PASSED] - Delayed 2 second(s)

2022-01-27 15:13:57 - [TEST_STEP][PASSED] - verifyElementVisible(findTestObject("Admin/Sprint 5/Clients/SearchBar_Clients")): Object 'Object Repository/Admin/Sprint 5/Clients/SearchBar_Clients' is visible

2022-01-27 15:13:58 - [MESSAGE][PASSED] - Object 'Object Repository/Admin/Sprint 5/Clients/SearchBar_Clients' is visible

2022-01-27 15:13:58 - [TEST_STEP][PASSED] - delay(1): Delayed 1 second(s)

2022-01-27 15:13:59 - [MESSAGE][PASSED] - Delayed 1 second(s)]]></system-out>
         <system-err><![CDATA[]]></system-err>
      </testcase>
      <testcase name="Test Cases/Sprint 5/FCSCMS-192/FCSCMS-1051-S5 (User should be able to view client grid)" time="4.813" classname="Test Cases/Sprint 5/FCSCMS-192/FCSCMS-1051-S5 (User should be able to view client grid)" status="PASSED">
         <system-out><![CDATA[2022-01-27 15:13:59 - [TEST_CASE][PASSED] - Test Cases/Sprint 5/FCSCMS-192/FCSCMS-1051-S5 (User should be able to view client grid): Test Cases/Sprint 5/FCSCMS-192/FCSCMS-1051-S5 (User should be able to view client grid)

2022-01-27 15:13:59 - [TEST_STEP][PASSED] - verifyElementVisible(findTestObject("Admin/Sprint 5/Clients/Element Verification/button_Add New Client")): Object 'Object Repository/Admin/Sprint 5/Clients/Element Verification/button_Add New Client' is visible

2022-01-27 15:14:00 - [MESSAGE][PASSED] - Object 'Object Repository/Admin/Sprint 5/Clients/Element Verification/button_Add New Client' is visible

2022-01-27 15:14:00 - [TEST_STEP][PASSED] - verifyElementVisible(findTestObject("Admin/Sprint 5/Clients/Element Verification/button_Advanced Search")): Object 'Object Repository/Admin/Sprint 5/Clients/Element Verification/button_Advanced Search' is visible

2022-01-27 15:14:00 - [MESSAGE][PASSED] - Object 'Object Repository/Admin/Sprint 5/Clients/Element Verification/button_Advanced Search' is visible

2022-01-27 15:14:00 - [TEST_STEP][PASSED] - verifyElementVisible(findTestObject("Admin/Sprint 5/Clients/Element Verification/ClientsDashboard")): Object 'Object Repository/Admin/Sprint 5/Clients/Element Verification/ClientsDashboard' is visible

2022-01-27 15:14:00 - [MESSAGE][PASSED] - Object 'Object Repository/Admin/Sprint 5/Clients/Element Verification/ClientsDashboard' is visible

2022-01-27 15:14:00 - [TEST_STEP][PASSED] - verifyElementVisible(findTestObject("Admin/Sprint 5/Clients/Element Verification/div_Download")): Object 'Object Repository/Admin/Sprint 5/Clients/Element Verification/div_Download' is visible

2022-01-27 15:14:01 - [MESSAGE][PASSED] - Object 'Object Repository/Admin/Sprint 5/Clients/Element Verification/div_Download' is visible

2022-01-27 15:14:01 - [TEST_STEP][PASSED] - verifyElementVisible(findTestObject("Admin/Sprint 5/Clients/Element Verification/input_Logout_b4-Input_TextVar")): Object 'Object Repository/Admin/Sprint 5/Clients/Element Verification/input_Logout_b4-Input_TextVar' is visible

2022-01-27 15:14:01 - [MESSAGE][PASSED] - Object 'Object Repository/Admin/Sprint 5/Clients/Element Verification/input_Logout_b4-Input_TextVar' is visible

2022-01-27 15:14:01 - [TEST_STEP][PASSED] - verifyElementVisible(findTestObject("Admin/Sprint 5/Clients/Element Verification/th_Action")): Object 'Object Repository/Admin/Sprint 5/Clients/Element Verification/th_Action' is visible

2022-01-27 15:14:01 - [MESSAGE][PASSED] - Object 'Object Repository/Admin/Sprint 5/Clients/Element Verification/th_Action' is visible

2022-01-27 15:14:01 - [TEST_STEP][PASSED] - verifyElementVisible(findTestObject("Admin/Sprint 5/Clients/Element Verification/th_Address")): Object 'Object Repository/Admin/Sprint 5/Clients/Element Verification/th_Address' is visible

2022-01-27 15:14:02 - [MESSAGE][PASSED] - Object 'Object Repository/Admin/Sprint 5/Clients/Element Verification/th_Address' is visible

2022-01-27 15:14:02 - [TEST_STEP][PASSED] - verifyElementVisible(findTestObject("Admin/Sprint 5/Clients/Element Verification/th_City")): Object 'Object Repository/Admin/Sprint 5/Clients/Element Verification/th_City' is visible

2022-01-27 15:14:02 - [MESSAGE][PASSED] - Object 'Object Repository/Admin/Sprint 5/Clients/Element Verification/th_City' is visible

2022-01-27 15:14:02 - [TEST_STEP][PASSED] - verifyElementVisible(findTestObject("Admin/Sprint 5/Clients/Element Verification/th_Client Name")): Object 'Object Repository/Admin/Sprint 5/Clients/Element Verification/th_Client Name' is visible

2022-01-27 15:14:02 - [MESSAGE][PASSED] - Object 'Object Repository/Admin/Sprint 5/Clients/Element Verification/th_Client Name' is visible

2022-01-27 15:14:02 - [TEST_STEP][PASSED] - verifyElementVisible(findTestObject("Admin/Sprint 5/Clients/Element Verification/th_Country")): Object 'Object Repository/Admin/Sprint 5/Clients/Element Verification/th_Country' is visible

2022-01-27 15:14:03 - [MESSAGE][PASSED] - Object 'Object Repository/Admin/Sprint 5/Clients/Element Verification/th_Country' is visible

2022-01-27 15:14:03 - [TEST_STEP][PASSED] - verifyElementVisible(findTestObject("Admin/Sprint 5/Clients/Element Verification/th_State")): Object 'Object Repository/Admin/Sprint 5/Clients/Element Verification/th_State' is visible

2022-01-27 15:14:03 - [MESSAGE][PASSED] - Object 'Object Repository/Admin/Sprint 5/Clients/Element Verification/th_State' is visible

2022-01-27 15:14:03 - [TEST_STEP][PASSED] - verifyElementVisible(findTestObject("Admin/Sprint 5/Clients/Element Verification/th_Status")): Object 'Object Repository/Admin/Sprint 5/Clients/Element Verification/th_Status' is visible

2022-01-27 15:14:03 - [MESSAGE][PASSED] - Object 'Object Repository/Admin/Sprint 5/Clients/Element Verification/th_Status' is visible

2022-01-27 15:14:03 - [TEST_STEP][PASSED] - verifyElementVisible(findTestObject("Admin/Sprint 5/Clients/Element Verification/th_Zip Code")): Object 'Object Repository/Admin/Sprint 5/Clients/Element Verification/th_Zip Code' is visible

2022-01-27 15:14:04 - [MESSAGE][PASSED] - Object 'Object Repository/Admin/Sprint 5/Clients/Element Verification/th_Zip Code' is visible]]></system-out>
         <system-err><![CDATA[]]></system-err>
      </testcase>
      <testcase name="Test Cases/Sprint 5/FCSCMS-192/FCSCMS-1052-S5 (User should be able to view-edit client information)" time="9.775" classname="Test Cases/Sprint 5/FCSCMS-192/FCSCMS-1052-S5 (User should be able to view-edit client information)" status="PASSED">
         <system-out><![CDATA[2022-01-27 15:14:04 - [TEST_CASE][PASSED] - Test Cases/Sprint 5/FCSCMS-192/FCSCMS-1052-S5 (User should be able to view-edit client information): Test Cases/Sprint 5/FCSCMS-192/FCSCMS-1052-S5 (User should be able to view-edit client information)

2022-01-27 15:14:04 - [TEST_STEP][PASSED] - click(findTestObject("Admin/Sprint 5/Clients/EditClientXpathNew/Edit_ImageNew")): Object: 'Object Repository/Admin/Sprint 5/Clients/EditClientXpathNew/Edit_ImageNew' is clicked on

2022-01-27 15:14:04 - [MESSAGE][PASSED] - Object: 'Object Repository/Admin/Sprint 5/Clients/EditClientXpathNew/Edit_ImageNew' is clicked on

2022-01-27 15:14:04 - [TEST_STEP][PASSED] - delay(2): Delayed 2 second(s)

2022-01-27 15:14:06 - [MESSAGE][PASSED] - Delayed 2 second(s)

2022-01-27 15:14:06 - [TEST_STEP][PASSED] - verifyElementVisible(findTestObject("Admin/Sprint 5/Clients/EditClientXpathNew/input_Client Name_b10-Input_ClientName")): Object 'Object Repository/Admin/Sprint 5/Clients/EditClientXpathNew/input_Client Name_b10-Input_ClientName' is visible

2022-01-27 15:14:08 - [MESSAGE][PASSED] - Object 'Object Repository/Admin/Sprint 5/Clients/EditClientXpathNew/input_Client Name_b10-Input_ClientName' is visible

2022-01-27 15:14:08 - [TEST_STEP][PASSED] - verifyElementVisible(findTestObject("Admin/Sprint 5/Clients/EditClientXpathNew/StatusDropdownNew")): Object 'Object Repository/Admin/Sprint 5/Clients/EditClientXpathNew/StatusDropdownNew' is visible

2022-01-27 15:14:08 - [MESSAGE][PASSED] - Object 'Object Repository/Admin/Sprint 5/Clients/EditClientXpathNew/StatusDropdownNew' is visible

2022-01-27 15:14:08 - [TEST_STEP][PASSED] - verifyElementVisible(findTestObject("Admin/Sprint 5/Clients/EditClientXpathNew/input_Business Details_b10-Input_BusinessDetails")): Object 'Object Repository/Admin/Sprint 5/Clients/EditClientXpathNew/input_Business Details_b10-Input_BusinessDetails' is visible

2022-01-27 15:14:08 - [MESSAGE][PASSED] - Object 'Object Repository/Admin/Sprint 5/Clients/EditClientXpathNew/input_Business Details_b10-Input_BusinessDetails' is visible

2022-01-27 15:14:08 - [TEST_STEP][PASSED] - verifyElementVisible(findTestObject("Admin/Sprint 5/Clients/EditClientXpathNew/input_IRS Number_b10-Input_IRSNumber")): Object 'Object Repository/Admin/Sprint 5/Clients/EditClientXpathNew/input_IRS Number_b10-Input_IRSNumber' is visible

2022-01-27 15:14:09 - [MESSAGE][PASSED] - Object 'Object Repository/Admin/Sprint 5/Clients/EditClientXpathNew/input_IRS Number_b10-Input_IRSNumber' is visible

2022-01-27 15:14:09 - [TEST_STEP][PASSED] - verifyElementVisible(findTestObject("Admin/Sprint 5/Clients/EditClientXpathNew/SalesRepField")): Object 'Object Repository/Admin/Sprint 5/Clients/EditClientXpathNew/SalesRepField' is visible

2022-01-27 15:14:09 - [MESSAGE][PASSED] - Object 'Object Repository/Admin/Sprint 5/Clients/EditClientXpathNew/SalesRepField' is visible

2022-01-27 15:14:09 - [TEST_STEP][PASSED] - verifyElementVisible(findTestObject("Admin/Sprint 5/Clients/EditClientXpathNew/input_IRS Number_b10-Input_IRSNumber")): Object 'Object Repository/Admin/Sprint 5/Clients/EditClientXpathNew/input_IRS Number_b10-Input_IRSNumber' is visible

2022-01-27 15:14:09 - [MESSAGE][PASSED] - Object 'Object Repository/Admin/Sprint 5/Clients/EditClientXpathNew/input_IRS Number_b10-Input_IRSNumber' is visible

2022-01-27 15:14:09 - [TEST_STEP][PASSED] - verifyElementVisible(findTestObject("Admin/Sprint 5/Clients/EditClientXpathNew/input_Termination Date_b10-Input_TerminationDate")): Object 'Object Repository/Admin/Sprint 5/Clients/EditClientXpathNew/input_Termination Date_b10-Input_TerminationDate' is visible

2022-01-27 15:14:10 - [MESSAGE][PASSED] - Object 'Object Repository/Admin/Sprint 5/Clients/EditClientXpathNew/input_Termination Date_b10-Input_TerminationDate' is visible

2022-01-27 15:14:10 - [TEST_STEP][PASSED] - verifyElementVisible(findTestObject("Admin/Sprint 5/Clients/EditClientXpathNew/StatusDropdownNew")): Object 'Object Repository/Admin/Sprint 5/Clients/EditClientXpathNew/StatusDropdownNew' is visible

2022-01-27 15:14:10 - [MESSAGE][PASSED] - Object 'Object Repository/Admin/Sprint 5/Clients/EditClientXpathNew/StatusDropdownNew' is visible

2022-01-27 15:14:10 - [TEST_STEP][PASSED] - verifyElementVisible(findTestObject("Admin/Sprint 5/Clients/EditClientXpathNew/AccountManagerDropdown")): Object 'Object Repository/Admin/Sprint 5/Clients/EditClientXpathNew/AccountManagerDropdown' is visible

2022-01-27 15:14:11 - [MESSAGE][PASSED] - Object 'Object Repository/Admin/Sprint 5/Clients/EditClientXpathNew/AccountManagerDropdown' is visible

2022-01-27 15:14:11 - [TEST_STEP][PASSED] - delay(3): Delayed 3 second(s)

2022-01-27 15:14:14 - [MESSAGE][PASSED] - Delayed 3 second(s)]]></system-out>
         <system-err><![CDATA[]]></system-err>
      </testcase>
      <testcase name="Test Cases/Sprint 5/FCSCMS-192/FCSCMS-1053-S5 (User should be able to use the pagination widget)" time="4.793" classname="Test Cases/Sprint 5/FCSCMS-192/FCSCMS-1053-S5 (User should be able to use the pagination widget)" status="PASSED">
         <system-out><![CDATA[2022-01-27 15:14:14 - [TEST_CASE][PASSED] - Test Cases/Sprint 5/FCSCMS-192/FCSCMS-1053-S5 (User should be able to use the pagination widget): Test Cases/Sprint 5/FCSCMS-192/FCSCMS-1053-S5 (User should be able to use the pagination widget)

2022-01-27 15:14:14 - [TEST_STEP][PASSED] - click(findTestObject("Admin/Sprint 5/a_Clients")): Object: 'Object Repository/Admin/Sprint 5/a_Clients' is clicked on

2022-01-27 15:14:14 - [MESSAGE][PASSED] - Object: 'Object Repository/Admin/Sprint 5/a_Clients' is clicked on

2022-01-27 15:14:14 - [TEST_STEP][PASSED] - delay(2): Delayed 2 second(s)

2022-01-27 15:14:16 - [MESSAGE][PASSED] - Delayed 2 second(s)

2022-01-27 15:14:16 - [TEST_STEP][PASSED] - delay(2): Delayed 2 second(s)

2022-01-27 15:14:18 - [MESSAGE][PASSED] - Delayed 2 second(s)]]></system-out>
         <system-err><![CDATA[]]></system-err>
      </testcase>
      <testcase name="Test Cases/Sprint 5/FCSCMS-192/FCSCMS-1054-S5 (User should be able to export file by clicking export icon)" time="7.158" classname="Test Cases/Sprint 5/FCSCMS-192/FCSCMS-1054-S5 (User should be able to export file by clicking export icon)" status="PASSED">
         <system-out><![CDATA[2022-01-27 15:14:18 - [TEST_CASE][PASSED] - Test Cases/Sprint 5/FCSCMS-192/FCSCMS-1054-S5 (User should be able to export file by clicking export icon): Test Cases/Sprint 5/FCSCMS-192/FCSCMS-1054-S5 (User should be able to export file by clicking export icon)

2022-01-27 15:14:19 - [TEST_STEP][PASSED] - click(findTestObject("Admin/Sprint 5/Clients/Export/ExportImage")): Object: 'Object Repository/Admin/Sprint 5/Clients/Export/ExportImage' is clicked on

2022-01-27 15:14:19 - [MESSAGE][PASSED] - Object: 'Object Repository/Admin/Sprint 5/Clients/Export/ExportImage' is clicked on

2022-01-27 15:14:19 - [TEST_STEP][PASSED] - delay(2): Delayed 2 second(s)

2022-01-27 15:14:21 - [MESSAGE][PASSED] - Delayed 2 second(s)

2022-01-27 15:14:21 - [TEST_STEP][PASSED] - verifyElementVisible(findTestObject("Admin/Sprint 5/Clients/Export/ExportFileNameField")): Object 'Object Repository/Admin/Sprint 5/Clients/Export/ExportFileNameField' is visible

2022-01-27 15:14:21 - [MESSAGE][PASSED] - Object 'Object Repository/Admin/Sprint 5/Clients/Export/ExportFileNameField' is visible

2022-01-27 15:14:21 - [TEST_STEP][PASSED] - setText(findTestObject("Admin/Sprint 5/Clients/Export/ExportFileNameField"), "AT Export Test"): Text 'AT Export Test' is set on object 'Object Repository/Admin/Sprint 5/Clients/Export/ExportFileNameField'

2022-01-27 15:14:22 - [MESSAGE][PASSED] - Text 'AT Export Test' is set on object 'Object Repository/Admin/Sprint 5/Clients/Export/ExportFileNameField'

2022-01-27 15:14:22 - [TEST_STEP][PASSED] - click(findTestObject("Admin/Sprint 5/Clients/Export/button_Download")): Object: 'Object Repository/Admin/Sprint 5/Clients/Export/button_Download' is clicked on

2022-01-27 15:14:22 - [MESSAGE][PASSED] - Object: 'Object Repository/Admin/Sprint 5/Clients/Export/button_Download' is clicked on

2022-01-27 15:14:22 - [TEST_STEP][PASSED] - delay(3): Delayed 3 second(s)

2022-01-27 15:14:25 - [MESSAGE][PASSED] - Delayed 3 second(s)]]></system-out>
         <system-err><![CDATA[]]></system-err>
      </testcase>
      <system-out><![CDATA[2022-01-27 15:13:36 - [TEST_SUITE][PASSED] - FCSCMS-192 (Organizations - Client Profile - Client Listing): Test Cases/Sprint 5/FCSCMS-192/FCSCMS-1054-S5 (User should be able to export file by clicking export icon)]]></system-out>
      <system-err><![CDATA[]]></system-err>
   </testsuite>
</testsuites>
