<?xml version="1.0" encoding="UTF-8"?>
<testsuites name="FCSCMS-191 (Organizations - Client Profile - Search Clients)" time="147.944" tests="20" failures="0" errors="0">
   <testsuite name="FCSCMS-191 (Organizations - Client Profile - Search Clients)" tests="20" failures="0" errors="0" time="147.944" timestamp="2022-01-27 15:05:27" hostname="me - DESKTOP-S7SF50D" id="Test Suites/Sprint 5/FCSCMS-191 (Organizations - Client Profile - Search Clients)">
      <properties>
         <property name="deviceName" value=""/>
         <property name="devicePlatform" value=""/>
         <property name="logFolder" value="C:\\Users\\me\\git\\nexterous-automation\\Reports\\20220127_150512\\Sprint 5\\FCSCMS-191 (Organizations - Client Profile - Search Clients)\\20220127_150512"/>
         <property name="logFiles" value="C:\\Users\\me\\git\\nexterous-automation\\Reports\\20220127_150512\\Sprint 5\\FCSCMS-191 (Organizations - Client Profile - Search Clients)\\20220127_150512\\execution0.log"/>
         <property name="attachments" value=""/>
         <property name="hostName" value="me - DESKTOP-S7SF50D"/>
         <property name="os" value="Windows 10 64bit"/>
         <property name="katalonVersion" value="7.7.0.205"/>
         <property name="browser" value="Chrome 97.0.4692.99"/>
         <property name="hostAddress" value="192.168.100.4"/>
         <property name="sessionId" value="86b57dc2e8bef9890d2d472d7ad0ce6f"/>
         <property name="seleniumVersion" value="3.141.59"/>
         <property name="proxyInformation" value="ProxyInformation { proxyOption=NO_PROXY, proxyServerType=HTTP, username=, password=********, proxyServerAddress=, proxyServerPort=0, executionList=&quot;&quot;, isApplyToDesiredCapabilities=true }"/>
         <property name="platform" value="Windows 10"/>
      </properties>
      <testcase name="Test Cases/Sprint 5/FCSCMS-191/FCSCMS-1065-S5 (Admin user should be able to log in using valid credentials)" time="16.915" classname="Test Cases/Sprint 5/FCSCMS-191/FCSCMS-1065-S5 (Admin user should be able to log in using valid credentials)" status="PASSED">
         <system-out><![CDATA[2022-01-27 15:05:28 - [TEST_CASE][PASSED] - Test Cases/Sprint 5/FCSCMS-191/FCSCMS-1065-S5 (Admin user should be able to log in using valid credentials): Test Cases/Sprint 5/FCSCMS-191/FCSCMS-1065-S5 (Admin user should be able to log in using valid credentials)

2022-01-27 15:05:28 - [TEST_STEP][PASSED] - openBrowser(""): Browser is opened with url: ''

2022-01-27 15:05:29 - [MESSAGE][INFO] - Starting 'Chrome' driver

2022-01-27 15:05:30 - [MESSAGE][INFO] - Action delay is set to 0 milliseconds

2022-01-27 15:05:34 - [MESSAGE][PASSED] - Browser is opened with url: ''

2022-01-27 15:05:34 - [TEST_STEP][PASSED] - navigateToUrl("https://nexterus-tst.outsystemsenterprise.com/FusionCenter/Login"): Navigate to 'https://nexterus-tst.outsystemsenterprise.com/FusionCenter/Login' successfully

2022-01-27 15:05:36 - [MESSAGE][PASSED] - Navigate to 'https://nexterus-tst.outsystemsenterprise.com/FusionCenter/Login' successfully

2022-01-27 15:05:36 - [TEST_STEP][PASSED] - maximizeWindow(): Current window maximized

2022-01-27 15:05:36 - [MESSAGE][PASSED] - Current window maximized

2022-01-27 15:05:36 - [TEST_STEP][PASSED] - delay(3): Delayed 3 second(s)

2022-01-27 15:05:39 - [MESSAGE][PASSED] - Delayed 3 second(s)

2022-01-27 15:05:39 - [TEST_STEP][PASSED] - setText(findTestObject("Login/Username_Field"), "admin"): Text 'admin' is set on object 'Object Repository/Login/Username_Field'

2022-01-27 15:05:41 - [MESSAGE][PASSED] - Text 'admin' is set on object 'Object Repository/Login/Username_Field'

2022-01-27 15:05:41 - [TEST_STEP][PASSED] - delay(1): Delayed 1 second(s)

2022-01-27 15:05:42 - [MESSAGE][PASSED] - Delayed 1 second(s)

2022-01-27 15:05:42 - [TEST_STEP][PASSED] - setText(findTestObject("Login/Password_Field"), "admin"): Text 'admin' is set on object 'Object Repository/Login/Password_Field'

2022-01-27 15:05:43 - [MESSAGE][PASSED] - Text 'admin' is set on object 'Object Repository/Login/Password_Field'

2022-01-27 15:05:43 - [TEST_STEP][PASSED] - delay(1): Delayed 1 second(s)

2022-01-27 15:05:44 - [MESSAGE][PASSED] - Delayed 1 second(s)

2022-01-27 15:05:44 - [TEST_STEP][PASSED] - click(findTestObject("Login/BTN_Login")): Object: 'Object Repository/Login/BTN_Login' is clicked on

2022-01-27 15:05:45 - [MESSAGE][PASSED] - Object: 'Object Repository/Login/BTN_Login' is clicked on]]></system-out>
         <system-err><![CDATA[]]></system-err>
      </testcase>
      <testcase name="Test Cases/Sprint 5/FCSCMS-191/FCSCMS-1066-S5 (Click the Clients option from the left navigation panel)" time="9.59" classname="Test Cases/Sprint 5/FCSCMS-191/FCSCMS-1066-S5 (Click the Clients option from the left navigation panel)" status="PASSED">
         <system-out><![CDATA[2022-01-27 15:05:45 - [TEST_CASE][PASSED] - Test Cases/Sprint 5/FCSCMS-191/FCSCMS-1066-S5 (Click the Clients option from the left navigation panel): Test Cases/Sprint 5/FCSCMS-191/FCSCMS-1066-S5 (Click the Clients option from the left navigation panel)

2022-01-27 15:05:45 - [TEST_STEP][PASSED] - delay(2): Delayed 2 second(s)

2022-01-27 15:05:47 - [MESSAGE][PASSED] - Delayed 2 second(s)

2022-01-27 15:05:47 - [TEST_STEP][PASSED] - click(findTestObject("Admin/Sprint 5/a_Clients")): Object: 'Object Repository/Admin/Sprint 5/a_Clients' is clicked on

2022-01-27 15:05:50 - [MESSAGE][PASSED] - Object: 'Object Repository/Admin/Sprint 5/a_Clients' is clicked on

2022-01-27 15:05:50 - [TEST_STEP][PASSED] - verifyElementPresent(findTestObject("Admin/Sprint 5/Clients/NewXpaths/SearchBar2"), 0): Object 'Object Repository/Admin/Sprint 5/Clients/NewXpaths/SearchBar2' is present

2022-01-27 15:05:50 - [MESSAGE][WARNING] - Timeout '0' is invalid. Using default page load timeout: '30'

2022-01-27 15:05:54 - [MESSAGE][PASSED] - Object 'Object Repository/Admin/Sprint 5/Clients/NewXpaths/SearchBar2' is present

2022-01-27 15:05:54 - [TEST_STEP][PASSED] - verifyElementPresent(findTestObject("Admin/Sprint 5/Clients/NewXpaths/ClientDashboard2"), 0): Object 'Object Repository/Admin/Sprint 5/Clients/NewXpaths/ClientDashboard2' is present

2022-01-27 15:05:54 - [MESSAGE][WARNING] - Timeout '0' is invalid. Using default page load timeout: '30'

2022-01-27 15:05:54 - [MESSAGE][PASSED] - Object 'Object Repository/Admin/Sprint 5/Clients/NewXpaths/ClientDashboard2' is present]]></system-out>
         <system-err><![CDATA[]]></system-err>
      </testcase>
      <testcase name="Test Cases/Sprint 5/FCSCMS-191/FCSCMS-1067-S5 (Put characters on Search bar)" time="3.221" classname="Test Cases/Sprint 5/FCSCMS-191/FCSCMS-1067-S5 (Put characters on Search bar)" status="PASSED">
         <system-out><![CDATA[2022-01-27 15:05:54 - [TEST_CASE][PASSED] - Test Cases/Sprint 5/FCSCMS-191/FCSCMS-1067-S5 (Put characters on Search bar): Test Cases/Sprint 5/FCSCMS-191/FCSCMS-1067-S5 (Put characters on Search bar)

2022-01-27 15:05:55 - [TEST_STEP][PASSED] - setText(findTestObject("Admin/Sprint 5/Clients/NewXpaths/SearchBar2"), "Smoke Test 3"): Text 'Smoke Test 3' is set on object 'Object Repository/Admin/Sprint 5/Clients/NewXpaths/SearchBar2'

2022-01-27 15:05:55 - [MESSAGE][PASSED] - Text 'Smoke Test 3' is set on object 'Object Repository/Admin/Sprint 5/Clients/NewXpaths/SearchBar2'

2022-01-27 15:05:55 - [TEST_STEP][PASSED] - delay(2): Delayed 2 second(s)

2022-01-27 15:05:57 - [MESSAGE][PASSED] - Delayed 2 second(s)]]></system-out>
         <system-err><![CDATA[]]></system-err>
      </testcase>
      <testcase name="Test Cases/Sprint 5/FCSCMS-191/FCSCMS-1068-S5 (User should be able to search clients)" time="10.434" classname="Test Cases/Sprint 5/FCSCMS-191/FCSCMS-1068-S5 (User should be able to search clients)" status="PASSED">
         <system-out><![CDATA[2022-01-27 15:05:57 - [TEST_CASE][PASSED] - Test Cases/Sprint 5/FCSCMS-191/FCSCMS-1068-S5 (User should be able to search clients): Test Cases/Sprint 5/FCSCMS-191/FCSCMS-1068-S5 (User should be able to search clients)

2022-01-27 15:05:58 - [TEST_STEP][PASSED] - click(findTestObject("Admin/Sprint 5/Clients/NewXpaths/SearchButtonNew")): Object: 'Object Repository/Admin/Sprint 5/Clients/NewXpaths/SearchButtonNew' is clicked on

2022-01-27 15:05:58 - [MESSAGE][PASSED] - Object: 'Object Repository/Admin/Sprint 5/Clients/NewXpaths/SearchButtonNew' is clicked on

2022-01-27 15:05:58 - [TEST_STEP][PASSED] - delay(2): Delayed 2 second(s)

2022-01-27 15:06:00 - [MESSAGE][PASSED] - Delayed 2 second(s)

2022-01-27 15:06:00 - [TEST_STEP][PASSED] - verifyElementVisible(findTestObject("Admin/Sprint 5/Clients/NewXpaths/td_Smoke Test 3")): Object 'Object Repository/Admin/Sprint 5/Clients/NewXpaths/td_Smoke Test 3' is visible

2022-01-27 15:06:01 - [MESSAGE][PASSED] - Object 'Object Repository/Admin/Sprint 5/Clients/NewXpaths/td_Smoke Test 3' is visible

2022-01-27 15:06:01 - [TEST_STEP][PASSED] - delay(1): Delayed 1 second(s)

2022-01-27 15:06:02 - [MESSAGE][PASSED] - Delayed 1 second(s)

2022-01-27 15:06:02 - [TEST_STEP][PASSED] - clearText(findTestObject("Admin/Sprint 5/Clients/NewXpaths/SearchBar2")): Text of object 'Object Repository/Admin/Sprint 5/Clients/NewXpaths/SearchBar2' is cleared

2022-01-27 15:06:03 - [MESSAGE][PASSED] - Text of object 'Object Repository/Admin/Sprint 5/Clients/NewXpaths/SearchBar2' is cleared

2022-01-27 15:06:03 - [TEST_STEP][PASSED] - delay(1): Delayed 1 second(s)

2022-01-27 15:06:04 - [MESSAGE][PASSED] - Delayed 1 second(s)

2022-01-27 15:06:04 - [TEST_STEP][PASSED] - setText(findTestObject("Admin/Sprint 5/Clients/NewXpaths/SearchBar2"), "AutomationTest"): Text 'AutomationTest' is set on object 'Object Repository/Admin/Sprint 5/Clients/NewXpaths/SearchBar2'

2022-01-27 15:06:04 - [MESSAGE][PASSED] - Text 'AutomationTest' is set on object 'Object Repository/Admin/Sprint 5/Clients/NewXpaths/SearchBar2'

2022-01-27 15:06:04 - [TEST_STEP][PASSED] - delay(1): Delayed 1 second(s)

2022-01-27 15:06:05 - [MESSAGE][PASSED] - Delayed 1 second(s)

2022-01-27 15:06:05 - [TEST_STEP][PASSED] - click(findTestObject("Admin/Sprint 5/Clients/NewXpaths/SearchButtonNew")): Object: 'Object Repository/Admin/Sprint 5/Clients/NewXpaths/SearchButtonNew' is clicked on

2022-01-27 15:06:06 - [MESSAGE][PASSED] - Object: 'Object Repository/Admin/Sprint 5/Clients/NewXpaths/SearchButtonNew' is clicked on

2022-01-27 15:06:06 - [TEST_STEP][PASSED] - delay(1): Delayed 1 second(s)

2022-01-27 15:06:07 - [MESSAGE][PASSED] - Delayed 1 second(s)

2022-01-27 15:06:07 - [TEST_STEP][PASSED] - delay(1): Delayed 1 second(s)

2022-01-27 15:06:08 - [MESSAGE][PASSED] - Delayed 1 second(s)]]></system-out>
         <system-err><![CDATA[]]></system-err>
      </testcase>
      <testcase name="Test Cases/Sprint 5/FCSCMS-191/FCSCMS-1069-S5 (Able to Click Advance search button)" time="6.527" classname="Test Cases/Sprint 5/FCSCMS-191/FCSCMS-1069-S5 (Able to Click Advance search button)" status="PASSED">
         <system-out><![CDATA[2022-01-27 15:06:08 - [TEST_CASE][PASSED] - Test Cases/Sprint 5/FCSCMS-191/FCSCMS-1069-S5 (Able to Click Advance search button): Test Cases/Sprint 5/FCSCMS-191/FCSCMS-1069-S5 (Able to Click Advance search button)

2022-01-27 15:06:08 - [TEST_STEP][PASSED] - click(findTestObject("Admin/Sprint 5/Clients/AdvanceSearchNEW/button_Advanced Search")): Object: 'Object Repository/Admin/Sprint 5/Clients/AdvanceSearchNEW/button_Advanced Search' is clicked on

2022-01-27 15:06:09 - [MESSAGE][PASSED] - Object: 'Object Repository/Admin/Sprint 5/Clients/AdvanceSearchNEW/button_Advanced Search' is clicked on

2022-01-27 15:06:09 - [TEST_STEP][PASSED] - verifyElementVisible(findTestObject("Admin/Sprint 5/Clients/AdvanceSearchNEW/ClientNameNEW")): Object 'Object Repository/Admin/Sprint 5/Clients/AdvanceSearchNEW/ClientNameNEW' is visible

2022-01-27 15:06:10 - [MESSAGE][PASSED] - Object 'Object Repository/Admin/Sprint 5/Clients/AdvanceSearchNEW/ClientNameNEW' is visible

2022-01-27 15:06:10 - [TEST_STEP][PASSED] - verifyElementVisible(findTestObject("Admin/Sprint 5/Clients/AdvanceSearchNEW/StatusDropdownNew")): Object 'Object Repository/Admin/Sprint 5/Clients/AdvanceSearchNEW/StatusDropdownNew' is visible

2022-01-27 15:06:10 - [MESSAGE][PASSED] - Object 'Object Repository/Admin/Sprint 5/Clients/AdvanceSearchNEW/StatusDropdownNew' is visible

2022-01-27 15:06:10 - [TEST_STEP][PASSED] - verifyElementVisible(findTestObject("Admin/Sprint 5/Clients/AdvanceSearchNEW/AccountManagerNew")): Object 'Object Repository/Admin/Sprint 5/Clients/AdvanceSearchNEW/AccountManagerNew' is visible

2022-01-27 15:06:10 - [MESSAGE][PASSED] - Object 'Object Repository/Admin/Sprint 5/Clients/AdvanceSearchNEW/AccountManagerNew' is visible

2022-01-27 15:06:10 - [TEST_STEP][PASSED] - verifyElementVisible(findTestObject("Admin/Sprint 5/Clients/AdvanceSearchNEW/SalesRepNew")): Object 'Object Repository/Admin/Sprint 5/Clients/AdvanceSearchNEW/SalesRepNew' is visible

2022-01-27 15:06:11 - [MESSAGE][PASSED] - Object 'Object Repository/Admin/Sprint 5/Clients/AdvanceSearchNEW/SalesRepNew' is visible

2022-01-27 15:06:11 - [TEST_STEP][PASSED] - verifyElementVisible(findTestObject("Admin/Sprint 5/Clients/AdvanceSearchNEW/Address Line 1 New")): Object 'Object Repository/Admin/Sprint 5/Clients/AdvanceSearchNEW/Address Line 1 New' is visible

2022-01-27 15:06:11 - [MESSAGE][PASSED] - Object 'Object Repository/Admin/Sprint 5/Clients/AdvanceSearchNEW/Address Line 1 New' is visible

2022-01-27 15:06:11 - [TEST_STEP][PASSED] - verifyElementVisible(findTestObject("Admin/Sprint 5/Clients/AdvanceSearchNEW/Address Line 2 New")): Object 'Object Repository/Admin/Sprint 5/Clients/AdvanceSearchNEW/Address Line 2 New' is visible

2022-01-27 15:06:12 - [MESSAGE][PASSED] - Object 'Object Repository/Admin/Sprint 5/Clients/AdvanceSearchNEW/Address Line 2 New' is visible

2022-01-27 15:06:12 - [TEST_STEP][PASSED] - verifyElementVisible(findTestObject("Admin/Sprint 5/Clients/AdvanceSearchNEW/CityDropDownNew")): Object 'Object Repository/Admin/Sprint 5/Clients/AdvanceSearchNEW/CityDropDownNew' is visible

2022-01-27 15:06:12 - [MESSAGE][PASSED] - Object 'Object Repository/Admin/Sprint 5/Clients/AdvanceSearchNEW/CityDropDownNew' is visible

2022-01-27 15:06:12 - [TEST_STEP][PASSED] - verifyElementVisible(findTestObject("Admin/Sprint 5/Clients/AdvanceSearchNEW/StateDropDownNew")): Object 'Object Repository/Admin/Sprint 5/Clients/AdvanceSearchNEW/StateDropDownNew' is visible

2022-01-27 15:06:13 - [MESSAGE][PASSED] - Object 'Object Repository/Admin/Sprint 5/Clients/AdvanceSearchNEW/StateDropDownNew' is visible

2022-01-27 15:06:13 - [TEST_STEP][PASSED] - verifyElementVisible(findTestObject("Admin/Sprint 5/Clients/AdvanceSearchNEW/ZipCodeDropDownNew")): Object 'Object Repository/Admin/Sprint 5/Clients/AdvanceSearchNEW/ZipCodeDropDownNew' is visible

2022-01-27 15:06:13 - [MESSAGE][PASSED] - Object 'Object Repository/Admin/Sprint 5/Clients/AdvanceSearchNEW/ZipCodeDropDownNew' is visible

2022-01-27 15:06:13 - [TEST_STEP][PASSED] - verifyElementVisible(findTestObject("Admin/Sprint 5/Clients/AdvanceSearchNEW/CountryDropDownNew")): Object 'Object Repository/Admin/Sprint 5/Clients/AdvanceSearchNEW/CountryDropDownNew' is visible

2022-01-27 15:06:13 - [MESSAGE][PASSED] - Object 'Object Repository/Admin/Sprint 5/Clients/AdvanceSearchNEW/CountryDropDownNew' is visible

2022-01-27 15:06:13 - [TEST_STEP][PASSED] - verifyElementVisible(findTestObject("Admin/Sprint 5/Clients/AdvanceSearchNEW/input_Contact Name_Input_AS_ContactName")): Object 'Object Repository/Admin/Sprint 5/Clients/AdvanceSearchNEW/input_Contact Name_Input_AS_ContactName' is visible

2022-01-27 15:06:14 - [MESSAGE][PASSED] - Object 'Object Repository/Admin/Sprint 5/Clients/AdvanceSearchNEW/input_Contact Name_Input_AS_ContactName' is visible

2022-01-27 15:06:14 - [TEST_STEP][PASSED] - verifyElementVisible(findTestObject("Admin/Sprint 5/Clients/AdvanceSearchNEW/input_Contact Email_Input_AS_ContactEmail")): Object 'Object Repository/Admin/Sprint 5/Clients/AdvanceSearchNEW/input_Contact Email_Input_AS_ContactEmail' is visible

2022-01-27 15:06:14 - [MESSAGE][PASSED] - Object 'Object Repository/Admin/Sprint 5/Clients/AdvanceSearchNEW/input_Contact Email_Input_AS_ContactEmail' is visible

2022-01-27 15:06:14 - [TEST_STEP][PASSED] - verifyElementVisible(findTestObject("Admin/Sprint 5/Clients/AdvanceSearchNEW/input_Contact Phone_Input_AS_ContactPhone")): Object 'Object Repository/Admin/Sprint 5/Clients/AdvanceSearchNEW/input_Contact Phone_Input_AS_ContactPhone' is visible

2022-01-27 15:06:14 - [MESSAGE][PASSED] - Object 'Object Repository/Admin/Sprint 5/Clients/AdvanceSearchNEW/input_Contact Phone_Input_AS_ContactPhone' is visible]]></system-out>
         <system-err><![CDATA[]]></system-err>
      </testcase>
      <testcase name="Test Cases/Sprint 5/FCSCMS-191/FCSCMS-1070-S5 (Search clients using Client name)" time="4.049" classname="Test Cases/Sprint 5/FCSCMS-191/FCSCMS-1070-S5 (Search clients using Client name)" status="PASSED">
         <system-out><![CDATA[2022-01-27 15:06:14 - [TEST_CASE][PASSED] - Test Cases/Sprint 5/FCSCMS-191/FCSCMS-1070-S5 (Search clients using Client name): Test Cases/Sprint 5/FCSCMS-191/FCSCMS-1070-S5 (Search clients using Client name)

2022-01-27 15:06:15 - [TEST_STEP][PASSED] - delay(2): Delayed 2 second(s)

2022-01-27 15:06:17 - [MESSAGE][PASSED] - Delayed 2 second(s)

2022-01-27 15:06:17 - [TEST_STEP][PASSED] - setText(findTestObject("Admin/Sprint 5/Element Veification SP5/input_Client Name_Input_ClientName"), "Smoke Test 3"): Text 'Smoke Test 3' is set on object 'Object Repository/Admin/Sprint 5/Element Veification SP5/input_Client Name_Input_ClientName'

2022-01-27 15:06:17 - [MESSAGE][PASSED] - Text 'Smoke Test 3' is set on object 'Object Repository/Admin/Sprint 5/Element Veification SP5/input_Client Name_Input_ClientName'

2022-01-27 15:06:17 - [TEST_STEP][PASSED] - delay(1): Delayed 1 second(s)

2022-01-27 15:06:18 - [MESSAGE][PASSED] - Delayed 1 second(s)]]></system-out>
         <system-err><![CDATA[]]></system-err>
      </testcase>
      <testcase name="Test Cases/Sprint 5/FCSCMS-191/FCSCMS-1071-S5 (Select Status Dropdown button)" time="4.053" classname="Test Cases/Sprint 5/FCSCMS-191/FCSCMS-1071-S5 (Select Status Dropdown button)" status="PASSED">
         <system-out><![CDATA[2022-01-27 15:06:18 - [TEST_CASE][PASSED] - Test Cases/Sprint 5/FCSCMS-191/FCSCMS-1071-S5 (Select Status Dropdown button): Test Cases/Sprint 5/FCSCMS-191/FCSCMS-1071-S5 (Select Status Dropdown button)

2022-01-27 15:06:19 - [TEST_STEP][PASSED] - selectOptionByLabel(findTestObject("Admin/Sprint 5/Clients/AdvanceSearchNEW/StatusDropdownNew"), "Active", false): All options with label 'Active' are selected in object 'Object Repository/Admin/Sprint 5/Clients/AdvanceSearchNEW/StatusDropdownNew' 

2022-01-27 15:06:19 - [MESSAGE][PASSED] - All options with label 'Active' are selected in object 'Object Repository/Admin/Sprint 5/Clients/AdvanceSearchNEW/StatusDropdownNew' 

2022-01-27 15:06:19 - [TEST_STEP][PASSED] - delay(3): Delayed 3 second(s)

2022-01-27 15:06:22 - [MESSAGE][PASSED] - Delayed 3 second(s)]]></system-out>
         <system-err><![CDATA[]]></system-err>
      </testcase>
      <testcase name="Test Cases/Sprint 5/FCSCMS-191/FCSCMS-1072-S5 (Put characters on Address field)" time="6.514" classname="Test Cases/Sprint 5/FCSCMS-191/FCSCMS-1072-S5 (Put characters on Address field)" status="PASSED">
         <system-out><![CDATA[2022-01-27 15:06:22 - [TEST_CASE][PASSED] - Test Cases/Sprint 5/FCSCMS-191/FCSCMS-1072-S5 (Put characters on Address field): Test Cases/Sprint 5/FCSCMS-191/FCSCMS-1072-S5 (Put characters on Address field)

2022-01-27 15:06:23 - [TEST_STEP][PASSED] - setText(findTestObject("Admin/Sprint 5/Clients/AdvanceSearchNEW/Address Line 1 New"), "Line 1"): Text 'Line 1' is set on object 'Object Repository/Admin/Sprint 5/Clients/AdvanceSearchNEW/Address Line 1 New'

2022-01-27 15:06:23 - [MESSAGE][PASSED] - Text 'Line 1' is set on object 'Object Repository/Admin/Sprint 5/Clients/AdvanceSearchNEW/Address Line 1 New'

2022-01-27 15:06:23 - [TEST_STEP][PASSED] - delay(2): Delayed 2 second(s)

2022-01-27 15:06:25 - [MESSAGE][PASSED] - Delayed 2 second(s)

2022-01-27 15:06:25 - [TEST_STEP][PASSED] - setText(findTestObject("Admin/Sprint 5/Clients/AdvanceSearchNEW/Address Line 2 New"), "Line 2"): Text 'Line 2' is set on object 'Object Repository/Admin/Sprint 5/Clients/AdvanceSearchNEW/Address Line 2 New'

2022-01-27 15:06:26 - [MESSAGE][PASSED] - Text 'Line 2' is set on object 'Object Repository/Admin/Sprint 5/Clients/AdvanceSearchNEW/Address Line 2 New'

2022-01-27 15:06:26 - [TEST_STEP][PASSED] - delay(2): Delayed 2 second(s)

2022-01-27 15:06:28 - [MESSAGE][PASSED] - Delayed 2 second(s)

2022-01-27 15:06:28 - [TEST_STEP][PASSED] - clearText(findTestObject("Admin/Sprint 5/Clients/AdvanceSearchNEW/Address Line 1 New")): Text of object 'Object Repository/Admin/Sprint 5/Clients/AdvanceSearchNEW/Address Line 1 New' is cleared

2022-01-27 15:06:29 - [MESSAGE][PASSED] - Text of object 'Object Repository/Admin/Sprint 5/Clients/AdvanceSearchNEW/Address Line 1 New' is cleared

2022-01-27 15:06:29 - [TEST_STEP][PASSED] - clearText(findTestObject("Admin/Sprint 5/Clients/AdvanceSearchNEW/Address Line 2 New")): Text of object 'Object Repository/Admin/Sprint 5/Clients/AdvanceSearchNEW/Address Line 2 New' is cleared

2022-01-27 15:06:29 - [MESSAGE][PASSED] - Text of object 'Object Repository/Admin/Sprint 5/Clients/AdvanceSearchNEW/Address Line 2 New' is cleared]]></system-out>
         <system-err><![CDATA[]]></system-err>
      </testcase>
      <testcase name="Test Cases/Sprint 5/FCSCMS-191/FCSCMS-1073-S5 (Select Country on Type-in search dropdown)" time="5.21" classname="Test Cases/Sprint 5/FCSCMS-191/FCSCMS-1073-S5 (Select Country on Type-in search dropdown)" status="PASSED">
         <system-out><![CDATA[2022-01-27 15:06:29 - [TEST_CASE][PASSED] - Test Cases/Sprint 5/FCSCMS-191/FCSCMS-1073-S5 (Select Country on Type-in search dropdown): Test Cases/Sprint 5/FCSCMS-191/FCSCMS-1073-S5 (Select Country on Type-in search dropdown)

2022-01-27 15:06:29 - [TEST_STEP][PASSED] - click(findTestObject("Admin/Sprint 5/Clients/AdvanceSearchNEW/CountryDropDownNew")): Object: 'Object Repository/Admin/Sprint 5/Clients/AdvanceSearchNEW/CountryDropDownNew' is clicked on

2022-01-27 15:06:30 - [MESSAGE][PASSED] - Object: 'Object Repository/Admin/Sprint 5/Clients/AdvanceSearchNEW/CountryDropDownNew' is clicked on

2022-01-27 15:06:30 - [TEST_STEP][PASSED] - delay(1): Delayed 1 second(s)

2022-01-27 15:06:31 - [MESSAGE][PASSED] - Delayed 1 second(s)

2022-01-27 15:06:31 - [TEST_STEP][PASSED] - click(findTestObject("Admin/Sprint 5/Clients/AdvanceSearchNEW/div_United StatesNew")): Object: 'Object Repository/Admin/Sprint 5/Clients/AdvanceSearchNEW/div_United StatesNew' is clicked on

2022-01-27 15:06:31 - [MESSAGE][PASSED] - Object: 'Object Repository/Admin/Sprint 5/Clients/AdvanceSearchNEW/div_United StatesNew' is clicked on

2022-01-27 15:06:31 - [TEST_STEP][PASSED] - delay(3): Delayed 3 second(s)

2022-01-27 15:06:34 - [MESSAGE][PASSED] - Delayed 3 second(s)]]></system-out>
         <system-err><![CDATA[]]></system-err>
      </testcase>
      <testcase name="Test Cases/Sprint 5/FCSCMS-191/FCSCMS-1074-S5 (Search or select State on Type-in search dropdown)" time="5.151" classname="Test Cases/Sprint 5/FCSCMS-191/FCSCMS-1074-S5 (Search or select State on Type-in search dropdown)" status="PASSED">
         <system-out><![CDATA[2022-01-27 15:06:34 - [TEST_CASE][PASSED] - Test Cases/Sprint 5/FCSCMS-191/FCSCMS-1074-S5 (Search or select State on Type-in search dropdown): Test Cases/Sprint 5/FCSCMS-191/FCSCMS-1074-S5 (Search or select State on Type-in search dropdown)

2022-01-27 15:06:34 - [TEST_STEP][PASSED] - click(findTestObject("Admin/Sprint 5/StateDropDown/StateDropDown")): Object: 'Object Repository/Admin/Sprint 5/StateDropDown/StateDropDown' is clicked on

2022-01-27 15:06:35 - [MESSAGE][PASSED] - Object: 'Object Repository/Admin/Sprint 5/StateDropDown/StateDropDown' is clicked on

2022-01-27 15:06:35 - [TEST_STEP][PASSED] - delay(2): Delayed 2 second(s)

2022-01-27 15:06:37 - [MESSAGE][PASSED] - Delayed 2 second(s)

2022-01-27 15:06:37 - [TEST_STEP][PASSED] - click(findTestObject("Admin/Sprint 5/StateDropDown/div_Alabama")): Object: 'Object Repository/Admin/Sprint 5/StateDropDown/div_Alabama' is clicked on

2022-01-27 15:06:37 - [MESSAGE][PASSED] - Object: 'Object Repository/Admin/Sprint 5/StateDropDown/div_Alabama' is clicked on

2022-01-27 15:06:37 - [TEST_STEP][PASSED] - delay(2): Delayed 2 second(s)

2022-01-27 15:06:39 - [MESSAGE][PASSED] - Delayed 2 second(s)]]></system-out>
         <system-err><![CDATA[]]></system-err>
      </testcase>
      <testcase name="Test Cases/Sprint 5/FCSCMS-191/FCSCMS-1075-S5 (Search or select City on Tyoe-in search dropdown)" time="2.94" classname="Test Cases/Sprint 5/FCSCMS-191/FCSCMS-1075-S5 (Search or select City on Tyoe-in search dropdown)" status="PASSED">
         <system-out><![CDATA[2022-01-27 15:06:39 - [TEST_CASE][PASSED] - Test Cases/Sprint 5/FCSCMS-191/FCSCMS-1075-S5 (Search or select City on Tyoe-in search dropdown): Test Cases/Sprint 5/FCSCMS-191/FCSCMS-1075-S5 (Search or select City on Tyoe-in search dropdown)

2022-01-27 15:06:40 - [TEST_STEP][PASSED] - click(findTestObject("Admin/Sprint 5/CityDropDown/CityDropDown")): Object: 'Object Repository/Admin/Sprint 5/CityDropDown/CityDropDown' is clicked on

2022-01-27 15:06:40 - [MESSAGE][PASSED] - Object: 'Object Repository/Admin/Sprint 5/CityDropDown/CityDropDown' is clicked on

2022-01-27 15:06:40 - [TEST_STEP][PASSED] - delay(1): Delayed 1 second(s)

2022-01-27 15:06:41 - [MESSAGE][PASSED] - Delayed 1 second(s)

2022-01-27 15:06:41 - [TEST_STEP][PASSED] - setText(findTestObject("Admin/Sprint 5/CityDropDown/CityDropDownSearchField"), "Alexander"): Text 'Alexander' is set on object 'Object Repository/Admin/Sprint 5/CityDropDown/CityDropDownSearchField'

2022-01-27 15:06:42 - [MESSAGE][PASSED] - Text 'Alexander' is set on object 'Object Repository/Admin/Sprint 5/CityDropDown/CityDropDownSearchField'

2022-01-27 15:06:42 - [TEST_STEP][PASSED] - sendKeys(findTestObject("Admin/Sprint 5/CityDropDown/CityDropDownSearchField"), Keys.chord(ENTER)): Keys 'ENTER + ' sent to object: 'Object Repository/Admin/Sprint 5/CityDropDown/CityDropDownSearchField'

2022-01-27 15:06:42 - [MESSAGE][PASSED] - Keys 'ENTER + ' sent to object: 'Object Repository/Admin/Sprint 5/CityDropDown/CityDropDownSearchField']]></system-out>
         <system-err><![CDATA[]]></system-err>
      </testcase>
      <testcase name="Test Cases/Sprint 5/FCSCMS-191/FCSCMS-1076-S5 (Search or select Zip code on Tyoe-in search dropdown)" time="10.128" classname="Test Cases/Sprint 5/FCSCMS-191/FCSCMS-1076-S5 (Search or select Zip code on Tyoe-in search dropdown)" status="PASSED">
         <system-out><![CDATA[2022-01-27 15:06:42 - [TEST_CASE][PASSED] - Test Cases/Sprint 5/FCSCMS-191/FCSCMS-1076-S5 (Search or select Zip code on Tyoe-in search dropdown): Test Cases/Sprint 5/FCSCMS-191/FCSCMS-1076-S5 (Search or select Zip code on Tyoe-in search dropdown)

2022-01-27 15:06:43 - [TEST_STEP][PASSED] - click(findTestObject("Admin/Sprint 5/ZipCodeDropDown/ZipCodeDropDown")): Object: 'Object Repository/Admin/Sprint 5/ZipCodeDropDown/ZipCodeDropDown' is clicked on

2022-01-27 15:06:44 - [MESSAGE][PASSED] - Object: 'Object Repository/Admin/Sprint 5/ZipCodeDropDown/ZipCodeDropDown' is clicked on

2022-01-27 15:06:44 - [TEST_STEP][PASSED] - delay(1): Delayed 1 second(s)

2022-01-27 15:06:45 - [MESSAGE][PASSED] - Delayed 1 second(s)

2022-01-27 15:06:45 - [TEST_STEP][PASSED] - click(findTestObject("Admin/Sprint 5/ZipCodeDropDown/div_35010")): Object: 'Object Repository/Admin/Sprint 5/ZipCodeDropDown/div_35010' is clicked on

2022-01-27 15:06:45 - [MESSAGE][PASSED] - Object: 'Object Repository/Admin/Sprint 5/ZipCodeDropDown/div_35010' is clicked on

2022-01-27 15:06:45 - [TEST_STEP][PASSED] - delay(2): Delayed 2 second(s)

2022-01-27 15:06:47 - [MESSAGE][PASSED] - Delayed 2 second(s)

2022-01-27 15:06:47 - [TEST_STEP][PASSED] - click(findTestObject("Admin/Sprint 5/Clients/AdvanceSearchNEW/button_Clear")): Object: 'Object Repository/Admin/Sprint 5/Clients/AdvanceSearchNEW/button_Clear' is clicked on

2022-01-27 15:06:47 - [MESSAGE][PASSED] - Object: 'Object Repository/Admin/Sprint 5/Clients/AdvanceSearchNEW/button_Clear' is clicked on

2022-01-27 15:06:47 - [TEST_STEP][PASSED] - delay(2): Delayed 2 second(s)

2022-01-27 15:06:49 - [MESSAGE][PASSED] - Delayed 2 second(s)

2022-01-27 15:06:49 - [TEST_STEP][PASSED] - delay(3): Delayed 3 second(s)

2022-01-27 15:06:52 - [MESSAGE][PASSED] - Delayed 3 second(s)]]></system-out>
         <system-err><![CDATA[]]></system-err>
      </testcase>
      <testcase name="Test Cases/Sprint 5/FCSCMS-191/FCSCMS-1077-S5 (Search clients using Contact name)" time="7.88" classname="Test Cases/Sprint 5/FCSCMS-191/FCSCMS-1077-S5 (Search clients using Contact name)" status="PASSED">
         <system-out><![CDATA[2022-01-27 15:06:52 - [TEST_CASE][PASSED] - Test Cases/Sprint 5/FCSCMS-191/FCSCMS-1077-S5 (Search clients using Contact name): Test Cases/Sprint 5/FCSCMS-191/FCSCMS-1077-S5 (Search clients using Contact name)

2022-01-27 15:06:53 - [TEST_STEP][PASSED] - delay(3): Delayed 3 second(s)

2022-01-27 15:06:56 - [MESSAGE][PASSED] - Delayed 3 second(s)

2022-01-27 15:06:56 - [TEST_STEP][PASSED] - setText(findTestObject("Admin/Sprint 5/Clients/AdvanceSearchNEW/input_Contact Name_Input_AS_ContactName"), "AutomationTest"): Text 'AutomationTest' is set on object 'Object Repository/Admin/Sprint 5/Clients/AdvanceSearchNEW/input_Contact Name_Input_AS_ContactName'

2022-01-27 15:06:56 - [MESSAGE][PASSED] - Text 'AutomationTest' is set on object 'Object Repository/Admin/Sprint 5/Clients/AdvanceSearchNEW/input_Contact Name_Input_AS_ContactName'

2022-01-27 15:06:56 - [TEST_STEP][PASSED] - delay(1): Delayed 1 second(s)

2022-01-27 15:06:57 - [MESSAGE][PASSED] - Delayed 1 second(s)

2022-01-27 15:06:57 - [TEST_STEP][PASSED] - click(findTestObject("Admin/Sprint 5/Clients/AdvanceSearchNEW/button_Search")): Object: 'Object Repository/Admin/Sprint 5/Clients/AdvanceSearchNEW/button_Search' is clicked on

2022-01-27 15:06:58 - [MESSAGE][PASSED] - Object: 'Object Repository/Admin/Sprint 5/Clients/AdvanceSearchNEW/button_Search' is clicked on

2022-01-27 15:06:58 - [TEST_STEP][PASSED] - delay(1): Delayed 1 second(s)

2022-01-27 15:06:59 - [MESSAGE][PASSED] - Delayed 1 second(s)

2022-01-27 15:06:59 - [TEST_STEP][PASSED] - delay(1): Delayed 1 second(s)

2022-01-27 15:07:00 - [MESSAGE][PASSED] - Delayed 1 second(s)

2022-01-27 15:07:00 - [TEST_STEP][PASSED] - click(findTestObject("Admin/Sprint 5/Clients/AdvanceSearchNEW/button_Clear")): Object: 'Object Repository/Admin/Sprint 5/Clients/AdvanceSearchNEW/button_Clear' is clicked on

2022-01-27 15:07:00 - [MESSAGE][PASSED] - Object: 'Object Repository/Admin/Sprint 5/Clients/AdvanceSearchNEW/button_Clear' is clicked on]]></system-out>
         <system-err><![CDATA[]]></system-err>
      </testcase>
      <testcase name="Test Cases/Sprint 5/FCSCMS-191/FCSCMS-1078-S5 (Search clients using Contact Email)" time="11.258" classname="Test Cases/Sprint 5/FCSCMS-191/FCSCMS-1078-S5 (Search clients using Contact Email)" status="PASSED">
         <system-out><![CDATA[2022-01-27 15:07:00 - [TEST_CASE][PASSED] - Test Cases/Sprint 5/FCSCMS-191/FCSCMS-1078-S5 (Search clients using Contact Email): Test Cases/Sprint 5/FCSCMS-191/FCSCMS-1078-S5 (Search clients using Contact Email)

2022-01-27 15:07:01 - [TEST_STEP][PASSED] - delay(2): Delayed 2 second(s)

2022-01-27 15:07:03 - [MESSAGE][PASSED] - Delayed 2 second(s)

2022-01-27 15:07:03 - [TEST_STEP][PASSED] - setText(findTestObject("Admin/Sprint 5/Element Veification SP5/input_Contact Email_Input_AS_ContactEmail"), "Automation@gmail.com"): Text 'Automation@gmail.com' is set on object 'Object Repository/Admin/Sprint 5/Element Veification SP5/input_Contact Email_Input_AS_ContactEmail'

2022-01-27 15:07:03 - [MESSAGE][PASSED] - Text 'Automation@gmail.com' is set on object 'Object Repository/Admin/Sprint 5/Element Veification SP5/input_Contact Email_Input_AS_ContactEmail'

2022-01-27 15:07:03 - [TEST_STEP][PASSED] - delay(1): Delayed 1 second(s)

2022-01-27 15:07:04 - [MESSAGE][PASSED] - Delayed 1 second(s)

2022-01-27 15:07:04 - [TEST_STEP][PASSED] - click(findTestObject("Admin/Sprint 5/Clients/AdvanceSearchNEW/button_Search")): Object: 'Object Repository/Admin/Sprint 5/Clients/AdvanceSearchNEW/button_Search' is clicked on

2022-01-27 15:07:05 - [MESSAGE][PASSED] - Object: 'Object Repository/Admin/Sprint 5/Clients/AdvanceSearchNEW/button_Search' is clicked on

2022-01-27 15:07:05 - [TEST_STEP][PASSED] - delay(2): Delayed 2 second(s)

2022-01-27 15:07:07 - [MESSAGE][PASSED] - Delayed 2 second(s)

2022-01-27 15:07:07 - [TEST_STEP][PASSED] - verifyElementVisible(findTestObject("Admin/Sprint 5/Clients/AdvanceSearchNEW/td_Smoke Test 3")): Object 'Object Repository/Admin/Sprint 5/Clients/AdvanceSearchNEW/td_Smoke Test 3' is visible

2022-01-27 15:07:07 - [MESSAGE][PASSED] - Object 'Object Repository/Admin/Sprint 5/Clients/AdvanceSearchNEW/td_Smoke Test 3' is visible

2022-01-27 15:07:07 - [TEST_STEP][PASSED] - delay(2): Delayed 2 second(s)

2022-01-27 15:07:09 - [MESSAGE][PASSED] - Delayed 2 second(s)

2022-01-27 15:07:09 - [TEST_STEP][PASSED] - click(findTestObject("Admin/Sprint 5/Clients/AdvanceSearchNEW/button_Clear")): Object: 'Object Repository/Admin/Sprint 5/Clients/AdvanceSearchNEW/button_Clear' is clicked on

2022-01-27 15:07:10 - [MESSAGE][PASSED] - Object: 'Object Repository/Admin/Sprint 5/Clients/AdvanceSearchNEW/button_Clear' is clicked on

2022-01-27 15:07:10 - [TEST_STEP][PASSED] - delay(2): Delayed 2 second(s)

2022-01-27 15:07:12 - [MESSAGE][PASSED] - Delayed 2 second(s)]]></system-out>
         <system-err><![CDATA[]]></system-err>
      </testcase>
      <testcase name="Test Cases/Sprint 5/FCSCMS-191/FCSCMS-1079-S5 (Search clients using Contact Phone)" time="8.142" classname="Test Cases/Sprint 5/FCSCMS-191/FCSCMS-1079-S5 (Search clients using Contact Phone)" status="PASSED">
         <system-out><![CDATA[2022-01-27 15:07:12 - [TEST_CASE][PASSED] - Test Cases/Sprint 5/FCSCMS-191/FCSCMS-1079-S5 (Search clients using Contact Phone): Test Cases/Sprint 5/FCSCMS-191/FCSCMS-1079-S5 (Search clients using Contact Phone)

2022-01-27 15:07:12 - [TEST_STEP][PASSED] - delay(2): Delayed 2 second(s)

2022-01-27 15:07:14 - [MESSAGE][PASSED] - Delayed 2 second(s)

2022-01-27 15:07:14 - [TEST_STEP][PASSED] - setText(findTestObject("Admin/Sprint 5/Element Veification SP5/input_Contact Phone_Input_AS_ContactPhone"), "1112223333"): Text '1112223333' is set on object 'Object Repository/Admin/Sprint 5/Element Veification SP5/input_Contact Phone_Input_AS_ContactPhone'

2022-01-27 15:07:15 - [MESSAGE][PASSED] - Text '1112223333' is set on object 'Object Repository/Admin/Sprint 5/Element Veification SP5/input_Contact Phone_Input_AS_ContactPhone'

2022-01-27 15:07:15 - [TEST_STEP][PASSED] - delay(1): Delayed 1 second(s)

2022-01-27 15:07:16 - [MESSAGE][PASSED] - Delayed 1 second(s)

2022-01-27 15:07:16 - [TEST_STEP][PASSED] - click(findTestObject("Admin/Sprint 5/Clients/AdvanceSearchNEW/button_Search")): Object: 'Object Repository/Admin/Sprint 5/Clients/AdvanceSearchNEW/button_Search' is clicked on

2022-01-27 15:07:16 - [MESSAGE][PASSED] - Object: 'Object Repository/Admin/Sprint 5/Clients/AdvanceSearchNEW/button_Search' is clicked on

2022-01-27 15:07:16 - [TEST_STEP][PASSED] - delay(2): Delayed 2 second(s)

2022-01-27 15:07:18 - [MESSAGE][PASSED] - Delayed 2 second(s)

2022-01-27 15:07:18 - [TEST_STEP][PASSED] - delay(1): Delayed 1 second(s)

2022-01-27 15:07:19 - [MESSAGE][PASSED] - Delayed 1 second(s)

2022-01-27 15:07:19 - [TEST_STEP][PASSED] - click(findTestObject("Admin/Sprint 5/Clients/AdvanceSearchNEW/button_Clear")): Object: 'Object Repository/Admin/Sprint 5/Clients/AdvanceSearchNEW/button_Clear' is clicked on

2022-01-27 15:07:20 - [MESSAGE][PASSED] - Object: 'Object Repository/Admin/Sprint 5/Clients/AdvanceSearchNEW/button_Clear' is clicked on]]></system-out>
         <system-err><![CDATA[]]></system-err>
      </testcase>
      <testcase name="Test Cases/Sprint 5/FCSCMS-191/FCSCMS-1080-S5 (Search clients using Sales Rep)" time="6.244" classname="Test Cases/Sprint 5/FCSCMS-191/FCSCMS-1080-S5 (Search clients using Sales Rep)" status="PASSED">
         <system-out><![CDATA[2022-01-27 15:07:20 - [TEST_CASE][PASSED] - Test Cases/Sprint 5/FCSCMS-191/FCSCMS-1080-S5 (Search clients using Sales Rep): Test Cases/Sprint 5/FCSCMS-191/FCSCMS-1080-S5 (Search clients using Sales Rep)

2022-01-27 15:07:20 - [TEST_STEP][PASSED] - delay(1): Delayed 1 second(s)

2022-01-27 15:07:21 - [MESSAGE][PASSED] - Delayed 1 second(s)

2022-01-27 15:07:21 - [TEST_STEP][PASSED] - setText(findTestObject("Admin/Sprint 5/Clients/AdvanceSearchNEW/SalesRepNew"), "AutomationTest"): Text 'AutomationTest' is set on object 'Object Repository/Admin/Sprint 5/Clients/AdvanceSearchNEW/SalesRepNew'

2022-01-27 15:07:22 - [MESSAGE][PASSED] - Text 'AutomationTest' is set on object 'Object Repository/Admin/Sprint 5/Clients/AdvanceSearchNEW/SalesRepNew'

2022-01-27 15:07:22 - [TEST_STEP][PASSED] - delay(1): Delayed 1 second(s)

2022-01-27 15:07:23 - [MESSAGE][PASSED] - Delayed 1 second(s)

2022-01-27 15:07:23 - [TEST_STEP][PASSED] - click(findTestObject("Admin/Sprint 5/Clients/AdvanceSearchNEW/button_Search")): Object: 'Object Repository/Admin/Sprint 5/Clients/AdvanceSearchNEW/button_Search' is clicked on

2022-01-27 15:07:23 - [MESSAGE][PASSED] - Object: 'Object Repository/Admin/Sprint 5/Clients/AdvanceSearchNEW/button_Search' is clicked on

2022-01-27 15:07:23 - [TEST_STEP][PASSED] - delay(1): Delayed 1 second(s)

2022-01-27 15:07:24 - [MESSAGE][PASSED] - Delayed 1 second(s)

2022-01-27 15:07:24 - [TEST_STEP][PASSED] - delay(1): Delayed 1 second(s)

2022-01-27 15:07:25 - [MESSAGE][PASSED] - Delayed 1 second(s)

2022-01-27 15:07:25 - [TEST_STEP][PASSED] - click(findTestObject("Admin/Sprint 5/Clients/AdvanceSearchNEW/button_Clear")): Object: 'Object Repository/Admin/Sprint 5/Clients/AdvanceSearchNEW/button_Clear' is clicked on

2022-01-27 15:07:26 - [MESSAGE][PASSED] - Object: 'Object Repository/Admin/Sprint 5/Clients/AdvanceSearchNEW/button_Clear' is clicked on]]></system-out>
         <system-err><![CDATA[]]></system-err>
      </testcase>
      <testcase name="Test Cases/Sprint 5/FCSCMS-191/FCSCMS-1081-S5 (Search clients using Account Manager)" time="6.238" classname="Test Cases/Sprint 5/FCSCMS-191/FCSCMS-1081-S5 (Search clients using Account Manager)" status="PASSED">
         <system-out><![CDATA[2022-01-27 15:07:26 - [TEST_CASE][PASSED] - Test Cases/Sprint 5/FCSCMS-191/FCSCMS-1081-S5 (Search clients using Account Manager): Test Cases/Sprint 5/FCSCMS-191/FCSCMS-1081-S5 (Search clients using Account Manager)

2022-01-27 15:07:26 - [TEST_STEP][PASSED] - delay(1): Delayed 1 second(s)

2022-01-27 15:07:27 - [MESSAGE][PASSED] - Delayed 1 second(s)

2022-01-27 15:07:27 - [TEST_STEP][PASSED] - setText(findTestObject("Admin/Sprint 5/Clients/AdvanceSearchNEW/AccountManagerNew"), "AutomationTest"): Text 'AutomationTest' is set on object 'Object Repository/Admin/Sprint 5/Clients/AdvanceSearchNEW/AccountManagerNew'

2022-01-27 15:07:28 - [MESSAGE][PASSED] - Text 'AutomationTest' is set on object 'Object Repository/Admin/Sprint 5/Clients/AdvanceSearchNEW/AccountManagerNew'

2022-01-27 15:07:28 - [TEST_STEP][PASSED] - delay(1): Delayed 1 second(s)

2022-01-27 15:07:29 - [MESSAGE][PASSED] - Delayed 1 second(s)

2022-01-27 15:07:29 - [TEST_STEP][PASSED] - click(findTestObject("Admin/Sprint 5/Clients/AdvanceSearchNEW/button_Search")): Object: 'Object Repository/Admin/Sprint 5/Clients/AdvanceSearchNEW/button_Search' is clicked on

2022-01-27 15:07:30 - [MESSAGE][PASSED] - Object: 'Object Repository/Admin/Sprint 5/Clients/AdvanceSearchNEW/button_Search' is clicked on

2022-01-27 15:07:30 - [TEST_STEP][PASSED] - delay(1): Delayed 1 second(s)

2022-01-27 15:07:31 - [MESSAGE][PASSED] - Delayed 1 second(s)

2022-01-27 15:07:31 - [TEST_STEP][PASSED] - delay(1): Delayed 1 second(s)

2022-01-27 15:07:32 - [MESSAGE][PASSED] - Delayed 1 second(s)

2022-01-27 15:07:32 - [TEST_STEP][PASSED] - click(findTestObject("Admin/Sprint 5/Clients/AdvanceSearchNEW/button_Clear")): Object: 'Object Repository/Admin/Sprint 5/Clients/AdvanceSearchNEW/button_Clear' is clicked on

2022-01-27 15:07:32 - [MESSAGE][PASSED] - Object: 'Object Repository/Admin/Sprint 5/Clients/AdvanceSearchNEW/button_Clear' is clicked on]]></system-out>
         <system-err><![CDATA[]]></system-err>
      </testcase>
      <testcase name="Test Cases/Sprint 5/FCSCMS-191/FCSCMS-1082-S5 (Search client using Advance search)" time="6.175" classname="Test Cases/Sprint 5/FCSCMS-191/FCSCMS-1082-S5 (Search client using Advance search)" status="PASSED">
         <system-out><![CDATA[2022-01-27 15:07:32 - [TEST_CASE][PASSED] - Test Cases/Sprint 5/FCSCMS-191/FCSCMS-1082-S5 (Search client using Advance search): Test Cases/Sprint 5/FCSCMS-191/FCSCMS-1082-S5 (Search client using Advance search)

2022-01-27 15:07:33 - [TEST_STEP][PASSED] - delay(1): Delayed 1 second(s)

2022-01-27 15:07:34 - [MESSAGE][PASSED] - Delayed 1 second(s)

2022-01-27 15:07:34 - [TEST_STEP][PASSED] - setText(findTestObject("Admin/Sprint 5/Clients/AdvanceSearchNEW/ClientNameNEW"), "Smoke Test 3"): Text 'Smoke Test 3' is set on object 'Object Repository/Admin/Sprint 5/Clients/AdvanceSearchNEW/ClientNameNEW'

2022-01-27 15:07:34 - [MESSAGE][PASSED] - Text 'Smoke Test 3' is set on object 'Object Repository/Admin/Sprint 5/Clients/AdvanceSearchNEW/ClientNameNEW'

2022-01-27 15:07:34 - [TEST_STEP][PASSED] - delay(1): Delayed 1 second(s)

2022-01-27 15:07:36 - [MESSAGE][PASSED] - Delayed 1 second(s)

2022-01-27 15:07:36 - [TEST_STEP][PASSED] - click(findTestObject("Admin/Sprint 5/Clients/AdvanceSearchNEW/button_Search")): Object: 'Object Repository/Admin/Sprint 5/Clients/AdvanceSearchNEW/button_Search' is clicked on

2022-01-27 15:07:36 - [MESSAGE][PASSED] - Object: 'Object Repository/Admin/Sprint 5/Clients/AdvanceSearchNEW/button_Search' is clicked on

2022-01-27 15:07:36 - [TEST_STEP][PASSED] - delay(1): Delayed 1 second(s)

2022-01-27 15:07:37 - [MESSAGE][PASSED] - Delayed 1 second(s)

2022-01-27 15:07:37 - [TEST_STEP][PASSED] - delay(1): Delayed 1 second(s)

2022-01-27 15:07:38 - [MESSAGE][PASSED] - Delayed 1 second(s)

2022-01-27 15:07:38 - [TEST_STEP][PASSED] - click(findTestObject("Admin/Sprint 5/Clients/AdvanceSearchNEW/button_Clear")): Object: 'Object Repository/Admin/Sprint 5/Clients/AdvanceSearchNEW/button_Clear' is clicked on

2022-01-27 15:07:38 - [MESSAGE][PASSED] - Object: 'Object Repository/Admin/Sprint 5/Clients/AdvanceSearchNEW/button_Clear' is clicked on]]></system-out>
         <system-err><![CDATA[]]></system-err>
      </testcase>
      <testcase name="Test Cases/Sprint 5/FCSCMS-191/FCSCMS-1083-S5 (Clear content on advance search page)" time="6.298" classname="Test Cases/Sprint 5/FCSCMS-191/FCSCMS-1083-S5 (Clear content on advance search page)" status="PASSED">
         <system-out><![CDATA[2022-01-27 15:07:38 - [TEST_CASE][PASSED] - Test Cases/Sprint 5/FCSCMS-191/FCSCMS-1083-S5 (Clear content on advance search page): Test Cases/Sprint 5/FCSCMS-191/FCSCMS-1083-S5 (Clear content on advance search page)

2022-01-27 15:07:39 - [TEST_STEP][PASSED] - delay(1): Delayed 1 second(s)

2022-01-27 15:07:40 - [MESSAGE][PASSED] - Delayed 1 second(s)

2022-01-27 15:07:40 - [TEST_STEP][PASSED] - setText(findTestObject("Admin/Sprint 5/Element Veification SP5/input_Client Name_Input_ClientName"), "Smoke Test 3"): Text 'Smoke Test 3' is set on object 'Object Repository/Admin/Sprint 5/Element Veification SP5/input_Client Name_Input_ClientName'

2022-01-27 15:07:41 - [MESSAGE][PASSED] - Text 'Smoke Test 3' is set on object 'Object Repository/Admin/Sprint 5/Element Veification SP5/input_Client Name_Input_ClientName'

2022-01-27 15:07:41 - [TEST_STEP][PASSED] - delay(1): Delayed 1 second(s)

2022-01-27 15:07:42 - [MESSAGE][PASSED] - Delayed 1 second(s)

2022-01-27 15:07:42 - [TEST_STEP][PASSED] - setText(findTestObject("Admin/Sprint 5/Element Veification SP5/input_Address Line 1_Input_AS_AddressLine1"), "Line 1"): Text 'Line 1' is set on object 'Object Repository/Admin/Sprint 5/Element Veification SP5/input_Address Line 1_Input_AS_AddressLine1'

2022-01-27 15:07:42 - [MESSAGE][PASSED] - Text 'Line 1' is set on object 'Object Repository/Admin/Sprint 5/Element Veification SP5/input_Address Line 1_Input_AS_AddressLine1'

2022-01-27 15:07:42 - [TEST_STEP][PASSED] - setText(findTestObject("Admin/Sprint 5/Element Veification SP5/input_Address Line 2_Input_AS_AddressLine2"), "Line 2"): Text 'Line 2' is set on object 'Object Repository/Admin/Sprint 5/Element Veification SP5/input_Address Line 2_Input_AS_AddressLine2'

2022-01-27 15:07:43 - [MESSAGE][PASSED] - Text 'Line 2' is set on object 'Object Repository/Admin/Sprint 5/Element Veification SP5/input_Address Line 2_Input_AS_AddressLine2'

2022-01-27 15:07:43 - [TEST_STEP][PASSED] - delay(1): Delayed 1 second(s)

2022-01-27 15:07:44 - [MESSAGE][PASSED] - Delayed 1 second(s)

2022-01-27 15:07:44 - [TEST_STEP][PASSED] - click(findTestObject("Admin/Sprint 5/Clients/AdvanceSearchNEW/button_Clear")): Object: 'Object Repository/Admin/Sprint 5/Clients/AdvanceSearchNEW/button_Clear' is clicked on

2022-01-27 15:07:45 - [MESSAGE][PASSED] - Object: 'Object Repository/Admin/Sprint 5/Clients/AdvanceSearchNEW/button_Clear' is clicked on]]></system-out>
         <system-err><![CDATA[]]></system-err>
      </testcase>
      <testcase name="Test Cases/Sprint 5/FCSCMS-191/FCSCMS-1084-S5 (User is able to click Add New Client button)" time="8.432" classname="Test Cases/Sprint 5/FCSCMS-191/FCSCMS-1084-S5 (User is able to click Add New Client button)" status="PASSED">
         <system-out><![CDATA[2022-01-27 15:07:45 - [TEST_CASE][PASSED] - Test Cases/Sprint 5/FCSCMS-191/FCSCMS-1084-S5 (User is able to click Add New Client button): Test Cases/Sprint 5/FCSCMS-191/FCSCMS-1084-S5 (User is able to click Add New Client button)

2022-01-27 15:07:45 - [TEST_STEP][PASSED] - delay(1): Delayed 1 second(s)

2022-01-27 15:07:46 - [MESSAGE][PASSED] - Delayed 1 second(s)

2022-01-27 15:07:46 - [TEST_STEP][PASSED] - click(findTestObject("Admin/Sprint 5/AddNewClient/button_Add New Client")): Object: 'Object Repository/Admin/Sprint 5/AddNewClient/button_Add New Client' is clicked on

2022-01-27 15:07:46 - [MESSAGE][PASSED] - Object: 'Object Repository/Admin/Sprint 5/AddNewClient/button_Add New Client' is clicked on

2022-01-27 15:07:46 - [TEST_STEP][PASSED] - delay(1): Delayed 1 second(s)

2022-01-27 15:07:47 - [MESSAGE][PASSED] - Delayed 1 second(s)

2022-01-27 15:07:47 - [TEST_STEP][PASSED] - verifyElementVisible(findTestObject("Admin/Sprint 5/AddNewClient/Element Verification/AccountManager_Dropdown")): Object 'Object Repository/Admin/Sprint 5/AddNewClient/Element Verification/AccountManager_Dropdown' is visible

2022-01-27 15:07:50 - [MESSAGE][PASSED] - Object 'Object Repository/Admin/Sprint 5/AddNewClient/Element Verification/AccountManager_Dropdown' is visible

2022-01-27 15:07:50 - [TEST_STEP][PASSED] - verifyElementVisible(findTestObject("Admin/Sprint 5/AddNewClient/Element Verification/button_Cancel")): Object 'Object Repository/Admin/Sprint 5/AddNewClient/Element Verification/button_Cancel' is visible

2022-01-27 15:07:51 - [MESSAGE][PASSED] - Object 'Object Repository/Admin/Sprint 5/AddNewClient/Element Verification/button_Cancel' is visible

2022-01-27 15:07:51 - [TEST_STEP][PASSED] - verifyElementVisible(findTestObject("Admin/Sprint 5/AddNewClient/Element Verification/button_Save")): Object 'Object Repository/Admin/Sprint 5/AddNewClient/Element Verification/button_Save' is visible

2022-01-27 15:07:51 - [MESSAGE][PASSED] - Object 'Object Repository/Admin/Sprint 5/AddNewClient/Element Verification/button_Save' is visible

2022-01-27 15:07:51 - [TEST_STEP][PASSED] - verifyElementVisible(findTestObject("Admin/Sprint 5/AddNewClient/Element Verification/input_Business Details_b10-Input_BusinessDetails")): Object 'Object Repository/Admin/Sprint 5/AddNewClient/Element Verification/input_Business Details_b10-Input_BusinessDetails' is visible

2022-01-27 15:07:51 - [MESSAGE][PASSED] - Object 'Object Repository/Admin/Sprint 5/AddNewClient/Element Verification/input_Business Details_b10-Input_BusinessDetails' is visible

2022-01-27 15:07:51 - [TEST_STEP][PASSED] - verifyElementVisible(findTestObject("Admin/Sprint 5/AddNewClient/Element Verification/input_Client Name_b10-Input_ClientName")): Object 'Object Repository/Admin/Sprint 5/AddNewClient/Element Verification/input_Client Name_b10-Input_ClientName' is visible

2022-01-27 15:07:52 - [MESSAGE][PASSED] - Object 'Object Repository/Admin/Sprint 5/AddNewClient/Element Verification/input_Client Name_b10-Input_ClientName' is visible

2022-01-27 15:07:52 - [TEST_STEP][PASSED] - verifyElementVisible(findTestObject("Admin/Sprint 5/AddNewClient/Element Verification/input_IRS Number_b10-Input_IRSNumber")): Object 'Object Repository/Admin/Sprint 5/AddNewClient/Element Verification/input_IRS Number_b10-Input_IRSNumber' is visible

2022-01-27 15:07:52 - [MESSAGE][PASSED] - Object 'Object Repository/Admin/Sprint 5/AddNewClient/Element Verification/input_IRS Number_b10-Input_IRSNumber' is visible

2022-01-27 15:07:52 - [TEST_STEP][PASSED] - verifyElementVisible(findTestObject("Admin/Sprint 5/AddNewClient/Element Verification/input_Termination Date_b10-Input_TerminationDate")): Object 'Object Repository/Admin/Sprint 5/AddNewClient/Element Verification/input_Termination Date_b10-Input_TerminationDate' is visible

2022-01-27 15:07:52 - [MESSAGE][PASSED] - Object 'Object Repository/Admin/Sprint 5/AddNewClient/Element Verification/input_Termination Date_b10-Input_TerminationDate' is visible

2022-01-27 15:07:52 - [TEST_STEP][PASSED] - verifyElementVisible(findTestObject("Admin/Sprint 5/AddNewClient/Element Verification/SalesRep_Dropdown")): Object 'Object Repository/Admin/Sprint 5/AddNewClient/Element Verification/SalesRep_Dropdown' is visible

2022-01-27 15:07:53 - [MESSAGE][PASSED] - Object 'Object Repository/Admin/Sprint 5/AddNewClient/Element Verification/SalesRep_Dropdown' is visible

2022-01-27 15:07:53 - [TEST_STEP][PASSED] - verifyElementVisible(findTestObject("Admin/Sprint 5/AddNewClient/Element Verification/select_SelectActiveInactive")): Object 'Object Repository/Admin/Sprint 5/AddNewClient/Element Verification/select_SelectActiveInactive' is visible

2022-01-27 15:07:53 - [MESSAGE][PASSED] - Object 'Object Repository/Admin/Sprint 5/AddNewClient/Element Verification/select_SelectActiveInactive' is visible]]></system-out>
         <system-err><![CDATA[]]></system-err>
      </testcase>
      <system-out><![CDATA[2022-01-27 15:05:27 - [TEST_SUITE][PASSED] - FCSCMS-191 (Organizations - Client Profile - Search Clients): Test Cases/Sprint 5/FCSCMS-191/FCSCMS-1084-S5 (User is able to click Add New Client button)]]></system-out>
      <system-err><![CDATA[]]></system-err>
   </testsuite>
</testsuites>
