<?xml version="1.0" encoding="UTF-8"?>
<testsuites name="FCSCMS-192 (Organizations - Client Profile - Client Listing)" time="65.376" tests="6" failures="0" errors="0">
   <testsuite name="FCSCMS-192 (Organizations - Client Profile - Client Listing)" tests="6" failures="0" errors="0" time="65.376" timestamp="2021-12-21 20:25:11" hostname="me - DESKTOP-S7SF50D" id="Test Suites/Sprint 5/FCSCMS-192 (Organizations - Client Profile - Client Listing)">
      <properties>
         <property name="deviceName" value=""/>
         <property name="devicePlatform" value=""/>
         <property name="logFolder" value="C:\\Users\\me\\git\\nexterous-automation\\Reports\\20211221_202455\\Sprint 5\\FCSCMS-192 (Organizations - Client Profile - Client Listing)\\20211221_202455"/>
         <property name="logFiles" value="C:\\Users\\me\\git\\nexterous-automation\\Reports\\20211221_202455\\Sprint 5\\FCSCMS-192 (Organizations - Client Profile - Client Listing)\\20211221_202455\\execution0.log"/>
         <property name="attachments" value=""/>
         <property name="hostName" value="me - DESKTOP-S7SF50D"/>
         <property name="os" value="Windows 10 64bit"/>
         <property name="katalonVersion" value="7.7.0.205"/>
         <property name="browser" value="Chrome 96.0.4664.110"/>
         <property name="hostAddress" value="192.168.100.7"/>
         <property name="sessionId" value="6a63d841851a160a53259548075df02c"/>
         <property name="seleniumVersion" value="3.141.59"/>
         <property name="proxyInformation" value="ProxyInformation { proxyOption=NO_PROXY, proxyServerType=HTTP, username=, password=********, proxyServerAddress=, proxyServerPort=0, executionList=&quot;&quot;, isApplyToDesiredCapabilities=true }"/>
         <property name="platform" value="Windows 10"/>
      </properties>
      <testcase name="Test Cases/Sprint 5/FCSCMS-192/FCSCMS-1049" time="16.763" classname="Test Cases/Sprint 5/FCSCMS-192/FCSCMS-1049" status="PASSED">
         <system-out><![CDATA[2021-12-21 20:25:12 - [TEST_CASE][PASSED] - Test Cases/Sprint 5/FCSCMS-192/FCSCMS-1049: Test Cases/Sprint 5/FCSCMS-192/FCSCMS-1049

2021-12-21 20:25:12 - [TEST_STEP][PASSED] - openBrowser(""): Browser is opened with url: ''

2021-12-21 20:25:13 - [MESSAGE][INFO] - Starting 'Chrome' driver

2021-12-21 20:25:13 - [MESSAGE][INFO] - Action delay is set to 0 milliseconds

2021-12-21 20:25:17 - [MESSAGE][PASSED] - Browser is opened with url: ''

2021-12-21 20:25:17 - [TEST_STEP][PASSED] - navigateToUrl("https://nexterus-tst.outsystemsenterprise.com/FusionCenter/Login"): Navigate to 'https://nexterus-tst.outsystemsenterprise.com/FusionCenter/Login' successfully

2021-12-21 20:25:21 - [MESSAGE][PASSED] - Navigate to 'https://nexterus-tst.outsystemsenterprise.com/FusionCenter/Login' successfully

2021-12-21 20:25:21 - [TEST_STEP][PASSED] - maximizeWindow(): Current window maximized

2021-12-21 20:25:21 - [MESSAGE][PASSED] - Current window maximized

2021-12-21 20:25:21 - [TEST_STEP][PASSED] - delay(3): Delayed 3 second(s)

2021-12-21 20:25:24 - [MESSAGE][PASSED] - Delayed 3 second(s)

2021-12-21 20:25:24 - [TEST_STEP][PASSED] - setText(findTestObject("Login/Username_Field"), "admin"): Text 'admin' is set on object 'Object Repository/Login/Username_Field'

2021-12-21 20:25:25 - [MESSAGE][PASSED] - Text 'admin' is set on object 'Object Repository/Login/Username_Field'

2021-12-21 20:25:25 - [TEST_STEP][PASSED] - delay(1): Delayed 1 second(s)

2021-12-21 20:25:26 - [MESSAGE][PASSED] - Delayed 1 second(s)

2021-12-21 20:25:26 - [TEST_STEP][PASSED] - setText(findTestObject("Login/Password_Field"), "admin"): Text 'admin' is set on object 'Object Repository/Login/Password_Field'

2021-12-21 20:25:27 - [MESSAGE][PASSED] - Text 'admin' is set on object 'Object Repository/Login/Password_Field'

2021-12-21 20:25:27 - [TEST_STEP][PASSED] - delay(1): Delayed 1 second(s)

2021-12-21 20:25:28 - [MESSAGE][PASSED] - Delayed 1 second(s)

2021-12-21 20:25:28 - [TEST_STEP][PASSED] - click(findTestObject("Login/BTN_Login")): Object: 'Object Repository/Login/BTN_Login' is clicked on

2021-12-21 20:25:28 - [MESSAGE][PASSED] - Object: 'Object Repository/Login/BTN_Login' is clicked on]]></system-out>
         <system-err><![CDATA[]]></system-err>
      </testcase>
      <testcase name="Test Cases/Sprint 5/FCSCMS-192/FCSCMS-1050" time="10.281" classname="Test Cases/Sprint 5/FCSCMS-192/FCSCMS-1050" status="PASSED">
         <system-out><![CDATA[2021-12-21 20:25:28 - [TEST_CASE][PASSED] - Test Cases/Sprint 5/FCSCMS-192/FCSCMS-1050: Test Cases/Sprint 5/FCSCMS-192/FCSCMS-1050

2021-12-21 20:25:29 - [TEST_STEP][PASSED] - delay(2): Delayed 2 second(s)

2021-12-21 20:25:31 - [MESSAGE][PASSED] - Delayed 2 second(s)

2021-12-21 20:25:31 - [TEST_STEP][PASSED] - click(findTestObject("Admin/Sprint 5/a_Clients")): Object: 'Object Repository/Admin/Sprint 5/a_Clients' is clicked on

2021-12-21 20:25:34 - [MESSAGE][PASSED] - Object: 'Object Repository/Admin/Sprint 5/a_Clients' is clicked on

2021-12-21 20:25:34 - [TEST_STEP][PASSED] - delay(2): Delayed 2 second(s)

2021-12-21 20:25:36 - [MESSAGE][PASSED] - Delayed 2 second(s)

2021-12-21 20:25:36 - [TEST_STEP][PASSED] - verifyElementVisible(findTestObject("Admin/Sprint 5/Clients/SearchBar_Clients")): Object 'Object Repository/Admin/Sprint 5/Clients/SearchBar_Clients' is visible

2021-12-21 20:25:38 - [MESSAGE][PASSED] - Object 'Object Repository/Admin/Sprint 5/Clients/SearchBar_Clients' is visible

2021-12-21 20:25:38 - [TEST_STEP][PASSED] - delay(1): Delayed 1 second(s)

2021-12-21 20:25:39 - [MESSAGE][PASSED] - Delayed 1 second(s)]]></system-out>
         <system-err><![CDATA[]]></system-err>
      </testcase>
      <testcase name="Test Cases/Sprint 5/FCSCMS-192/FCSCMS-1051" time="5.614" classname="Test Cases/Sprint 5/FCSCMS-192/FCSCMS-1051" status="PASSED">
         <system-out><![CDATA[2021-12-21 20:25:39 - [TEST_CASE][PASSED] - Test Cases/Sprint 5/FCSCMS-192/FCSCMS-1051: Test Cases/Sprint 5/FCSCMS-192/FCSCMS-1051

2021-12-21 20:25:39 - [TEST_STEP][PASSED] - verifyElementVisible(findTestObject("Admin/Sprint 5/Clients/Element Verification/button_Add New Client")): Object 'Object Repository/Admin/Sprint 5/Clients/Element Verification/button_Add New Client' is visible

2021-12-21 20:25:40 - [MESSAGE][PASSED] - Object 'Object Repository/Admin/Sprint 5/Clients/Element Verification/button_Add New Client' is visible

2021-12-21 20:25:40 - [TEST_STEP][PASSED] - verifyElementVisible(findTestObject("Admin/Sprint 5/Clients/Element Verification/button_Advanced Search")): Object 'Object Repository/Admin/Sprint 5/Clients/Element Verification/button_Advanced Search' is visible

2021-12-21 20:25:40 - [MESSAGE][PASSED] - Object 'Object Repository/Admin/Sprint 5/Clients/Element Verification/button_Advanced Search' is visible

2021-12-21 20:25:40 - [TEST_STEP][PASSED] - verifyElementVisible(findTestObject("Admin/Sprint 5/Clients/Element Verification/ClientsDashboard")): Object 'Object Repository/Admin/Sprint 5/Clients/Element Verification/ClientsDashboard' is visible

2021-12-21 20:25:40 - [MESSAGE][PASSED] - Object 'Object Repository/Admin/Sprint 5/Clients/Element Verification/ClientsDashboard' is visible

2021-12-21 20:25:40 - [TEST_STEP][PASSED] - verifyElementVisible(findTestObject("Admin/Sprint 5/Clients/Element Verification/div_Download")): Object 'Object Repository/Admin/Sprint 5/Clients/Element Verification/div_Download' is visible

2021-12-21 20:25:41 - [MESSAGE][PASSED] - Object 'Object Repository/Admin/Sprint 5/Clients/Element Verification/div_Download' is visible

2021-12-21 20:25:41 - [TEST_STEP][PASSED] - verifyElementVisible(findTestObject("Admin/Sprint 5/Clients/Element Verification/input_Logout_b4-Input_TextVar")): Object 'Object Repository/Admin/Sprint 5/Clients/Element Verification/input_Logout_b4-Input_TextVar' is visible

2021-12-21 20:25:41 - [MESSAGE][PASSED] - Object 'Object Repository/Admin/Sprint 5/Clients/Element Verification/input_Logout_b4-Input_TextVar' is visible

2021-12-21 20:25:41 - [TEST_STEP][PASSED] - verifyElementVisible(findTestObject("Admin/Sprint 5/Clients/Element Verification/th_Action")): Object 'Object Repository/Admin/Sprint 5/Clients/Element Verification/th_Action' is visible

2021-12-21 20:25:42 - [MESSAGE][PASSED] - Object 'Object Repository/Admin/Sprint 5/Clients/Element Verification/th_Action' is visible

2021-12-21 20:25:42 - [TEST_STEP][PASSED] - verifyElementVisible(findTestObject("Admin/Sprint 5/Clients/Element Verification/th_Address")): Object 'Object Repository/Admin/Sprint 5/Clients/Element Verification/th_Address' is visible

2021-12-21 20:25:42 - [MESSAGE][PASSED] - Object 'Object Repository/Admin/Sprint 5/Clients/Element Verification/th_Address' is visible

2021-12-21 20:25:42 - [TEST_STEP][PASSED] - verifyElementVisible(findTestObject("Admin/Sprint 5/Clients/Element Verification/th_City")): Object 'Object Repository/Admin/Sprint 5/Clients/Element Verification/th_City' is visible

2021-12-21 20:25:42 - [MESSAGE][PASSED] - Object 'Object Repository/Admin/Sprint 5/Clients/Element Verification/th_City' is visible

2021-12-21 20:25:42 - [TEST_STEP][PASSED] - verifyElementVisible(findTestObject("Admin/Sprint 5/Clients/Element Verification/th_Client Name")): Object 'Object Repository/Admin/Sprint 5/Clients/Element Verification/th_Client Name' is visible

2021-12-21 20:25:43 - [MESSAGE][PASSED] - Object 'Object Repository/Admin/Sprint 5/Clients/Element Verification/th_Client Name' is visible

2021-12-21 20:25:43 - [TEST_STEP][PASSED] - verifyElementVisible(findTestObject("Admin/Sprint 5/Clients/Element Verification/th_Country")): Object 'Object Repository/Admin/Sprint 5/Clients/Element Verification/th_Country' is visible

2021-12-21 20:25:43 - [MESSAGE][PASSED] - Object 'Object Repository/Admin/Sprint 5/Clients/Element Verification/th_Country' is visible

2021-12-21 20:25:43 - [TEST_STEP][PASSED] - verifyElementVisible(findTestObject("Admin/Sprint 5/Clients/Element Verification/th_State")): Object 'Object Repository/Admin/Sprint 5/Clients/Element Verification/th_State' is visible

2021-12-21 20:25:43 - [MESSAGE][PASSED] - Object 'Object Repository/Admin/Sprint 5/Clients/Element Verification/th_State' is visible

2021-12-21 20:25:43 - [TEST_STEP][PASSED] - verifyElementVisible(findTestObject("Admin/Sprint 5/Clients/Element Verification/th_Status")): Object 'Object Repository/Admin/Sprint 5/Clients/Element Verification/th_Status' is visible

2021-12-21 20:25:44 - [MESSAGE][PASSED] - Object 'Object Repository/Admin/Sprint 5/Clients/Element Verification/th_Status' is visible

2021-12-21 20:25:44 - [TEST_STEP][PASSED] - verifyElementVisible(findTestObject("Admin/Sprint 5/Clients/Element Verification/th_Zip Code")): Object 'Object Repository/Admin/Sprint 5/Clients/Element Verification/th_Zip Code' is visible

2021-12-21 20:25:44 - [MESSAGE][PASSED] - Object 'Object Repository/Admin/Sprint 5/Clients/Element Verification/th_Zip Code' is visible]]></system-out>
         <system-err><![CDATA[]]></system-err>
      </testcase>
      <testcase name="Test Cases/Sprint 5/FCSCMS-192/FCSCMS-1052" time="10.385" classname="Test Cases/Sprint 5/FCSCMS-192/FCSCMS-1052" status="PASSED">
         <system-out><![CDATA[2021-12-21 20:25:44 - [TEST_CASE][PASSED] - Test Cases/Sprint 5/FCSCMS-192/FCSCMS-1052: Test Cases/Sprint 5/FCSCMS-192/FCSCMS-1052

2021-12-21 20:25:45 - [TEST_STEP][PASSED] - click(findTestObject("Admin/Sprint 5/Clients/EditClientXpathNew/Edit_ImageNew")): Object: 'Object Repository/Admin/Sprint 5/Clients/EditClientXpathNew/Edit_ImageNew' is clicked on

2021-12-21 20:25:45 - [MESSAGE][PASSED] - Object: 'Object Repository/Admin/Sprint 5/Clients/EditClientXpathNew/Edit_ImageNew' is clicked on

2021-12-21 20:25:45 - [TEST_STEP][PASSED] - delay(2): Delayed 2 second(s)

2021-12-21 20:25:47 - [MESSAGE][PASSED] - Delayed 2 second(s)

2021-12-21 20:25:47 - [TEST_STEP][PASSED] - verifyElementVisible(findTestObject("Admin/Sprint 5/Clients/EditClientXpathNew/input_Client Name_b10-Input_ClientName")): Object 'Object Repository/Admin/Sprint 5/Clients/EditClientXpathNew/input_Client Name_b10-Input_ClientName' is visible

2021-12-21 20:25:48 - [MESSAGE][PASSED] - Object 'Object Repository/Admin/Sprint 5/Clients/EditClientXpathNew/input_Client Name_b10-Input_ClientName' is visible

2021-12-21 20:25:48 - [TEST_STEP][PASSED] - verifyElementVisible(findTestObject("Admin/Sprint 5/Clients/EditClientXpathNew/StatusDropdownNew")): Object 'Object Repository/Admin/Sprint 5/Clients/EditClientXpathNew/StatusDropdownNew' is visible

2021-12-21 20:25:49 - [MESSAGE][PASSED] - Object 'Object Repository/Admin/Sprint 5/Clients/EditClientXpathNew/StatusDropdownNew' is visible

2021-12-21 20:25:49 - [TEST_STEP][PASSED] - verifyElementVisible(findTestObject("Admin/Sprint 5/Clients/EditClientXpathNew/input_Business Details_b10-Input_BusinessDetails")): Object 'Object Repository/Admin/Sprint 5/Clients/EditClientXpathNew/input_Business Details_b10-Input_BusinessDetails' is visible

2021-12-21 20:25:49 - [MESSAGE][PASSED] - Object 'Object Repository/Admin/Sprint 5/Clients/EditClientXpathNew/input_Business Details_b10-Input_BusinessDetails' is visible

2021-12-21 20:25:49 - [TEST_STEP][PASSED] - verifyElementVisible(findTestObject("Admin/Sprint 5/Clients/EditClientXpathNew/input_IRS Number_b10-Input_IRSNumber")): Object 'Object Repository/Admin/Sprint 5/Clients/EditClientXpathNew/input_IRS Number_b10-Input_IRSNumber' is visible

2021-12-21 20:25:50 - [MESSAGE][PASSED] - Object 'Object Repository/Admin/Sprint 5/Clients/EditClientXpathNew/input_IRS Number_b10-Input_IRSNumber' is visible

2021-12-21 20:25:50 - [TEST_STEP][PASSED] - verifyElementVisible(findTestObject("Admin/Sprint 5/Clients/EditClientXpathNew/SalesRepField")): Object 'Object Repository/Admin/Sprint 5/Clients/EditClientXpathNew/SalesRepField' is visible

2021-12-21 20:25:50 - [MESSAGE][PASSED] - Object 'Object Repository/Admin/Sprint 5/Clients/EditClientXpathNew/SalesRepField' is visible

2021-12-21 20:25:50 - [TEST_STEP][PASSED] - verifyElementVisible(findTestObject("Admin/Sprint 5/Clients/EditClientXpathNew/input_IRS Number_b10-Input_IRSNumber")): Object 'Object Repository/Admin/Sprint 5/Clients/EditClientXpathNew/input_IRS Number_b10-Input_IRSNumber' is visible

2021-12-21 20:25:50 - [MESSAGE][PASSED] - Object 'Object Repository/Admin/Sprint 5/Clients/EditClientXpathNew/input_IRS Number_b10-Input_IRSNumber' is visible

2021-12-21 20:25:50 - [TEST_STEP][PASSED] - verifyElementVisible(findTestObject("Admin/Sprint 5/Clients/EditClientXpathNew/input_Termination Date_b10-Input_TerminationDate")): Object 'Object Repository/Admin/Sprint 5/Clients/EditClientXpathNew/input_Termination Date_b10-Input_TerminationDate' is visible

2021-12-21 20:25:51 - [MESSAGE][PASSED] - Object 'Object Repository/Admin/Sprint 5/Clients/EditClientXpathNew/input_Termination Date_b10-Input_TerminationDate' is visible

2021-12-21 20:25:51 - [TEST_STEP][PASSED] - verifyElementVisible(findTestObject("Admin/Sprint 5/Clients/EditClientXpathNew/StatusDropdownNew")): Object 'Object Repository/Admin/Sprint 5/Clients/EditClientXpathNew/StatusDropdownNew' is visible

2021-12-21 20:25:51 - [MESSAGE][PASSED] - Object 'Object Repository/Admin/Sprint 5/Clients/EditClientXpathNew/StatusDropdownNew' is visible

2021-12-21 20:25:51 - [TEST_STEP][PASSED] - verifyElementVisible(findTestObject("Admin/Sprint 5/Clients/EditClientXpathNew/AccountManagerDropdown")): Object 'Object Repository/Admin/Sprint 5/Clients/EditClientXpathNew/AccountManagerDropdown' is visible

2021-12-21 20:25:52 - [MESSAGE][PASSED] - Object 'Object Repository/Admin/Sprint 5/Clients/EditClientXpathNew/AccountManagerDropdown' is visible

2021-12-21 20:25:52 - [TEST_STEP][PASSED] - delay(3): Delayed 3 second(s)

2021-12-21 20:25:55 - [MESSAGE][PASSED] - Delayed 3 second(s)]]></system-out>
         <system-err><![CDATA[]]></system-err>
      </testcase>
      <testcase name="Test Cases/Sprint 5/FCSCMS-192/FCSCMS-1053" time="10.553" classname="Test Cases/Sprint 5/FCSCMS-192/FCSCMS-1053" status="PASSED">
         <system-out><![CDATA[2021-12-21 20:25:55 - [TEST_CASE][PASSED] - Test Cases/Sprint 5/FCSCMS-192/FCSCMS-1053: Test Cases/Sprint 5/FCSCMS-192/FCSCMS-1053

2021-12-21 20:25:55 - [TEST_STEP][PASSED] - click(findTestObject("Admin/Sprint 5/a_Clients")): Object: 'Object Repository/Admin/Sprint 5/a_Clients' is clicked on

2021-12-21 20:25:56 - [MESSAGE][PASSED] - Object: 'Object Repository/Admin/Sprint 5/a_Clients' is clicked on

2021-12-21 20:25:56 - [TEST_STEP][PASSED] - delay(2): Delayed 2 second(s)

2021-12-21 20:25:58 - [MESSAGE][PASSED] - Delayed 2 second(s)

2021-12-21 20:25:58 - [TEST_STEP][PASSED] - verifyElementVisible(findTestObject("Admin/Sprint 5/Clients/Pagination/Pagination_Widget")): Object 'Object Repository/Admin/Sprint 5/Clients/Pagination/Pagination_Widget' is visible

2021-12-21 20:25:58 - [MESSAGE][PASSED] - Object 'Object Repository/Admin/Sprint 5/Clients/Pagination/Pagination_Widget' is visible

2021-12-21 20:25:58 - [TEST_STEP][PASSED] - verifyElementVisible(findTestObject("Admin/Sprint 5/Clients/Pagination/SearchFieldPagination")): Object 'Object Repository/Admin/Sprint 5/Clients/Pagination/SearchFieldPagination' is visible

2021-12-21 20:25:58 - [MESSAGE][PASSED] - Object 'Object Repository/Admin/Sprint 5/Clients/Pagination/SearchFieldPagination' is visible

2021-12-21 20:25:58 - [TEST_STEP][PASSED] - delay(2): Delayed 2 second(s)

2021-12-21 20:26:00 - [MESSAGE][PASSED] - Delayed 2 second(s)

2021-12-21 20:26:00 - [TEST_STEP][PASSED] - click(findTestObject("Admin/Sprint 5/Clients/Pagination/PaginationNext")): Object: 'Object Repository/Admin/Sprint 5/Clients/Pagination/PaginationNext' is clicked on

2021-12-21 20:26:01 - [MESSAGE][PASSED] - Object: 'Object Repository/Admin/Sprint 5/Clients/Pagination/PaginationNext' is clicked on

2021-12-21 20:26:01 - [TEST_STEP][PASSED] - delay(2): Delayed 2 second(s)

2021-12-21 20:26:03 - [MESSAGE][PASSED] - Delayed 2 second(s)

2021-12-21 20:26:03 - [TEST_STEP][PASSED] - click(findTestObject("Admin/Sprint 5/Clients/Pagination/PaginationPrevious")): Object: 'Object Repository/Admin/Sprint 5/Clients/Pagination/PaginationPrevious' is clicked on

2021-12-21 20:26:03 - [MESSAGE][PASSED] - Object: 'Object Repository/Admin/Sprint 5/Clients/Pagination/PaginationPrevious' is clicked on

2021-12-21 20:26:03 - [TEST_STEP][PASSED] - delay(2): Delayed 2 second(s)

2021-12-21 20:26:05 - [MESSAGE][PASSED] - Delayed 2 second(s)]]></system-out>
         <system-err><![CDATA[]]></system-err>
      </testcase>
      <testcase name="Test Cases/Sprint 5/FCSCMS-192/FCSCMS-1054" time="10.017" classname="Test Cases/Sprint 5/FCSCMS-192/FCSCMS-1054" status="PASSED">
         <system-out><![CDATA[2021-12-21 20:26:05 - [TEST_CASE][PASSED] - Test Cases/Sprint 5/FCSCMS-192/FCSCMS-1054: Test Cases/Sprint 5/FCSCMS-192/FCSCMS-1054

2021-12-21 20:26:05 - [TEST_STEP][PASSED] - click(findTestObject("Admin/Sprint 5/Clients/Export/ExportImage")): Object: 'Object Repository/Admin/Sprint 5/Clients/Export/ExportImage' is clicked on

2021-12-21 20:26:06 - [MESSAGE][PASSED] - Object: 'Object Repository/Admin/Sprint 5/Clients/Export/ExportImage' is clicked on

2021-12-21 20:26:06 - [TEST_STEP][PASSED] - delay(2): Delayed 2 second(s)

2021-12-21 20:26:08 - [MESSAGE][PASSED] - Delayed 2 second(s)

2021-12-21 20:26:08 - [TEST_STEP][PASSED] - verifyElementVisible(findTestObject("Admin/Sprint 5/Clients/Export/ExportFileNameField")): Object 'Object Repository/Admin/Sprint 5/Clients/Export/ExportFileNameField' is visible

2021-12-21 20:26:08 - [MESSAGE][PASSED] - Object 'Object Repository/Admin/Sprint 5/Clients/Export/ExportFileNameField' is visible

2021-12-21 20:26:08 - [TEST_STEP][PASSED] - verifyElementVisible(findTestObject("Admin/Sprint 5/Clients/Export/button_Cancel")): Object 'Object Repository/Admin/Sprint 5/Clients/Export/button_Cancel' is visible

2021-12-21 20:26:09 - [MESSAGE][PASSED] - Object 'Object Repository/Admin/Sprint 5/Clients/Export/button_Cancel' is visible

2021-12-21 20:26:09 - [TEST_STEP][PASSED] - verifyElementVisible(findTestObject("Admin/Sprint 5/Clients/Export/ExportFileNameField")): Object 'Object Repository/Admin/Sprint 5/Clients/Export/ExportFileNameField' is visible

2021-12-21 20:26:09 - [MESSAGE][PASSED] - Object 'Object Repository/Admin/Sprint 5/Clients/Export/ExportFileNameField' is visible

2021-12-21 20:26:09 - [TEST_STEP][PASSED] - setText(findTestObject("Admin/Sprint 5/Clients/Export/ExportFileNameField"), "AT Export Test"): Text 'AT Export Test' is set on object 'Object Repository/Admin/Sprint 5/Clients/Export/ExportFileNameField'

2021-12-21 20:26:10 - [MESSAGE][PASSED] - Text 'AT Export Test' is set on object 'Object Repository/Admin/Sprint 5/Clients/Export/ExportFileNameField'

2021-12-21 20:26:10 - [TEST_STEP][PASSED] - click(findTestObject("Admin/Sprint 5/Clients/Export/button_Download")): Object: 'Object Repository/Admin/Sprint 5/Clients/Export/button_Download' is clicked on

2021-12-21 20:26:10 - [MESSAGE][PASSED] - Object: 'Object Repository/Admin/Sprint 5/Clients/Export/button_Download' is clicked on

2021-12-21 20:26:10 - [TEST_STEP][PASSED] - delay(5): Delayed 5 second(s)

2021-12-21 20:26:15 - [MESSAGE][PASSED] - Delayed 5 second(s)]]></system-out>
         <system-err><![CDATA[]]></system-err>
      </testcase>
      <system-out><![CDATA[2021-12-21 20:25:11 - [TEST_SUITE][PASSED] - FCSCMS-192 (Organizations - Client Profile - Client Listing): Test Cases/Sprint 5/FCSCMS-192/FCSCMS-1054]]></system-out>
      <system-err><![CDATA[]]></system-err>
   </testsuite>
</testsuites>
