<?xml version="1.0" encoding="UTF-8"?>
<testsuites name="FCSCMS-193 (Organizations - Client Profile - Add New Client)" time="42.696" tests="4" failures="0" errors="0">
   <testsuite name="FCSCMS-193 (Organizations - Client Profile - Add New Client)" tests="4" failures="0" errors="0" time="42.696" timestamp="2021-12-20 19:31:47" hostname="me - DESKTOP-S7SF50D" id="Test Suites/Sprint 5/FCSCMS-193 (Organizations - Client Profile - Add New Client)">
      <properties>
         <property name="deviceName" value=""/>
         <property name="devicePlatform" value=""/>
         <property name="logFolder" value="C:\\Users\\me\\git\\nexterous-automation\\Reports\\20211220_193135\\Sprint 5\\FCSCMS-193 (Organizations - Client Profile - Add New Client)\\20211220_193135"/>
         <property name="logFiles" value="C:\\Users\\me\\git\\nexterous-automation\\Reports\\20211220_193135\\Sprint 5\\FCSCMS-193 (Organizations - Client Profile - Add New Client)\\20211220_193135\\execution0.log"/>
         <property name="attachments" value=""/>
         <property name="hostName" value="me - DESKTOP-S7SF50D"/>
         <property name="os" value="Windows 10 64bit"/>
         <property name="katalonVersion" value="7.7.0.205"/>
         <property name="browser" value="Chrome 96.0.4664.110"/>
         <property name="hostAddress" value="192.168.100.7"/>
         <property name="sessionId" value="568224e32edcaa2931824bf8ab859faf"/>
         <property name="seleniumVersion" value="3.141.59"/>
         <property name="proxyInformation" value="ProxyInformation { proxyOption=NO_PROXY, proxyServerType=HTTP, username=, password=********, proxyServerAddress=, proxyServerPort=0, executionList=&quot;&quot;, isApplyToDesiredCapabilities=true }"/>
         <property name="platform" value="Windows 10"/>
      </properties>
      <testcase name="Test Cases/Sprint 5/FCSCMS-193/FCSCMS-1137" time="16.676" classname="Test Cases/Sprint 5/FCSCMS-193/FCSCMS-1137" status="PASSED">
         <system-out><![CDATA[2021-12-20 19:31:47 - [TEST_CASE][PASSED] - Test Cases/Sprint 5/FCSCMS-193/FCSCMS-1137: Test Cases/Sprint 5/FCSCMS-193/FCSCMS-1137

2021-12-20 19:31:47 - [TEST_STEP][PASSED] - openBrowser(""): Browser is opened with url: ''

2021-12-20 19:31:48 - [MESSAGE][INFO] - Starting 'Chrome' driver

2021-12-20 19:31:48 - [MESSAGE][INFO] - Action delay is set to 0 milliseconds

2021-12-20 19:31:51 - [MESSAGE][PASSED] - Browser is opened with url: ''

2021-12-20 19:31:51 - [TEST_STEP][PASSED] - navigateToUrl("https://nexterus-tst.outsystemsenterprise.com/FusionCenter/Login"): Navigate to 'https://nexterus-tst.outsystemsenterprise.com/FusionCenter/Login' successfully

2021-12-20 19:31:55 - [MESSAGE][PASSED] - Navigate to 'https://nexterus-tst.outsystemsenterprise.com/FusionCenter/Login' successfully

2021-12-20 19:31:55 - [TEST_STEP][PASSED] - maximizeWindow(): Current window maximized

2021-12-20 19:31:56 - [MESSAGE][PASSED] - Current window maximized

2021-12-20 19:31:56 - [TEST_STEP][PASSED] - delay(3): Delayed 3 second(s)

2021-12-20 19:31:59 - [MESSAGE][PASSED] - Delayed 3 second(s)

2021-12-20 19:31:59 - [TEST_STEP][PASSED] - setText(findTestObject("Login/Username_Field"), "admin"): Text 'admin' is set on object 'Object Repository/Login/Username_Field'

2021-12-20 19:32:00 - [MESSAGE][PASSED] - Text 'admin' is set on object 'Object Repository/Login/Username_Field'

2021-12-20 19:32:00 - [TEST_STEP][PASSED] - delay(1): Delayed 1 second(s)

2021-12-20 19:32:02 - [MESSAGE][PASSED] - Delayed 1 second(s)

2021-12-20 19:32:02 - [TEST_STEP][PASSED] - setText(findTestObject("Login/Password_Field"), "admin"): Text 'admin' is set on object 'Object Repository/Login/Password_Field'

2021-12-20 19:32:02 - [MESSAGE][PASSED] - Text 'admin' is set on object 'Object Repository/Login/Password_Field'

2021-12-20 19:32:02 - [TEST_STEP][PASSED] - delay(1): Delayed 1 second(s)

2021-12-20 19:32:03 - [MESSAGE][PASSED] - Delayed 1 second(s)

2021-12-20 19:32:03 - [TEST_STEP][PASSED] - click(findTestObject("Login/BTN_Login")): Object: 'Object Repository/Login/BTN_Login' is clicked on

2021-12-20 19:32:04 - [MESSAGE][PASSED] - Object: 'Object Repository/Login/BTN_Login' is clicked on]]></system-out>
         <system-err><![CDATA[]]></system-err>
      </testcase>
      <testcase name="Test Cases/Sprint 5/FCSCMS-193/FCSCMS-1138" time="8.54" classname="Test Cases/Sprint 5/FCSCMS-193/FCSCMS-1138" status="PASSED">
         <system-out><![CDATA[2021-12-20 19:32:04 - [TEST_CASE][PASSED] - Test Cases/Sprint 5/FCSCMS-193/FCSCMS-1138: Test Cases/Sprint 5/FCSCMS-193/FCSCMS-1138

2021-12-20 19:32:04 - [TEST_STEP][PASSED] - delay(2): Delayed 2 second(s)

2021-12-20 19:32:06 - [MESSAGE][PASSED] - Delayed 2 second(s)

2021-12-20 19:32:06 - [TEST_STEP][PASSED] - click(findTestObject("Admin/Sprint 5/a_Clients")): Object: 'Object Repository/Admin/Sprint 5/a_Clients' is clicked on

2021-12-20 19:32:09 - [MESSAGE][PASSED] - Object: 'Object Repository/Admin/Sprint 5/a_Clients' is clicked on

2021-12-20 19:32:09 - [TEST_STEP][PASSED] - delay(2): Delayed 2 second(s)

2021-12-20 19:32:11 - [MESSAGE][PASSED] - Delayed 2 second(s)

2021-12-20 19:32:11 - [TEST_STEP][PASSED] - verifyElementVisible(findTestObject("Admin/Sprint 5/Clients/SearchBar_Clients")): Object 'Object Repository/Admin/Sprint 5/Clients/SearchBar_Clients' is visible

2021-12-20 19:32:11 - [MESSAGE][PASSED] - Object 'Object Repository/Admin/Sprint 5/Clients/SearchBar_Clients' is visible

2021-12-20 19:32:11 - [TEST_STEP][PASSED] - delay(1): Delayed 1 second(s)

2021-12-20 19:32:12 - [MESSAGE][PASSED] - Delayed 1 second(s)]]></system-out>
         <system-err><![CDATA[]]></system-err>
      </testcase>
      <testcase name="Test Cases/Sprint 5/FCSCMS-193/FCSCMS-1139" time="13.49" classname="Test Cases/Sprint 5/FCSCMS-193/FCSCMS-1139" status="PASSED">
         <system-out><![CDATA[2021-12-20 19:32:12 - [TEST_CASE][PASSED] - Test Cases/Sprint 5/FCSCMS-193/FCSCMS-1139: Test Cases/Sprint 5/FCSCMS-193/FCSCMS-1139

2021-12-20 19:32:12 - [TEST_STEP][PASSED] - click(findTestObject("Admin/Sprint 5/AddNewClient/button_Add New Client")): Object: 'Object Repository/Admin/Sprint 5/AddNewClient/button_Add New Client' is clicked on

2021-12-20 19:32:13 - [MESSAGE][PASSED] - Object: 'Object Repository/Admin/Sprint 5/AddNewClient/button_Add New Client' is clicked on

2021-12-20 19:32:13 - [TEST_STEP][PASSED] - delay(2): Delayed 2 second(s)

2021-12-20 19:32:15 - [MESSAGE][PASSED] - Delayed 2 second(s)

2021-12-20 19:32:15 - [TEST_STEP][PASSED] - setText(findTestObject("Admin/Sprint 5/AddNewClient/Element Verification/input_Client Name_b10-Input_ClientName"), "AT Test Client"): Text 'AT Test Client' is set on object 'Object Repository/Admin/Sprint 5/AddNewClient/Element Verification/input_Client Name_b10-Input_ClientName'

2021-12-20 19:32:20 - [MESSAGE][PASSED] - Text 'AT Test Client' is set on object 'Object Repository/Admin/Sprint 5/AddNewClient/Element Verification/input_Client Name_b10-Input_ClientName'

2021-12-20 19:32:20 - [TEST_STEP][PASSED] - delay(2): Delayed 2 second(s)

2021-12-20 19:32:22 - [MESSAGE][PASSED] - Delayed 2 second(s)

2021-12-20 19:32:22 - [TEST_STEP][PASSED] - click(findTestObject("Admin/Sprint 5/AddNewClient/Element Verification/button_Save")): Object: 'Object Repository/Admin/Sprint 5/AddNewClient/Element Verification/button_Save' is clicked on

2021-12-20 19:32:22 - [MESSAGE][PASSED] - Object: 'Object Repository/Admin/Sprint 5/AddNewClient/Element Verification/button_Save' is clicked on

2021-12-20 19:32:22 - [TEST_STEP][PASSED] - delay(1): Delayed 1 second(s)

2021-12-20 19:32:23 - [MESSAGE][PASSED] - Delayed 1 second(s)

2021-12-20 19:32:23 - [TEST_STEP][PASSED] - click(findTestObject("Admin/Sprint 5/AddNewClient/Element Verification/button_Yes")): Object: 'Object Repository/Admin/Sprint 5/AddNewClient/Element Verification/button_Yes' is clicked on

2021-12-20 19:32:24 - [MESSAGE][PASSED] - Object: 'Object Repository/Admin/Sprint 5/AddNewClient/Element Verification/button_Yes' is clicked on

2021-12-20 19:32:24 - [TEST_STEP][PASSED] - delay(2): Delayed 2 second(s)

2021-12-20 19:32:26 - [MESSAGE][PASSED] - Delayed 2 second(s)]]></system-out>
         <system-err><![CDATA[]]></system-err>
      </testcase>
      <testcase name="Test Cases/Sprint 5/FCSCMS-193/FCSCMS-1140" time="2.603" classname="Test Cases/Sprint 5/FCSCMS-193/FCSCMS-1140" status="PASSED">
         <system-out><![CDATA[2021-12-20 19:32:26 - [TEST_CASE][PASSED] - Test Cases/Sprint 5/FCSCMS-193/FCSCMS-1140: Test Cases/Sprint 5/FCSCMS-193/FCSCMS-1140

2021-12-20 19:32:26 - [TEST_STEP][PASSED] - verifyElementText(findTestObject("Admin/Sprint 5/AddNewClient/Element Verification/New Client Verification"), "AT Test Client"): Actual text and expected text of test object 'Object Repository/Admin/Sprint 5/AddNewClient/Element Verification/New Client Verification' are matched.

2021-12-20 19:32:26 - [MESSAGE][PASSED] - Actual text and expected text of test object 'Object Repository/Admin/Sprint 5/AddNewClient/Element Verification/New Client Verification' are matched.

2021-12-20 19:32:26 - [TEST_STEP][PASSED] - delay(2): Delayed 2 second(s)

2021-12-20 19:32:28 - [MESSAGE][PASSED] - Delayed 2 second(s)]]></system-out>
         <system-err><![CDATA[]]></system-err>
      </testcase>
      <system-out><![CDATA[2021-12-20 19:31:47 - [TEST_SUITE][PASSED] - FCSCMS-193 (Organizations - Client Profile - Add New Client): Test Cases/Sprint 5/FCSCMS-193/FCSCMS-1140]]></system-out>
      <system-err><![CDATA[]]></system-err>
   </testsuite>
</testsuites>
